
FATAL from PE    23: MPP_DEFINE_DOMAINS(mpp_compute_extent): domain extents must be positive definite.


FATAL from PE    17: MPP_DEFINE_DOMAINS(mpp_compute_extent): domain extents must be positive definite.


FATAL from PE     6: MPP_DEFINE_DOMAINS(mpp_compute_extent): domain extents must be positive definite.


FATAL from PE    25: MPP_DEFINE_DOMAINS(mpp_compute_extent): domain extents must be positive definite.


FATAL from PE    12: MPP_DEFINE_DOMAINS(mpp_compute_extent): domain extents must be positive definite.


FATAL from PE    42: MPP_DEFINE_DOMAINS(mpp_compute_extent): domain extents must be positive definite.


FATAL from PE    20: MPP_DEFINE_DOMAINS(mpp_compute_extent): domain extents must be positive definite.


FATAL from PE     1: MPP_DEFINE_DOMAINS(mpp_compute_extent): domain extents must be positive definite.


FATAL from PE     7: MPP_DEFINE_DOMAINS(mpp_compute_extent): domain extents must be positive definite.


FATAL from PE    35: MPP_DEFINE_DOMAINS(mpp_compute_extent): domain extents must be positive definite.


FATAL from PE    28: MPP_DEFINE_DOMAINS(mpp_compute_extent): domain extents must be positive definite.


FATAL from PE    36: MPP_DEFINE_DOMAINS(mpp_compute_extent): domain extents must be positive definite.


FATAL from PE    40: MPP_DEFINE_DOMAINS(mpp_compute_extent): domain extents must be positive definite.


FATAL from PE    21: MPP_DEFINE_DOMAINS(mpp_compute_extent): domain extents must be positive definite.


FATAL from PE    22: MPP_DEFINE_DOMAINS(mpp_compute_extent): domain extents must be positive definite.


FATAL from PE    31: MPP_DEFINE_DOMAINS(mpp_compute_extent): domain extents must be positive definite.


FATAL from PE    24: MPP_DEFINE_DOMAINS(mpp_compute_extent): domain extents must be positive definite.


FATAL from PE    30: MPP_DEFINE_DOMAINS(mpp_compute_extent): domain extents must be positive definite.


FATAL from PE    41: MPP_DEFINE_DOMAINS(mpp_compute_extent): domain extents must be positive definite.


FATAL from PE    46: MPP_DEFINE_DOMAINS(mpp_compute_extent): domain extents must be positive definite.


FATAL from PE    47: MPP_DEFINE_DOMAINS(mpp_compute_extent): domain extents must be positive definite.


FATAL from PE    18: MPP_DEFINE_DOMAINS(mpp_compute_extent): domain extents must be positive definite.


FATAL from PE    14: MPP_DEFINE_DOMAINS(mpp_compute_extent): domain extents must be positive definite.


FATAL from PE    43: MPP_DEFINE_DOMAINS(mpp_compute_extent): domain extents must be positive definite.


FATAL from PE    27: MPP_DEFINE_DOMAINS(mpp_compute_extent): domain extents must be positive definite.


FATAL from PE    34: MPP_DEFINE_DOMAINS(mpp_compute_extent): domain extents must be positive definite.


FATAL from PE     8: MPP_DEFINE_DOMAINS(mpp_compute_extent): domain extents must be positive definite.


FATAL from PE     9: MPP_DEFINE_DOMAINS(mpp_compute_extent): domain extents must be positive definite.


FATAL from PE    15: MPP_DEFINE_DOMAINS(mpp_compute_extent): domain extents must be positive definite.


FATAL from PE    10: MPP_DEFINE_DOMAINS(mpp_compute_extent): domain extents must be positive definite.


FATAL from PE    26: MPP_DEFINE_DOMAINS(mpp_compute_extent): domain extents must be positive definite.


FATAL from PE    33: MPP_DEFINE_DOMAINS(mpp_compute_extent): domain extents must be positive definite.


FATAL from PE    16: MPP_DEFINE_DOMAINS(mpp_compute_extent): domain extents must be positive definite.


FATAL from PE    39: MPP_DEFINE_DOMAINS(mpp_compute_extent): domain extents must be positive definite.


FATAL from PE    11: MPP_DEFINE_DOMAINS(mpp_compute_extent): domain extents must be positive definite.


FATAL from PE    37: MPP_DEFINE_DOMAINS(mpp_compute_extent): domain extents must be positive definite.


FATAL from PE    32: MPP_DEFINE_DOMAINS(mpp_compute_extent): domain extents must be positive definite.


FATAL from PE    44: MPP_DEFINE_DOMAINS(mpp_compute_extent): domain extents must be positive definite.


FATAL from PE    45: MPP_DEFINE_DOMAINS(mpp_compute_extent): domain extents must be positive definite.


FATAL from PE    19: MPP_DEFINE_DOMAINS(mpp_compute_extent): domain extents must be positive definite.


FATAL from PE    13: MPP_DEFINE_DOMAINS(mpp_compute_extent): domain extents must be positive definite.


FATAL from PE     3: MPP_DEFINE_DOMAINS(mpp_compute_extent): domain extents must be positive definite.


FATAL from PE    29: MPP_DEFINE_DOMAINS(mpp_compute_extent): domain extents must be positive definite.


FATAL from PE    38: MPP_DEFINE_DOMAINS(mpp_compute_extent): domain extents must be positive definite.

--------------------------------------------------------------------------
MPI_ABORT was invoked on rank 20 in communicator MPI_COMM_WORLD
with errorcode 1.

NOTE: invoking MPI_ABORT causes Open MPI to kill all MPI processes.
You may or may not see output from other processes, depending on
exactly when Open MPI kills them.
--------------------------------------------------------------------------

FATAL from PE     4: MPP_DEFINE_DOMAINS(mpp_compute_extent): domain extents must be positive definite.


FATAL from PE     2: MPP_DEFINE_DOMAINS(mpp_compute_extent): domain extents must be positive definite.


FATAL from PE     5: MPP_DEFINE_DOMAINS(mpp_compute_extent): domain extents must be positive definite.

[gadi-cpu-clx-1615.gadi.nci.org.au:1073891] PMIX ERROR: UNREACHABLE in file /jobfs/35197837.gadi-pbs/0/openmpi/4.1.2/source/openmpi-4.1.2/opal/mca/pmix/pmix3x/pmix/src/server/pmix_server.c at line 2198
[gadi-cpu-clx-1615.gadi.nci.org.au:1073891] PMIX ERROR: UNREACHABLE in file /jobfs/35197837.gadi-pbs/0/openmpi/4.1.2/source/openmpi-4.1.2/opal/mca/pmix/pmix3x/pmix/src/server/pmix_server.c at line 2198
[gadi-cpu-clx-1615.gadi.nci.org.au:1073891] PMIX ERROR: UNREACHABLE in file /jobfs/35197837.gadi-pbs/0/openmpi/4.1.2/source/openmpi-4.1.2/opal/mca/pmix/pmix3x/pmix/src/server/pmix_server.c at line 2198
[gadi-cpu-clx-1615.gadi.nci.org.au:1073891] PMIX ERROR: UNREACHABLE in file /jobfs/35197837.gadi-pbs/0/openmpi/4.1.2/source/openmpi-4.1.2/opal/mca/pmix/pmix3x/pmix/src/server/pmix_server.c at line 2198
[gadi-cpu-clx-1615.gadi.nci.org.au:1073891] PMIX ERROR: UNREACHABLE in file /jobfs/35197837.gadi-pbs/0/openmpi/4.1.2/source/openmpi-4.1.2/opal/mca/pmix/pmix3x/pmix/src/server/pmix_server.c at line 2198
[gadi-cpu-clx-1615.gadi.nci.org.au:1073891] PMIX ERROR: UNREACHABLE in file /jobfs/35197837.gadi-pbs/0/openmpi/4.1.2/source/openmpi-4.1.2/opal/mca/pmix/pmix3x/pmix/src/server/pmix_server.c at line 2198
[gadi-cpu-clx-1615.gadi.nci.org.au:1073891] PMIX ERROR: UNREACHABLE in file /jobfs/35197837.gadi-pbs/0/openmpi/4.1.2/source/openmpi-4.1.2/opal/mca/pmix/pmix3x/pmix/src/server/pmix_server.c at line 2198
[gadi-cpu-clx-1615.gadi.nci.org.au:1073891] PMIX ERROR: UNREACHABLE in file /jobfs/35197837.gadi-pbs/0/openmpi/4.1.2/source/openmpi-4.1.2/opal/mca/pmix/pmix3x/pmix/src/server/pmix_server.c at line 2198
[gadi-cpu-clx-1615.gadi.nci.org.au:1073891] PMIX ERROR: UNREACHABLE in file /jobfs/35197837.gadi-pbs/0/openmpi/4.1.2/source/openmpi-4.1.2/opal/mca/pmix/pmix3x/pmix/src/server/pmix_server.c at line 2198
[gadi-cpu-clx-1615.gadi.nci.org.au:1073891] PMIX ERROR: UNREACHABLE in file /jobfs/35197837.gadi-pbs/0/openmpi/4.1.2/source/openmpi-4.1.2/opal/mca/pmix/pmix3x/pmix/src/server/pmix_server.c at line 2198
[gadi-cpu-clx-1615.gadi.nci.org.au:1073891] PMIX ERROR: UNREACHABLE in file /jobfs/35197837.gadi-pbs/0/openmpi/4.1.2/source/openmpi-4.1.2/opal/mca/pmix/pmix3x/pmix/src/server/pmix_server.c at line 2198
[gadi-cpu-clx-1615.gadi.nci.org.au:1073891] PMIX ERROR: UNREACHABLE in file /jobfs/35197837.gadi-pbs/0/openmpi/4.1.2/source/openmpi-4.1.2/opal/mca/pmix/pmix3x/pmix/src/server/pmix_server.c at line 2198
[gadi-cpu-clx-1615.gadi.nci.org.au:1073891] PMIX ERROR: UNREACHABLE in file /jobfs/35197837.gadi-pbs/0/openmpi/4.1.2/source/openmpi-4.1.2/opal/mca/pmix/pmix3x/pmix/src/server/pmix_server.c at line 2198
[gadi-cpu-clx-1615.gadi.nci.org.au:1073891] PMIX ERROR: UNREACHABLE in file /jobfs/35197837.gadi-pbs/0/openmpi/4.1.2/source/openmpi-4.1.2/opal/mca/pmix/pmix3x/pmix/src/server/pmix_server.c at line 2198
[gadi-cpu-clx-1615.gadi.nci.org.au:1073891] PMIX ERROR: UNREACHABLE in file /jobfs/35197837.gadi-pbs/0/openmpi/4.1.2/source/openmpi-4.1.2/opal/mca/pmix/pmix3x/pmix/src/server/pmix_server.c at line 2198
[gadi-cpu-clx-1615.gadi.nci.org.au:1073891] PMIX ERROR: UNREACHABLE in file /jobfs/35197837.gadi-pbs/0/openmpi/4.1.2/source/openmpi-4.1.2/opal/mca/pmix/pmix3x/pmix/src/server/pmix_server.c at line 2198
[gadi-cpu-clx-1615.gadi.nci.org.au:1073891] PMIX ERROR: UNREACHABLE in file /jobfs/35197837.gadi-pbs/0/openmpi/4.1.2/source/openmpi-4.1.2/opal/mca/pmix/pmix3x/pmix/src/server/pmix_server.c at line 2198
[gadi-cpu-clx-1615.gadi.nci.org.au:1073891] PMIX ERROR: UNREACHABLE in file /jobfs/35197837.gadi-pbs/0/openmpi/4.1.2/source/openmpi-4.1.2/opal/mca/pmix/pmix3x/pmix/src/server/pmix_server.c at line 2198
[gadi-cpu-clx-1615.gadi.nci.org.au:1073891] PMIX ERROR: UNREACHABLE in file /jobfs/35197837.gadi-pbs/0/openmpi/4.1.2/source/openmpi-4.1.2/opal/mca/pmix/pmix3x/pmix/src/server/pmix_server.c at line 2198
[gadi-cpu-clx-1615.gadi.nci.org.au:1073891] PMIX ERROR: UNREACHABLE in file /jobfs/35197837.gadi-pbs/0/openmpi/4.1.2/source/openmpi-4.1.2/opal/mca/pmix/pmix3x/pmix/src/server/pmix_server.c at line 2198
[gadi-cpu-clx-1615.gadi.nci.org.au:1073891] PMIX ERROR: UNREACHABLE in file /jobfs/35197837.gadi-pbs/0/openmpi/4.1.2/source/openmpi-4.1.2/opal/mca/pmix/pmix3x/pmix/src/server/pmix_server.c at line 2198
[gadi-cpu-clx-1615.gadi.nci.org.au:1073891] PMIX ERROR: UNREACHABLE in file /jobfs/35197837.gadi-pbs/0/openmpi/4.1.2/source/openmpi-4.1.2/opal/mca/pmix/pmix3x/pmix/src/server/pmix_server.c at line 2198
[gadi-cpu-clx-1615.gadi.nci.org.au:1073891] PMIX ERROR: UNREACHABLE in file /jobfs/35197837.gadi-pbs/0/openmpi/4.1.2/source/openmpi-4.1.2/opal/mca/pmix/pmix3x/pmix/src/server/pmix_server.c at line 2198
[gadi-cpu-clx-1615.gadi.nci.org.au:1073891] PMIX ERROR: UNREACHABLE in file /jobfs/35197837.gadi-pbs/0/openmpi/4.1.2/source/openmpi-4.1.2/opal/mca/pmix/pmix3x/pmix/src/server/pmix_server.c at line 2198
[gadi-cpu-clx-1615.gadi.nci.org.au:1073891] PMIX ERROR: UNREACHABLE in file /jobfs/35197837.gadi-pbs/0/openmpi/4.1.2/source/openmpi-4.1.2/opal/mca/pmix/pmix3x/pmix/src/server/pmix_server.c at line 2198
[gadi-cpu-clx-1615.gadi.nci.org.au:1073891] PMIX ERROR: UNREACHABLE in file /jobfs/35197837.gadi-pbs/0/openmpi/4.1.2/source/openmpi-4.1.2/opal/mca/pmix/pmix3x/pmix/src/server/pmix_server.c at line 2198
[gadi-cpu-clx-1615.gadi.nci.org.au:1073891] PMIX ERROR: UNREACHABLE in file /jobfs/35197837.gadi-pbs/0/openmpi/4.1.2/source/openmpi-4.1.2/opal/mca/pmix/pmix3x/pmix/src/server/pmix_server.c at line 2198
[gadi-cpu-clx-1615.gadi.nci.org.au:1073891] PMIX ERROR: UNREACHABLE in file /jobfs/35197837.gadi-pbs/0/openmpi/4.1.2/source/openmpi-4.1.2/opal/mca/pmix/pmix3x/pmix/src/server/pmix_server.c at line 2198
[gadi-cpu-clx-1615.gadi.nci.org.au:1073891] PMIX ERROR: UNREACHABLE in file /jobfs/35197837.gadi-pbs/0/openmpi/4.1.2/source/openmpi-4.1.2/opal/mca/pmix/pmix3x/pmix/src/server/pmix_server.c at line 2198
[gadi-cpu-clx-1615.gadi.nci.org.au:1073891] PMIX ERROR: UNREACHABLE in file /jobfs/35197837.gadi-pbs/0/openmpi/4.1.2/source/openmpi-4.1.2/opal/mca/pmix/pmix3x/pmix/src/server/pmix_server.c at line 2198
[gadi-cpu-clx-1615.gadi.nci.org.au:1073891] PMIX ERROR: UNREACHABLE in file /jobfs/35197837.gadi-pbs/0/openmpi/4.1.2/source/openmpi-4.1.2/opal/mca/pmix/pmix3x/pmix/src/server/pmix_server.c at line 2198
[gadi-cpu-clx-1615.gadi.nci.org.au:1073891] PMIX ERROR: UNREACHABLE in file /jobfs/35197837.gadi-pbs/0/openmpi/4.1.2/source/openmpi-4.1.2/opal/mca/pmix/pmix3x/pmix/src/server/pmix_server.c at line 2198
[gadi-cpu-clx-1615.gadi.nci.org.au:1073891] PMIX ERROR: UNREACHABLE in file /jobfs/35197837.gadi-pbs/0/openmpi/4.1.2/source/openmpi-4.1.2/opal/mca/pmix/pmix3x/pmix/src/server/pmix_server.c at line 2198
[gadi-cpu-clx-1615.gadi.nci.org.au:1073891] PMIX ERROR: UNREACHABLE in file /jobfs/35197837.gadi-pbs/0/openmpi/4.1.2/source/openmpi-4.1.2/opal/mca/pmix/pmix3x/pmix/src/server/pmix_server.c at line 2198
[gadi-cpu-clx-1615.gadi.nci.org.au:1073891] PMIX ERROR: UNREACHABLE in file /jobfs/35197837.gadi-pbs/0/openmpi/4.1.2/source/openmpi-4.1.2/opal/mca/pmix/pmix3x/pmix/src/server/pmix_server.c at line 2198
[gadi-cpu-clx-1615.gadi.nci.org.au:1073891] PMIX ERROR: UNREACHABLE in file /jobfs/35197837.gadi-pbs/0/openmpi/4.1.2/source/openmpi-4.1.2/opal/mca/pmix/pmix3x/pmix/src/server/pmix_server.c at line 2198
[gadi-cpu-clx-1615.gadi.nci.org.au:1073891] PMIX ERROR: UNREACHABLE in file /jobfs/35197837.gadi-pbs/0/openmpi/4.1.2/source/openmpi-4.1.2/opal/mca/pmix/pmix3x/pmix/src/server/pmix_server.c at line 2198
[gadi-cpu-clx-1615.gadi.nci.org.au:1073891] PMIX ERROR: UNREACHABLE in file /jobfs/35197837.gadi-pbs/0/openmpi/4.1.2/source/openmpi-4.1.2/opal/mca/pmix/pmix3x/pmix/src/server/pmix_server.c at line 2198
[gadi-cpu-clx-1615.gadi.nci.org.au:1073891] PMIX ERROR: UNREACHABLE in file /jobfs/35197837.gadi-pbs/0/openmpi/4.1.2/source/openmpi-4.1.2/opal/mca/pmix/pmix3x/pmix/src/server/pmix_server.c at line 2198
[gadi-cpu-clx-1615.gadi.nci.org.au:1073891] PMIX ERROR: UNREACHABLE in file /jobfs/35197837.gadi-pbs/0/openmpi/4.1.2/source/openmpi-4.1.2/opal/mca/pmix/pmix3x/pmix/src/server/pmix_server.c at line 2198
[gadi-cpu-clx-1615.gadi.nci.org.au:1073891] PMIX ERROR: UNREACHABLE in file /jobfs/35197837.gadi-pbs/0/openmpi/4.1.2/source/openmpi-4.1.2/opal/mca/pmix/pmix3x/pmix/src/server/pmix_server.c at line 2198
[gadi-cpu-clx-1615.gadi.nci.org.au:1073891] PMIX ERROR: UNREACHABLE in file /jobfs/35197837.gadi-pbs/0/openmpi/4.1.2/source/openmpi-4.1.2/opal/mca/pmix/pmix3x/pmix/src/server/pmix_server.c at line 2198
[gadi-cpu-clx-1615.gadi.nci.org.au:1073891] PMIX ERROR: UNREACHABLE in file /jobfs/35197837.gadi-pbs/0/openmpi/4.1.2/source/openmpi-4.1.2/opal/mca/pmix/pmix3x/pmix/src/server/pmix_server.c at line 2198
[gadi-cpu-clx-1615.gadi.nci.org.au:1073891] PMIX ERROR: UNREACHABLE in file /jobfs/35197837.gadi-pbs/0/openmpi/4.1.2/source/openmpi-4.1.2/opal/mca/pmix/pmix3x/pmix/src/server/pmix_server.c at line 2198
[gadi-cpu-clx-1615.gadi.nci.org.au:1073891] PMIX ERROR: UNREACHABLE in file /jobfs/35197837.gadi-pbs/0/openmpi/4.1.2/source/openmpi-4.1.2/opal/mca/pmix/pmix3x/pmix/src/server/pmix_server.c at line 2198
[gadi-cpu-clx-1615.gadi.nci.org.au:1073891] PMIX ERROR: UNREACHABLE in file /jobfs/35197837.gadi-pbs/0/openmpi/4.1.2/source/openmpi-4.1.2/opal/mca/pmix/pmix3x/pmix/src/server/pmix_server.c at line 2198
[gadi-cpu-clx-1615.gadi.nci.org.au:1073891] PMIX ERROR: UNREACHABLE in file /jobfs/35197837.gadi-pbs/0/openmpi/4.1.2/source/openmpi-4.1.2/opal/mca/pmix/pmix3x/pmix/src/server/pmix_server.c at line 2198
forrtl: error (78): process killed (SIGTERM)
Image              PC                Routine            Line        Source             
MOM6               00000000014D558B  for__signal_handl     Unknown  Unknown
libpthread-2.28.s  000014B73BC18CF0  Unknown               Unknown  Unknown
libpthread-2.28.s  000014B73BC1445A  pthread_cond_wait     Unknown  Unknown
libopen-pal.so.40  000014B735ECA3CD  PMIx_Abort            Unknown  Unknown
libopen-pal.so.40  000014B735F37210  pmix3x_abort          Unknown  Unknown
libopen-rte.so.40  000014B736C7FC27  Unknown               Unknown  Unknown
libopen-rte.so.40  000014B736C979B6  orte_errmgr_base_     Unknown  Unknown
libopen-rte.so.40  000014B736C8775B  Unknown               Unknown  Unknown
libmpi.so.40.30.2  000014B73C3EB0DA  ompi_mpi_abort        Unknown  Unknown
libmpi_mpifh.so    000014B73C71B2BE  Unknown               Unknown  Unknown
MOM6               00000000011BBC5E  Unknown               Unknown  Unknown
MOM6               0000000001223587  Unknown               Unknown  Unknown
MOM6               00000000011F06C3  Unknown               Unknown  Unknown
MOM6               0000000000F8CC91  Unknown               Unknown  Unknown
MOM6               0000000000F8C501  Unknown               Unknown  Unknown
MOM6               00000000008E80B9  Unknown               Unknown  Unknown
MOM6               00000000004C84FB  Unknown               Unknown  Unknown
MOM6               0000000000F5B4F6  Unknown               Unknown  Unknown
MOM6               000000000040FDE2  Unknown               Unknown  Unknown
libc-2.28.so       000014B73B87AD85  __libc_start_main     Unknown  Unknown
MOM6               000000000040FCEE  Unknown               Unknown  Unknown

FATAL from PE     0: MPP_DEFINE_DOMAINS(mpp_compute_extent): domain extents must be positive definite.

forrtl: error (78): process killed (SIGTERM)
Image              PC                Routine            Line        Source             
MOM6               00000000014D558B  for__signal_handl     Unknown  Unknown
libpthread-2.28.s  000014F3ACD46CF0  Unknown               Unknown  Unknown
libpthread-2.28.s  000014F3ACD46180  nanosleep             Unknown  Unknown
libopen-rte.so.40  000014F3A7DF179A  orte_show_help_no     Unknown  Unknown
libopen-rte.so.40  000014F3A7DF1AFC  orte_show_help        Unknown  Unknown
libmpi.so.40.30.2  000014F3AD501C4A  PMPI_Abort            Unknown  Unknown
libmpi_mpifh.so    000014F3AD8492BE  Unknown               Unknown  Unknown
MOM6               00000000011BBC5E  Unknown               Unknown  Unknown
MOM6               0000000001223587  Unknown               Unknown  Unknown
MOM6               00000000011F06C3  Unknown               Unknown  Unknown
MOM6               0000000000F8CC91  Unknown               Unknown  Unknown
MOM6               0000000000F8C501  Unknown               Unknown  Unknown
MOM6               00000000008E80B9  Unknown               Unknown  Unknown
MOM6               00000000004C84FB  Unknown               Unknown  Unknown
MOM6               0000000000F5B4F6  Unknown               Unknown  Unknown
MOM6               000000000040FDE2  Unknown               Unknown  Unknown
libc-2.28.so       000014F3AC9A8D85  __libc_start_main     Unknown  Unknown
MOM6               000000000040FCEE  Unknown               Unknown  Unknown
forrtl: error (78): process killed (SIGTERM)
Image              PC                Routine            Line        Source             
MOM6               00000000014D558B  for__signal_handl     Unknown  Unknown
libpthread-2.28.s  0000148A98FEBCF0  Unknown               Unknown  Unknown
libpthread-2.28.s  0000148A98FEB180  nanosleep             Unknown  Unknown
libopen-rte.so.40  0000148A9409679A  orte_show_help_no     Unknown  Unknown
libopen-rte.so.40  0000148A94096AFC  orte_show_help        Unknown  Unknown
libmpi.so.40.30.2  0000148A997A6C4A  PMPI_Abort            Unknown  Unknown
libmpi_mpifh.so    0000148A99AEE2BE  Unknown               Unknown  Unknown
MOM6               00000000011BBC5E  Unknown               Unknown  Unknown
MOM6               0000000001223587  Unknown               Unknown  Unknown
MOM6               00000000011F06C3  Unknown               Unknown  Unknown
MOM6               0000000000F8CC91  Unknown               Unknown  Unknown
MOM6               0000000000F8C501  Unknown               Unknown  Unknown
MOM6               00000000008E80B9  Unknown               Unknown  Unknown
MOM6               00000000004C84FB  Unknown               Unknown  Unknown
MOM6               0000000000F5B4F6  Unknown               Unknown  Unknown
MOM6               000000000040FDE2  Unknown               Unknown  Unknown
libc-2.28.so       0000148A98C4DD85  __libc_start_main     Unknown  Unknown
MOM6               000000000040FCEE  Unknown               Unknown  Unknown
forrtl: error (78): process killed (SIGTERM)
Image              PC                Routine            Line        Source             
MOM6               00000000014D558B  for__signal_handl     Unknown  Unknown
libpthread-2.28.s  000014DF75456CF0  Unknown               Unknown  Unknown
libpthread-2.28.s  000014DF75456180  nanosleep             Unknown  Unknown
libopen-rte.so.40  000014DF7050179A  orte_show_help_no     Unknown  Unknown
libopen-rte.so.40  000014DF70501AFC  orte_show_help        Unknown  Unknown
libmpi.so.40.30.2  000014DF75C11C4A  PMPI_Abort            Unknown  Unknown
libmpi_mpifh.so    000014DF75F592BE  Unknown               Unknown  Unknown
MOM6               00000000011BBC5E  Unknown               Unknown  Unknown
MOM6               0000000001223587  Unknown               Unknown  Unknown
MOM6               00000000011F06C3  Unknown               Unknown  Unknown
MOM6               0000000000F8CC91  Unknown               Unknown  Unknown
MOM6               0000000000F8C501  Unknown               Unknown  Unknown
MOM6               00000000008E80B9  Unknown               Unknown  Unknown
MOM6               00000000004C84FB  Unknown               Unknown  Unknown
MOM6               0000000000F5B4F6  Unknown               Unknown  Unknown
MOM6               000000000040FDE2  Unknown               Unknown  Unknown
libc-2.28.so       000014DF750B8D85  __libc_start_main     Unknown  Unknown
MOM6               000000000040FCEE  Unknown               Unknown  Unknown
forrtl: error (78): process killed (SIGTERM)
Image              PC                Routine            Line        Source             
MOM6               00000000014D558B  for__signal_handl     Unknown  Unknown
libpthread-2.28.s  0000148CED038CF0  Unknown               Unknown  Unknown
libpthread-2.28.s  0000148CED038180  nanosleep             Unknown  Unknown
libopen-rte.so.40  0000148CE80E379A  orte_show_help_no     Unknown  Unknown
libopen-rte.so.40  0000148CE80E3AFC  orte_show_help        Unknown  Unknown
libmpi.so.40.30.2  0000148CED7F3C4A  PMPI_Abort            Unknown  Unknown
libmpi_mpifh.so    0000148CEDB3B2BE  Unknown               Unknown  Unknown
MOM6               00000000011BBC5E  Unknown               Unknown  Unknown
MOM6               0000000001223587  Unknown               Unknown  Unknown
MOM6               00000000011F06C3  Unknown               Unknown  Unknown
MOM6               0000000000F8CC91  Unknown               Unknown  Unknown
MOM6               0000000000F8C501  Unknown               Unknown  Unknown
MOM6               00000000008E80B9  Unknown               Unknown  Unknown
MOM6               00000000004C84FB  Unknown               Unknown  Unknown
MOM6               0000000000F5B4F6  Unknown               Unknown  Unknown
MOM6               000000000040FDE2  Unknown               Unknown  Unknown
libc-2.28.so       0000148CECC9AD85  __libc_start_main     Unknown  Unknown
MOM6               000000000040FCEE  Unknown               Unknown  Unknown
forrtl: error (78): process killed (SIGTERM)
Image              PC                Routine            Line        Source             
MOM6               00000000014D558B  for__signal_handl     Unknown  Unknown
libpthread-2.28.s  000015111443ECF0  Unknown               Unknown  Unknown
libpthread-2.28.s  000015111443E180  nanosleep             Unknown  Unknown
libopen-rte.so.40  000015110F4E979A  orte_show_help_no     Unknown  Unknown
libopen-rte.so.40  000015110F4E9AFC  orte_show_help        Unknown  Unknown
libmpi.so.40.30.2  0000151114BF9C4A  PMPI_Abort            Unknown  Unknown
libmpi_mpifh.so    0000151114F412BE  Unknown               Unknown  Unknown
MOM6               00000000011BBC5E  Unknown               Unknown  Unknown
MOM6               0000000001223587  Unknown               Unknown  Unknown
MOM6               00000000011F06C3  Unknown               Unknown  Unknown
MOM6               0000000000F8CC91  Unknown               Unknown  Unknown
MOM6               0000000000F8C501  Unknown               Unknown  Unknown
MOM6               00000000008E80B9  Unknown               Unknown  Unknown
MOM6               00000000004C84FB  Unknown               Unknown  Unknown
MOM6               0000000000F5B4F6  Unknown               Unknown  Unknown
MOM6               000000000040FDE2  Unknown               Unknown  Unknown
libc-2.28.so       00001511140A0D85  __libc_start_main     Unknown  Unknown
MOM6               000000000040FCEE  Unknown               Unknown  Unknown
forrtl: error (78): process killed (SIGTERM)
Image              PC                Routine            Line        Source             
MOM6               00000000014D558B  for__signal_handl     Unknown  Unknown
libpthread-2.28.s  000014D86DEC4CF0  Unknown               Unknown  Unknown
libpthread-2.28.s  000014D86DEC045A  pthread_cond_wait     Unknown  Unknown
libopen-pal.so.40  000014D8681763CD  PMIx_Abort            Unknown  Unknown
libopen-pal.so.40  000014D8681E3210  pmix3x_abort          Unknown  Unknown
libopen-rte.so.40  000014D868F2BC27  Unknown               Unknown  Unknown
libopen-rte.so.40  000014D868F439B6  orte_errmgr_base_     Unknown  Unknown
libopen-rte.so.40  000014D868F3375B  Unknown               Unknown  Unknown
libmpi.so.40.30.2  000014D86E6970DA  ompi_mpi_abort        Unknown  Unknown
libmpi_mpifh.so    000014D86E9C72BE  Unknown               Unknown  Unknown
MOM6               00000000011BBC5E  Unknown               Unknown  Unknown
MOM6               0000000001223587  Unknown               Unknown  Unknown
MOM6               00000000011F06C3  Unknown               Unknown  Unknown
MOM6               0000000000F8CC91  Unknown               Unknown  Unknown
MOM6               0000000000F8C501  Unknown               Unknown  Unknown
MOM6               00000000008E80B9  Unknown               Unknown  Unknown
MOM6               00000000004C84FB  Unknown               Unknown  Unknown
MOM6               0000000000F5B4F6  Unknown               Unknown  Unknown
MOM6               000000000040FDE2  Unknown               Unknown  Unknown
libc-2.28.so       000014D86DB26D85  __libc_start_main     Unknown  Unknown
MOM6               000000000040FCEE  Unknown               Unknown  Unknown
forrtl: error (78): process killed (SIGTERM)
Image              PC                Routine            Line        Source             
MOM6               00000000014D558B  for__signal_handl     Unknown  Unknown
libpthread-2.28.s  0000154B4B412CF0  Unknown               Unknown  Unknown
libpthread-2.28.s  0000154B4B40E45A  pthread_cond_wait     Unknown  Unknown
libopen-pal.so.40  0000154B456C43CD  PMIx_Abort            Unknown  Unknown
libopen-pal.so.40  0000154B45731210  pmix3x_abort          Unknown  Unknown
libopen-rte.so.40  0000154B46479C27  Unknown               Unknown  Unknown
libopen-rte.so.40  0000154B464919B6  orte_errmgr_base_     Unknown  Unknown
libopen-rte.so.40  0000154B4648175B  Unknown               Unknown  Unknown
libmpi.so.40.30.2  0000154B4BBE50DA  ompi_mpi_abort        Unknown  Unknown
libmpi_mpifh.so    0000154B4BF152BE  Unknown               Unknown  Unknown
MOM6               00000000011BBC5E  Unknown               Unknown  Unknown
MOM6               0000000001223587  Unknown               Unknown  Unknown
MOM6               00000000011F06C3  Unknown               Unknown  Unknown
MOM6               0000000000F8CC91  Unknown               Unknown  Unknown
MOM6               0000000000F8C501  Unknown               Unknown  Unknown
MOM6               00000000008E80B9  Unknown               Unknown  Unknown
MOM6               00000000004C84FB  Unknown               Unknown  Unknown
MOM6               0000000000F5B4F6  Unknown               Unknown  Unknown
MOM6               000000000040FDE2  Unknown               Unknown  Unknown
libc-2.28.so       0000154B4B074D85  __libc_start_main     Unknown  Unknown
MOM6               000000000040FCEE  Unknown               Unknown  Unknown
forrtl: error (78): process killed (SIGTERM)
Image              PC                Routine            Line        Source             
MOM6               00000000014D558B  for__signal_handl     Unknown  Unknown
libpthread-2.28.s  000014E9DF68CCF0  Unknown               Unknown  Unknown
libpthread-2.28.s  000014E9DF68845A  pthread_cond_wait     Unknown  Unknown
libopen-pal.so.40  000014E9D993E3CD  PMIx_Abort            Unknown  Unknown
libopen-pal.so.40  000014E9D99AB210  pmix3x_abort          Unknown  Unknown
libopen-rte.so.40  000014E9DA6F3C27  Unknown               Unknown  Unknown
libopen-rte.so.40  000014E9DA70B9B6  orte_errmgr_base_     Unknown  Unknown
libopen-rte.so.40  000014E9DA6FB75B  Unknown               Unknown  Unknown
libmpi.so.40.30.2  000014E9DFE5F0DA  ompi_mpi_abort        Unknown  Unknown
libmpi_mpifh.so    000014E9E018F2BE  Unknown               Unknown  Unknown
MOM6               00000000011BBC5E  Unknown               Unknown  Unknown
MOM6               0000000001223587  Unknown               Unknown  Unknown
MOM6               00000000011F06C3  Unknown               Unknown  Unknown
MOM6               0000000000F8CC91  Unknown               Unknown  Unknown
MOM6               0000000000F8C501  Unknown               Unknown  Unknown
MOM6               00000000008E80B9  Unknown               Unknown  Unknown
MOM6               00000000004C84FB  Unknown               Unknown  Unknown
MOM6               0000000000F5B4F6  Unknown               Unknown  Unknown
MOM6               000000000040FDE2  Unknown               Unknown  Unknown
libc-2.28.so       000014E9DF2EED85  __libc_start_main     Unknown  Unknown
MOM6               000000000040FCEE  Unknown               Unknown  Unknown
forrtl: error (78): process killed (SIGTERM)
Image              PC                Routine            Line        Source             
MOM6               00000000014D558B  for__signal_handl     Unknown  Unknown
libpthread-2.28.s  00001479A4ABFCF0  Unknown               Unknown  Unknown
libpthread-2.28.s  00001479A4ABB45A  pthread_cond_wait     Unknown  Unknown
libopen-pal.so.40  000014799ED713CD  PMIx_Abort            Unknown  Unknown
libopen-pal.so.40  000014799EDDE210  pmix3x_abort          Unknown  Unknown
libopen-rte.so.40  000014799FB26C27  Unknown               Unknown  Unknown
libopen-rte.so.40  000014799FB3E9B6  orte_errmgr_base_     Unknown  Unknown
libopen-rte.so.40  000014799FB2E75B  Unknown               Unknown  Unknown
libmpi.so.40.30.2  00001479A52920DA  ompi_mpi_abort        Unknown  Unknown
libmpi_mpifh.so    00001479A55C22BE  Unknown               Unknown  Unknown
MOM6               00000000011BBC5E  Unknown               Unknown  Unknown
MOM6               0000000001223587  Unknown               Unknown  Unknown
MOM6               00000000011F06C3  Unknown               Unknown  Unknown
MOM6               0000000000F8CC91  Unknown               Unknown  Unknown
MOM6               0000000000F8C501  Unknown               Unknown  Unknown
MOM6               00000000008E80B9  Unknown               Unknown  Unknown
MOM6               00000000004C84FB  Unknown               Unknown  Unknown
MOM6               0000000000F5B4F6  Unknown               Unknown  Unknown
MOM6               000000000040FDE2  Unknown               Unknown  Unknown
libc-2.28.so       00001479A4721D85  __libc_start_main     Unknown  Unknown
MOM6               000000000040FCEE  Unknown               Unknown  Unknown
forrtl: error (78): process killed (SIGTERM)
Image              PC                Routine            Line        Source             
MOM6               00000000014D558B  for__signal_handl     Unknown  Unknown
libpthread-2.28.s  00001542934A7CF0  Unknown               Unknown  Unknown
libpthread-2.28.s  00001542934A345A  pthread_cond_wait     Unknown  Unknown
libopen-pal.so.40  000015428D7593CD  PMIx_Abort            Unknown  Unknown
libopen-pal.so.40  000015428D7C6210  pmix3x_abort          Unknown  Unknown
libopen-rte.so.40  000015428E50EC27  Unknown               Unknown  Unknown
libopen-rte.so.40  000015428E5269B6  orte_errmgr_base_     Unknown  Unknown
libopen-rte.so.40  000015428E51675B  Unknown               Unknown  Unknown
libmpi.so.40.30.2  0000154293C7A0DA  ompi_mpi_abort        Unknown  Unknown
libmpi_mpifh.so    0000154293FAA2BE  Unknown               Unknown  Unknown
MOM6               00000000011BBC5E  Unknown               Unknown  Unknown
MOM6               0000000001223587  Unknown               Unknown  Unknown
MOM6               00000000011F06C3  Unknown               Unknown  Unknown
MOM6               0000000000F8CC91  Unknown               Unknown  Unknown
MOM6               0000000000F8C501  Unknown               Unknown  Unknown
MOM6               00000000008E80B9  Unknown               Unknown  Unknown
MOM6               00000000004C84FB  Unknown               Unknown  Unknown
MOM6               0000000000F5B4F6  Unknown               Unknown  Unknown
MOM6               000000000040FDE2  Unknown               Unknown  Unknown
libc-2.28.so       0000154293109D85  __libc_start_main     Unknown  Unknown
MOM6               000000000040FCEE  Unknown               Unknown  Unknown
forrtl: error (78): process killed (SIGTERM)
Image              PC                Routine            Line        Source             
MOM6               00000000014D558B  for__signal_handl     Unknown  Unknown
libpthread-2.28.s  000014FF42D4CCF0  Unknown               Unknown  Unknown
libpthread-2.28.s  000014FF42D4845A  pthread_cond_wait     Unknown  Unknown
libopen-pal.so.40  000014FF3CFFE3CD  PMIx_Abort            Unknown  Unknown
libopen-pal.so.40  000014FF3D06B210  pmix3x_abort          Unknown  Unknown
libopen-rte.so.40  000014FF3DDB3C27  Unknown               Unknown  Unknown
libopen-rte.so.40  000014FF3DDCB9B6  orte_errmgr_base_     Unknown  Unknown
libopen-rte.so.40  000014FF3DDBB75B  Unknown               Unknown  Unknown
libmpi.so.40.30.2  000014FF4351F0DA  ompi_mpi_abort        Unknown  Unknown
libmpi_mpifh.so    000014FF4384F2BE  Unknown               Unknown  Unknown
MOM6               00000000011BBC5E  Unknown               Unknown  Unknown
MOM6               0000000001223587  Unknown               Unknown  Unknown
MOM6               00000000011F06C3  Unknown               Unknown  Unknown
MOM6               0000000000F8CC91  Unknown               Unknown  Unknown
MOM6               0000000000F8C501  Unknown               Unknown  Unknown
MOM6               00000000008E80B9  Unknown               Unknown  Unknown
MOM6               00000000004C84FB  Unknown               Unknown  Unknown
MOM6               0000000000F5B4F6  Unknown               Unknown  Unknown
MOM6               000000000040FDE2  Unknown               Unknown  Unknown
libc-2.28.so       000014FF429AED85  __libc_start_main     Unknown  Unknown
MOM6               000000000040FCEE  Unknown               Unknown  Unknown
forrtl: error (78): process killed (SIGTERM)
Image              PC                Routine            Line        Source             
MOM6               00000000014D558B  for__signal_handl     Unknown  Unknown
libpthread-2.28.s  000014FF53F1BCF0  Unknown               Unknown  Unknown
libpthread-2.28.s  000014FF53F1745A  pthread_cond_wait     Unknown  Unknown
libopen-pal.so.40  000014FF4E1CD3CD  PMIx_Abort            Unknown  Unknown
libopen-pal.so.40  000014FF4E23A210  pmix3x_abort          Unknown  Unknown
libopen-rte.so.40  000014FF4EF82C27  Unknown               Unknown  Unknown
libopen-rte.so.40  000014FF4EF9A9B6  orte_errmgr_base_     Unknown  Unknown
libopen-rte.so.40  000014FF4EF8A75B  Unknown               Unknown  Unknown
libmpi.so.40.30.2  000014FF546EE0DA  ompi_mpi_abort        Unknown  Unknown
libmpi_mpifh.so    000014FF54A1E2BE  Unknown               Unknown  Unknown
MOM6               00000000011BBC5E  Unknown               Unknown  Unknown
MOM6               0000000001223587  Unknown               Unknown  Unknown
MOM6               00000000011F06C3  Unknown               Unknown  Unknown
MOM6               0000000000F8CC91  Unknown               Unknown  Unknown
MOM6               0000000000F8C501  Unknown               Unknown  Unknown
MOM6               00000000008E80B9  Unknown               Unknown  Unknown
MOM6               00000000004C84FB  Unknown               Unknown  Unknown
MOM6               0000000000F5B4F6  Unknown               Unknown  Unknown
MOM6               000000000040FDE2  Unknown               Unknown  Unknown
libc-2.28.so       000014FF53B7DD85  __libc_start_main     Unknown  Unknown
MOM6               000000000040FCEE  Unknown               Unknown  Unknown
forrtl: error (78): process killed (SIGTERM)
Image              PC                Routine            Line        Source             
MOM6               00000000014D558B  for__signal_handl     Unknown  Unknown
libpthread-2.28.s  00001487DB2DACF0  Unknown               Unknown  Unknown
libpthread-2.28.s  00001487DB2D645A  pthread_cond_wait     Unknown  Unknown
libopen-pal.so.40  00001487D558C3CD  PMIx_Abort            Unknown  Unknown
libopen-pal.so.40  00001487D55F9210  pmix3x_abort          Unknown  Unknown
libopen-rte.so.40  00001487D6341C27  Unknown               Unknown  Unknown
libopen-rte.so.40  00001487D63599B6  orte_errmgr_base_     Unknown  Unknown
libopen-rte.so.40  00001487D634975B  Unknown               Unknown  Unknown
libmpi.so.40.30.2  00001487DBAAD0DA  ompi_mpi_abort        Unknown  Unknown
libmpi_mpifh.so    00001487DBDDD2BE  Unknown               Unknown  Unknown
MOM6               00000000011BBC5E  Unknown               Unknown  Unknown
MOM6               0000000001223587  Unknown               Unknown  Unknown
MOM6               00000000011F06C3  Unknown               Unknown  Unknown
MOM6               0000000000F8CC91  Unknown               Unknown  Unknown
MOM6               0000000000F8C501  Unknown               Unknown  Unknown
MOM6               00000000008E80B9  Unknown               Unknown  Unknown
MOM6               00000000004C84FB  Unknown               Unknown  Unknown
MOM6               0000000000F5B4F6  Unknown               Unknown  Unknown
MOM6               000000000040FDE2  Unknown               Unknown  Unknown
libc-2.28.so       00001487DAF3CD85  __libc_start_main     Unknown  Unknown
MOM6               000000000040FCEE  Unknown               Unknown  Unknown
forrtl: error (78): process killed (SIGTERM)
Image              PC                Routine            Line        Source             
MOM6               00000000014D558B  for__signal_handl     Unknown  Unknown
libpthread-2.28.s  0000148BE6C50CF0  Unknown               Unknown  Unknown
libpthread-2.28.s  0000148BE6C4C45A  pthread_cond_wait     Unknown  Unknown
libopen-pal.so.40  0000148BE0F023CD  PMIx_Abort            Unknown  Unknown
libopen-pal.so.40  0000148BE0F6F210  pmix3x_abort          Unknown  Unknown
libopen-rte.so.40  0000148BE1CB7C27  Unknown               Unknown  Unknown
libopen-rte.so.40  0000148BE1CCF9B6  orte_errmgr_base_     Unknown  Unknown
libopen-rte.so.40  0000148BE1CBF75B  Unknown               Unknown  Unknown
libmpi.so.40.30.2  0000148BE74230DA  ompi_mpi_abort        Unknown  Unknown
libmpi_mpifh.so    0000148BE77532BE  Unknown               Unknown  Unknown
MOM6               00000000011BBC5E  Unknown               Unknown  Unknown
MOM6               0000000001223587  Unknown               Unknown  Unknown
MOM6               00000000011F06C3  Unknown               Unknown  Unknown
MOM6               0000000000F8CC91  Unknown               Unknown  Unknown
MOM6               0000000000F8C501  Unknown               Unknown  Unknown
MOM6               00000000008E80B9  Unknown               Unknown  Unknown
MOM6               00000000004C84FB  Unknown               Unknown  Unknown
MOM6               0000000000F5B4F6  Unknown               Unknown  Unknown
MOM6               000000000040FDE2  Unknown               Unknown  Unknown
libc-2.28.so       0000148BE68B2D85  __libc_start_main     Unknown  Unknown
MOM6               000000000040FCEE  Unknown               Unknown  Unknown
forrtl: error (78): process killed (SIGTERM)
Image              PC                Routine            Line        Source             
MOM6               00000000014D558B  for__signal_handl     Unknown  Unknown
libpthread-2.28.s  0000149C529B6CF0  Unknown               Unknown  Unknown
libpthread-2.28.s  0000149C529B245A  pthread_cond_wait     Unknown  Unknown
libopen-pal.so.40  0000149C4CC683CD  PMIx_Abort            Unknown  Unknown
libopen-pal.so.40  0000149C4CCD5210  pmix3x_abort          Unknown  Unknown
libopen-rte.so.40  0000149C4DA1DC27  Unknown               Unknown  Unknown
libopen-rte.so.40  0000149C4DA359B6  orte_errmgr_base_     Unknown  Unknown
libopen-rte.so.40  0000149C4DA2575B  Unknown               Unknown  Unknown
libmpi.so.40.30.2  0000149C531890DA  ompi_mpi_abort        Unknown  Unknown
libmpi_mpifh.so    0000149C534B92BE  Unknown               Unknown  Unknown
MOM6               00000000011BBC5E  Unknown               Unknown  Unknown
MOM6               0000000001223587  Unknown               Unknown  Unknown
MOM6               00000000011F06C3  Unknown               Unknown  Unknown
MOM6               0000000000F8CC91  Unknown               Unknown  Unknown
MOM6               0000000000F8C501  Unknown               Unknown  Unknown
MOM6               00000000008E80B9  Unknown               Unknown  Unknown
MOM6               00000000004C84FB  Unknown               Unknown  Unknown
MOM6               0000000000F5B4F6  Unknown               Unknown  Unknown
MOM6               000000000040FDE2  Unknown               Unknown  Unknown
libc-2.28.so       0000149C52618D85  __libc_start_main     Unknown  Unknown
MOM6               000000000040FCEE  Unknown               Unknown  Unknown
forrtl: error (78): process killed (SIGTERM)
Image              PC                Routine            Line        Source             
MOM6               00000000014D558B  for__signal_handl     Unknown  Unknown
libpthread-2.28.s  000014F2C3493CF0  Unknown               Unknown  Unknown
libpthread-2.28.s  000014F2C348F45A  pthread_cond_wait     Unknown  Unknown
libopen-pal.so.40  000014F2BD7453CD  PMIx_Abort            Unknown  Unknown
libopen-pal.so.40  000014F2BD7B2210  pmix3x_abort          Unknown  Unknown
libopen-rte.so.40  000014F2BE4FAC27  Unknown               Unknown  Unknown
libopen-rte.so.40  000014F2BE5129B6  orte_errmgr_base_     Unknown  Unknown
libopen-rte.so.40  000014F2BE50275B  Unknown               Unknown  Unknown
libmpi.so.40.30.2  000014F2C3C660DA  ompi_mpi_abort        Unknown  Unknown
libmpi_mpifh.so    000014F2C3F962BE  Unknown               Unknown  Unknown
MOM6               00000000011BBC5E  Unknown               Unknown  Unknown
MOM6               0000000001223587  Unknown               Unknown  Unknown
MOM6               00000000011F06C3  Unknown               Unknown  Unknown
MOM6               0000000000F8CC91  Unknown               Unknown  Unknown
MOM6               0000000000F8C501  Unknown               Unknown  Unknown
MOM6               00000000008E80B9  Unknown               Unknown  Unknown
MOM6               00000000004C84FB  Unknown               Unknown  Unknown
MOM6               0000000000F5B4F6  Unknown               Unknown  Unknown
MOM6               000000000040FDE2  Unknown               Unknown  Unknown
libc-2.28.so       000014F2C30F5D85  __libc_start_main     Unknown  Unknown
MOM6               000000000040FCEE  Unknown               Unknown  Unknown
forrtl: error (78): process killed (SIGTERM)
Image              PC                Routine            Line        Source             
MOM6               00000000014D558B  for__signal_handl     Unknown  Unknown
libpthread-2.28.s  000014FB8E2A0CF0  Unknown               Unknown  Unknown
libpthread-2.28.s  000014FB8E29C45A  pthread_cond_wait     Unknown  Unknown
libopen-pal.so.40  000014FB885523CD  PMIx_Abort            Unknown  Unknown
libopen-pal.so.40  000014FB885BF210  pmix3x_abort          Unknown  Unknown
libopen-rte.so.40  000014FB89307C27  Unknown               Unknown  Unknown
libopen-rte.so.40  000014FB8931F9B6  orte_errmgr_base_     Unknown  Unknown
libopen-rte.so.40  000014FB8930F75B  Unknown               Unknown  Unknown
libmpi.so.40.30.2  000014FB8EA730DA  ompi_mpi_abort        Unknown  Unknown
libmpi_mpifh.so    000014FB8EDA32BE  Unknown               Unknown  Unknown
MOM6               00000000011BBC5E  Unknown               Unknown  Unknown
MOM6               0000000001223587  Unknown               Unknown  Unknown
MOM6               00000000011F06C3  Unknown               Unknown  Unknown
MOM6               0000000000F8CC91  Unknown               Unknown  Unknown
MOM6               0000000000F8C501  Unknown               Unknown  Unknown
MOM6               00000000008E80B9  Unknown               Unknown  Unknown
MOM6               00000000004C84FB  Unknown               Unknown  Unknown
MOM6               0000000000F5B4F6  Unknown               Unknown  Unknown
MOM6               000000000040FDE2  Unknown               Unknown  Unknown
libc-2.28.so       000014FB8DF02D85  __libc_start_main     Unknown  Unknown
MOM6               000000000040FCEE  Unknown               Unknown  Unknown
forrtl: error (78): process killed (SIGTERM)
Image              PC                Routine            Line        Source             
MOM6               00000000014D558B  for__signal_handl     Unknown  Unknown
libpthread-2.28.s  00001463491A6CF0  Unknown               Unknown  Unknown
libpthread-2.28.s  00001463491A245A  pthread_cond_wait     Unknown  Unknown
libopen-pal.so.40  00001463434583CD  PMIx_Abort            Unknown  Unknown
libopen-pal.so.40  00001463434C5210  pmix3x_abort          Unknown  Unknown
libopen-rte.so.40  000014634420DC27  Unknown               Unknown  Unknown
libopen-rte.so.40  00001463442259B6  orte_errmgr_base_     Unknown  Unknown
libopen-rte.so.40  000014634421575B  Unknown               Unknown  Unknown
libmpi.so.40.30.2  00001463499790DA  ompi_mpi_abort        Unknown  Unknown
libmpi_mpifh.so    0000146349CA92BE  Unknown               Unknown  Unknown
MOM6               00000000011BBC5E  Unknown               Unknown  Unknown
MOM6               0000000001223587  Unknown               Unknown  Unknown
MOM6               00000000011F06C3  Unknown               Unknown  Unknown
MOM6               0000000000F8CC91  Unknown               Unknown  Unknown
MOM6               0000000000F8C501  Unknown               Unknown  Unknown
MOM6               00000000008E80B9  Unknown               Unknown  Unknown
MOM6               00000000004C84FB  Unknown               Unknown  Unknown
MOM6               0000000000F5B4F6  Unknown               Unknown  Unknown
MOM6               000000000040FDE2  Unknown               Unknown  Unknown
libc-2.28.so       0000146348E08D85  __libc_start_main     Unknown  Unknown
MOM6               000000000040FCEE  Unknown               Unknown  Unknown
forrtl: error (78): process killed (SIGTERM)
Image              PC                Routine            Line        Source             
MOM6               00000000014D558B  for__signal_handl     Unknown  Unknown
libpthread-2.28.s  0000146ED2FAFCF0  Unknown               Unknown  Unknown
libpthread-2.28.s  0000146ED2FAF180  nanosleep             Unknown  Unknown
libopen-rte.so.40  0000146ECE05A79A  orte_show_help_no     Unknown  Unknown
libopen-rte.so.40  0000146ECE05AAFC  orte_show_help        Unknown  Unknown
libmpi.so.40.30.2  0000146ED376AC4A  PMPI_Abort            Unknown  Unknown
libmpi_mpifh.so    0000146ED3AB22BE  Unknown               Unknown  Unknown
MOM6               00000000011BBC5E  Unknown               Unknown  Unknown
MOM6               0000000001223587  Unknown               Unknown  Unknown
MOM6               00000000011F06C3  Unknown               Unknown  Unknown
MOM6               0000000000F8CC91  Unknown               Unknown  Unknown
MOM6               0000000000F8C501  Unknown               Unknown  Unknown
MOM6               00000000008E80B9  Unknown               Unknown  Unknown
MOM6               00000000004C84FB  Unknown               Unknown  Unknown
MOM6               0000000000F5B4F6  Unknown               Unknown  Unknown
MOM6               000000000040FDE2  Unknown               Unknown  Unknown
libc-2.28.so       0000146ED2C11D85  __libc_start_main     Unknown  Unknown
MOM6               000000000040FCEE  Unknown               Unknown  Unknown
forrtl: error (78): process killed (SIGTERM)
Image              PC                Routine            Line        Source             
MOM6               00000000014D558B  for__signal_handl     Unknown  Unknown
libpthread-2.28.s  0000154DE4FDCCF0  Unknown               Unknown  Unknown
libpthread-2.28.s  0000154DE4FD845A  pthread_cond_wait     Unknown  Unknown
libopen-pal.so.40  0000154DDF28E3CD  PMIx_Abort            Unknown  Unknown
libopen-pal.so.40  0000154DDF2FB210  pmix3x_abort          Unknown  Unknown
libopen-rte.so.40  0000154DE0043C27  Unknown               Unknown  Unknown
libopen-rte.so.40  0000154DE005B9B6  orte_errmgr_base_     Unknown  Unknown
libopen-rte.so.40  0000154DE004B75B  Unknown               Unknown  Unknown
libmpi.so.40.30.2  0000154DE57AF0DA  ompi_mpi_abort        Unknown  Unknown
libmpi_mpifh.so    0000154DE5ADF2BE  Unknown               Unknown  Unknown
MOM6               00000000011BBC5E  Unknown               Unknown  Unknown
MOM6               0000000001223587  Unknown               Unknown  Unknown
MOM6               00000000011F06C3  Unknown               Unknown  Unknown
MOM6               0000000000F8CC91  Unknown               Unknown  Unknown
MOM6               0000000000F8C501  Unknown               Unknown  Unknown
MOM6               00000000008E80B9  Unknown               Unknown  Unknown
MOM6               00000000004C84FB  Unknown               Unknown  Unknown
MOM6               0000000000F5B4F6  Unknown               Unknown  Unknown
MOM6               000000000040FDE2  Unknown               Unknown  Unknown
libc-2.28.so       0000154DE4C3ED85  __libc_start_main     Unknown  Unknown
MOM6               000000000040FCEE  Unknown               Unknown  Unknown
forrtl: error (78): process killed (SIGTERM)
Image              PC                Routine            Line        Source             
MOM6               00000000014D558B  for__signal_handl     Unknown  Unknown
libpthread-2.28.s  0000151E0E885CF0  Unknown               Unknown  Unknown
libpthread-2.28.s  0000151E0E88145A  pthread_cond_wait     Unknown  Unknown
libopen-pal.so.40  0000151E08B373CD  PMIx_Abort            Unknown  Unknown
libopen-pal.so.40  0000151E08BA4210  pmix3x_abort          Unknown  Unknown
libopen-rte.so.40  0000151E098ECC27  Unknown               Unknown  Unknown
libopen-rte.so.40  0000151E099049B6  orte_errmgr_base_     Unknown  Unknown
libopen-rte.so.40  0000151E098F475B  Unknown               Unknown  Unknown
libmpi.so.40.30.2  0000151E0F0580DA  ompi_mpi_abort        Unknown  Unknown
libmpi_mpifh.so    0000151E0F3882BE  Unknown               Unknown  Unknown
MOM6               00000000011BBC5E  Unknown               Unknown  Unknown
MOM6               0000000001223587  Unknown               Unknown  Unknown
MOM6               00000000011F06C3  Unknown               Unknown  Unknown
MOM6               0000000000F8CC91  Unknown               Unknown  Unknown
MOM6               0000000000F8C501  Unknown               Unknown  Unknown
MOM6               00000000008E80B9  Unknown               Unknown  Unknown
MOM6               00000000004C84FB  Unknown               Unknown  Unknown
MOM6               0000000000F5B4F6  Unknown               Unknown  Unknown
MOM6               000000000040FDE2  Unknown               Unknown  Unknown
libc-2.28.so       0000151E0E4E7D85  __libc_start_main     Unknown  Unknown
MOM6               000000000040FCEE  Unknown               Unknown  Unknown
forrtl: error (78): process killed (SIGTERM)
Image              PC                Routine            Line        Source             
MOM6               00000000014D558B  for__signal_handl     Unknown  Unknown
libpthread-2.28.s  00001540A971BCF0  Unknown               Unknown  Unknown
libpthread-2.28.s  00001540A971745A  pthread_cond_wait     Unknown  Unknown
libopen-pal.so.40  00001540A39CD3CD  PMIx_Abort            Unknown  Unknown
libopen-pal.so.40  00001540A3A3A210  pmix3x_abort          Unknown  Unknown
libopen-rte.so.40  00001540A4782C27  Unknown               Unknown  Unknown
libopen-rte.so.40  00001540A479A9B6  orte_errmgr_base_     Unknown  Unknown
libopen-rte.so.40  00001540A478A75B  Unknown               Unknown  Unknown
libmpi.so.40.30.2  00001540A9EEE0DA  ompi_mpi_abort        Unknown  Unknown
libmpi_mpifh.so    00001540AA21E2BE  Unknown               Unknown  Unknown
MOM6               00000000011BBC5E  Unknown               Unknown  Unknown
MOM6               0000000001223587  Unknown               Unknown  Unknown
MOM6               00000000011F06C3  Unknown               Unknown  Unknown
MOM6               0000000000F8CC91  Unknown               Unknown  Unknown
MOM6               0000000000F8C501  Unknown               Unknown  Unknown
MOM6               00000000008E80B9  Unknown               Unknown  Unknown
MOM6               00000000004C84FB  Unknown               Unknown  Unknown
MOM6               0000000000F5B4F6  Unknown               Unknown  Unknown
MOM6               000000000040FDE2  Unknown               Unknown  Unknown
libc-2.28.so       00001540A937DD85  __libc_start_main     Unknown  Unknown
MOM6               000000000040FCEE  Unknown               Unknown  Unknown
forrtl: error (78): process killed (SIGTERM)
Image              PC                Routine            Line        Source             
MOM6               00000000014D558B  for__signal_handl     Unknown  Unknown
libpthread-2.28.s  000014F58253DCF0  Unknown               Unknown  Unknown
libpthread-2.28.s  000014F58253945A  pthread_cond_wait     Unknown  Unknown
libopen-pal.so.40  000014F57C7EF3CD  PMIx_Abort            Unknown  Unknown
libopen-pal.so.40  000014F57C85C210  pmix3x_abort          Unknown  Unknown
libopen-rte.so.40  000014F57D5A4C27  Unknown               Unknown  Unknown
libopen-rte.so.40  000014F57D5BC9B6  orte_errmgr_base_     Unknown  Unknown
libopen-rte.so.40  000014F57D5AC75B  Unknown               Unknown  Unknown
libmpi.so.40.30.2  000014F582D100DA  ompi_mpi_abort        Unknown  Unknown
libmpi_mpifh.so    000014F5830402BE  Unknown               Unknown  Unknown
MOM6               00000000011BBC5E  Unknown               Unknown  Unknown
MOM6               0000000001223587  Unknown               Unknown  Unknown
MOM6               00000000011F06C3  Unknown               Unknown  Unknown
MOM6               0000000000F8CC91  Unknown               Unknown  Unknown
MOM6               0000000000F8C501  Unknown               Unknown  Unknown
MOM6               00000000008E80B9  Unknown               Unknown  Unknown
MOM6               00000000004C84FB  Unknown               Unknown  Unknown
MOM6               0000000000F5B4F6  Unknown               Unknown  Unknown
MOM6               000000000040FDE2  Unknown               Unknown  Unknown
libc-2.28.so       000014F58219FD85  __libc_start_main     Unknown  Unknown
MOM6               000000000040FCEE  Unknown               Unknown  Unknown
forrtl: error (78): process killed (SIGTERM)
Image              PC                Routine            Line        Source             
MOM6               00000000014D558B  for__signal_handl     Unknown  Unknown
libpthread-2.28.s  000014F896DB7CF0  Unknown               Unknown  Unknown
libpthread-2.28.s  000014F896DB345A  pthread_cond_wait     Unknown  Unknown
libopen-pal.so.40  000014F8910693CD  PMIx_Abort            Unknown  Unknown
libopen-pal.so.40  000014F8910D6210  pmix3x_abort          Unknown  Unknown
libopen-rte.so.40  000014F891E1EC27  Unknown               Unknown  Unknown
libopen-rte.so.40  000014F891E369B6  orte_errmgr_base_     Unknown  Unknown
libopen-rte.so.40  000014F891E2675B  Unknown               Unknown  Unknown
libmpi.so.40.30.2  000014F89758A0DA  ompi_mpi_abort        Unknown  Unknown
libmpi_mpifh.so    000014F8978BA2BE  Unknown               Unknown  Unknown
MOM6               00000000011BBC5E  Unknown               Unknown  Unknown
MOM6               0000000001223587  Unknown               Unknown  Unknown
MOM6               00000000011F06C3  Unknown               Unknown  Unknown
MOM6               0000000000F8CC91  Unknown               Unknown  Unknown
MOM6               0000000000F8C501  Unknown               Unknown  Unknown
MOM6               00000000008E80B9  Unknown               Unknown  Unknown
MOM6               00000000004C84FB  Unknown               Unknown  Unknown
MOM6               0000000000F5B4F6  Unknown               Unknown  Unknown
MOM6               000000000040FDE2  Unknown               Unknown  Unknown
libc-2.28.so       000014F896A19D85  __libc_start_main     Unknown  Unknown
MOM6               000000000040FCEE  Unknown               Unknown  Unknown
forrtl: error (78): process killed (SIGTERM)
Image              PC                Routine            Line        Source             
MOM6               00000000014D558B  for__signal_handl     Unknown  Unknown
libpthread-2.28.s  0000146BAFE80CF0  Unknown               Unknown  Unknown
libpthread-2.28.s  0000146BAFE7C45A  pthread_cond_wait     Unknown  Unknown
libopen-pal.so.40  0000146BAA1323CD  PMIx_Abort            Unknown  Unknown
libopen-pal.so.40  0000146BAA19F210  pmix3x_abort          Unknown  Unknown
libopen-rte.so.40  0000146BAAEE7C27  Unknown               Unknown  Unknown
libopen-rte.so.40  0000146BAAEFF9B6  orte_errmgr_base_     Unknown  Unknown
libopen-rte.so.40  0000146BAAEEF75B  Unknown               Unknown  Unknown
libmpi.so.40.30.2  0000146BB06530DA  ompi_mpi_abort        Unknown  Unknown
libmpi_mpifh.so    0000146BB09832BE  Unknown               Unknown  Unknown
MOM6               00000000011BBC5E  Unknown               Unknown  Unknown
MOM6               0000000001223587  Unknown               Unknown  Unknown
MOM6               00000000011F06C3  Unknown               Unknown  Unknown
MOM6               0000000000F8CC91  Unknown               Unknown  Unknown
MOM6               0000000000F8C501  Unknown               Unknown  Unknown
MOM6               00000000008E80B9  Unknown               Unknown  Unknown
MOM6               00000000004C84FB  Unknown               Unknown  Unknown
MOM6               0000000000F5B4F6  Unknown               Unknown  Unknown
MOM6               000000000040FDE2  Unknown               Unknown  Unknown
libc-2.28.so       0000146BAFAE2D85  __libc_start_main     Unknown  Unknown
MOM6               000000000040FCEE  Unknown               Unknown  Unknown
forrtl: error (78): process killed (SIGTERM)
Image              PC                Routine            Line        Source             
MOM6               00000000014D558B  for__signal_handl     Unknown  Unknown
libpthread-2.28.s  0000154A30109CF0  Unknown               Unknown  Unknown
libpthread-2.28.s  0000154A3010545A  pthread_cond_wait     Unknown  Unknown
libopen-pal.so.40  0000154A2A3BB3CD  PMIx_Abort            Unknown  Unknown
libopen-pal.so.40  0000154A2A428210  pmix3x_abort          Unknown  Unknown
libopen-rte.so.40  0000154A2B170C27  Unknown               Unknown  Unknown
libopen-rte.so.40  0000154A2B1889B6  orte_errmgr_base_     Unknown  Unknown
libopen-rte.so.40  0000154A2B17875B  Unknown               Unknown  Unknown
libmpi.so.40.30.2  0000154A308DC0DA  ompi_mpi_abort        Unknown  Unknown
libmpi_mpifh.so    0000154A30C0C2BE  Unknown               Unknown  Unknown
MOM6               00000000011BBC5E  Unknown               Unknown  Unknown
MOM6               0000000001223587  Unknown               Unknown  Unknown
MOM6               00000000011F06C3  Unknown               Unknown  Unknown
MOM6               0000000000F8CC91  Unknown               Unknown  Unknown
MOM6               0000000000F8C501  Unknown               Unknown  Unknown
MOM6               00000000008E80B9  Unknown               Unknown  Unknown
MOM6               00000000004C84FB  Unknown               Unknown  Unknown
MOM6               0000000000F5B4F6  Unknown               Unknown  Unknown
MOM6               000000000040FDE2  Unknown               Unknown  Unknown
libc-2.28.so       0000154A2FD6BD85  __libc_start_main     Unknown  Unknown
MOM6               000000000040FCEE  Unknown               Unknown  Unknown
forrtl: error (78): process killed (SIGTERM)
Image              PC                Routine            Line        Source             
MOM6               00000000014D558B  for__signal_handl     Unknown  Unknown
libpthread-2.28.s  0000149393A3CCF0  Unknown               Unknown  Unknown
libpthread-2.28.s  0000149393A3845A  pthread_cond_wait     Unknown  Unknown
libopen-pal.so.40  000014938DCEE3CD  PMIx_Abort            Unknown  Unknown
libopen-pal.so.40  000014938DD5B210  pmix3x_abort          Unknown  Unknown
libopen-rte.so.40  000014938EAA3C27  Unknown               Unknown  Unknown
libopen-rte.so.40  000014938EABB9B6  orte_errmgr_base_     Unknown  Unknown
libopen-rte.so.40  000014938EAAB75B  Unknown               Unknown  Unknown
libmpi.so.40.30.2  000014939420F0DA  ompi_mpi_abort        Unknown  Unknown
libmpi_mpifh.so    000014939453F2BE  Unknown               Unknown  Unknown
MOM6               00000000011BBC5E  Unknown               Unknown  Unknown
MOM6               0000000001223587  Unknown               Unknown  Unknown
MOM6               00000000011F06C3  Unknown               Unknown  Unknown
MOM6               0000000000F8CC91  Unknown               Unknown  Unknown
MOM6               0000000000F8C501  Unknown               Unknown  Unknown
MOM6               00000000008E80B9  Unknown               Unknown  Unknown
MOM6               00000000004C84FB  Unknown               Unknown  Unknown
MOM6               0000000000F5B4F6  Unknown               Unknown  Unknown
MOM6               000000000040FDE2  Unknown               Unknown  Unknown
libc-2.28.so       000014939369ED85  __libc_start_main     Unknown  Unknown
MOM6               000000000040FCEE  Unknown               Unknown  Unknown
forrtl: error (78): process killed (SIGTERM)
Image              PC                Routine            Line        Source             
MOM6               00000000014D558B  for__signal_handl     Unknown  Unknown
libpthread-2.28.s  0000150553654CF0  Unknown               Unknown  Unknown
libpthread-2.28.s  0000150553654180  nanosleep             Unknown  Unknown
libopen-rte.so.40  000015054E6FF79A  orte_show_help_no     Unknown  Unknown
libopen-rte.so.40  000015054E6FFAFC  orte_show_help        Unknown  Unknown
libmpi.so.40.30.2  0000150553E0FC4A  PMPI_Abort            Unknown  Unknown
libmpi_mpifh.so    00001505541572BE  Unknown               Unknown  Unknown
MOM6               00000000011BBC5E  Unknown               Unknown  Unknown
MOM6               0000000001223587  Unknown               Unknown  Unknown
MOM6               00000000011F06C3  Unknown               Unknown  Unknown
MOM6               0000000000F8CC91  Unknown               Unknown  Unknown
MOM6               0000000000F8C501  Unknown               Unknown  Unknown
MOM6               00000000008E80B9  Unknown               Unknown  Unknown
MOM6               00000000004C84FB  Unknown               Unknown  Unknown
MOM6               0000000000F5B4F6  Unknown               Unknown  Unknown
MOM6               000000000040FDE2  Unknown               Unknown  Unknown
libc-2.28.so       00001505532B6D85  __libc_start_main     Unknown  Unknown
MOM6               000000000040FCEE  Unknown               Unknown  Unknown
forrtl: error (78): process killed (SIGTERM)
Image              PC                Routine            Line        Source             
MOM6               00000000014D558B  for__signal_handl     Unknown  Unknown
libpthread-2.28.s  00001460DCA29CF0  Unknown               Unknown  Unknown
libpthread-2.28.s  00001460DCA2545A  pthread_cond_wait     Unknown  Unknown
libopen-pal.so.40  00001460D6CDB3CD  PMIx_Abort            Unknown  Unknown
libopen-pal.so.40  00001460D6D48210  pmix3x_abort          Unknown  Unknown
libopen-rte.so.40  00001460D7A90C27  Unknown               Unknown  Unknown
libopen-rte.so.40  00001460D7AA89B6  orte_errmgr_base_     Unknown  Unknown
libopen-rte.so.40  00001460D7A9875B  Unknown               Unknown  Unknown
libmpi.so.40.30.2  00001460DD1FC0DA  ompi_mpi_abort        Unknown  Unknown
libmpi_mpifh.so    00001460DD52C2BE  Unknown               Unknown  Unknown
MOM6               00000000011BBC5E  Unknown               Unknown  Unknown
MOM6               0000000001223587  Unknown               Unknown  Unknown
MOM6               00000000011F06C3  Unknown               Unknown  Unknown
MOM6               0000000000F8CC91  Unknown               Unknown  Unknown
MOM6               0000000000F8C501  Unknown               Unknown  Unknown
MOM6               00000000008E80B9  Unknown               Unknown  Unknown
MOM6               00000000004C84FB  Unknown               Unknown  Unknown
MOM6               0000000000F5B4F6  Unknown               Unknown  Unknown
MOM6               000000000040FDE2  Unknown               Unknown  Unknown
libc-2.28.so       00001460DC68BD85  __libc_start_main     Unknown  Unknown
MOM6               000000000040FCEE  Unknown               Unknown  Unknown
forrtl: error (78): process killed (SIGTERM)
Image              PC                Routine            Line        Source             
MOM6               00000000014D558B  for__signal_handl     Unknown  Unknown
libpthread-2.28.s  0000146891A47CF0  Unknown               Unknown  Unknown
libpthread-2.28.s  0000146891A4345A  pthread_cond_wait     Unknown  Unknown
libopen-pal.so.40  000014688BCF93CD  PMIx_Abort            Unknown  Unknown
libopen-pal.so.40  000014688BD66210  pmix3x_abort          Unknown  Unknown
libopen-rte.so.40  000014688CAAEC27  Unknown               Unknown  Unknown
libopen-rte.so.40  000014688CAC69B6  orte_errmgr_base_     Unknown  Unknown
libopen-rte.so.40  000014688CAB675B  Unknown               Unknown  Unknown
libmpi.so.40.30.2  000014689221A0DA  ompi_mpi_abort        Unknown  Unknown
libmpi_mpifh.so    000014689254A2BE  Unknown               Unknown  Unknown
MOM6               00000000011BBC5E  Unknown               Unknown  Unknown
MOM6               0000000001223587  Unknown               Unknown  Unknown
MOM6               00000000011F06C3  Unknown               Unknown  Unknown
MOM6               0000000000F8CC91  Unknown               Unknown  Unknown
MOM6               0000000000F8C501  Unknown               Unknown  Unknown
MOM6               00000000008E80B9  Unknown               Unknown  Unknown
MOM6               00000000004C84FB  Unknown               Unknown  Unknown
MOM6               0000000000F5B4F6  Unknown               Unknown  Unknown
MOM6               000000000040FDE2  Unknown               Unknown  Unknown
libc-2.28.so       00001468916A9D85  __libc_start_main     Unknown  Unknown
MOM6               000000000040FCEE  Unknown               Unknown  Unknown
forrtl: error (78): process killed (SIGTERM)
Image              PC                Routine            Line        Source             
MOM6               00000000014D558B  for__signal_handl     Unknown  Unknown
libpthread-2.28.s  000014BC1D864CF0  Unknown               Unknown  Unknown
libpthread-2.28.s  000014BC1D86045A  pthread_cond_wait     Unknown  Unknown
libopen-pal.so.40  000014BC17B163CD  PMIx_Abort            Unknown  Unknown
libopen-pal.so.40  000014BC17B83210  pmix3x_abort          Unknown  Unknown
libopen-rte.so.40  000014BC188CBC27  Unknown               Unknown  Unknown
libopen-rte.so.40  000014BC188E39B6  orte_errmgr_base_     Unknown  Unknown
libopen-rte.so.40  000014BC188D375B  Unknown               Unknown  Unknown
libmpi.so.40.30.2  000014BC1E0370DA  ompi_mpi_abort        Unknown  Unknown
libmpi_mpifh.so    000014BC1E3672BE  Unknown               Unknown  Unknown
MOM6               00000000011BBC5E  Unknown               Unknown  Unknown
MOM6               0000000001223587  Unknown               Unknown  Unknown
MOM6               00000000011F06C3  Unknown               Unknown  Unknown
MOM6               0000000000F8CC91  Unknown               Unknown  Unknown
MOM6               0000000000F8C501  Unknown               Unknown  Unknown
MOM6               00000000008E80B9  Unknown               Unknown  Unknown
MOM6               00000000004C84FB  Unknown               Unknown  Unknown
MOM6               0000000000F5B4F6  Unknown               Unknown  Unknown
MOM6               000000000040FDE2  Unknown               Unknown  Unknown
libc-2.28.so       000014BC1D4C6D85  __libc_start_main     Unknown  Unknown
MOM6               000000000040FCEE  Unknown               Unknown  Unknown
forrtl: error (78): process killed (SIGTERM)
Image              PC                Routine            Line        Source             
MOM6               00000000014D558B  for__signal_handl     Unknown  Unknown
libpthread-2.28.s  000014A809941CF0  Unknown               Unknown  Unknown
libpthread-2.28.s  000014A80993D45A  pthread_cond_wait     Unknown  Unknown
libopen-pal.so.40  000014A803BF33CD  PMIx_Abort            Unknown  Unknown
libopen-pal.so.40  000014A803C60210  pmix3x_abort          Unknown  Unknown
libopen-rte.so.40  000014A8049A8C27  Unknown               Unknown  Unknown
libopen-rte.so.40  000014A8049C09B6  orte_errmgr_base_     Unknown  Unknown
libopen-rte.so.40  000014A8049B075B  Unknown               Unknown  Unknown
libmpi.so.40.30.2  000014A80A1140DA  ompi_mpi_abort        Unknown  Unknown
libmpi_mpifh.so    000014A80A4442BE  Unknown               Unknown  Unknown
MOM6               00000000011BBC5E  Unknown               Unknown  Unknown
MOM6               0000000001223587  Unknown               Unknown  Unknown
MOM6               00000000011F06C3  Unknown               Unknown  Unknown
MOM6               0000000000F8CC91  Unknown               Unknown  Unknown
MOM6               0000000000F8C501  Unknown               Unknown  Unknown
MOM6               00000000008E80B9  Unknown               Unknown  Unknown
MOM6               00000000004C84FB  Unknown               Unknown  Unknown
MOM6               0000000000F5B4F6  Unknown               Unknown  Unknown
MOM6               000000000040FDE2  Unknown               Unknown  Unknown
libc-2.28.so       000014A8095A3D85  __libc_start_main     Unknown  Unknown
MOM6               000000000040FCEE  Unknown               Unknown  Unknown
forrtl: error (78): process killed (SIGTERM)
Image              PC                Routine            Line        Source             
MOM6               00000000014D558B  for__signal_handl     Unknown  Unknown
libpthread-2.28.s  000014B581E82CF0  Unknown               Unknown  Unknown
libpthread-2.28.s  000014B581E7E45A  pthread_cond_wait     Unknown  Unknown
libopen-pal.so.40  000014B57C1343CD  PMIx_Abort            Unknown  Unknown
libopen-pal.so.40  000014B57C1A1210  pmix3x_abort          Unknown  Unknown
libopen-rte.so.40  000014B57CEE9C27  Unknown               Unknown  Unknown
libopen-rte.so.40  000014B57CF019B6  orte_errmgr_base_     Unknown  Unknown
libopen-rte.so.40  000014B57CEF175B  Unknown               Unknown  Unknown
libmpi.so.40.30.2  000014B5826550DA  ompi_mpi_abort        Unknown  Unknown
libmpi_mpifh.so    000014B5829852BE  Unknown               Unknown  Unknown
MOM6               00000000011BBC5E  Unknown               Unknown  Unknown
MOM6               0000000001223587  Unknown               Unknown  Unknown
MOM6               00000000011F06C3  Unknown               Unknown  Unknown
MOM6               0000000000F8CC91  Unknown               Unknown  Unknown
MOM6               0000000000F8C501  Unknown               Unknown  Unknown
MOM6               00000000008E80B9  Unknown               Unknown  Unknown
MOM6               00000000004C84FB  Unknown               Unknown  Unknown
MOM6               0000000000F5B4F6  Unknown               Unknown  Unknown
MOM6               000000000040FDE2  Unknown               Unknown  Unknown
libc-2.28.so       000014B581AE4D85  __libc_start_main     Unknown  Unknown
MOM6               000000000040FCEE  Unknown               Unknown  Unknown
forrtl: error (78): process killed (SIGTERM)
Image              PC                Routine            Line        Source             
MOM6               00000000014D558B  for__signal_handl     Unknown  Unknown
libpthread-2.28.s  000015461F8D4CF0  Unknown               Unknown  Unknown
libpthread-2.28.s  000015461F8D045A  pthread_cond_wait     Unknown  Unknown
libopen-pal.so.40  0000154619B863CD  PMIx_Abort            Unknown  Unknown
libopen-pal.so.40  0000154619BF3210  pmix3x_abort          Unknown  Unknown
libopen-rte.so.40  000015461A93BC27  Unknown               Unknown  Unknown
libopen-rte.so.40  000015461A9539B6  orte_errmgr_base_     Unknown  Unknown
libopen-rte.so.40  000015461A94375B  Unknown               Unknown  Unknown
libmpi.so.40.30.2  00001546200A70DA  ompi_mpi_abort        Unknown  Unknown
libmpi_mpifh.so    00001546203D72BE  Unknown               Unknown  Unknown
MOM6               00000000011BBC5E  Unknown               Unknown  Unknown
MOM6               0000000001223587  Unknown               Unknown  Unknown
MOM6               00000000011F06C3  Unknown               Unknown  Unknown
MOM6               0000000000F8CC91  Unknown               Unknown  Unknown
MOM6               0000000000F8C501  Unknown               Unknown  Unknown
MOM6               00000000008E80B9  Unknown               Unknown  Unknown
MOM6               00000000004C84FB  Unknown               Unknown  Unknown
MOM6               0000000000F5B4F6  Unknown               Unknown  Unknown
MOM6               000000000040FDE2  Unknown               Unknown  Unknown
libc-2.28.so       000015461F536D85  __libc_start_main     Unknown  Unknown
MOM6               000000000040FCEE  Unknown               Unknown  Unknown
forrtl: error (78): process killed (SIGTERM)
Image              PC                Routine            Line        Source             
MOM6               00000000014D558B  for__signal_handl     Unknown  Unknown
libpthread-2.28.s  000015383958FCF0  Unknown               Unknown  Unknown
libpthread-2.28.s  000015383958B45A  pthread_cond_wait     Unknown  Unknown
libopen-pal.so.40  00001538338413CD  PMIx_Abort            Unknown  Unknown
libopen-pal.so.40  00001538338AE210  pmix3x_abort          Unknown  Unknown
libopen-rte.so.40  00001538345F6C27  Unknown               Unknown  Unknown
libopen-rte.so.40  000015383460E9B6  orte_errmgr_base_     Unknown  Unknown
libopen-rte.so.40  00001538345FE75B  Unknown               Unknown  Unknown
libmpi.so.40.30.2  0000153839D620DA  ompi_mpi_abort        Unknown  Unknown
libmpi_mpifh.so    000015383A0922BE  Unknown               Unknown  Unknown
MOM6               00000000011BBC5E  Unknown               Unknown  Unknown
MOM6               0000000001223587  Unknown               Unknown  Unknown
MOM6               00000000011F06C3  Unknown               Unknown  Unknown
MOM6               0000000000F8CC91  Unknown               Unknown  Unknown
MOM6               0000000000F8C501  Unknown               Unknown  Unknown
MOM6               00000000008E80B9  Unknown               Unknown  Unknown
MOM6               00000000004C84FB  Unknown               Unknown  Unknown
MOM6               0000000000F5B4F6  Unknown               Unknown  Unknown
MOM6               000000000040FDE2  Unknown               Unknown  Unknown
libc-2.28.so       00001538391F1D85  __libc_start_main     Unknown  Unknown
MOM6               000000000040FCEE  Unknown               Unknown  Unknown
forrtl: error (78): process killed (SIGTERM)
Image              PC                Routine            Line        Source             
MOM6               00000000014D558B  for__signal_handl     Unknown  Unknown
libpthread-2.28.s  000014B175639CF0  Unknown               Unknown  Unknown
libpthread-2.28.s  000014B175639180  nanosleep             Unknown  Unknown
libopen-rte.so.40  000014B1706E479A  orte_show_help_no     Unknown  Unknown
libopen-rte.so.40  000014B1706E4AFC  orte_show_help        Unknown  Unknown
libmpi.so.40.30.2  000014B175DF4C4A  PMPI_Abort            Unknown  Unknown
libmpi_mpifh.so    000014B17613C2BE  Unknown               Unknown  Unknown
MOM6               00000000011BBC5E  Unknown               Unknown  Unknown
MOM6               0000000001223587  Unknown               Unknown  Unknown
MOM6               00000000011F06C3  Unknown               Unknown  Unknown
MOM6               0000000000F8CC91  Unknown               Unknown  Unknown
MOM6               0000000000F8C501  Unknown               Unknown  Unknown
MOM6               00000000008E80B9  Unknown               Unknown  Unknown
MOM6               00000000004C84FB  Unknown               Unknown  Unknown
MOM6               0000000000F5B4F6  Unknown               Unknown  Unknown
MOM6               000000000040FDE2  Unknown               Unknown  Unknown
libc-2.28.so       000014B17529BD85  __libc_start_main     Unknown  Unknown
MOM6               000000000040FCEE  Unknown               Unknown  Unknown
forrtl: error (78): process killed (SIGTERM)
Image              PC                Routine            Line        Source             
MOM6               00000000014D558B  for__signal_handl     Unknown  Unknown
libpthread-2.28.s  0000147887FC4CF0  Unknown               Unknown  Unknown
libpthread-2.28.s  0000147887FC4180  nanosleep             Unknown  Unknown
libopen-rte.so.40  000014788306F79A  orte_show_help_no     Unknown  Unknown
libopen-rte.so.40  000014788306FAFC  orte_show_help        Unknown  Unknown
libmpi.so.40.30.2  000014788877FC4A  PMPI_Abort            Unknown  Unknown
libmpi_mpifh.so    0000147888AC72BE  Unknown               Unknown  Unknown
MOM6               00000000011BBC5E  Unknown               Unknown  Unknown
MOM6               0000000001223587  Unknown               Unknown  Unknown
MOM6               00000000011F06C3  Unknown               Unknown  Unknown
MOM6               0000000000F8CC91  Unknown               Unknown  Unknown
MOM6               0000000000F8C501  Unknown               Unknown  Unknown
MOM6               00000000008E80B9  Unknown               Unknown  Unknown
MOM6               00000000004C84FB  Unknown               Unknown  Unknown
MOM6               0000000000F5B4F6  Unknown               Unknown  Unknown
MOM6               000000000040FDE2  Unknown               Unknown  Unknown
libc-2.28.so       0000147887C26D85  __libc_start_main     Unknown  Unknown
MOM6               000000000040FCEE  Unknown               Unknown  Unknown
forrtl: error (78): process killed (SIGTERM)
Image              PC                Routine            Line        Source             
MOM6               00000000014D558B  for__signal_handl     Unknown  Unknown
libpthread-2.28.s  000014E7F9C7ECF0  Unknown               Unknown  Unknown
libpthread-2.28.s  000014E7F9C7A45A  pthread_cond_wait     Unknown  Unknown
libopen-pal.so.40  000014E7F3F303CD  PMIx_Abort            Unknown  Unknown
libopen-pal.so.40  000014E7F3F9D210  pmix3x_abort          Unknown  Unknown
libopen-rte.so.40  000014E7F4CE5C27  Unknown               Unknown  Unknown
libopen-rte.so.40  000014E7F4CFD9B6  orte_errmgr_base_     Unknown  Unknown
libopen-rte.so.40  000014E7F4CED75B  Unknown               Unknown  Unknown
libmpi.so.40.30.2  000014E7FA4510DA  ompi_mpi_abort        Unknown  Unknown
libmpi_mpifh.so    000014E7FA7812BE  Unknown               Unknown  Unknown
MOM6               00000000011BBC5E  Unknown               Unknown  Unknown
MOM6               0000000001223587  Unknown               Unknown  Unknown
MOM6               00000000011F06C3  Unknown               Unknown  Unknown
MOM6               0000000000F8CC91  Unknown               Unknown  Unknown
MOM6               0000000000F8C501  Unknown               Unknown  Unknown
MOM6               00000000008E80B9  Unknown               Unknown  Unknown
MOM6               00000000004C84FB  Unknown               Unknown  Unknown
MOM6               0000000000F5B4F6  Unknown               Unknown  Unknown
MOM6               000000000040FDE2  Unknown               Unknown  Unknown
libc-2.28.so       000014E7F98E0D85  __libc_start_main     Unknown  Unknown
MOM6               000000000040FCEE  Unknown               Unknown  Unknown
forrtl: error (78): process killed (SIGTERM)
Image              PC                Routine            Line        Source             
MOM6               00000000014D558B  for__signal_handl     Unknown  Unknown
libpthread-2.28.s  000014929F646CF0  Unknown               Unknown  Unknown
libpthread-2.28.s  000014929F64245A  pthread_cond_wait     Unknown  Unknown
libopen-pal.so.40  00001492998F83CD  PMIx_Abort            Unknown  Unknown
libopen-pal.so.40  0000149299965210  pmix3x_abort          Unknown  Unknown
libopen-rte.so.40  000014929A6ADC27  Unknown               Unknown  Unknown
libopen-rte.so.40  000014929A6C59B6  orte_errmgr_base_     Unknown  Unknown
libopen-rte.so.40  000014929A6B575B  Unknown               Unknown  Unknown
libmpi.so.40.30.2  000014929FE190DA  ompi_mpi_abort        Unknown  Unknown
libmpi_mpifh.so    00001492A01492BE  Unknown               Unknown  Unknown
MOM6               00000000011BBC5E  Unknown               Unknown  Unknown
MOM6               0000000001223587  Unknown               Unknown  Unknown
MOM6               00000000011F06C3  Unknown               Unknown  Unknown
MOM6               0000000000F8CC91  Unknown               Unknown  Unknown
MOM6               0000000000F8C501  Unknown               Unknown  Unknown
MOM6               00000000008E80B9  Unknown               Unknown  Unknown
MOM6               00000000004C84FB  Unknown               Unknown  Unknown
MOM6               0000000000F5B4F6  Unknown               Unknown  Unknown
MOM6               000000000040FDE2  Unknown               Unknown  Unknown
libc-2.28.so       000014929F2A8D85  __libc_start_main     Unknown  Unknown
MOM6               000000000040FCEE  Unknown               Unknown  Unknown
forrtl: error (78): process killed (SIGTERM)
Image              PC                Routine            Line        Source             
MOM6               00000000014D558B  for__signal_handl     Unknown  Unknown
libpthread-2.28.s  0000147B155FACF0  Unknown               Unknown  Unknown
libpthread-2.28.s  0000147B155F645A  pthread_cond_wait     Unknown  Unknown
libopen-pal.so.40  0000147B0F8AC3CD  PMIx_Abort            Unknown  Unknown
libopen-pal.so.40  0000147B0F919210  pmix3x_abort          Unknown  Unknown
libopen-rte.so.40  0000147B10661C27  Unknown               Unknown  Unknown
libopen-rte.so.40  0000147B106799B6  orte_errmgr_base_     Unknown  Unknown
libopen-rte.so.40  0000147B1066975B  Unknown               Unknown  Unknown
libmpi.so.40.30.2  0000147B15DCD0DA  ompi_mpi_abort        Unknown  Unknown
libmpi_mpifh.so    0000147B160FD2BE  Unknown               Unknown  Unknown
MOM6               00000000011BBC5E  Unknown               Unknown  Unknown
MOM6               0000000001223587  Unknown               Unknown  Unknown
MOM6               00000000011F06C3  Unknown               Unknown  Unknown
MOM6               0000000000F8CC91  Unknown               Unknown  Unknown
MOM6               0000000000F8C501  Unknown               Unknown  Unknown
MOM6               00000000008E80B9  Unknown               Unknown  Unknown
MOM6               00000000004C84FB  Unknown               Unknown  Unknown
MOM6               0000000000F5B4F6  Unknown               Unknown  Unknown
MOM6               000000000040FDE2  Unknown               Unknown  Unknown
libc-2.28.so       0000147B1525CD85  __libc_start_main     Unknown  Unknown
MOM6               000000000040FCEE  Unknown               Unknown  Unknown
forrtl: error (78): process killed (SIGTERM)
Image              PC                Routine            Line        Source             
MOM6               00000000014D558B  for__signal_handl     Unknown  Unknown
libpthread-2.28.s  000014CC81CAECF0  Unknown               Unknown  Unknown
libpthread-2.28.s  000014CC81CAA45A  pthread_cond_wait     Unknown  Unknown
libopen-pal.so.40  000014CC7BF603CD  PMIx_Abort            Unknown  Unknown
libopen-pal.so.40  000014CC7BFCD210  pmix3x_abort          Unknown  Unknown
libopen-rte.so.40  000014CC7CD15C27  Unknown               Unknown  Unknown
libopen-rte.so.40  000014CC7CD2D9B6  orte_errmgr_base_     Unknown  Unknown
libopen-rte.so.40  000014CC7CD1D75B  Unknown               Unknown  Unknown
libmpi.so.40.30.2  000014CC824810DA  ompi_mpi_abort        Unknown  Unknown
libmpi_mpifh.so    000014CC827B12BE  Unknown               Unknown  Unknown
MOM6               00000000011BBC5E  Unknown               Unknown  Unknown
MOM6               0000000001223587  Unknown               Unknown  Unknown
MOM6               00000000011F06C3  Unknown               Unknown  Unknown
MOM6               0000000000F8CC91  Unknown               Unknown  Unknown
MOM6               0000000000F8C501  Unknown               Unknown  Unknown
MOM6               00000000008E80B9  Unknown               Unknown  Unknown
MOM6               00000000004C84FB  Unknown               Unknown  Unknown
MOM6               0000000000F5B4F6  Unknown               Unknown  Unknown
MOM6               000000000040FDE2  Unknown               Unknown  Unknown
libc-2.28.so       000014CC81910D85  __libc_start_main     Unknown  Unknown
MOM6               000000000040FCEE  Unknown               Unknown  Unknown
forrtl: error (78): process killed (SIGTERM)
Image              PC                Routine            Line        Source             
MOM6               00000000014D558B  for__signal_handl     Unknown  Unknown
libpthread-2.28.s  0000153FDDF0ECF0  Unknown               Unknown  Unknown
libpthread-2.28.s  0000153FDDF0A45A  pthread_cond_wait     Unknown  Unknown
libopen-pal.so.40  0000153FD81C03CD  PMIx_Abort            Unknown  Unknown
libopen-pal.so.40  0000153FD822D210  pmix3x_abort          Unknown  Unknown
libopen-rte.so.40  0000153FD8F75C27  Unknown               Unknown  Unknown
libopen-rte.so.40  0000153FD8F8D9B6  orte_errmgr_base_     Unknown  Unknown
libopen-rte.so.40  0000153FD8F7D75B  Unknown               Unknown  Unknown
libmpi.so.40.30.2  0000153FDE6E10DA  ompi_mpi_abort        Unknown  Unknown
libmpi_mpifh.so    0000153FDEA112BE  Unknown               Unknown  Unknown
MOM6               00000000011BBC5E  Unknown               Unknown  Unknown
MOM6               0000000001223587  Unknown               Unknown  Unknown
MOM6               00000000011F06C3  Unknown               Unknown  Unknown
MOM6               0000000000F8CC91  Unknown               Unknown  Unknown
MOM6               0000000000F8C501  Unknown               Unknown  Unknown
MOM6               00000000008E80B9  Unknown               Unknown  Unknown
MOM6               00000000004C84FB  Unknown               Unknown  Unknown
MOM6               0000000000F5B4F6  Unknown               Unknown  Unknown
MOM6               000000000040FDE2  Unknown               Unknown  Unknown
libc-2.28.so       0000153FDDB70D85  __libc_start_main     Unknown  Unknown
MOM6               000000000040FCEE  Unknown               Unknown  Unknown
forrtl: error (78): process killed (SIGTERM)
Image              PC                Routine            Line        Source             
MOM6               00000000014D558B  for__signal_handl     Unknown  Unknown
libpthread-2.28.s  0000151E9C642CF0  Unknown               Unknown  Unknown
libpthread-2.28.s  0000151E9C63E45A  pthread_cond_wait     Unknown  Unknown
libopen-pal.so.40  0000151E968F43CD  PMIx_Abort            Unknown  Unknown
libopen-pal.so.40  0000151E96961210  pmix3x_abort          Unknown  Unknown
libopen-rte.so.40  0000151E976A9C27  Unknown               Unknown  Unknown
libopen-rte.so.40  0000151E976C19B6  orte_errmgr_base_     Unknown  Unknown
libopen-rte.so.40  0000151E976B175B  Unknown               Unknown  Unknown
libmpi.so.40.30.2  0000151E9CE150DA  ompi_mpi_abort        Unknown  Unknown
libmpi_mpifh.so    0000151E9D1452BE  Unknown               Unknown  Unknown
MOM6               00000000011BBC5E  Unknown               Unknown  Unknown
MOM6               0000000001223587  Unknown               Unknown  Unknown
MOM6               00000000011F06C3  Unknown               Unknown  Unknown
MOM6               0000000000F8CC91  Unknown               Unknown  Unknown
MOM6               0000000000F8C501  Unknown               Unknown  Unknown
MOM6               00000000008E80B9  Unknown               Unknown  Unknown
MOM6               00000000004C84FB  Unknown               Unknown  Unknown
MOM6               0000000000F5B4F6  Unknown               Unknown  Unknown
MOM6               000000000040FDE2  Unknown               Unknown  Unknown
libc-2.28.so       0000151E9C2A4D85  __libc_start_main     Unknown  Unknown
MOM6               000000000040FCEE  Unknown               Unknown  Unknown
forrtl: error (78): process killed (SIGTERM)
Image              PC                Routine            Line        Source             
MOM6               00000000014D558B  for__signal_handl     Unknown  Unknown
libpthread-2.28.s  0000152B12731CF0  Unknown               Unknown  Unknown
libpthread-2.28.s  0000152B12731180  nanosleep             Unknown  Unknown
libopen-rte.so.40  0000152B0D7DC79A  orte_show_help_no     Unknown  Unknown
libopen-rte.so.40  0000152B0D7DCAFC  orte_show_help        Unknown  Unknown
libmpi.so.40.30.2  0000152B12EECC4A  PMPI_Abort            Unknown  Unknown
libmpi_mpifh.so    0000152B132342BE  Unknown               Unknown  Unknown
MOM6               00000000011BBC5E  Unknown               Unknown  Unknown
MOM6               0000000001223587  Unknown               Unknown  Unknown
MOM6               00000000011F06C3  Unknown               Unknown  Unknown
MOM6               0000000000F8CC91  Unknown               Unknown  Unknown
MOM6               0000000000F8C501  Unknown               Unknown  Unknown
MOM6               00000000008E80B9  Unknown               Unknown  Unknown
MOM6               00000000004C84FB  Unknown               Unknown  Unknown
MOM6               0000000000F5B4F6  Unknown               Unknown  Unknown
MOM6               000000000040FDE2  Unknown               Unknown  Unknown
libc-2.28.so       0000152B12393D85  __libc_start_main     Unknown  Unknown
MOM6               000000000040FCEE  Unknown               Unknown  Unknown
forrtl: error (78): process killed (SIGTERM)
Image              PC                Routine            Line        Source             
MOM6               00000000014D558B  for__signal_handl     Unknown  Unknown
libpthread-2.28.s  0000148DFC6A9CF0  Unknown               Unknown  Unknown
libpthread-2.28.s  0000148DFC6A545A  pthread_cond_wait     Unknown  Unknown
libopen-pal.so.40  0000148DF695B3CD  PMIx_Abort            Unknown  Unknown
libopen-pal.so.40  0000148DF69C8210  pmix3x_abort          Unknown  Unknown
libopen-rte.so.40  0000148DF7710C27  Unknown               Unknown  Unknown
libopen-rte.so.40  0000148DF77289B6  orte_errmgr_base_     Unknown  Unknown
libopen-rte.so.40  0000148DF771875B  Unknown               Unknown  Unknown
libmpi.so.40.30.2  0000148DFCE7C0DA  ompi_mpi_abort        Unknown  Unknown
libmpi_mpifh.so    0000148DFD1AC2BE  Unknown               Unknown  Unknown
MOM6               00000000011BBC5E  Unknown               Unknown  Unknown
MOM6               0000000001223587  Unknown               Unknown  Unknown
MOM6               00000000011F06C3  Unknown               Unknown  Unknown
MOM6               0000000000F8CC91  Unknown               Unknown  Unknown
MOM6               0000000000F8C501  Unknown               Unknown  Unknown
MOM6               00000000008E80B9  Unknown               Unknown  Unknown
MOM6               00000000004C84FB  Unknown               Unknown  Unknown
MOM6               0000000000F5B4F6  Unknown               Unknown  Unknown
MOM6               000000000040FDE2  Unknown               Unknown  Unknown
libc-2.28.so       0000148DFC30BD85  __libc_start_main     Unknown  Unknown
MOM6               000000000040FCEE  Unknown               Unknown  Unknown
forrtl: error (78): process killed (SIGTERM)
Image              PC                Routine            Line        Source             
MOM6               00000000014D558B  for__signal_handl     Unknown  Unknown
libpthread-2.28.s  00001540D631ECF0  Unknown               Unknown  Unknown
libpthread-2.28.s  00001540D631E180  nanosleep             Unknown  Unknown
libopen-rte.so.40  00001540D13C979A  orte_show_help_no     Unknown  Unknown
libopen-rte.so.40  00001540D13C9AFC  orte_show_help        Unknown  Unknown
libmpi.so.40.30.2  00001540D6AD9C4A  PMPI_Abort            Unknown  Unknown
libmpi_mpifh.so    00001540D6E212BE  Unknown               Unknown  Unknown
MOM6               00000000011BBC5E  Unknown               Unknown  Unknown
MOM6               0000000001223587  Unknown               Unknown  Unknown
MOM6               00000000011F06C3  Unknown               Unknown  Unknown
MOM6               0000000000F8CC91  Unknown               Unknown  Unknown
MOM6               0000000000F8C501  Unknown               Unknown  Unknown
MOM6               00000000008E80B9  Unknown               Unknown  Unknown
MOM6               00000000004C84FB  Unknown               Unknown  Unknown
MOM6               0000000000F5B4F6  Unknown               Unknown  Unknown
MOM6               000000000040FDE2  Unknown               Unknown  Unknown
libc-2.28.so       00001540D5F80D85  __libc_start_main     Unknown  Unknown
MOM6               000000000040FCEE  Unknown               Unknown  Unknown
[gadi-cpu-clx-1615.gadi.nci.org.au:1073891] 47 more processes have sent help message help-mpi-api.txt / mpi-abort
[gadi-cpu-clx-1615.gadi.nci.org.au:1073891] Set MCA parameter "orte_base_help_aggregate" to 0 to see all help / error messages
