
WARNING from PE     0: MOM_file_parser : BULKMIXEDLAYER over-ridden.  Line: 'BULKMIXEDLAYER = True' in file MOM_override.


WARNING from PE     0: MOM_file_parser : DT over-ridden.  Line: 'DT = 720' in file MOM_override.


WARNING from PE     0: MOM_file_parser : DT_THERM over-ridden.  Line: 'DT_THERM = 720' in file MOM_override.


WARNING from PE     0: diag_manager_mod::diag_manager_init: DIAG_MANAGER_NML not found in input.nml.  Using defaults.


WARNING from PE     0: MOM_file_parser : SPONGE over-ridden.  Line: 'SPONGE = True' in file MOM_override.


WARNING from PE     0: MOM_file_parser : USE_JACKSON_PARAM over-ridden.  Line: 'USE_JACKSON_PARAM = True' in file MOM_override.


WARNING from PE     0: MOM_file_parser : SHELF_THERMO over-ridden.  Line: 'SHELF_THERMO = True' in file MOM_override.


WARNING from PE     0: MOM_file_parser : SHELF_THREE_EQN over-ridden.  Line: 'SHELF_THREE_EQN = True' in file MOM_override.


WARNING from PE     0: MOM_file_parser : SHELF_S_ROOT over-ridden.  Line: 'SHELF_S_ROOT = False' in file MOM_override.


WARNING from PE     0: MOM_file_parser : SHELF_3EQ_GAMMA_T over-ridden.  Line: 'SHELF_3EQ_GAMMA_T = 0.012' in file MOM_override.


WARNING from PE     0: Ice shelf thickness initialized without setting the shelf mask from variable h_mask, which does not exist in INPUT/Gustavo_Ocean1_3D.nc


WARNING from PE     0: Previous msg:DRHO_DS = 0.805876              !   [kg m-3 PSU-1] default = 0.8


WARNING from PE     0: New message :DRHO_DS = 0.805876              !   [kg m-3 PSU-1]


WARNING from PE     0: Encountered inconsistent documentation line for parameter DRHO_DS!


WARNING from PE     0: Previous msg:DRHO_DT = -0.038357             !   [kg m-3 K-1] default = -0.2


WARNING from PE     0: New message :DRHO_DT = -0.038357             !   [kg m-3 K-1]


WARNING from PE     0: Encountered inconsistent documentation line for parameter DRHO_DT!


WARNING from PE     0: MOM_file_parser : ISOMIP_TNUDG over-ridden.  Line: 'ISOMIP_TNUDG = 0.1' in file MOM_override.


WARNING from PE     0: MOM_file_parser : NUM_DIAG_COORDS over-ridden.  Line: 'NUM_DIAG_COORDS = 2' in file MOM_override.


WARNING from PE     0: MOM_file_parser : DIAG_COORDS over-ridden.  Line: 'DIAG_COORDS = "z Z ZSTAR", "rho2 RHO2 RHO"' in file MOM_override.


WARNING from PE     0: MOM_file_parser : DIAG_COORD_DEF_Z over-ridden.  Line: 'DIAG_COORD_DEF_Z = "FILE:vert_isomip.nc,interfaces=st_edges_ocean"' in file MOM_override.


WARNING from PE     0: MOM_file_parser : HTBL_SHELF_MIN over-ridden.  Line: 'HTBL_SHELF_MIN = 10.0' in file MOM_override.


WARNING from PE     0: MOM_file_parser : KV over-ridden.  Line: 'KV = 1.0E-3' in file MOM_override.


WARNING from PE     0: MOM_file_parser : KH over-ridden.  Line: 'KH = 6.0' in file MOM_override.


WARNING from PE     0: MOM_file_parser : SMAGORINSKY_KH over-ridden.  Line: 'SMAGORINSKY_KH = False' in file MOM_override.


WARNING from PE     0: MOM_file_parser : BIHARMONIC over-ridden.  Line: 'BIHARMONIC = False' in file MOM_override.


WARNING from PE     0: MOM_file_parser : KD over-ridden.  Line: 'KD = 5.0E-5' in file MOM_override.


WARNING from PE     0: Previous msg:DT_FORCING = 300.0              !   [s] default = 0.0


WARNING from PE     0: New message :DT_FORCING = 300.0              !   [s] default = 720.0


WARNING from PE     0: Encountered inconsistent documentation line for parameter DT_FORCING!


WARNING from PE     0: MOM_file_parser : DAYMAX over-ridden.  Line: 'DAYMAX = 730' in file MOM_override.


WARNING from PE     0: Unused line in MOM_input : REGRID_USE_OLD_DIRECTION = False


WARNING from PE     0: Unused line in MOM_input : HMIX_SFC_PROP = 1.0


WARNING from PE     0: Unused line in MOM_input : REMAP_UV_USING_OLD_ALG = False


WARNING from PE     0: Unused line in MOM_input : BOUNDARY_EXTRAPOLATION = True


WARNING from PE     0: Unused line in MOM_input : REMAP_AFTER_INITIALIZATION = False


WARNING from PE     0: Unused line in MOM_input : HMIX_FIXED = 20.0


WARNING from PE     0: Unused line in MOM_input : SHELF_2EQ_GAMMA_T = 0.0


WARNING from PE     0: Unused line in MOM_input : WRITE_OUTPUT_TO_FILE = True


WARNING from PE     0: Unused line in MOM_override : #override USE_HMIX_SFC_PROP = True


WARNING from PE     0: Unused line in MOM_override : #override HMIX_SFC_PROP = 10.


WARNING from PE     0: diag_util_mod::opening_file: module/field_name (ice_shelf_model/h_mask) NOT registered


WARNING from PE     0: diag_util_mod::opening_file: module/field_name (ice_shelf_model/MR_r22) NOT registered


WARNING from PE     0: diag_util_mod::opening_file: module/field_name (ocean_model_z/depth_ocean) NOT registered

