NOTE from PE     0: MPP_DOMAINS_SET_STACK_SIZE: stack size set to    32768.
 &MPP_IO_NML
 HEADER_BUFFER_VAL       =       16384,
 GLOBAL_FIELD_ON_ROOT_PE = T,
 IO_CLOCKS_ON    = F,
 SHUFFLE =           0,
 DEFLATE_LEVEL   =          -1,
 CF_COMPLIANCE   = F
 /
NOTE from PE     0: MPP_IO_SET_STACK_SIZE: stack size set to     131072.
NOTE from PE     0: MPP_DOMAINS_SET_STACK_SIZE: stack size set to   960000.
NOTE from PE     0: ======== Model being driven by MOM_driver ========
NOTE from PE     0: callTree: o Program MOM_main, MOM_driver.F90
 &OCEAN_SOLO_NML
 DATE_INIT       = 3*1, 3*0,
 CALENDAR        = julian          ,
 MONTHS  =           0,
 DAYS    =         365,
 HOURS   =           0,
 MINUTES =           0,
 SECONDS =           0,
 OCEAN_NTHREADS  =           1,
 USE_HYPER_THREAD        = F
 /
NOTE from PE     0: open_param_file: MOM_input has been opened successfully.
NOTE from PE     0: open_param_file: MOM_override has been opened successfully.

WARNING from PE     0: MOM_file_parser : BULKMIXEDLAYER over-ridden.  Line: 'BULKMIXEDLAYER = True' in file MOM_override.


WARNING from PE     0: MOM_file_parser : DT over-ridden.  Line: 'DT = 720' in file MOM_override.


WARNING from PE     0: MOM_file_parser : DT_THERM over-ridden.  Line: 'DT_THERM = 720' in file MOM_override.

 MOM_in domain decomposition
whalo =    4, ehalo =    4, shalo =    4, nhalo =    4
  X-AXIS =   15  15  15  15  15  15  15  15  15  15  15  15  15  15  15  15
  Y-AXIS =   14  12  14
 MOM_inc domain decomposition
whalo =    2, ehalo =    2, shalo =    2, nhalo =    2
  X-AXIS =    8   8   8   8   7   7   7   7   7   7   7   7   8   8   8   8
  Y-AXIS =    7   6   7

WARNING from PE     0: diag_manager_mod::diag_manager_init: DIAG_MANAGER_NML not found in input.nml.  Using defaults.

NOTE from PE     0: diag_manager_mod::diag_manager_init: prepend_date only supported when diag_manager_init is called with time_init present.
 MOM_in domain decomposition
whalo =    4, ehalo =    4, shalo =    4, nhalo =    4
  X-AXIS =   15  15  15  15  15  15  15  15  15  15  15  15  15  15  15  15
  Y-AXIS =   14  12  14
 MOM_in domain decomposition
whalo =    2, ehalo =    2, shalo =    2, nhalo =    2
  X-AXIS =    8   8   8   8   7   7   7   7   7   7   7   7   8   8   8   8
  Y-AXIS =    7   6   7

WARNING from PE     0: MOM_file_parser : SPONGE over-ridden.  Line: 'SPONGE = True' in file MOM_override.


WARNING from PE     0: MOM_file_parser : USE_JACKSON_PARAM over-ridden.  Line: 'USE_JACKSON_PARAM = True' in file MOM_override.

 MOM_in domain decomposition
whalo =    4, ehalo =    4, shalo =    4, nhalo =    4
  X-AXIS =   15  15  15  15  15  15  15  15  15  15  15  15  15  15  15  15
  Y-AXIS =   14  12  14
 MOM_in domain decomposition
whalo =    2, ehalo =    2, shalo =    2, nhalo =    2
  X-AXIS =    8   8   8   8   7   7   7   7   7   7   7   7   8   8   8   8
  Y-AXIS =    7   6   7
 MOM_in domain decomposition
whalo =    4, ehalo =    4, shalo =    4, nhalo =    4
  X-AXIS =   15  15  15  15  15  15  15  15  15  15  15  15  15  15  15  15
  Y-AXIS =   14  12  14
 MOM_in domain decomposition
whalo =    2, ehalo =    2, shalo =    2, nhalo =    2
  X-AXIS =    8   8   8   8   7   7   7   7   7   7   7   7   8   8   8   8
  Y-AXIS =    7   6   7
 MOM_Ice_Shelf_in domain decomposition
whalo =    4, ehalo =    4, shalo =    4, nhalo =    4
  X-AXIS =   15  15  15  15  15  15  15  15  15  15  15  15  15  15  15  15
  Y-AXIS =   14  12  14
 MOM_Ice_Shelf_inc domain decomposition
whalo =    2, ehalo =    2, shalo =    2, nhalo =    2
  X-AXIS =    8   8   8   8   7   7   7   7   7   7   7   7   8   8   8   8
  Y-AXIS =    7   6   7
 MOM_Ice_Shelf_in domain decomposition
whalo =    4, ehalo =    4, shalo =    4, nhalo =    4
  X-AXIS =   15  15  15  15  15  15  15  15  15  15  15  15  15  15  15  15
  Y-AXIS =   14  12  14
 MOM_Ice_Shelf_in domain decomposition
whalo =    2, ehalo =    2, shalo =    2, nhalo =    2
  X-AXIS =    8   8   8   8   7   7   7   7   7   7   7   7   8   8   8   8
  Y-AXIS =    7   6   7

WARNING from PE     0: MOM_file_parser : SHELF_THERMO over-ridden.  Line: 'SHELF_THERMO = True' in file MOM_override.


WARNING from PE     0: MOM_file_parser : SHELF_THREE_EQN over-ridden.  Line: 'SHELF_THREE_EQN = True' in file MOM_override.


WARNING from PE     0: MOM_file_parser : SHELF_S_ROOT over-ridden.  Line: 'SHELF_S_ROOT = False' in file MOM_override.


WARNING from PE     0: MOM_file_parser : SHELF_3EQ_GAMMA_T over-ridden.  Line: 'SHELF_3EQ_GAMMA_T = 0.012' in file MOM_override.

NOTE from PE     0: Initialize_ice_thickness_from_file: reading thickness

WARNING from PE     0: Ice shelf thickness initialized without setting the shelf mask from variable h_mask, which does not exist in INPUT/Gustavo_Ocean1_3D.nc

 MOM_Ice_Shelf_in domain decomposition
whalo =    4, ehalo =    4, shalo =    4, nhalo =    4
  X-AXIS =   15  15  15  15  15  15  15  15  15  15  15  15  15  15  15  15
  Y-AXIS =   14  12  14
 MOM_Ice_Shelf_in domain decomposition
whalo =    2, ehalo =    2, shalo =    2, nhalo =    2
  X-AXIS =    8   8   8   8   7   7   7   7   7   7   7   7   8   8   8   8
  Y-AXIS =    7   6   7
NOTE from PE     0: ISOMIP_initialization.F90, ISOMIP_initialize_thickness: setting thickness

WARNING from PE     0: Previous msg:DRHO_DS = 0.805876              !   [kg m-3 PSU-1] default = 0.8


WARNING from PE     0: New message :DRHO_DS = 0.805876              !   [kg m-3 PSU-1]


WARNING from PE     0: Encountered inconsistent documentation line for parameter DRHO_DS!


WARNING from PE     0: Previous msg:DRHO_DT = -0.038357             !   [kg m-3 K-1] default = -0.2


WARNING from PE     0: New message :DRHO_DT = -0.038357             !   [kg m-3 K-1]


WARNING from PE     0: Encountered inconsistent documentation line for parameter DRHO_DT!


WARNING from PE     0: MOM_file_parser : ISOMIP_TNUDG over-ridden.  Line: 'ISOMIP_TNUDG = 0.1' in file MOM_override.


WARNING from PE     0: MOM_file_parser : NUM_DIAG_COORDS over-ridden.  Line: 'NUM_DIAG_COORDS = 2' in file MOM_override.


WARNING from PE     0: MOM_file_parser : DIAG_COORDS over-ridden.  Line: 'DIAG_COORDS = "z Z ZSTAR", "rho2 RHO2 RHO"' in file MOM_override.


WARNING from PE     0: MOM_file_parser : DIAG_COORD_DEF_Z over-ridden.  Line: 'DIAG_COORD_DEF_Z = "FILE:vert_isomip.nc,interfaces=st_edges_ocean"' in file MOM_override.


WARNING from PE     0: MOM_file_parser : HTBL_SHELF_MIN over-ridden.  Line: 'HTBL_SHELF_MIN = 10.0' in file MOM_override.


WARNING from PE     0: MOM_file_parser : KV over-ridden.  Line: 'KV = 1.0E-3' in file MOM_override.


WARNING from PE     0: MOM_file_parser : KH over-ridden.  Line: 'KH = 6.0' in file MOM_override.


WARNING from PE     0: MOM_file_parser : SMAGORINSKY_KH over-ridden.  Line: 'SMAGORINSKY_KH = False' in file MOM_override.


WARNING from PE     0: MOM_file_parser : BIHARMONIC over-ridden.  Line: 'BIHARMONIC = False' in file MOM_override.

 MOM_in domain decomposition
whalo =    4, ehalo =    4, shalo =    4, nhalo =    4
  X-AXIS =   15  15  15  15  15  15  15  15  15  15  15  15  15  15  15  15
  Y-AXIS =   14  12  14
 MOM_in domain decomposition
whalo =    2, ehalo =    2, shalo =    2, nhalo =    2
  X-AXIS =    8   8   8   8   7   7   7   7   7   7   7   7   8   8   8   8
  Y-AXIS =    7   6   7

WARNING from PE     0: MOM_file_parser : KD over-ridden.  Line: 'KD = 5.0E-5' in file MOM_override.

NOTE from PE     0: MOM_ice_shelf.F90, initialize_ice_shelf: allocating fluxes.
NOTE from PE     0: MOM_ice_shelf.F90, initialize_ice_shelf: allocating forces.

WARNING from PE     0: Previous msg:DT_FORCING = 300.0              !   [s] default = 0.0


WARNING from PE     0: New message :DT_FORCING = 300.0              !   [s] default = 720.0


WARNING from PE     0: Encountered inconsistent documentation line for parameter DT_FORCING!

NOTE from PE     0: Segment run length determined from ocean_solo_nml.

WARNING from PE     0: MOM_file_parser : DAYMAX over-ridden.  Line: 'DAYMAX = 730' in file MOM_override.


WARNING from PE     0: Unused line in MOM_input : REGRID_USE_OLD_DIRECTION = False


WARNING from PE     0: Unused line in MOM_input : HMIX_SFC_PROP = 1.0


WARNING from PE     0: Unused line in MOM_input : REMAP_UV_USING_OLD_ALG = False


WARNING from PE     0: Unused line in MOM_input : BOUNDARY_EXTRAPOLATION = True


WARNING from PE     0: Unused line in MOM_input : REMAP_AFTER_INITIALIZATION = False


WARNING from PE     0: Unused line in MOM_input : HMIX_FIXED = 20.0


WARNING from PE     0: Unused line in MOM_input : SHELF_2EQ_GAMMA_T = 0.0


WARNING from PE     0: Unused line in MOM_input : WRITE_OUTPUT_TO_FILE = True


WARNING from PE     0: Unused line in MOM_override : #override USE_HMIX_SFC_PROP = True


WARNING from PE     0: Unused line in MOM_override : #override HMIX_SFC_PROP = 10.

NOTE from PE     0: MOM_surface_forcing: buoyancy forcing has been set to omitted.
 MOM_in domain decomposition
whalo =    4, ehalo =    4, shalo =    4, nhalo =    4
  X-AXIS =   15  15  15  15  15  15  15  15  15  15  15  15  15  15  15  15
  Y-AXIS =   14  12  14
 MOM_in domain decomposition
whalo =    2, ehalo =    2, shalo =    2, nhalo =    2
  X-AXIS =    8   8   8   8   7   7   7   7   7   7   7   7   8   8   8   8
  Y-AXIS =    7   6   7
NOTE from PE     0: MPP_IO_SET_STACK_SIZE: stack size set to     345600.
NOTE from PE     0: MPP_IO_SET_STACK_SIZE: stack size set to     347040.
NOTE from PE     0: MPP_IO_SET_STACK_SIZE: stack size set to     354240.
NOTE from PE     0: MPP_IO_SET_STACK_SIZE: stack size set to     355200.
MOM Day       0.000      0: En 0.000000E+00, MaxCFL  0.00000, Mass 1.352366759041E+16, Salt  34.18692024264, Temp  -2.00000000000
    Total Energy: 0000000000000000  0.0000000000000000E+00
    Total Mass:   1.3523667590413450E+16, Change:   0.0000000000000000E+00 Error:  0.00000E+00 ( 0.0E+00)
    Total Salt:   4.6233254530149031E+14, Change:   0.0000000000000000E+00 Error:  0.00000E+00 ( 0.0E+00)
    Total Heat:  -1.0748611000860610E+20, Change:   0.0000000000000000E+00 Error:  0.00000E+00 ( 0.0E+00)
NOTE from PE     0: MPP_IO_SET_STACK_SIZE: stack size set to     356680.
NOTE from PE     0: MPP_IO_SET_STACK_SIZE: stack size set to     364080.

WARNING from PE     0: diag_util_mod::opening_file: module/field_name (ice_shelf_model/h_mask) NOT registered


WARNING from PE     0: diag_util_mod::opening_file: module/field_name (ice_shelf_model/MR_r22) NOT registered


WARNING from PE     0: diag_util_mod::opening_file: module/field_name (ocean_model_z/depth_ocean) NOT registered

MOM Day       2.000    576: En 1.394326E-05, MaxCFL  0.09573, Mass 1.352366866708E+16, Salt  34.18691683358, Temp  -2.00000664283
    Total Energy: 4245F3A59A51B5E3  1.8856405929942099E+11
    Total Mass:   1.3523668667077106E+16, Change:   1.0766636589102416E+09 Error:  2.99608E+01 ( 2.2E-15)
    Total Salt:   4.6233253600628694E+14, Change:  -9.2952034278177433E+06 Error: -9.29520E+06 (-2.0E-08)
    Total Heat:  -1.0748647557171306E+20, Change:  -3.6556310696562750E+14 Error: -3.62055E+04 ( 3.4E-16)
MOM Day       4.000   1152: En 2.579199E-05, MaxCFL  0.09270, Mass 1.352366973142E+16, Salt  34.18691900092, Temp  -2.00001321134
    Total Energy: 42544D8F7CE87187  3.4880238070577386E+11
    Total Mass:   1.3523669731417594E+16, Change:   1.0643404850611081E+09 Error:  4.51252E-01 ( 3.3E-17)
    Total Salt:   4.6233260170311369E+14, Change:   6.5696826736485220E+07 Error:  6.56968E+07 ( 1.4E-07)
    Total Heat:  -1.0748683704320559E+20, Change:  -3.6147149251329438E+14 Error:  2.02585E+04 (-1.9E-16)
MOM Day       6.000   1728: En 3.167346E-05, MaxCFL  0.09296, Mass 1.352367080021E+16, Salt  34.18693450095, Temp  -2.00001981144
    Total Energy: 4258EEC8DF762699  4.2834142767260309E+11
    Total Mass:   1.3523670800206876E+16, Change:   1.0687892835065804E+09 Error:  2.44571E-01 ( 1.8E-17)
    Total Salt:   4.6233284785906056E+14, Change:   2.4615594687893501E+08 Error:  2.46156E+08 ( 5.3E-07)
    Total Heat:  -1.0748720024778646E+20, Change:  -3.6320458087803188E+14 Error:  1.33503E+04 (-1.2E-16)
MOM Day       8.000   2304: En 2.875018E-05, MaxCFL  0.09381, Mass 1.352367187683E+16, Salt  34.18695138043, Temp  -2.00002646068
    Total Energy: 4256A1B1055CDEB4  3.8880805413147974E+11
    Total Mass:   1.3523671876834258E+16, Change:   1.0766273885847969E+09 Error:  3.29741E-01 ( 2.4E-17)
    Total Salt:   4.6233311293823925E+14, Change:   2.6507917873379347E+08 Error:  2.65079E+08 ( 5.7E-07)
    Total Heat:  -1.0748756615531971E+20, Change:  -3.6590753324495094E+14 Error:  1.33781E+04 (-1.2E-16)
MOM Day      10.000   2880: En 2.634959E-05, MaxCFL  0.09590, Mass 1.352367295360E+16, Salt  34.18696725926, Temp  -2.00003311162
    Total Energy: 4254BDEDA60F7929  3.5634325714989313E+11
    Total Mass:   1.3523672953596002E+16, Change:   1.0767617423102913E+09 Error:  3.80891E-01 ( 2.8E-17)
    Total Salt:   4.6233336448955219E+14, Change:   2.5155131295107138E+08 Error:  2.51551E+08 ( 5.4E-07)
    Total Heat:  -1.0748793215550235E+20, Change:  -3.6600018263690312E+14 Error:  4.57649E+03 (-4.3E-17)
MOM Day      12.000   3456: En 2.291684E-05, MaxCFL  0.07817, Mass 1.352367402749E+16, Salt  34.18698284329, Temp  -2.00003974609
    Total Energy: 42520A2A9A15C657  3.0991990178309906E+11
    Total Mass:   1.3523674027492154E+16, Change:   1.0738961516807044E+09 Error:  3.67682E-01 ( 2.7E-17)
    Total Salt:   4.6233361195612988E+14, Change:   2.4746657764237410E+08 Error:  2.47467E+08 ( 5.4E-07)
    Total Heat:  -1.0748829724770235E+20, Change:  -3.6509220001094744E+14 Error: -5.13262E+06 ( 4.8E-14)
MOM Day      14.000   4032: En 2.401438E-05, MaxCFL  0.10244, Mass 1.352367509666E+16, Salt  34.18699774156, Temp  -2.00004634674
    Total Energy: 4252E75751A8C5D2  3.2476268304309094E+11
    Total Mass:   1.3523675096660548E+16, Change:   1.0691683887267169E+09 Error:  3.85751E-01 ( 2.9E-17)
    Total Salt:   4.6233384998709494E+14, Change:   2.3803096506510341E+08 Error:  2.38031E+08 ( 5.1E-07)
    Total Heat:  -1.0748866048517171E+20, Change:  -3.6323746935700838E+14 Error: -4.02854E+07 ( 3.7E-13)
MOM Day      16.000   4608: En 2.293342E-05, MaxCFL  0.13194, Mass 1.352367615686E+16, Salt  34.18701474110, Temp  -2.00005289029
    Total Energy: 42520D81D4594600  3.1014409456509375E+11
    Total Mass:   1.3523676156861592E+16, Change:   1.0602010475637056E+09 Error:  3.97364E-01 ( 2.9E-17)
    Total Salt:   4.6233411612849250E+14, Change:   2.6614139758510530E+08 Error:  2.66141E+08 ( 5.8E-07)
    Total Heat:  -1.0748902058252512E+20, Change:  -3.6009735341662538E+14 Error: -1.21832E+08 ( 1.1E-12)
MOM Day      18.000   5184: En 2.004849E-05, MaxCFL  0.06994, Mass 1.352367721531E+16, Salt  34.18703125101, Temp  -2.00005942534
    Total Energy: 424F9048448A3899  2.7112928283644217E+11
    Total Mass:   1.3523677215307226E+16, Change:   1.0584456347307616E+09 Error:  3.70338E-01 ( 2.7E-17)
    Total Salt:   4.6233437558832444E+14, Change:   2.5945983195402038E+08 Error:  2.59460E+08 ( 5.6E-07)
    Total Heat:  -1.0748938020859165E+20, Change:  -3.5962606651723125E+14 Error: -5.23955E+07 ( 4.9E-13)
MOM Day      20.000   5760: En 1.837747E-05, MaxCFL  0.07347, Mass 1.352367826751E+16, Salt  34.18704549544, Temp  -2.00006592556
    Total Energy: 424CEECD36586904  2.4853102097682043E+11
    Total Mass:   1.3523678267514640E+16, Change:   1.0522074134827446E+09 Error:  4.36467E-01 ( 3.2E-17)
    Total Salt:   4.6233460419720456E+14, Change:   2.2860888008334017E+08 Error:  2.28609E+08 ( 4.9E-07)
    Total Heat:  -1.0748973791407091E+20, Change:  -3.5770547925961569E+14 Error: -6.39293E+07 ( 5.9E-13)
MOM Day      22.000   6336: En 2.009197E-05, MaxCFL  0.09073, Mass 1.352367931770E+16, Salt  34.18705741726, Temp  -2.00007241368
    Total Energy: 424FA1CE8161C64F  2.7171730297954929E+11
    Total Mass:   1.3523679317703168E+16, Change:   1.0501885261142018E+09 Error:  5.29731E-01 ( 3.9E-17)
    Total Salt:   4.6233480132696206E+14, Change:   1.9712975754477257E+08 Error:  1.97130E+08 ( 4.3E-07)
    Total Heat:  -1.0749009495278151E+20, Change:  -3.5703871061267225E+14 Error:  1.33497E+07 (-1.2E-13)
MOM Day      24.000   6912: En 1.947126E-05, MaxCFL  0.08509, Mass 1.352368036040E+16, Salt  34.18706554864, Temp  -2.00007885555
    Total Energy: 424EA7A3D6E62AFE  2.6332310266833588E+11
    Total Mass:   1.3523680360399448E+16, Change:   1.0426962834344511E+09 Error:  4.14163E-01 ( 3.1E-17)
    Total Salt:   4.6233494693977262E+14, Change:   1.4561281053983906E+08 Error:  1.45613E+08 ( 3.1E-07)
    Total Heat:  -1.0749044944641999E+20, Change:  -3.5449363847428744E+14 Error:  8.06928E+07 (-7.5E-13)
MOM Day      26.000   7488: En 1.711912E-05, MaxCFL  0.07488, Mass 1.352368140057E+16, Salt  34.18707243881, Temp  -2.00008528133
    Total Energy: 424AF3A3ADEB173F  2.3151348015018161E+11
    Total Mass:   1.3523681400573888E+16, Change:   1.0401744361052268E+09 Error:  4.12012E-01 ( 3.0E-17)
    Total Salt:   4.6233507568074069E+14, Change:   1.2874096806016432E+08 Error:  1.28741E+08 ( 2.8E-07)
    Total Heat:  -1.0749080305564778E+20, Change:  -3.5360922778750850E+14 Error: -4.98969E+07 ( 4.6E-13)
MOM Day      28.000   8064: En 1.865889E-05, MaxCFL  0.09568, Mass 1.352368243601E+16, Salt  34.18708188505, Temp  -2.00009167878
    Total Energy: 424D603A1BD90A27  2.5233694507407932E+11
    Total Mass:   1.3523682436009574E+16, Change:   1.0354356884389744E+09 Error:  3.18700E-01 ( 2.4E-17)
    Total Salt:   4.6233523882733350E+14, Change:   1.6314659285987443E+08 Error:  1.63147E+08 ( 3.5E-07)
    Total Heat:  -1.0749115510431012E+20, Change:  -3.5204866234229206E+14 Error: -3.84460E+08 ( 3.6E-12)
MOM Day      30.000   8640: En 2.063978E-05, MaxCFL  0.08881, Mass 1.352368346485E+16, Salt  34.18708656066, Temp  -2.00009803616
    Total Energy: 42503F4C79F7453C  2.7912581321308179E+11
    Total Mass:   1.3523683464846432E+16, Change:   1.0288368568994544E+09 Error:  4.52523E-01 ( 3.3E-17)
    Total Salt:   4.6233533723170262E+14, Change:   9.8404369028699294E+07 Error:  9.84044E+07 ( 2.1E-07)
    Total Heat:  -1.0749150494726395E+20, Change:  -3.4984295382302956E+14 Error: -5.10457E+08 ( 4.7E-12)
NOTE from PE     0: MPP_IO_SET_STACK_SIZE: stack size set to     761560.
NOTE from PE     0: MPP_IO_SET_STACK_SIZE: stack size set to     777360.
MOM Day      32.000   9216: En 1.716851E-05, MaxCFL  0.09722, Mass 1.352368448946E+16, Salt  34.18709107028, Temp  -2.00010436642
    Total Energy: 424B078CA0540336  2.3218154717602509E+11
    Total Mass:   1.3523684489455692E+16, Change:   1.0246092615279235E+09 Error:  3.76457E-01 ( 2.8E-17)
    Total Salt:   4.6233543324676488E+14, Change:   9.6015062315545917E+07 Error:  9.60151E+07 ( 2.1E-07)
    Total Heat:  -1.0749185329971192E+20, Change:  -3.4835244797934062E+14 Error: -5.17588E+08 ( 4.8E-12)
MOM Day      34.000   9792: En 1.827441E-05, MaxCFL  0.08963, Mass 1.352368550798E+16, Salt  34.18709365348, Temp  -2.00011066064
    Total Energy: 424CC544D60531B8  2.4713741415438843E+11
    Total Mass:   1.3523685507976522E+16, Change:   1.0185208311749494E+09 Error:  4.60873E-01 ( 3.4E-17)
    Total Salt:   4.6233550300141044E+14, Change:   6.9754645544880986E+07 Error:  6.97546E+07 ( 1.5E-07)
    Total Heat:  -1.0749219966615142E+20, Change:  -3.4636643950496225E+14 Error: -5.41004E+08 ( 5.0E-12)
MOM Day      36.000  10368: En 1.629795E-05, MaxCFL  0.07753, Mass 1.352368652094E+16, Salt  34.18709954212, Temp  -2.00011692008
    Total Energy: 4249A8AE75C910B8  2.2040837621013062E+11
    Total Mass:   1.3523686520943686E+16, Change:   1.0129671621719867E+09 Error:  3.65343E-01 ( 2.7E-17)
    Total Salt:   4.6233561726795906E+14, Change:   1.1426654864485021E+08 Error:  1.14267E+08 ( 2.5E-07)
    Total Heat:  -1.0749254411947100E+20, Change:  -3.4445331957718725E+14 Error: -6.04879E+08 ( 5.6E-12)
