
WARNING from PE     0: MOM_file_parser : ICE_SHELF over-ridden.  Line: 'ICE_SHELF = False' in file MOM_override.


WARNING from PE     0: diag_manager_mod::diag_manager_init: DIAG_MANAGER_NML not found in input.nml.  Using defaults.


WARNING from PE     0: MOM_file_parser : TOPO_CONFIG over-ridden.  Line: 'TOPO_CONFIG = "flat"' in file MOM_override.


WARNING from PE     0: MOM_file_parser : MAXIMUM_DEPTH over-ridden.  Line: 'MAXIMUM_DEPTH = 720.0' in file MOM_override.


WARNING from PE     0: MOM_file_parser : MINIMUM_DEPTH over-ridden.  Line: 'MINIMUM_DEPTH = 0.0' in file MOM_override.


WARNING from PE     0: MOM_file_parser : TS_CONFIG over-ridden.  Line: 'TS_CONFIG = "ISOMIP"' in file MOM_override.


WARNING from PE     0: Unused line in MOM_input : SHELF_THREE_EQN = False


WARNING from PE     0: Unused line in MOM_input : SHELF_2EQ_GAMMA_T = 1.0E-04


WARNING from PE     0: Unused line in MOM_input : ICE_SHELF_FLUX_FACTOR = 0.0


WARNING from PE     0: Unused line in MOM_input : ICE_SHELF_TEMPERATURE = -20.0


WARNING from PE     0: Unused line in MOM_input : COL_THICK_MELT_THRESHOLD = 1.0


WARNING from PE     0: Unused line in MOM_input : USTAR_SHELF_BG = 0.001


WARNING from PE     0: Unused line in MOM_input : CDRAG_SHELF = 0.0025


WARNING from PE     0: Unused line in MOM_input : ICE_PROFILE_CONFIG = "FILE"


WARNING from PE     0: Unused line in MOM_input : ICE_THICKNESS_FILE = "Ocean1_3D.nc"


WARNING from PE     0: Unused line in MOM_input : ICE_THICKNESS_VARNAME = "thick"


WARNING from PE     0: Unused line in MOM_input : ICE_AREA_VARNAME = "area"


WARNING from PE     0: Unused line in MOM_input : T_REF = -1.9


WARNING from PE     0: Unused line in MOM_input : FIT_SALINITY = True


WARNING from PE     0: Unused line in MOM_input : KVML = 0.0


WARNING from PE     0: Unused line in MOM_override : #override HMIXED_FIXED = 20.0


WARNING from PE     2: btstep: eta has dropped below bathyT:  -7.2081217844873277E+02 vs.  -7.2000000000000000E+02 at   4.0700E+02  1.9000E+01     45     11


WARNING from PE     2: btstep: eta has dropped below bathyT:  -7.2172795427388212E+02 vs.  -7.2000000000000000E+02 at   4.0700E+02  1.9000E+01     45     11



WARNING from PE    35: btstep: eta has dropped below bathyT:  -7.2016942974262042E+02 vs.  -7.2000000000000000E+02 at   4.1500E+02  6.1000E+01     49     32


WARNING from PE    35: btstep: eta has dropped below bathyT:  -7.2166803722671375E+02 vs.  -7.2000000000000000E+02 at   4.1500E+02  6.1000E+01     49     32

WARNING from PE     3: btstep: eta has dropped below bathyT:  -7.2043868145773331E+02 vs.  -7.2000000000000000E+02 at   4.2300E+02  2.1000E+01     53     12


WARNING from PE     3: btstep: eta has dropped below bathyT:  -7.2250463695804922E+02 vs.  -7.2000000000000000E+02 at   4.2300E+02  2.1000E+01     53     12


WARNING from PE    35: btstep: eta has dropped below bathyT:  -7.2318916734988954E+02 vs.  -7.2000000000000000E+02 at   4.2700E+02  6.1000E+01     55     32


WARNING from PE    35: btstep: eta has dropped below bathyT:  -7.2189342204139291E+02 vs.  -7.2000000000000000E+02 at   4.2700E+02  6.1000E+01     55     32


WARNING from PE    35: btstep: eta has dropped below bathyT:  -7.2057921957515157E+02 vs.  -7.2000000000000000E+02 at   4.2300E+02  5.9000E+01     53     31


WARNING from PE     3: btstep: eta has dropped below bathyT:  -7.2000155596085767E+02 vs.  -7.2000000000000000E+02 at   4.1500E+02  2.3000E+01     49     13


WARNING from PE     3: btstep: eta has dropped below bathyT:  -7.2002344986342621E+02 vs.  -7.2000000000000000E+02 at   4.2700E+02  2.5000E+01     55     14


WARNING from PE    35: btstep: eta has dropped below bathyT:  -7.2004690510716591E+02 vs.  -7.2000000000000000E+02 at   4.2100E+02  5.7000E+01     52     30


WARNING from PE    35: btstep: eta has dropped below bathyT:  -7.2009605300740179E+02 vs.  -7.2000000000000000E+02 at   4.2100E+02  5.7000E+01     52     30


WARNING from PE     3: btstep: eta has dropped below bathyT:  -7.2068298151937199E+02 vs.  -7.2000000000000000E+02 at   4.2700E+02  2.5000E+01     55     14


WARNING from PE     3: btstep: eta has dropped below bathyT:  -7.2051206045183619E+02 vs.  -7.2000000000000000E+02 at   4.2700E+02  2.5000E+01     55     14


WARNING from PE    35: btstep: eta has dropped below bathyT:  -7.2128659937446389E+02 vs.  -7.2000000000000000E+02 at   4.2100E+02  5.7000E+01     52     30


WARNING from PE    35: btstep: eta has dropped below bathyT:  -7.2111545459689944E+02 vs.  -7.2000000000000000E+02 at   4.2100E+02  5.7000E+01     52     30


WARNING from PE     3: btstep: eta has dropped below bathyT:  -7.2062683286033007E+02 vs.  -7.2000000000000000E+02 at   4.2700E+02  2.5000E+01     55     14


WARNING from PE     3: btstep: eta has dropped below bathyT:  -7.2039739626989331E+02 vs.  -7.2000000000000000E+02 at   4.2700E+02  2.5000E+01     55     14


WARNING from PE    35: btstep: eta has dropped below bathyT:  -7.2134731559096156E+02 vs.  -7.2000000000000000E+02 at   4.2100E+02  5.7000E+01     52     30


WARNING from PE    35: btstep: eta has dropped below bathyT:  -7.2123721737876224E+02 vs.  -7.2000000000000000E+02 at   4.2100E+02  5.7000E+01     52     30

 h<0 at k=           1 h_old=  1.066396501863923E-012 wup=
  0.000000000000000E+000 wdn=  1.136868377216160E-012 dw_dz=
 -1.136868377216160E-012 h_new= -7.047187535223684E-014 h_err=
  2.524354896707238E-028

FATAL from PE     1: MOM_regridding: adjust_interface_motion() - implied h<0 is larger than roundoff!

--------------------------------------------------------------------------
MPI_ABORT was invoked on rank 1 in communicator MPI_COMM_WORLD
with errorcode 1.

NOTE: invoking MPI_ABORT causes Open MPI to kill all MPI processes.
You may or may not see output from other processes, depending on
exactly when Open MPI kills them.
--------------------------------------------------------------------------
forrtl: error (78): process killed (SIGTERM)
Image              PC                Routine            Line        Source             
MOM6               00000000014D558B  for__signal_handl     Unknown  Unknown
libpthread-2.28.s  000014F72A51FCF0  Unknown               Unknown  Unknown
hmca_bcol_basesmu  000014F708040114  hmca_bcol_basesmu     Unknown  Unknown
libhcoll.so.1.0.1  000014F725A79737  Unknown               Unknown  Unknown
libmpi.so.40.30.2  000014F72AC702DB  mca_coll_hcoll_al     Unknown  Unknown
libmpi.so.40.30.2  000014F72ACD5220  PMPI_Allreduce        Unknown  Unknown
libmpi_mpifh.so    000014F72B0225EB  Unknown               Unknown  Unknown
MOM6               00000000011AD478  Unknown               Unknown  Unknown
MOM6               00000000005BBB71  Unknown               Unknown  Unknown
MOM6               00000000006124A7  Unknown               Unknown  Unknown
MOM6               00000000004A2ADA  Unknown               Unknown  Unknown
MOM6               000000000049B7C4  Unknown               Unknown  Unknown
MOM6               0000000000F5D70E  Unknown               Unknown  Unknown
MOM6               000000000040FDE2  Unknown               Unknown  Unknown
libc-2.28.so       000014F72A181D85  __libc_start_main     Unknown  Unknown
MOM6               000000000040FCEE  Unknown               Unknown  Unknown
forrtl: error (78): process killed (SIGTERM)
Image              PC                Routine            Line        Source             
MOM6               00000000014D558B  for__signal_handl     Unknown  Unknown
libpthread-2.28.s  0000145DCE199CF0  Unknown               Unknown  Unknown
libopen-pal.so.40  0000145DC854AAC2  opal_progress         Unknown  Unknown
libmpi.so.40.30.2  0000145DCE96EA25  ompi_request_defa     Unknown  Unknown
libmpi.so.40.30.2  0000145DCE9229E2  MPI_Wait              Unknown  Unknown
libmpi_mpifh.so    0000145DCECA6B01  Unknown               Unknown  Unknown
MOM6               0000000001199026  Unknown               Unknown  Unknown
MOM6               0000000001324CD8  Unknown               Unknown  Unknown
MOM6               0000000000F8AAA7  Unknown               Unknown  Unknown
MOM6               00000000004AA914  Unknown               Unknown  Unknown
MOM6               000000000049E10B  Unknown               Unknown  Unknown
MOM6               0000000000F5D70E  Unknown               Unknown  Unknown
MOM6               000000000040FDE2  Unknown               Unknown  Unknown
libc-2.28.so       0000145DCDDFBD85  __libc_start_main     Unknown  Unknown
MOM6               000000000040FCEE  Unknown               Unknown  Unknown
forrtl: error (78): process killed (SIGTERM)
Image              PC                Routine            Line        Source             
MOM6               00000000014D558B  for__signal_handl     Unknown  Unknown
libpthread-2.28.s  0000147CD69A8CF0  Unknown               Unknown  Unknown
libuct.so.0.0.0    0000147CD065C214  Unknown               Unknown  Unknown
libucp.so.0.0.0    0000147CD08C5E9A  ucp_worker_progre     Unknown  Unknown
libopen-pal.so.40  0000147CD0D59AE3  opal_progress         Unknown  Unknown
libmpi.so.40.30.2  0000147CD717DA25  ompi_request_defa     Unknown  Unknown
libmpi.so.40.30.2  0000147CD71319E2  MPI_Wait              Unknown  Unknown
libmpi_mpifh.so    0000147CD74B5B01  Unknown               Unknown  Unknown
MOM6               0000000001199026  Unknown               Unknown  Unknown
MOM6               0000000001324CD8  Unknown               Unknown  Unknown
MOM6               0000000000F8AAA7  Unknown               Unknown  Unknown
MOM6               0000000000498517  Unknown               Unknown  Unknown
MOM6               0000000000F5D70E  Unknown               Unknown  Unknown
MOM6               000000000040FDE2  Unknown               Unknown  Unknown
libc-2.28.so       0000147CD660AD85  __libc_start_main     Unknown  Unknown
MOM6               000000000040FCEE  Unknown               Unknown  Unknown
forrtl: error (78): process killed (SIGTERM)
Image              PC                Routine            Line        Source             
MOM6               00000000014D558B  for__signal_handl     Unknown  Unknown
libpthread-2.28.s  000015098B23ACF0  Unknown               Unknown  Unknown
libuct.so.0.0.0    0000150984EEE204  Unknown               Unknown  Unknown
libucp.so.0.0.0    0000150985157E9A  ucp_worker_progre     Unknown  Unknown
libopen-pal.so.40  00001509855EBAE3  opal_progress         Unknown  Unknown
libmpi.so.40.30.2  000015098BA0FA25  ompi_request_defa     Unknown  Unknown
libmpi.so.40.30.2  000015098B9C39E2  MPI_Wait              Unknown  Unknown
libmpi_mpifh.so    000015098BD47B01  Unknown               Unknown  Unknown
MOM6               0000000001199026  Unknown               Unknown  Unknown
MOM6               0000000001324CD8  Unknown               Unknown  Unknown
MOM6               0000000000F8AAA7  Unknown               Unknown  Unknown
MOM6               00000000004AA914  Unknown               Unknown  Unknown
MOM6               000000000049E10B  Unknown               Unknown  Unknown
MOM6               0000000000F5D70E  Unknown               Unknown  Unknown
MOM6               000000000040FDE2  Unknown               Unknown  Unknown
libc-2.28.so       000015098AE9CD85  __libc_start_main     Unknown  Unknown
MOM6               000000000040FCEE  Unknown               Unknown  Unknown
forrtl: error (78): process killed (SIGTERM)
Image              PC                Routine            Line        Source             
MOM6               00000000014D558B  for__signal_handl     Unknown  Unknown
libpthread-2.28.s  000014C7149E6CF0  Unknown               Unknown  Unknown
libhcoll.so.1.0.1  000014C70FF7B768  hcoll_ml_progress     Unknown  Unknown
libopen-pal.so.40  000014C70ED97AE3  opal_progress         Unknown  Unknown
libmpi.so.40.30.2  000014C7151BBA25  ompi_request_defa     Unknown  Unknown
libmpi.so.40.30.2  000014C71516F9E2  MPI_Wait              Unknown  Unknown
libmpi_mpifh.so    000014C7154F3B01  Unknown               Unknown  Unknown
MOM6               0000000001199026  Unknown               Unknown  Unknown
MOM6               0000000001260CE3  Unknown               Unknown  Unknown
MOM6               00000000012556F4  Unknown               Unknown  Unknown
MOM6               0000000000F8A29A  Unknown               Unknown  Unknown
MOM6               00000000004A771F  Unknown               Unknown  Unknown
MOM6               000000000049B7C4  Unknown               Unknown  Unknown
MOM6               0000000000F5D70E  Unknown               Unknown  Unknown
MOM6               000000000040FDE2  Unknown               Unknown  Unknown
libc-2.28.so       000014C714648D85  __libc_start_main     Unknown  Unknown
MOM6               000000000040FCEE  Unknown               Unknown  Unknown
forrtl: error (78): process killed (SIGTERM)
Image              PC                Routine            Line        Source             
MOM6               00000000014D558B  for__signal_handl     Unknown  Unknown
libpthread-2.28.s  0000152EA424BCF0  Unknown               Unknown  Unknown
libopen-pal.so.40  0000152E9E44E8F5  Unknown               Unknown  Unknown
libopen-pal.so.40  0000152E9E5FCA3C  Unknown               Unknown  Unknown
libopen-pal.so.40  0000152E9E5FCB33  opal_progress         Unknown  Unknown
libmpi.so.40.30.2  0000152EA4A20A25  ompi_request_defa     Unknown  Unknown
libmpi.so.40.30.2  0000152EA49D49E2  MPI_Wait              Unknown  Unknown
libmpi_mpifh.so    0000152EA4D58B01  Unknown               Unknown  Unknown
MOM6               0000000001199026  Unknown               Unknown  Unknown
MOM6               0000000001324CD8  Unknown               Unknown  Unknown
MOM6               0000000000F8AAA7  Unknown               Unknown  Unknown
MOM6               00000000005FD574  Unknown               Unknown  Unknown
MOM6               00000000004A2ADA  Unknown               Unknown  Unknown
MOM6               000000000049B7C4  Unknown               Unknown  Unknown
MOM6               0000000000F5D70E  Unknown               Unknown  Unknown
MOM6               000000000040FDE2  Unknown               Unknown  Unknown
libc-2.28.so       0000152EA3EADD85  __libc_start_main     Unknown  Unknown
MOM6               000000000040FCEE  Unknown               Unknown  Unknown
forrtl: error (78): process killed (SIGTERM)
Image              PC                Routine            Line        Source             
MOM6               00000000014D558B  for__signal_handl     Unknown  Unknown
libpthread-2.28.s  0000149928FD8CF0  Unknown               Unknown  Unknown
libucp.so.0.0.0    0000149922EF5E40  ucp_worker_progre     Unknown  Unknown
libopen-pal.so.40  0000149923389AE3  opal_progress         Unknown  Unknown
libmpi.so.40.30.2  00001499297ADA25  ompi_request_defa     Unknown  Unknown
libmpi.so.40.30.2  00001499297619E2  MPI_Wait              Unknown  Unknown
libmpi_mpifh.so    0000149929AE5B01  Unknown               Unknown  Unknown
MOM6               0000000001199026  Unknown               Unknown  Unknown
MOM6               0000000001324CD8  Unknown               Unknown  Unknown
MOM6               0000000000F8AAA7  Unknown               Unknown  Unknown
MOM6               00000000005FD589  Unknown               Unknown  Unknown
MOM6               00000000004A2ADA  Unknown               Unknown  Unknown
MOM6               000000000049B7C4  Unknown               Unknown  Unknown
MOM6               0000000000F5D70E  Unknown               Unknown  Unknown
MOM6               000000000040FDE2  Unknown               Unknown  Unknown
libc-2.28.so       0000149928C3AD85  __libc_start_main     Unknown  Unknown
MOM6               000000000040FCEE  Unknown               Unknown  Unknown
forrtl: error (78): process killed (SIGTERM)
Image              PC                Routine            Line        Source             
MOM6               00000000014D558B  for__signal_handl     Unknown  Unknown
libpthread-2.28.s  0000154897A9ECF0  Unknown               Unknown  Unknown
hmca_bcol_basesmu  00001548751B2119  hmca_bcol_basesmu     Unknown  Unknown
libhcoll.so.1.0.1  0000154892FF8737  Unknown               Unknown  Unknown
libmpi.so.40.30.2  00001548981EF2DB  mca_coll_hcoll_al     Unknown  Unknown
libmpi.so.40.30.2  0000154898254220  PMPI_Allreduce        Unknown  Unknown
libmpi_mpifh.so    00001548985A15EB  Unknown               Unknown  Unknown
MOM6               00000000011AD478  Unknown               Unknown  Unknown
MOM6               00000000005BBB71  Unknown               Unknown  Unknown
MOM6               00000000006124A7  Unknown               Unknown  Unknown
MOM6               00000000004A2ADA  Unknown               Unknown  Unknown
MOM6               000000000049B7C4  Unknown               Unknown  Unknown
MOM6               0000000000F5D70E  Unknown               Unknown  Unknown
MOM6               000000000040FDE2  Unknown               Unknown  Unknown
libc-2.28.so       0000154897700D85  __libc_start_main     Unknown  Unknown
MOM6               000000000040FCEE  Unknown               Unknown  Unknown
forrtl: error (78): process killed (SIGTERM)
Image              PC                Routine            Line        Source             
MOM6               00000000014D558B  for__signal_handl     Unknown  Unknown
libpthread-2.28.s  0000148BA3C2FCF0  Unknown               Unknown  Unknown
hmca_bcol_basesmu  0000148B7991F114  hmca_bcol_basesmu     Unknown  Unknown
libhcoll.so.1.0.1  0000148B9F189737  Unknown               Unknown  Unknown
libmpi.so.40.30.2  0000148BA43802DB  mca_coll_hcoll_al     Unknown  Unknown
libmpi.so.40.30.2  0000148BA43E5220  PMPI_Allreduce        Unknown  Unknown
libmpi_mpifh.so    0000148BA47325EB  Unknown               Unknown  Unknown
MOM6               00000000011AD478  Unknown               Unknown  Unknown
MOM6               00000000005BBB71  Unknown               Unknown  Unknown
MOM6               00000000006124A7  Unknown               Unknown  Unknown
MOM6               00000000004A2ADA  Unknown               Unknown  Unknown
MOM6               000000000049B7C4  Unknown               Unknown  Unknown
MOM6               0000000000F5D70E  Unknown               Unknown  Unknown
MOM6               000000000040FDE2  Unknown               Unknown  Unknown
libc-2.28.so       0000148BA3891D85  __libc_start_main     Unknown  Unknown
MOM6               000000000040FCEE  Unknown               Unknown  Unknown
forrtl: error (78): process killed (SIGTERM)
Image              PC                Routine            Line        Source             
MOM6               00000000014D558B  for__signal_handl     Unknown  Unknown
libpthread-2.28.s  0000148B43C36CF0  Unknown               Unknown  Unknown
hmca_bcol_basesmu  0000148B2134B114  hmca_bcol_basesmu     Unknown  Unknown
libhcoll.so.1.0.1  0000148B3F190737  Unknown               Unknown  Unknown
libmpi.so.40.30.2  0000148B443872DB  mca_coll_hcoll_al     Unknown  Unknown
libmpi.so.40.30.2  0000148B443EC220  PMPI_Allreduce        Unknown  Unknown
libmpi_mpifh.so    0000148B447395EB  Unknown               Unknown  Unknown
MOM6               00000000011AD478  Unknown               Unknown  Unknown
MOM6               00000000005BBB71  Unknown               Unknown  Unknown
MOM6               00000000006124A7  Unknown               Unknown  Unknown
MOM6               00000000004A2ADA  Unknown               Unknown  Unknown
MOM6               000000000049B7C4  Unknown               Unknown  Unknown
MOM6               0000000000F5D70E  Unknown               Unknown  Unknown
MOM6               000000000040FDE2  Unknown               Unknown  Unknown
libc-2.28.so       0000148B43898D85  __libc_start_main     Unknown  Unknown
MOM6               000000000040FCEE  Unknown               Unknown  Unknown
forrtl: error (78): process killed (SIGTERM)
Image              PC                Routine            Line        Source             
MOM6               00000000014D558B  for__signal_handl     Unknown  Unknown
libpthread-2.28.s  0000153218FBECF0  Unknown               Unknown  Unknown
hmca_bcol_basesmu  00001531F40C9119  hmca_bcol_basesmu     Unknown  Unknown
libhcoll.so.1.0.1  0000153214518737  Unknown               Unknown  Unknown
libmpi.so.40.30.2  000015321970F2DB  mca_coll_hcoll_al     Unknown  Unknown
libmpi.so.40.30.2  0000153219774220  PMPI_Allreduce        Unknown  Unknown
libmpi_mpifh.so    0000153219AC15EB  Unknown               Unknown  Unknown
MOM6               00000000011AD478  Unknown               Unknown  Unknown
MOM6               00000000005BBB71  Unknown               Unknown  Unknown
MOM6               00000000006124A7  Unknown               Unknown  Unknown
MOM6               00000000004A2ADA  Unknown               Unknown  Unknown
MOM6               000000000049B7C4  Unknown               Unknown  Unknown
MOM6               0000000000F5D70E  Unknown               Unknown  Unknown
MOM6               000000000040FDE2  Unknown               Unknown  Unknown
libc-2.28.so       0000153218C20D85  __libc_start_main     Unknown  Unknown
MOM6               000000000040FCEE  Unknown               Unknown  Unknown
forrtl: error (78): process killed (SIGTERM)
Image              PC                Routine            Line        Source             
MOM6               00000000014D558B  for__signal_handl     Unknown  Unknown
libpthread-2.28.s  0000146214535CF0  Unknown               Unknown  Unknown
hmca_bcol_basesmu  00001461F1020114  hmca_bcol_basesmu     Unknown  Unknown
libhcoll.so.1.0.1  000014620FA8F737  Unknown               Unknown  Unknown
libmpi.so.40.30.2  0000146214C862DB  mca_coll_hcoll_al     Unknown  Unknown
libmpi.so.40.30.2  0000146214CEB220  PMPI_Allreduce        Unknown  Unknown
libmpi_mpifh.so    00001462150385EB  Unknown               Unknown  Unknown
MOM6               00000000011AD478  Unknown               Unknown  Unknown
MOM6               00000000005BBB71  Unknown               Unknown  Unknown
MOM6               00000000006124A7  Unknown               Unknown  Unknown
MOM6               00000000004A2ADA  Unknown               Unknown  Unknown
MOM6               000000000049B7C4  Unknown               Unknown  Unknown
MOM6               0000000000F5D70E  Unknown               Unknown  Unknown
MOM6               000000000040FDE2  Unknown               Unknown  Unknown
libc-2.28.so       0000146214197D85  __libc_start_main     Unknown  Unknown
MOM6               000000000040FCEE  Unknown               Unknown  Unknown
forrtl: error (78): process killed (SIGTERM)
Image              PC                Routine            Line        Source             
MOM6               00000000014D558B  for__signal_handl     Unknown  Unknown
libpthread-2.28.s  00001497AC213CF0  Unknown               Unknown  Unknown
hmca_bcol_basesmu  0000149789949119  hmca_bcol_basesmu     Unknown  Unknown
libhcoll.so.1.0.1  00001497A776D737  Unknown               Unknown  Unknown
libmpi.so.40.30.2  00001497AC9642DB  mca_coll_hcoll_al     Unknown  Unknown
libmpi.so.40.30.2  00001497AC9C9220  PMPI_Allreduce        Unknown  Unknown
libmpi_mpifh.so    00001497ACD165EB  Unknown               Unknown  Unknown
MOM6               00000000011AD478  Unknown               Unknown  Unknown
MOM6               00000000005BBB71  Unknown               Unknown  Unknown
MOM6               00000000006124A7  Unknown               Unknown  Unknown
MOM6               00000000004A2ADA  Unknown               Unknown  Unknown
MOM6               000000000049B7C4  Unknown               Unknown  Unknown
MOM6               0000000000F5D70E  Unknown               Unknown  Unknown
MOM6               000000000040FDE2  Unknown               Unknown  Unknown
libc-2.28.so       00001497ABE75D85  __libc_start_main     Unknown  Unknown
MOM6               000000000040FCEE  Unknown               Unknown  Unknown
forrtl: error (78): process killed (SIGTERM)
Image              PC                Routine            Line        Source             
MOM6               00000000014D558B  for__signal_handl     Unknown  Unknown
libpthread-2.28.s  000014E4482E5CF0  Unknown               Unknown  Unknown
hmca_bcol_basesmu  000014E425604119  hmca_bcol_basesmu     Unknown  Unknown
libhcoll.so.1.0.1  000014E44383F737  Unknown               Unknown  Unknown
libmpi.so.40.30.2  000014E448A362DB  mca_coll_hcoll_al     Unknown  Unknown
libmpi.so.40.30.2  000014E448A9B220  PMPI_Allreduce        Unknown  Unknown
libmpi_mpifh.so    000014E448DE85EB  Unknown               Unknown  Unknown
MOM6               00000000011AD478  Unknown               Unknown  Unknown
MOM6               00000000005BBB71  Unknown               Unknown  Unknown
MOM6               00000000006124A7  Unknown               Unknown  Unknown
MOM6               00000000004A2ADA  Unknown               Unknown  Unknown
MOM6               000000000049B7C4  Unknown               Unknown  Unknown
MOM6               0000000000F5D70E  Unknown               Unknown  Unknown
MOM6               000000000040FDE2  Unknown               Unknown  Unknown
libc-2.28.so       000014E447F47D85  __libc_start_main     Unknown  Unknown
MOM6               000000000040FCEE  Unknown               Unknown  Unknown
forrtl: error (78): process killed (SIGTERM)
Image              PC                Routine            Line        Source             
MOM6               00000000014D558B  for__signal_handl     Unknown  Unknown
libpthread-2.28.s  000014DD5FAFBCF0  Unknown               Unknown  Unknown
hmca_bcol_basesmu  000014DD3C0A4114  hmca_bcol_basesmu     Unknown  Unknown
libhcoll.so.1.0.1  000014DD5B055737  Unknown               Unknown  Unknown
libmpi.so.40.30.2  000014DD6024C2DB  mca_coll_hcoll_al     Unknown  Unknown
libmpi.so.40.30.2  000014DD602B1220  PMPI_Allreduce        Unknown  Unknown
libmpi_mpifh.so    000014DD605FE5EB  Unknown               Unknown  Unknown
MOM6               00000000011AD478  Unknown               Unknown  Unknown
MOM6               00000000005BBB71  Unknown               Unknown  Unknown
MOM6               00000000006124A7  Unknown               Unknown  Unknown
MOM6               00000000004A2ADA  Unknown               Unknown  Unknown
MOM6               000000000049B7C4  Unknown               Unknown  Unknown
MOM6               0000000000F5D70E  Unknown               Unknown  Unknown
MOM6               000000000040FDE2  Unknown               Unknown  Unknown
libc-2.28.so       000014DD5F75DD85  __libc_start_main     Unknown  Unknown
MOM6               000000000040FCEE  Unknown               Unknown  Unknown
forrtl: error (78): process killed (SIGTERM)
Image              PC                Routine            Line        Source             
MOM6               00000000014D558B  for__signal_handl     Unknown  Unknown
libpthread-2.28.s  0000150DBD7F8CF0  Unknown               Unknown  Unknown
hmca_bcol_basesmu  0000150D9AB15114  hmca_bcol_basesmu     Unknown  Unknown
libhcoll.so.1.0.1  0000150DB8D52737  Unknown               Unknown  Unknown
libmpi.so.40.30.2  0000150DBDF492DB  mca_coll_hcoll_al     Unknown  Unknown
libmpi.so.40.30.2  0000150DBDFAE220  PMPI_Allreduce        Unknown  Unknown
libmpi_mpifh.so    0000150DBE2FB5EB  Unknown               Unknown  Unknown
MOM6               00000000011AD478  Unknown               Unknown  Unknown
MOM6               00000000005BBB71  Unknown               Unknown  Unknown
MOM6               00000000006124A7  Unknown               Unknown  Unknown
MOM6               00000000004A2ADA  Unknown               Unknown  Unknown
MOM6               000000000049B7C4  Unknown               Unknown  Unknown
MOM6               0000000000F5D70E  Unknown               Unknown  Unknown
MOM6               000000000040FDE2  Unknown               Unknown  Unknown
libc-2.28.so       0000150DBD45AD85  __libc_start_main     Unknown  Unknown
MOM6               000000000040FCEE  Unknown               Unknown  Unknown
forrtl: error (78): process killed (SIGTERM)
Image              PC                Routine            Line        Source             
MOM6               00000000014D558B  for__signal_handl     Unknown  Unknown
libpthread-2.28.s  0000145FC0857CF0  Unknown               Unknown  Unknown
libuct.so.0.0.0    0000145FBA50B350  Unknown               Unknown  Unknown
libucp.so.0.0.0    0000145FBA774E9A  ucp_worker_progre     Unknown  Unknown
libopen-pal.so.40  0000145FBAC08AE3  opal_progress         Unknown  Unknown
libmpi.so.40.30.2  0000145FC102CA25  ompi_request_defa     Unknown  Unknown
libmpi.so.40.30.2  0000145FC0FE09E2  MPI_Wait              Unknown  Unknown
libmpi_mpifh.so    0000145FC1364B01  Unknown               Unknown  Unknown
MOM6               0000000001199026  Unknown               Unknown  Unknown
MOM6               0000000001324CD8  Unknown               Unknown  Unknown
MOM6               0000000000F8AAA7  Unknown               Unknown  Unknown
MOM6               00000000004AA914  Unknown               Unknown  Unknown
MOM6               000000000049E10B  Unknown               Unknown  Unknown
MOM6               0000000000F5D70E  Unknown               Unknown  Unknown
MOM6               000000000040FDE2  Unknown               Unknown  Unknown
libc-2.28.so       0000145FC04B9D85  __libc_start_main     Unknown  Unknown
MOM6               000000000040FCEE  Unknown               Unknown  Unknown
forrtl: error (78): process killed (SIGTERM)
Image              PC                Routine            Line        Source             
MOM6               00000000014D558B  for__signal_handl     Unknown  Unknown
libpthread-2.28.s  000014D07AA27CF0  Unknown               Unknown  Unknown
libucp.so.0.0.0    000014D074944E98  ucp_worker_progre     Unknown  Unknown
libopen-pal.so.40  000014D074DD8AE3  opal_progress         Unknown  Unknown
libmpi.so.40.30.2  000014D07B1FCA25  ompi_request_defa     Unknown  Unknown
libmpi.so.40.30.2  000014D07B1B09E2  MPI_Wait              Unknown  Unknown
libmpi_mpifh.so    000014D07B534B01  Unknown               Unknown  Unknown
MOM6               0000000001199026  Unknown               Unknown  Unknown
MOM6               0000000001324CD8  Unknown               Unknown  Unknown
MOM6               0000000000F8AAA7  Unknown               Unknown  Unknown
MOM6               00000000004AA914  Unknown               Unknown  Unknown
MOM6               000000000049E10B  Unknown               Unknown  Unknown
MOM6               0000000000F5D70E  Unknown               Unknown  Unknown
MOM6               000000000040FDE2  Unknown               Unknown  Unknown
libc-2.28.so       000014D07A689D85  __libc_start_main     Unknown  Unknown
MOM6               000000000040FCEE  Unknown               Unknown  Unknown
forrtl: error (78): process killed (SIGTERM)
Image              PC                Routine            Line        Source             
MOM6               00000000014D558B  for__signal_handl     Unknown  Unknown
libpthread-2.28.s  00001541C32E0CF0  Unknown               Unknown  Unknown
libuct_ib.so.0.0.  00001541AADF7A44  Unknown               Unknown  Unknown
libucp.so.0.0.0    00001541BD1FDE9A  ucp_worker_progre     Unknown  Unknown
libopen-pal.so.40  00001541BD691AE3  opal_progress         Unknown  Unknown
libmpi.so.40.30.2  00001541C3AB5A25  ompi_request_defa     Unknown  Unknown
libmpi.so.40.30.2  00001541C3A699E2  MPI_Wait              Unknown  Unknown
libmpi_mpifh.so    00001541C3DEDB01  Unknown               Unknown  Unknown
MOM6               0000000001199026  Unknown               Unknown  Unknown
MOM6               0000000001324CD8  Unknown               Unknown  Unknown
MOM6               0000000000F8AAA7  Unknown               Unknown  Unknown
MOM6               00000000004AA914  Unknown               Unknown  Unknown
MOM6               000000000049E10B  Unknown               Unknown  Unknown
MOM6               0000000000F5D70E  Unknown               Unknown  Unknown
MOM6               000000000040FDE2  Unknown               Unknown  Unknown
libc-2.28.so       00001541C2F42D85  __libc_start_main     Unknown  Unknown
MOM6               000000000040FCEE  Unknown               Unknown  Unknown
forrtl: error (78): process killed (SIGTERM)
Image              PC                Routine            Line        Source             
MOM6               00000000014D558B  for__signal_handl     Unknown  Unknown
libpthread-2.28.s  00001524ABDC1CF0  Unknown               Unknown  Unknown
libopen-pal.so.40  00001524A5FC48F5  Unknown               Unknown  Unknown
libopen-pal.so.40  00001524A6172A3C  Unknown               Unknown  Unknown
libopen-pal.so.40  00001524A6172B33  opal_progress         Unknown  Unknown
libmpi.so.40.30.2  00001524AC596A25  ompi_request_defa     Unknown  Unknown
libmpi.so.40.30.2  00001524AC54A9E2  MPI_Wait              Unknown  Unknown
libmpi_mpifh.so    00001524AC8CEB01  Unknown               Unknown  Unknown
MOM6               0000000001199026  Unknown               Unknown  Unknown
MOM6               0000000001324CD8  Unknown               Unknown  Unknown
MOM6               0000000000F8AAA7  Unknown               Unknown  Unknown
MOM6               0000000000498517  Unknown               Unknown  Unknown
MOM6               0000000000F5D70E  Unknown               Unknown  Unknown
MOM6               000000000040FDE2  Unknown               Unknown  Unknown
libc-2.28.so       00001524ABA23D85  __libc_start_main     Unknown  Unknown
MOM6               000000000040FCEE  Unknown               Unknown  Unknown
forrtl: error (78): process killed (SIGTERM)
Image              PC                Routine            Line        Source             
MOM6               00000000014D558B  for__signal_handl     Unknown  Unknown
libpthread-2.28.s  000014D68A533CF0  Unknown               Unknown  Unknown
libuct.so.0.0.0    000014D6841E738A  Unknown               Unknown  Unknown
libucp.so.0.0.0    000014D684450E9A  ucp_worker_progre     Unknown  Unknown
libopen-pal.so.40  000014D6848E4AE3  opal_progress         Unknown  Unknown
libmpi.so.40.30.2  000014D68AD08A25  ompi_request_defa     Unknown  Unknown
libmpi.so.40.30.2  000014D68ACBC9E2  MPI_Wait              Unknown  Unknown
libmpi_mpifh.so    000014D68B040B01  Unknown               Unknown  Unknown
MOM6               0000000001199026  Unknown               Unknown  Unknown
MOM6               0000000001260CE3  Unknown               Unknown  Unknown
MOM6               00000000012556F4  Unknown               Unknown  Unknown
MOM6               0000000000F8A29A  Unknown               Unknown  Unknown
MOM6               00000000004A771F  Unknown               Unknown  Unknown
MOM6               000000000049B7C4  Unknown               Unknown  Unknown
MOM6               0000000000F5D70E  Unknown               Unknown  Unknown
MOM6               000000000040FDE2  Unknown               Unknown  Unknown
libc-2.28.so       000014D68A195D85  __libc_start_main     Unknown  Unknown
MOM6               000000000040FCEE  Unknown               Unknown  Unknown
forrtl: error (78): process killed (SIGTERM)
Image              PC                Routine            Line        Source             
MOM6               00000000014D558B  for__signal_handl     Unknown  Unknown
libpthread-2.28.s  0000146ED1547CF0  Unknown               Unknown  Unknown
libucp.so.0.0.0    0000146ECB464EC2  ucp_worker_progre     Unknown  Unknown
libopen-pal.so.40  0000146ECB8F8AE3  opal_progress         Unknown  Unknown
libmpi.so.40.30.2  0000146ED1D1CA25  ompi_request_defa     Unknown  Unknown
libmpi.so.40.30.2  0000146ED1CD09E2  MPI_Wait              Unknown  Unknown
libmpi_mpifh.so    0000146ED2054B01  Unknown               Unknown  Unknown
MOM6               0000000001199026  Unknown               Unknown  Unknown
MOM6               0000000001324CD8  Unknown               Unknown  Unknown
MOM6               0000000000F8AAA7  Unknown               Unknown  Unknown
MOM6               00000000005FD574  Unknown               Unknown  Unknown
MOM6               00000000004A2ADA  Unknown               Unknown  Unknown
MOM6               000000000049B7C4  Unknown               Unknown  Unknown
MOM6               0000000000F5D70E  Unknown               Unknown  Unknown
MOM6               000000000040FDE2  Unknown               Unknown  Unknown
libc-2.28.so       0000146ED11A9D85  __libc_start_main     Unknown  Unknown
MOM6               000000000040FCEE  Unknown               Unknown  Unknown
forrtl: error (78): process killed (SIGTERM)
Image              PC                Routine            Line        Source             
MOM6               00000000014D558B  for__signal_handl     Unknown  Unknown
libpthread-2.28.s  000014C3C81BACF0  Unknown               Unknown  Unknown
libucp.so.0.0.0    000014C3C20D7E87  ucp_worker_progre     Unknown  Unknown
libopen-pal.so.40  000014C3C256BAE3  opal_progress         Unknown  Unknown
libmpi.so.40.30.2  000014C3C898FA25  ompi_request_defa     Unknown  Unknown
libmpi.so.40.30.2  000014C3C89439E2  MPI_Wait              Unknown  Unknown
libmpi_mpifh.so    000014C3C8CC7B01  Unknown               Unknown  Unknown
MOM6               0000000001199026  Unknown               Unknown  Unknown
MOM6               0000000001324CD8  Unknown               Unknown  Unknown
MOM6               0000000000F8AAA7  Unknown               Unknown  Unknown
MOM6               00000000005FD589  Unknown               Unknown  Unknown
MOM6               00000000004A2ADA  Unknown               Unknown  Unknown
MOM6               000000000049B7C4  Unknown               Unknown  Unknown
MOM6               0000000000F5D70E  Unknown               Unknown  Unknown
MOM6               000000000040FDE2  Unknown               Unknown  Unknown
libc-2.28.so       000014C3C7E1CD85  __libc_start_main     Unknown  Unknown
MOM6               000000000040FCEE  Unknown               Unknown  Unknown
forrtl: error (78): process killed (SIGTERM)
Image              PC                Routine            Line        Source             
MOM6               00000000014D558B  for__signal_handl     Unknown  Unknown
libpthread-2.28.s  000014A83E3A5CF0  Unknown               Unknown  Unknown
hmca_bcol_basesmu  000014A8175CE114  hmca_bcol_basesmu     Unknown  Unknown
libhcoll.so.1.0.1  000014A8398FF737  Unknown               Unknown  Unknown
libmpi.so.40.30.2  000014A83EAF62DB  mca_coll_hcoll_al     Unknown  Unknown
libmpi.so.40.30.2  000014A83EB5B220  PMPI_Allreduce        Unknown  Unknown
libmpi_mpifh.so    000014A83EEA85EB  Unknown               Unknown  Unknown
MOM6               00000000011AD478  Unknown               Unknown  Unknown
MOM6               00000000005BBB71  Unknown               Unknown  Unknown
MOM6               00000000006124A7  Unknown               Unknown  Unknown
MOM6               00000000004A2ADA  Unknown               Unknown  Unknown
MOM6               000000000049B7C4  Unknown               Unknown  Unknown
MOM6               0000000000F5D70E  Unknown               Unknown  Unknown
MOM6               000000000040FDE2  Unknown               Unknown  Unknown
libc-2.28.so       000014A83E007D85  __libc_start_main     Unknown  Unknown
MOM6               000000000040FCEE  Unknown               Unknown  Unknown
forrtl: error (78): process killed (SIGTERM)
Image              PC                Routine            Line        Source             
MOM6               00000000014D558B  for__signal_handl     Unknown  Unknown
libpthread-2.28.s  0000153E41B4BCF0  Unknown               Unknown  Unknown
hmca_bcol_basesmu  0000153E1EA3D9C8  hmca_bcol_basesmu     Unknown  Unknown
libhcoll.so.1.0.1  0000153E3D0A5737  Unknown               Unknown  Unknown
libmpi.so.40.30.2  0000153E4229C2DB  mca_coll_hcoll_al     Unknown  Unknown
libmpi.so.40.30.2  0000153E42301220  PMPI_Allreduce        Unknown  Unknown
libmpi_mpifh.so    0000153E4264E5EB  Unknown               Unknown  Unknown
MOM6               00000000011AD478  Unknown               Unknown  Unknown
MOM6               00000000005BBB71  Unknown               Unknown  Unknown
MOM6               00000000006124A7  Unknown               Unknown  Unknown
MOM6               00000000004A2ADA  Unknown               Unknown  Unknown
MOM6               000000000049B7C4  Unknown               Unknown  Unknown
MOM6               0000000000F5D70E  Unknown               Unknown  Unknown
MOM6               000000000040FDE2  Unknown               Unknown  Unknown
libc-2.28.so       0000153E417ADD85  __libc_start_main     Unknown  Unknown
MOM6               000000000040FCEE  Unknown               Unknown  Unknown
forrtl: error (78): process killed (SIGTERM)
Image              PC                Routine            Line        Source             
MOM6               00000000014D558B  for__signal_handl     Unknown  Unknown
libpthread-2.28.s  000014F3FA72FCF0  Unknown               Unknown  Unknown
hmca_bcol_basesmu  000014F3D7218119  hmca_bcol_basesmu     Unknown  Unknown
libhcoll.so.1.0.1  000014F3F5C89737  Unknown               Unknown  Unknown
libmpi.so.40.30.2  000014F3FAE802DB  mca_coll_hcoll_al     Unknown  Unknown
libmpi.so.40.30.2  000014F3FAEE5220  PMPI_Allreduce        Unknown  Unknown
libmpi_mpifh.so    000014F3FB2325EB  Unknown               Unknown  Unknown
MOM6               00000000011AD478  Unknown               Unknown  Unknown
MOM6               00000000005BBB71  Unknown               Unknown  Unknown
MOM6               00000000006124A7  Unknown               Unknown  Unknown
MOM6               00000000004A2ADA  Unknown               Unknown  Unknown
MOM6               000000000049B7C4  Unknown               Unknown  Unknown
MOM6               0000000000F5D70E  Unknown               Unknown  Unknown
MOM6               000000000040FDE2  Unknown               Unknown  Unknown
libc-2.28.so       000014F3FA391D85  __libc_start_main     Unknown  Unknown
MOM6               000000000040FCEE  Unknown               Unknown  Unknown
forrtl: error (78): process killed (SIGTERM)
Image              PC                Routine            Line        Source             
MOM6               00000000014D558B  for__signal_handl     Unknown  Unknown
libpthread-2.28.s  000015155F6A4CF0  Unknown               Unknown  Unknown
hmca_bcol_basesmu  000015153CDD6114  hmca_bcol_basesmu     Unknown  Unknown
libhcoll.so.1.0.1  000015155ABFE737  Unknown               Unknown  Unknown
libmpi.so.40.30.2  000015155FDF52DB  mca_coll_hcoll_al     Unknown  Unknown
libmpi.so.40.30.2  000015155FE5A220  PMPI_Allreduce        Unknown  Unknown
libmpi_mpifh.so    00001515601A75EB  Unknown               Unknown  Unknown
MOM6               00000000011AD478  Unknown               Unknown  Unknown
MOM6               00000000005BBB71  Unknown               Unknown  Unknown
MOM6               00000000006124A7  Unknown               Unknown  Unknown
MOM6               00000000004A2ADA  Unknown               Unknown  Unknown
MOM6               000000000049B7C4  Unknown               Unknown  Unknown
MOM6               0000000000F5D70E  Unknown               Unknown  Unknown
MOM6               000000000040FDE2  Unknown               Unknown  Unknown
libc-2.28.so       000015155F306D85  __libc_start_main     Unknown  Unknown
MOM6               000000000040FCEE  Unknown               Unknown  Unknown
forrtl: error (78): process killed (SIGTERM)
Image              PC                Routine            Line        Source             
MOM6               00000000014D558B  for__signal_handl     Unknown  Unknown
libpthread-2.28.s  00001527F027ACF0  Unknown               Unknown  Unknown
hmca_bcol_basesmu  00001527CD990114  hmca_bcol_basesmu     Unknown  Unknown
libhcoll.so.1.0.1  00001527EB7D4737  Unknown               Unknown  Unknown
libmpi.so.40.30.2  00001527F09CB2DB  mca_coll_hcoll_al     Unknown  Unknown
libmpi.so.40.30.2  00001527F0A30220  PMPI_Allreduce        Unknown  Unknown
libmpi_mpifh.so    00001527F0D7D5EB  Unknown               Unknown  Unknown
MOM6               00000000011AD478  Unknown               Unknown  Unknown
MOM6               00000000005BBB71  Unknown               Unknown  Unknown
MOM6               00000000006124A7  Unknown               Unknown  Unknown
MOM6               00000000004A2ADA  Unknown               Unknown  Unknown
MOM6               000000000049B7C4  Unknown               Unknown  Unknown
MOM6               0000000000F5D70E  Unknown               Unknown  Unknown
MOM6               000000000040FDE2  Unknown               Unknown  Unknown
libc-2.28.so       00001527EFEDCD85  __libc_start_main     Unknown  Unknown
MOM6               000000000040FCEE  Unknown               Unknown  Unknown
forrtl: error (78): process killed (SIGTERM)
Image              PC                Routine            Line        Source             
MOM6               00000000014D558B  for__signal_handl     Unknown  Unknown
libpthread-2.28.s  000014EC14B56CF0  Unknown               Unknown  Unknown
hmca_bcol_basesmu  000014EBF1A5A119  hmca_bcol_basesmu     Unknown  Unknown
libhcoll.so.1.0.1  000014EC100B0737  Unknown               Unknown  Unknown
libmpi.so.40.30.2  000014EC152A72DB  mca_coll_hcoll_al     Unknown  Unknown
libmpi.so.40.30.2  000014EC1530C220  PMPI_Allreduce        Unknown  Unknown
libmpi_mpifh.so    000014EC156595EB  Unknown               Unknown  Unknown
MOM6               00000000011AD478  Unknown               Unknown  Unknown
MOM6               00000000005BBB71  Unknown               Unknown  Unknown
MOM6               00000000006124A7  Unknown               Unknown  Unknown
MOM6               00000000004A2ADA  Unknown               Unknown  Unknown
MOM6               000000000049B7C4  Unknown               Unknown  Unknown
MOM6               0000000000F5D70E  Unknown               Unknown  Unknown
MOM6               000000000040FDE2  Unknown               Unknown  Unknown
libc-2.28.so       000014EC147B8D85  __libc_start_main     Unknown  Unknown
MOM6               000000000040FCEE  Unknown               Unknown  Unknown
forrtl: error (78): process killed (SIGTERM)
Image              PC                Routine            Line        Source             
MOM6               00000000014D558B  for__signal_handl     Unknown  Unknown
libpthread-2.28.s  0000147414970CF0  Unknown               Unknown  Unknown
hmca_bcol_basesmu  00001473F1C8C114  hmca_bcol_basesmu     Unknown  Unknown
libhcoll.so.1.0.1  000014740FECA737  Unknown               Unknown  Unknown
libmpi.so.40.30.2  00001474150C12DB  mca_coll_hcoll_al     Unknown  Unknown
libmpi.so.40.30.2  0000147415126220  PMPI_Allreduce        Unknown  Unknown
libmpi_mpifh.so    00001474154735EB  Unknown               Unknown  Unknown
MOM6               00000000011AD478  Unknown               Unknown  Unknown
MOM6               00000000005BBB71  Unknown               Unknown  Unknown
MOM6               00000000006124A7  Unknown               Unknown  Unknown
MOM6               00000000004A2ADA  Unknown               Unknown  Unknown
MOM6               000000000049B7C4  Unknown               Unknown  Unknown
MOM6               0000000000F5D70E  Unknown               Unknown  Unknown
MOM6               000000000040FDE2  Unknown               Unknown  Unknown
libc-2.28.so       00001474145D2D85  __libc_start_main     Unknown  Unknown
MOM6               000000000040FCEE  Unknown               Unknown  Unknown
forrtl: error (78): process killed (SIGTERM)
Image              PC                Routine            Line        Source             
MOM6               00000000014D558B  for__signal_handl     Unknown  Unknown
libpthread-2.28.s  00001554E21D7CF0  Unknown               Unknown  Unknown
hmca_bcol_basesmu  00001554BB8ED114  hmca_bcol_basesmu     Unknown  Unknown
libhcoll.so.1.0.1  00001554DD731737  Unknown               Unknown  Unknown
libmpi.so.40.30.2  00001554E29282DB  mca_coll_hcoll_al     Unknown  Unknown
libmpi.so.40.30.2  00001554E298D220  PMPI_Allreduce        Unknown  Unknown
libmpi_mpifh.so    00001554E2CDA5EB  Unknown               Unknown  Unknown
MOM6               00000000011AD478  Unknown               Unknown  Unknown
MOM6               00000000005BBB71  Unknown               Unknown  Unknown
MOM6               00000000006124A7  Unknown               Unknown  Unknown
MOM6               00000000004A2ADA  Unknown               Unknown  Unknown
MOM6               000000000049B7C4  Unknown               Unknown  Unknown
MOM6               0000000000F5D70E  Unknown               Unknown  Unknown
MOM6               000000000040FDE2  Unknown               Unknown  Unknown
libc-2.28.so       00001554E1E39D85  __libc_start_main     Unknown  Unknown
MOM6               000000000040FCEE  Unknown               Unknown  Unknown
forrtl: error (78): process killed (SIGTERM)
Image              PC                Routine            Line        Source             
MOM6               00000000014D558B  for__signal_handl     Unknown  Unknown
libpthread-2.28.s  000014D118086CF0  Unknown               Unknown  Unknown
hmca_bcol_basesmu  000014D0F579D119  hmca_bcol_basesmu     Unknown  Unknown
libhcoll.so.1.0.1  000014D1135E0737  Unknown               Unknown  Unknown
libmpi.so.40.30.2  000014D1187D72DB  mca_coll_hcoll_al     Unknown  Unknown
libmpi.so.40.30.2  000014D11883C220  PMPI_Allreduce        Unknown  Unknown
libmpi_mpifh.so    000014D118B895EB  Unknown               Unknown  Unknown
MOM6               00000000011AD478  Unknown               Unknown  Unknown
MOM6               00000000005BBB71  Unknown               Unknown  Unknown
MOM6               00000000006124A7  Unknown               Unknown  Unknown
MOM6               00000000004A2ADA  Unknown               Unknown  Unknown
MOM6               000000000049B7C4  Unknown               Unknown  Unknown
MOM6               0000000000F5D70E  Unknown               Unknown  Unknown
MOM6               000000000040FDE2  Unknown               Unknown  Unknown
libc-2.28.so       000014D117CE8D85  __libc_start_main     Unknown  Unknown
MOM6               000000000040FCEE  Unknown               Unknown  Unknown
forrtl: error (78): process killed (SIGTERM)
Image              PC                Routine            Line        Source             
MOM6               00000000014D558B  for__signal_handl     Unknown  Unknown
libpthread-2.28.s  00001549E4009CF0  Unknown               Unknown  Unknown
libmpi.so.40.30.2  00001549E4644300  mca_pml_ucx_progr     Unknown  Unknown
libopen-pal.so.40  00001549DE3BAAE3  opal_progress         Unknown  Unknown
libmpi.so.40.30.2  00001549E47DEA25  ompi_request_defa     Unknown  Unknown
libmpi.so.40.30.2  00001549E47929E2  MPI_Wait              Unknown  Unknown
libmpi_mpifh.so    00001549E4B16B01  Unknown               Unknown  Unknown
MOM6               0000000001199026  Unknown               Unknown  Unknown
MOM6               0000000001324CD8  Unknown               Unknown  Unknown
MOM6               0000000000F8AAA7  Unknown               Unknown  Unknown
MOM6               0000000000498517  Unknown               Unknown  Unknown
MOM6               0000000000F5D70E  Unknown               Unknown  Unknown
MOM6               000000000040FDE2  Unknown               Unknown  Unknown
libc-2.28.so       00001549E3C6BD85  __libc_start_main     Unknown  Unknown
MOM6               000000000040FCEE  Unknown               Unknown  Unknown
forrtl: error (78): process killed (SIGTERM)
Image              PC                Routine            Line        Source             
MOM6               00000000014D558B  for__signal_handl     Unknown  Unknown
libpthread-2.28.s  000015217927DCF0  Unknown               Unknown  Unknown
libopen-pal.so.40  00001521734808F0  Unknown               Unknown  Unknown
libopen-pal.so.40  000015217362EA3C  Unknown               Unknown  Unknown
libopen-pal.so.40  000015217362EB33  opal_progress         Unknown  Unknown
libmpi.so.40.30.2  0000152179A52A25  ompi_request_defa     Unknown  Unknown
libmpi.so.40.30.2  0000152179A069E2  MPI_Wait              Unknown  Unknown
libmpi_mpifh.so    0000152179D8AB01  Unknown               Unknown  Unknown
MOM6               0000000001199026  Unknown               Unknown  Unknown
MOM6               0000000001324CD8  Unknown               Unknown  Unknown
MOM6               0000000000F8AAA7  Unknown               Unknown  Unknown
MOM6               0000000000498517  Unknown               Unknown  Unknown
MOM6               0000000000F5D70E  Unknown               Unknown  Unknown
MOM6               000000000040FDE2  Unknown               Unknown  Unknown
libc-2.28.so       0000152178EDFD85  __libc_start_main     Unknown  Unknown
MOM6               000000000040FCEE  Unknown               Unknown  Unknown
forrtl: error (78): process killed (SIGTERM)
Image              PC                Routine            Line        Source             
MOM6               00000000014D558B  for__signal_handl     Unknown  Unknown
libpthread-2.28.s  000014CB410ACCF0  Unknown               Unknown  Unknown
libopen-pal.so.40  000014CB3B45DA06  Unknown               Unknown  Unknown
libopen-pal.so.40  000014CB3B45DB33  opal_progress         Unknown  Unknown
libmpi.so.40.30.2  000014CB41881A25  ompi_request_defa     Unknown  Unknown
libmpi.so.40.30.2  000014CB418359E2  MPI_Wait              Unknown  Unknown
libmpi_mpifh.so    000014CB41BB9B01  Unknown               Unknown  Unknown
MOM6               0000000001199026  Unknown               Unknown  Unknown
MOM6               0000000001324CD8  Unknown               Unknown  Unknown
MOM6               0000000000F8AAA7  Unknown               Unknown  Unknown
MOM6               0000000000498517  Unknown               Unknown  Unknown
MOM6               0000000000F5D70E  Unknown               Unknown  Unknown
MOM6               000000000040FDE2  Unknown               Unknown  Unknown
libc-2.28.so       000014CB40D0ED85  __libc_start_main     Unknown  Unknown
MOM6               000000000040FCEE  Unknown               Unknown  Unknown
forrtl: error (78): process killed (SIGTERM)
Image              PC                Routine            Line        Source             
MOM6               00000000014D558B  for__signal_handl     Unknown  Unknown
libpthread-2.28.s  000014C36532BCF0  Unknown               Unknown  Unknown
libuct_ib.so.0.0.  000014C35113CBE5  Unknown               Unknown  Unknown
libucp.so.0.0.0    000014C35F248E9A  ucp_worker_progre     Unknown  Unknown
libopen-pal.so.40  000014C35F6DCAE3  opal_progress         Unknown  Unknown
libmpi.so.40.30.2  000014C365B00A25  ompi_request_defa     Unknown  Unknown
libmpi.so.40.30.2  000014C365AB49E2  MPI_Wait              Unknown  Unknown
libmpi_mpifh.so    000014C365E38B01  Unknown               Unknown  Unknown
MOM6               0000000001199026  Unknown               Unknown  Unknown
MOM6               0000000001324CD8  Unknown               Unknown  Unknown
MOM6               0000000000F8AAA7  Unknown               Unknown  Unknown
MOM6               0000000000498517  Unknown               Unknown  Unknown
MOM6               0000000000F5D70E  Unknown               Unknown  Unknown
MOM6               000000000040FDE2  Unknown               Unknown  Unknown
libc-2.28.so       000014C364F8DD85  __libc_start_main     Unknown  Unknown
MOM6               000000000040FCEE  Unknown               Unknown  Unknown
forrtl: error (78): process killed (SIGTERM)
Image              PC                Routine            Line        Source             
MOM6               00000000014D558B  for__signal_handl     Unknown  Unknown
libpthread-2.28.s  000015145EA46CF0  Unknown               Unknown  Unknown
libhcoll.so.1.0.1  0000151459FDB768  hcoll_ml_progress     Unknown  Unknown
libopen-pal.so.40  0000151458DF7AE3  opal_progress         Unknown  Unknown
libmpi.so.40.30.2  000015145F21BA25  ompi_request_defa     Unknown  Unknown
libmpi.so.40.30.2  000015145F1CF9E2  MPI_Wait              Unknown  Unknown
libmpi_mpifh.so    000015145F553B01  Unknown               Unknown  Unknown
MOM6               0000000001199026  Unknown               Unknown  Unknown
MOM6               0000000001260CE3  Unknown               Unknown  Unknown
MOM6               00000000012556F4  Unknown               Unknown  Unknown
MOM6               0000000000F8A29A  Unknown               Unknown  Unknown
MOM6               00000000004A771F  Unknown               Unknown  Unknown
MOM6               000000000049B7C4  Unknown               Unknown  Unknown
MOM6               0000000000F5D70E  Unknown               Unknown  Unknown
MOM6               000000000040FDE2  Unknown               Unknown  Unknown
libc-2.28.so       000015145E6A8D85  __libc_start_main     Unknown  Unknown
MOM6               000000000040FCEE  Unknown               Unknown  Unknown
forrtl: error (78): process killed (SIGTERM)
Image              PC                Routine            Line        Source             
MOM6               00000000014D558B  for__signal_handl     Unknown  Unknown
libpthread-2.28.s  000014FCD928BCF0  Unknown               Unknown  Unknown
libhcoll.so.1.0.1  000014FCD4820757  hcoll_ml_progress     Unknown  Unknown
libopen-pal.so.40  000014FCD363CAE3  opal_progress         Unknown  Unknown
libmpi.so.40.30.2  000014FCD9A60A25  ompi_request_defa     Unknown  Unknown
libmpi.so.40.30.2  000014FCD9A149E2  MPI_Wait              Unknown  Unknown
libmpi_mpifh.so    000014FCD9D98B01  Unknown               Unknown  Unknown
MOM6               0000000001199026  Unknown               Unknown  Unknown
MOM6               0000000001324CD8  Unknown               Unknown  Unknown
MOM6               0000000000F8AAA7  Unknown               Unknown  Unknown
MOM6               00000000005FD574  Unknown               Unknown  Unknown
MOM6               00000000004A2ADA  Unknown               Unknown  Unknown
MOM6               000000000049B7C4  Unknown               Unknown  Unknown
MOM6               0000000000F5D70E  Unknown               Unknown  Unknown
MOM6               000000000040FDE2  Unknown               Unknown  Unknown
libc-2.28.so       000014FCD8EEDD85  __libc_start_main     Unknown  Unknown
MOM6               000000000040FCEE  Unknown               Unknown  Unknown
forrtl: error (78): process killed (SIGTERM)
Image              PC                Routine            Line        Source             
MOM6               00000000014D558B  for__signal_handl     Unknown  Unknown
libpthread-2.28.s  00001476C316FCF0  Unknown               Unknown  Unknown
libuct_ib.so.0.0.  00001476AADF7A42  Unknown               Unknown  Unknown
libucp.so.0.0.0    00001476BD08CE9A  ucp_worker_progre     Unknown  Unknown
libopen-pal.so.40  00001476BD520AE3  opal_progress         Unknown  Unknown
libmpi.so.40.30.2  00001476C3944A25  ompi_request_defa     Unknown  Unknown
libmpi.so.40.30.2  00001476C38F89E2  MPI_Wait              Unknown  Unknown
libmpi_mpifh.so    00001476C3C7CB01  Unknown               Unknown  Unknown
MOM6               0000000001199026  Unknown               Unknown  Unknown
MOM6               0000000001324CD8  Unknown               Unknown  Unknown
MOM6               0000000000F8AAA7  Unknown               Unknown  Unknown
MOM6               00000000005FD589  Unknown               Unknown  Unknown
MOM6               00000000004A2ADA  Unknown               Unknown  Unknown
MOM6               000000000049B7C4  Unknown               Unknown  Unknown
MOM6               0000000000F5D70E  Unknown               Unknown  Unknown
MOM6               000000000040FDE2  Unknown               Unknown  Unknown
libc-2.28.so       00001476C2DD1D85  __libc_start_main     Unknown  Unknown
MOM6               000000000040FCEE  Unknown               Unknown  Unknown
forrtl: error (78): process killed (SIGTERM)
Image              PC                Routine            Line        Source             
MOM6               00000000014D558B  for__signal_handl     Unknown  Unknown
libpthread-2.28.s  000014E2FD70BCF0  Unknown               Unknown  Unknown
hmca_bcol_basesmu  000014E2DAE20114  hmca_bcol_basesmu     Unknown  Unknown
libhcoll.so.1.0.1  000014E2F8C65737  Unknown               Unknown  Unknown
libmpi.so.40.30.2  000014E2FDE5C2DB  mca_coll_hcoll_al     Unknown  Unknown
libmpi.so.40.30.2  000014E2FDEC1220  PMPI_Allreduce        Unknown  Unknown
libmpi_mpifh.so    000014E2FE20E5EB  Unknown               Unknown  Unknown
MOM6               00000000011AD478  Unknown               Unknown  Unknown
MOM6               00000000005BBB71  Unknown               Unknown  Unknown
MOM6               00000000006124A7  Unknown               Unknown  Unknown
MOM6               00000000004A2ADA  Unknown               Unknown  Unknown
MOM6               000000000049B7C4  Unknown               Unknown  Unknown
MOM6               0000000000F5D70E  Unknown               Unknown  Unknown
MOM6               000000000040FDE2  Unknown               Unknown  Unknown
libc-2.28.so       000014E2FD36DD85  __libc_start_main     Unknown  Unknown
MOM6               000000000040FCEE  Unknown               Unknown  Unknown
forrtl: error (78): process killed (SIGTERM)
Image              PC                Routine            Line        Source             
MOM6               00000000014D558B  for__signal_handl     Unknown  Unknown
libpthread-2.28.s  0000152E82B9FCF0  Unknown               Unknown  Unknown
hmca_bcol_basesmu  0000152E6019A114  hmca_bcol_basesmu     Unknown  Unknown
libhcoll.so.1.0.1  0000152E7E0F9737  Unknown               Unknown  Unknown
libmpi.so.40.30.2  0000152E832F02DB  mca_coll_hcoll_al     Unknown  Unknown
libmpi.so.40.30.2  0000152E83355220  PMPI_Allreduce        Unknown  Unknown
libmpi_mpifh.so    0000152E836A25EB  Unknown               Unknown  Unknown
MOM6               00000000011AD478  Unknown               Unknown  Unknown
MOM6               00000000005BBB71  Unknown               Unknown  Unknown
MOM6               00000000006124A7  Unknown               Unknown  Unknown
MOM6               00000000004A2ADA  Unknown               Unknown  Unknown
MOM6               000000000049B7C4  Unknown               Unknown  Unknown
MOM6               0000000000F5D70E  Unknown               Unknown  Unknown
MOM6               000000000040FDE2  Unknown               Unknown  Unknown
libc-2.28.so       0000152E82801D85  __libc_start_main     Unknown  Unknown
MOM6               000000000040FCEE  Unknown               Unknown  Unknown
forrtl: error (78): process killed (SIGTERM)
Image              PC                Routine            Line        Source             
MOM6               00000000014D558B  for__signal_handl     Unknown  Unknown
libpthread-2.28.s  000014D91682DCF0  Unknown               Unknown  Unknown
hmca_bcol_basesmu  000014D8EFDF2114  hmca_bcol_basesmu     Unknown  Unknown
libhcoll.so.1.0.1  000014D911D87737  Unknown               Unknown  Unknown
libmpi.so.40.30.2  000014D916F7E2DB  mca_coll_hcoll_al     Unknown  Unknown
libmpi.so.40.30.2  000014D916FE3220  PMPI_Allreduce        Unknown  Unknown
libmpi_mpifh.so    000014D9173305EB  Unknown               Unknown  Unknown
MOM6               00000000011AD478  Unknown               Unknown  Unknown
MOM6               00000000005BBB71  Unknown               Unknown  Unknown
MOM6               00000000006124A7  Unknown               Unknown  Unknown
MOM6               00000000004A2ADA  Unknown               Unknown  Unknown
MOM6               000000000049B7C4  Unknown               Unknown  Unknown
MOM6               0000000000F5D70E  Unknown               Unknown  Unknown
MOM6               000000000040FDE2  Unknown               Unknown  Unknown
libc-2.28.so       000014D91648FD85  __libc_start_main     Unknown  Unknown
MOM6               000000000040FCEE  Unknown               Unknown  Unknown
forrtl: error (78): process killed (SIGTERM)
Image              PC                Routine            Line        Source             
MOM6               00000000014D558B  for__signal_handl     Unknown  Unknown
libpthread-2.28.s  000014AA3CDADCF0  Unknown               Unknown  Unknown
hmca_bcol_basesmu  000014AA1A4C2119  hmca_bcol_basesmu     Unknown  Unknown
libhcoll.so.1.0.1  000014AA38307737  Unknown               Unknown  Unknown
libmpi.so.40.30.2  000014AA3D4FE2DB  mca_coll_hcoll_al     Unknown  Unknown
libmpi.so.40.30.2  000014AA3D563220  PMPI_Allreduce        Unknown  Unknown
libmpi_mpifh.so    000014AA3D8B05EB  Unknown               Unknown  Unknown
MOM6               00000000011AD478  Unknown               Unknown  Unknown
MOM6               00000000005BBB71  Unknown               Unknown  Unknown
MOM6               00000000006124A7  Unknown               Unknown  Unknown
MOM6               00000000004A2ADA  Unknown               Unknown  Unknown
MOM6               000000000049B7C4  Unknown               Unknown  Unknown
MOM6               0000000000F5D70E  Unknown               Unknown  Unknown
MOM6               000000000040FDE2  Unknown               Unknown  Unknown
libc-2.28.so       000014AA3CA0FD85  __libc_start_main     Unknown  Unknown
MOM6               000000000040FCEE  Unknown               Unknown  Unknown
forrtl: error (78): process killed (SIGTERM)
Image              PC                Routine            Line        Source             
MOM6               00000000014D558B  for__signal_handl     Unknown  Unknown
libpthread-2.28.s  000014C62E190CF0  Unknown               Unknown  Unknown
hmca_bcol_basesmu  000014C606A9D119  hmca_bcol_basesmu     Unknown  Unknown
libhcoll.so.1.0.1  000014C6296EA737  Unknown               Unknown  Unknown
libmpi.so.40.30.2  000014C62E8E12DB  mca_coll_hcoll_al     Unknown  Unknown
libmpi.so.40.30.2  000014C62E946220  PMPI_Allreduce        Unknown  Unknown
libmpi_mpifh.so    000014C62EC935EB  Unknown               Unknown  Unknown
MOM6               00000000011AD478  Unknown               Unknown  Unknown
MOM6               00000000005BBB71  Unknown               Unknown  Unknown
MOM6               00000000006124A7  Unknown               Unknown  Unknown
MOM6               00000000004A2ADA  Unknown               Unknown  Unknown
MOM6               000000000049B7C4  Unknown               Unknown  Unknown
MOM6               0000000000F5D70E  Unknown               Unknown  Unknown
MOM6               000000000040FDE2  Unknown               Unknown  Unknown
libc-2.28.so       000014C62DDF2D85  __libc_start_main     Unknown  Unknown
MOM6               000000000040FCEE  Unknown               Unknown  Unknown
forrtl: error (78): process killed (SIGTERM)
Image              PC                Routine            Line        Source             
MOM6               00000000014D558B  for__signal_handl     Unknown  Unknown
libpthread-2.28.s  0000152C88B72CF0  Unknown               Unknown  Unknown
hmca_bcol_basesmu  0000152C65A57114  hmca_bcol_basesmu     Unknown  Unknown
libhcoll.so.1.0.1  0000152C840CC737  Unknown               Unknown  Unknown
libmpi.so.40.30.2  0000152C892C32DB  mca_coll_hcoll_al     Unknown  Unknown
libmpi.so.40.30.2  0000152C89328220  PMPI_Allreduce        Unknown  Unknown
libmpi_mpifh.so    0000152C896755EB  Unknown               Unknown  Unknown
MOM6               00000000011AD478  Unknown               Unknown  Unknown
MOM6               00000000005BBB71  Unknown               Unknown  Unknown
MOM6               00000000006124A7  Unknown               Unknown  Unknown
MOM6               00000000004A2ADA  Unknown               Unknown  Unknown
MOM6               000000000049B7C4  Unknown               Unknown  Unknown
MOM6               0000000000F5D70E  Unknown               Unknown  Unknown
MOM6               000000000040FDE2  Unknown               Unknown  Unknown
libc-2.28.so       0000152C887D4D85  __libc_start_main     Unknown  Unknown
MOM6               000000000040FCEE  Unknown               Unknown  Unknown
forrtl: error (78): process killed (SIGTERM)
Image              PC                Routine            Line        Source             
MOM6               00000000014D558B  for__signal_handl     Unknown  Unknown
libpthread-2.28.s  00001468213C8CF0  Unknown               Unknown  Unknown
hmca_bcol_basesmu  00001468000DC119  hmca_bcol_basesmu     Unknown  Unknown
libhcoll.so.1.0.1  000014681C922737  Unknown               Unknown  Unknown
libmpi.so.40.30.2  0000146821B192DB  mca_coll_hcoll_al     Unknown  Unknown
libmpi.so.40.30.2  0000146821B7E220  PMPI_Allreduce        Unknown  Unknown
libmpi_mpifh.so    0000146821ECB5EB  Unknown               Unknown  Unknown
MOM6               00000000011AD478  Unknown               Unknown  Unknown
MOM6               00000000005BBB71  Unknown               Unknown  Unknown
MOM6               00000000006124A7  Unknown               Unknown  Unknown
MOM6               00000000004A2ADA  Unknown               Unknown  Unknown
MOM6               000000000049B7C4  Unknown               Unknown  Unknown
MOM6               0000000000F5D70E  Unknown               Unknown  Unknown
MOM6               000000000040FDE2  Unknown               Unknown  Unknown
libc-2.28.so       000014682102AD85  __libc_start_main     Unknown  Unknown
MOM6               000000000040FCEE  Unknown               Unknown  Unknown
forrtl: error (78): process killed (SIGTERM)
Image              PC                Routine            Line        Source             
MOM6               00000000014D558B  for__signal_handl     Unknown  Unknown
libpthread-2.28.s  000015378D562CF0  Unknown               Unknown  Unknown
hmca_bcol_basesmu  0000153763DF2119  hmca_bcol_basesmu     Unknown  Unknown
libhcoll.so.1.0.1  0000153788ABC737  Unknown               Unknown  Unknown
libmpi.so.40.30.2  000015378DCB32DB  mca_coll_hcoll_al     Unknown  Unknown
libmpi.so.40.30.2  000015378DD18220  PMPI_Allreduce        Unknown  Unknown
libmpi_mpifh.so    000015378E0655EB  Unknown               Unknown  Unknown
MOM6               00000000011AD478  Unknown               Unknown  Unknown
MOM6               00000000005BBB71  Unknown               Unknown  Unknown
MOM6               00000000006124A7  Unknown               Unknown  Unknown
MOM6               00000000004A2ADA  Unknown               Unknown  Unknown
MOM6               000000000049B7C4  Unknown               Unknown  Unknown
MOM6               0000000000F5D70E  Unknown               Unknown  Unknown
MOM6               000000000040FDE2  Unknown               Unknown  Unknown
libc-2.28.so       000015378D1C4D85  __libc_start_main     Unknown  Unknown
MOM6               000000000040FCEE  Unknown               Unknown  Unknown
