
WARNING from PE     0: MOM_file_parser : BULKMIXEDLAYER over-ridden.  Line: 'BULKMIXEDLAYER = True' in file MOM_override.


WARNING from PE     0: MOM_file_parser : DT over-ridden.  Line: 'DT = 720' in file MOM_override.


WARNING from PE     0: MOM_file_parser : DT_THERM over-ridden.  Line: 'DT_THERM = 720' in file MOM_override.


WARNING from PE     0: MOM_file_parser : ICE_SHELF over-ridden.  Line: 'ICE_SHELF = False' in file MOM_override.


WARNING from PE     0: diag_manager_mod::diag_manager_init: DIAG_MANAGER_NML not found in input.nml.  Using defaults.


WARNING from PE     0: MOM_file_parser : USE_JACKSON_PARAM over-ridden.  Line: 'USE_JACKSON_PARAM = True' in file MOM_override.


WARNING from PE     0: MOM_file_parser : FIT_SALINITY over-ridden.  Line: 'FIT_SALINITY = False' in file MOM_override.


WARNING from PE     0: Previous msg:DRHO_DS = 0.805876              !   [kg m-3 PSU-1] default = 0.8


WARNING from PE     0: New message :DRHO_DS = 0.805876              !   [kg m-3 PSU-1]


WARNING from PE     0: Encountered inconsistent documentation line for parameter DRHO_DS!


WARNING from PE     0: Previous msg:DRHO_DT = -0.038357             !   [kg m-3 K-1] default = -0.2


WARNING from PE     0: New message :DRHO_DT = -0.038357             !   [kg m-3 K-1]


WARNING from PE     0: Encountered inconsistent documentation line for parameter DRHO_DT!


WARNING from PE     0: MOM_file_parser : TRIM_IC_FOR_P_SURF over-ridden.  Line: 'TRIM_IC_FOR_P_SURF = False' in file MOM_override.


WARNING from PE     0: MOM_file_parser : NUM_DIAG_COORDS over-ridden.  Line: 'NUM_DIAG_COORDS = 2' in file MOM_override.


WARNING from PE     0: MOM_file_parser : DIAG_COORDS over-ridden.  Line: 'DIAG_COORDS = "z Z ZSTAR", "rho2 RHO2 RHO"' in file MOM_override.


WARNING from PE     0: MOM_file_parser : DIAG_COORD_DEF_Z over-ridden.  Line: 'DIAG_COORD_DEF_Z = "FILE:vert_isomip.nc,interfaces=st_edges_ocean"' in file MOM_override.


WARNING from PE     0: MOM_file_parser : HTBL_SHELF_MIN over-ridden.  Line: 'HTBL_SHELF_MIN = 10.0' in file MOM_override.


WARNING from PE     0: MOM_file_parser : KV over-ridden.  Line: 'KV = 1.0E-3' in file MOM_override.


WARNING from PE     0: MOM_file_parser : KH over-ridden.  Line: 'KH = 6.0' in file MOM_override.


WARNING from PE     0: MOM_file_parser : SMAGORINSKY_KH over-ridden.  Line: 'SMAGORINSKY_KH = False' in file MOM_override.


WARNING from PE     0: MOM_file_parser : BIHARMONIC over-ridden.  Line: 'BIHARMONIC = False' in file MOM_override.


WARNING from PE     0: MOM_file_parser : KD over-ridden.  Line: 'KD = 5.0E-5' in file MOM_override.


WARNING from PE     0: MOM_file_parser : DAYMAX over-ridden.  Line: 'DAYMAX = 730' in file MOM_override.


WARNING from PE     0: Unused line in MOM_input : REGRID_USE_OLD_DIRECTION = False


WARNING from PE     0: Unused line in MOM_input : HMIX_SFC_PROP = 1.0


WARNING from PE     0: Unused line in MOM_input : REMAP_UV_USING_OLD_ALG = False


WARNING from PE     0: Unused line in MOM_input : BOUNDARY_EXTRAPOLATION = True


WARNING from PE     0: Unused line in MOM_input : REMAP_AFTER_INITIALIZATION = False


WARNING from PE     0: Unused line in MOM_input : SPONGE_CONFIG = "ISOMIP"


WARNING from PE     0: Unused line in MOM_input : ISOMIP_TNUDG = 0.1


WARNING from PE     0: Unused line in MOM_input : SURFACE_PRESSURE_FILE = "Gustavo_Ocean1_3D.nc"


WARNING from PE     0: Unused line in MOM_input : SURFACE_PRESSURE_VAR = "thick"


WARNING from PE     0: Unused line in MOM_input : SURFACE_PRESSURE_SCALE = 8996.40


WARNING from PE     0: Unused line in MOM_input : HMIX_FIXED = 20.0


WARNING from PE     0: Unused line in MOM_input : DYNAMIC_SHELF_MASS = False


WARNING from PE     0: Unused line in MOM_input : SHELF_THERMO = False


WARNING from PE     0: Unused line in MOM_input : SHELF_THREE_EQN = False


WARNING from PE     0: Unused line in MOM_input : SHELF_INSULATOR = True


WARNING from PE     0: Unused line in MOM_input : SHELF_3EQ_GAMMA = True


WARNING from PE     0: Unused line in MOM_input : SHELF_3EQ_GAMMA_T = 0.22


WARNING from PE     0: Unused line in MOM_input : SHELF_2EQ_GAMMA_T = 0.0


WARNING from PE     0: Unused line in MOM_input : ICE_SHELF_FLUX_FACTOR = 1.0


WARNING from PE     0: Unused line in MOM_input : ICE_SHELF_TEMPERATURE = -20.0


WARNING from PE     0: Unused line in MOM_input : COL_THICK_MELT_THRESHOLD = 10.0


WARNING from PE     0: Unused line in MOM_input : WRITE_OUTPUT_TO_FILE = True


WARNING from PE     0: Unused line in MOM_input : USTAR_SHELF_BG = 0.0


WARNING from PE     0: Unused line in MOM_input : CDRAG_SHELF = 0.0025


WARNING from PE     0: Unused line in MOM_input : UTIDE = 0.01


WARNING from PE     0: Unused line in MOM_input : MELTING_CUTOFF_DEPTH = 90


WARNING from PE     0: Unused line in MOM_input : ICE_PROFILE_CONFIG = "FILE"


WARNING from PE     0: Unused line in MOM_input : ICE_THICKNESS_FILE = "Gustavo_Ocean1_3D.nc"


WARNING from PE     0: Unused line in MOM_input : ICE_THICKNESS_VARNAME = "thick"


WARNING from PE     0: Unused line in MOM_input : ICE_AREA_VARNAME = "area"


WARNING from PE     0: Unused line in MOM_input : SHELF_IC_OUTPUT_FILE = "MOM_Shelf_IC"


WARNING from PE     0: Unused line in MOM_input : DENSITY_ICE = 918.0


WARNING from PE     0: Unused line in MOM_override : #override SHELF_THERMO = True


WARNING from PE     0: Unused line in MOM_override : #override SHELF_THREE_EQN = True


WARNING from PE     0: Unused line in MOM_override : SHELF_S_ROOT = True


WARNING from PE     0: Unused line in MOM_override : #override USE_HMIX_SFC_PROP = True


WARNING from PE     0: Unused line in MOM_override : #override HMIX_SFC_PROP = 10.


WARNING from PE     0: Unused line in MOM_override : #override SHELF_S_ROOT = False


WARNING from PE     0: Unused line in MOM_override : #override SHELF_3EQ_GAMMA_T = 0.012


WARNING from PE     0: Unused line in MOM_override : #override SHELF_3EQ_GAMMA_S = 3.9e-4


FATAL from PE    31: MOM_forcing_type extractFluxes1d: fluxes%sw is not associated.


FATAL from PE    16: MOM_forcing_type extractFluxes1d: fluxes%sw is not associated.


FATAL from PE    18: MOM_forcing_type extractFluxes1d: fluxes%sw is not associated.



FATAL from PE    29: MOM_forcing_type extractFluxes1d: fluxes%sw is not associated.

FATAL from PE    25: MOM_forcing_type extractFluxes1d: fluxes%sw is not associated.


FATAL from PE    20: MOM_forcing_type extractFluxes1d: fluxes%sw is not associated.


FATAL from PE    28: MOM_forcing_type extractFluxes1d: fluxes%sw is not associated.


FATAL from PE    23: MOM_forcing_type extractFluxes1d: fluxes%sw is not associated.


FATAL from PE    22: MOM_forcing_type extractFluxes1d: fluxes%sw is not associated.


FATAL from PE    21: MOM_forcing_type extractFluxes1d: fluxes%sw is not associated.


FATAL from PE    27: MOM_forcing_type extractFluxes1d: fluxes%sw is not associated.


FATAL from PE    17: MOM_forcing_type extractFluxes1d: fluxes%sw is not associated.


FATAL from PE    26: MOM_forcing_type extractFluxes1d: fluxes%sw is not associated.


FATAL from PE    19: MOM_forcing_type extractFluxes1d: fluxes%sw is not associated.


FATAL from PE    24: MOM_forcing_type extractFluxes1d: fluxes%sw is not associated.


FATAL from PE    30: MOM_forcing_type extractFluxes1d: fluxes%sw is not associated.


FATAL from PE    47: MOM_forcing_type extractFluxes1d: fluxes%sw is not associated.


FATAL from PE    32: MOM_forcing_type extractFluxes1d: fluxes%sw is not associated.


FATAL from PE    13: MOM_forcing_type extractFluxes1d: fluxes%sw is not associated.


FATAL from PE    15: MOM_forcing_type extractFluxes1d: fluxes%sw is not associated.


FATAL from PE    34: MOM_forcing_type extractFluxes1d: fluxes%sw is not associated.


FATAL from PE    35: MOM_forcing_type extractFluxes1d: fluxes%sw is not associated.


FATAL from PE    37: MOM_forcing_type extractFluxes1d: fluxes%sw is not associated.


FATAL from PE    14: MOM_forcing_type extractFluxes1d: fluxes%sw is not associated.


FATAL from PE    45: MOM_forcing_type extractFluxes1d: fluxes%sw is not associated.


FATAL from PE    12: MOM_forcing_type extractFluxes1d: fluxes%sw is not associated.


FATAL from PE    33: MOM_forcing_type extractFluxes1d: fluxes%sw is not associated.


FATAL from PE    38: MOM_forcing_type extractFluxes1d: fluxes%sw is not associated.


FATAL from PE    44: MOM_forcing_type extractFluxes1d: fluxes%sw is not associated.


FATAL from PE    43: MOM_forcing_type extractFluxes1d: fluxes%sw is not associated.


FATAL from PE    46: MOM_forcing_type extractFluxes1d: fluxes%sw is not associated.


FATAL from PE    39: MOM_forcing_type extractFluxes1d: fluxes%sw is not associated.


FATAL from PE     2: MOM_forcing_type extractFluxes1d: fluxes%sw is not associated.


FATAL from PE    36: MOM_forcing_type extractFluxes1d: fluxes%sw is not associated.


FATAL from PE    41: MOM_forcing_type extractFluxes1d: fluxes%sw is not associated.


FATAL from PE     3: MOM_forcing_type extractFluxes1d: fluxes%sw is not associated.


FATAL from PE    40: MOM_forcing_type extractFluxes1d: fluxes%sw is not associated.


FATAL from PE    42: MOM_forcing_type extractFluxes1d: fluxes%sw is not associated.


FATAL from PE     1: MOM_forcing_type extractFluxes1d: fluxes%sw is not associated.


FATAL from PE     6: MOM_forcing_type extractFluxes1d: fluxes%sw is not associated.


FATAL from PE     8: MOM_forcing_type extractFluxes1d: fluxes%sw is not associated.


FATAL from PE     4: MOM_forcing_type extractFluxes1d: fluxes%sw is not associated.


FATAL from PE     9: MOM_forcing_type extractFluxes1d: fluxes%sw is not associated.


FATAL from PE     5: MOM_forcing_type extractFluxes1d: fluxes%sw is not associated.


FATAL from PE     7: MOM_forcing_type extractFluxes1d: fluxes%sw is not associated.


FATAL from PE    11: MOM_forcing_type extractFluxes1d: fluxes%sw is not associated.


FATAL from PE    10: MOM_forcing_type extractFluxes1d: fluxes%sw is not associated.


FATAL from PE     0: MOM_forcing_type extractFluxes1d: fluxes%sw is not associated.

--------------------------------------------------------------------------
MPI_ABORT was invoked on rank 21 in communicator MPI_COMM_WORLD
with errorcode 1.

NOTE: invoking MPI_ABORT causes Open MPI to kill all MPI processes.
You may or may not see output from other processes, depending on
exactly when Open MPI kills them.
--------------------------------------------------------------------------
[gadi-cpu-clx-2416.gadi.nci.org.au:1794252] PMIX ERROR: UNREACHABLE in file /jobfs/35197837.gadi-pbs/0/openmpi/4.1.2/source/openmpi-4.1.2/opal/mca/pmix/pmix3x/pmix/src/server/pmix_server.c at line 2198
[gadi-cpu-clx-2416.gadi.nci.org.au:1794252] PMIX ERROR: UNREACHABLE in file /jobfs/35197837.gadi-pbs/0/openmpi/4.1.2/source/openmpi-4.1.2/opal/mca/pmix/pmix3x/pmix/src/server/pmix_server.c at line 2198
[gadi-cpu-clx-2416.gadi.nci.org.au:1794252] PMIX ERROR: UNREACHABLE in file /jobfs/35197837.gadi-pbs/0/openmpi/4.1.2/source/openmpi-4.1.2/opal/mca/pmix/pmix3x/pmix/src/server/pmix_server.c at line 2198
[gadi-cpu-clx-2416.gadi.nci.org.au:1794252] PMIX ERROR: UNREACHABLE in file /jobfs/35197837.gadi-pbs/0/openmpi/4.1.2/source/openmpi-4.1.2/opal/mca/pmix/pmix3x/pmix/src/server/pmix_server.c at line 2198
[gadi-cpu-clx-2416.gadi.nci.org.au:1794252] PMIX ERROR: UNREACHABLE in file /jobfs/35197837.gadi-pbs/0/openmpi/4.1.2/source/openmpi-4.1.2/opal/mca/pmix/pmix3x/pmix/src/server/pmix_server.c at line 2198
[gadi-cpu-clx-2416.gadi.nci.org.au:1794252] PMIX ERROR: UNREACHABLE in file /jobfs/35197837.gadi-pbs/0/openmpi/4.1.2/source/openmpi-4.1.2/opal/mca/pmix/pmix3x/pmix/src/server/pmix_server.c at line 2198
[gadi-cpu-clx-2416.gadi.nci.org.au:1794252] PMIX ERROR: UNREACHABLE in file /jobfs/35197837.gadi-pbs/0/openmpi/4.1.2/source/openmpi-4.1.2/opal/mca/pmix/pmix3x/pmix/src/server/pmix_server.c at line 2198
[gadi-cpu-clx-2416.gadi.nci.org.au:1794252] PMIX ERROR: UNREACHABLE in file /jobfs/35197837.gadi-pbs/0/openmpi/4.1.2/source/openmpi-4.1.2/opal/mca/pmix/pmix3x/pmix/src/server/pmix_server.c at line 2198
[gadi-cpu-clx-2416.gadi.nci.org.au:1794252] PMIX ERROR: UNREACHABLE in file /jobfs/35197837.gadi-pbs/0/openmpi/4.1.2/source/openmpi-4.1.2/opal/mca/pmix/pmix3x/pmix/src/server/pmix_server.c at line 2198
[gadi-cpu-clx-2416.gadi.nci.org.au:1794252] PMIX ERROR: UNREACHABLE in file /jobfs/35197837.gadi-pbs/0/openmpi/4.1.2/source/openmpi-4.1.2/opal/mca/pmix/pmix3x/pmix/src/server/pmix_server.c at line 2198
[gadi-cpu-clx-2416.gadi.nci.org.au:1794252] PMIX ERROR: UNREACHABLE in file /jobfs/35197837.gadi-pbs/0/openmpi/4.1.2/source/openmpi-4.1.2/opal/mca/pmix/pmix3x/pmix/src/server/pmix_server.c at line 2198
[gadi-cpu-clx-2416.gadi.nci.org.au:1794252] PMIX ERROR: UNREACHABLE in file /jobfs/35197837.gadi-pbs/0/openmpi/4.1.2/source/openmpi-4.1.2/opal/mca/pmix/pmix3x/pmix/src/server/pmix_server.c at line 2198
[gadi-cpu-clx-2416.gadi.nci.org.au:1794252] PMIX ERROR: UNREACHABLE in file /jobfs/35197837.gadi-pbs/0/openmpi/4.1.2/source/openmpi-4.1.2/opal/mca/pmix/pmix3x/pmix/src/server/pmix_server.c at line 2198
[gadi-cpu-clx-2416.gadi.nci.org.au:1794252] PMIX ERROR: UNREACHABLE in file /jobfs/35197837.gadi-pbs/0/openmpi/4.1.2/source/openmpi-4.1.2/opal/mca/pmix/pmix3x/pmix/src/server/pmix_server.c at line 2198
[gadi-cpu-clx-2416.gadi.nci.org.au:1794252] PMIX ERROR: UNREACHABLE in file /jobfs/35197837.gadi-pbs/0/openmpi/4.1.2/source/openmpi-4.1.2/opal/mca/pmix/pmix3x/pmix/src/server/pmix_server.c at line 2198
[gadi-cpu-clx-2416.gadi.nci.org.au:1794252] PMIX ERROR: UNREACHABLE in file /jobfs/35197837.gadi-pbs/0/openmpi/4.1.2/source/openmpi-4.1.2/opal/mca/pmix/pmix3x/pmix/src/server/pmix_server.c at line 2198
[gadi-cpu-clx-2416.gadi.nci.org.au:1794252] PMIX ERROR: UNREACHABLE in file /jobfs/35197837.gadi-pbs/0/openmpi/4.1.2/source/openmpi-4.1.2/opal/mca/pmix/pmix3x/pmix/src/server/pmix_server.c at line 2198
[gadi-cpu-clx-2416.gadi.nci.org.au:1794252] PMIX ERROR: UNREACHABLE in file /jobfs/35197837.gadi-pbs/0/openmpi/4.1.2/source/openmpi-4.1.2/opal/mca/pmix/pmix3x/pmix/src/server/pmix_server.c at line 2198
[gadi-cpu-clx-2416.gadi.nci.org.au:1794252] PMIX ERROR: UNREACHABLE in file /jobfs/35197837.gadi-pbs/0/openmpi/4.1.2/source/openmpi-4.1.2/opal/mca/pmix/pmix3x/pmix/src/server/pmix_server.c at line 2198
forrtl: error (78): process killed (SIGTERM)
Image              PC                Routine            Line        Source             
MOM6               000000000154DC6B  for__signal_handl     Unknown  Unknown
libpthread-2.28.s  000014E9DF825CF0  Unknown               Unknown  Unknown
libpthread-2.28.s  000014E9DF82145A  pthread_cond_wait     Unknown  Unknown
libopen-pal.so.40  000014E9D9ACC3CD  PMIx_Abort            Unknown  Unknown
libopen-pal.so.40  000014E9D9B39210  pmix3x_abort          Unknown  Unknown
libopen-rte.so.40  000014E9DA88CC27  Unknown               Unknown  Unknown
libopen-rte.so.40  000014E9DA8A49B6  orte_errmgr_base_     Unknown  Unknown
libopen-rte.so.40  000014E9DA89475B  Unknown               Unknown  Unknown
libmpi.so.40.30.2  000014E9DFFF80DA  ompi_mpi_abort        Unknown  Unknown
libmpi_mpifh.so    000014E9E03282BE  Unknown               Unknown  Unknown
MOM6               000000000123433E  Unknown               Unknown  Unknown
MOM6               000000000086D90F  Unknown               Unknown  Unknown
MOM6               0000000000662AFE  Unknown               Unknown  Unknown
MOM6               0000000000CFA52F  Unknown               Unknown  Unknown
MOM6               0000000000D4F742  Unknown               Unknown  Unknown
MOM6               0000000000D2BE70  Unknown               Unknown  Unknown
MOM6               00000000004A4C7B  Unknown               Unknown  Unknown
MOM6               0000000000498840  Unknown               Unknown  Unknown
MOM6               0000000000FD5DC1  Unknown               Unknown  Unknown
MOM6               000000000040FE22  Unknown               Unknown  Unknown
libc-2.28.so       000014E9DF488D85  __libc_start_main     Unknown  Unknown
MOM6               000000000040FD2E  Unknown               Unknown  Unknown
forrtl: error (78): process killed (SIGTERM)
Image              PC                Routine            Line        Source             
MOM6               000000000154DC6B  for__signal_handl     Unknown  Unknown
libpthread-2.28.s  000015100C09CCF0  Unknown               Unknown  Unknown
libpthread-2.28.s  000015100C09845A  pthread_cond_wait     Unknown  Unknown
libopen-pal.so.40  00001510063433CD  PMIx_Abort            Unknown  Unknown
libopen-pal.so.40  00001510063B0210  pmix3x_abort          Unknown  Unknown
libopen-rte.so.40  0000151007103C27  Unknown               Unknown  Unknown
libopen-rte.so.40  000015100711B9B6  orte_errmgr_base_     Unknown  Unknown
libopen-rte.so.40  000015100710B75B  Unknown               Unknown  Unknown
libmpi.so.40.30.2  000015100C86F0DA  ompi_mpi_abort        Unknown  Unknown
libmpi_mpifh.so    000015100CB9F2BE  Unknown               Unknown  Unknown
MOM6               000000000123433E  Unknown               Unknown  Unknown
MOM6               000000000086D90F  Unknown               Unknown  Unknown
MOM6               0000000000662AFE  Unknown               Unknown  Unknown
MOM6               0000000000CFA52F  Unknown               Unknown  Unknown
MOM6               0000000000D4F742  Unknown               Unknown  Unknown
MOM6               0000000000D2BE70  Unknown               Unknown  Unknown
MOM6               00000000004A4C7B  Unknown               Unknown  Unknown
MOM6               0000000000498840  Unknown               Unknown  Unknown
MOM6               0000000000FD5DC1  Unknown               Unknown  Unknown
MOM6               000000000040FE22  Unknown               Unknown  Unknown
libc-2.28.so       000015100BCFFD85  __libc_start_main     Unknown  Unknown
MOM6               000000000040FD2E  Unknown               Unknown  Unknown
forrtl: error (78): process killed (SIGTERM)
Image              PC                Routine            Line        Source             
MOM6               000000000154DC6B  for__signal_handl     Unknown  Unknown
libpthread-2.28.s  000015401070DCF0  Unknown               Unknown  Unknown
libpthread-2.28.s  000015401070945A  pthread_cond_wait     Unknown  Unknown
libopen-pal.so.40  000015400A9B43CD  PMIx_Abort            Unknown  Unknown
libopen-pal.so.40  000015400AA21210  pmix3x_abort          Unknown  Unknown
libopen-rte.so.40  000015400B774C27  Unknown               Unknown  Unknown
libopen-rte.so.40  000015400B78C9B6  orte_errmgr_base_     Unknown  Unknown
libopen-rte.so.40  000015400B77C75B  Unknown               Unknown  Unknown
libmpi.so.40.30.2  0000154010EE00DA  ompi_mpi_abort        Unknown  Unknown
libmpi_mpifh.so    00001540112102BE  Unknown               Unknown  Unknown
MOM6               000000000123433E  Unknown               Unknown  Unknown
MOM6               000000000086D90F  Unknown               Unknown  Unknown
MOM6               0000000000662AFE  Unknown               Unknown  Unknown
MOM6               0000000000CFA52F  Unknown               Unknown  Unknown
MOM6               0000000000D4F742  Unknown               Unknown  Unknown
MOM6               0000000000D2BE70  Unknown               Unknown  Unknown
MOM6               00000000004A4C7B  Unknown               Unknown  Unknown
MOM6               0000000000498840  Unknown               Unknown  Unknown
MOM6               0000000000FD5DC1  Unknown               Unknown  Unknown
MOM6               000000000040FE22  Unknown               Unknown  Unknown
libc-2.28.so       0000154010370D85  __libc_start_main     Unknown  Unknown
MOM6               000000000040FD2E  Unknown               Unknown  Unknown
forrtl: error (78): process killed (SIGTERM)
Image              PC                Routine            Line        Source             
MOM6               000000000154DC6B  for__signal_handl     Unknown  Unknown
libpthread-2.28.s  0000146DB4195CF0  Unknown               Unknown  Unknown
libpthread-2.28.s  0000146DB419145A  pthread_cond_wait     Unknown  Unknown
libopen-pal.so.40  0000146DAE43C3CD  PMIx_Abort            Unknown  Unknown
libopen-pal.so.40  0000146DAE4A9210  pmix3x_abort          Unknown  Unknown
libopen-rte.so.40  0000146DAF1FCC27  Unknown               Unknown  Unknown
libopen-rte.so.40  0000146DAF2149B6  orte_errmgr_base_     Unknown  Unknown
libopen-rte.so.40  0000146DAF20475B  Unknown               Unknown  Unknown
libmpi.so.40.30.2  0000146DB49680DA  ompi_mpi_abort        Unknown  Unknown
libmpi_mpifh.so    0000146DB4C982BE  Unknown               Unknown  Unknown
MOM6               000000000123433E  Unknown               Unknown  Unknown
MOM6               000000000086D90F  Unknown               Unknown  Unknown
MOM6               0000000000662AFE  Unknown               Unknown  Unknown
MOM6               0000000000CFA52F  Unknown               Unknown  Unknown
MOM6               0000000000D4F742  Unknown               Unknown  Unknown
MOM6               0000000000D2BE70  Unknown               Unknown  Unknown
MOM6               00000000004A4C7B  Unknown               Unknown  Unknown
MOM6               0000000000498840  Unknown               Unknown  Unknown
MOM6               0000000000FD5DC1  Unknown               Unknown  Unknown
MOM6               000000000040FE22  Unknown               Unknown  Unknown
libc-2.28.so       0000146DB3DF8D85  __libc_start_main     Unknown  Unknown
MOM6               000000000040FD2E  Unknown               Unknown  Unknown
forrtl: error (78): process killed (SIGTERM)
Image              PC                Routine            Line        Source             
MOM6               000000000154DC6B  for__signal_handl     Unknown  Unknown
libpthread-2.28.s  0000149AEE282CF0  Unknown               Unknown  Unknown
libpthread-2.28.s  0000149AEE27E45A  pthread_cond_wait     Unknown  Unknown
libopen-pal.so.40  0000149AE85293CD  PMIx_Abort            Unknown  Unknown
libopen-pal.so.40  0000149AE8596210  pmix3x_abort          Unknown  Unknown
libopen-rte.so.40  0000149AE92E9C27  Unknown               Unknown  Unknown
libopen-rte.so.40  0000149AE93019B6  orte_errmgr_base_     Unknown  Unknown
libopen-rte.so.40  0000149AE92F175B  Unknown               Unknown  Unknown
libmpi.so.40.30.2  0000149AEEA550DA  ompi_mpi_abort        Unknown  Unknown
libmpi_mpifh.so    0000149AEED852BE  Unknown               Unknown  Unknown
MOM6               000000000123433E  Unknown               Unknown  Unknown
MOM6               000000000086D90F  Unknown               Unknown  Unknown
MOM6               0000000000662AFE  Unknown               Unknown  Unknown
MOM6               0000000000CFA52F  Unknown               Unknown  Unknown
MOM6               0000000000D4F742  Unknown               Unknown  Unknown
MOM6               0000000000D2BE70  Unknown               Unknown  Unknown
MOM6               00000000004A4C7B  Unknown               Unknown  Unknown
MOM6               0000000000498840  Unknown               Unknown  Unknown
MOM6               0000000000FD5DC1  Unknown               Unknown  Unknown
MOM6               000000000040FE22  Unknown               Unknown  Unknown
libc-2.28.so       0000149AEDEE5D85  __libc_start_main     Unknown  Unknown
MOM6               000000000040FD2E  Unknown               Unknown  Unknown
forrtl: error (78): process killed (SIGTERM)
Image              PC                Routine            Line        Source             
MOM6               000000000154DC6B  for__signal_handl     Unknown  Unknown
libpthread-2.28.s  0000146B57164CF0  Unknown               Unknown  Unknown
libpthread-2.28.s  0000146B5716045A  pthread_cond_wait     Unknown  Unknown
libopen-pal.so.40  0000146B5140B3CD  PMIx_Abort            Unknown  Unknown
libopen-pal.so.40  0000146B51478210  pmix3x_abort          Unknown  Unknown
libopen-rte.so.40  0000146B521CBC27  Unknown               Unknown  Unknown
libopen-rte.so.40  0000146B521E39B6  orte_errmgr_base_     Unknown  Unknown
libopen-rte.so.40  0000146B521D375B  Unknown               Unknown  Unknown
libmpi.so.40.30.2  0000146B579370DA  ompi_mpi_abort        Unknown  Unknown
libmpi_mpifh.so    0000146B57C672BE  Unknown               Unknown  Unknown
MOM6               000000000123433E  Unknown               Unknown  Unknown
MOM6               000000000086D90F  Unknown               Unknown  Unknown
MOM6               0000000000662AFE  Unknown               Unknown  Unknown
MOM6               0000000000CFA52F  Unknown               Unknown  Unknown
MOM6               0000000000D4F742  Unknown               Unknown  Unknown
MOM6               0000000000D2BE70  Unknown               Unknown  Unknown
MOM6               00000000004A4C7B  Unknown               Unknown  Unknown
MOM6               0000000000498840  Unknown               Unknown  Unknown
MOM6               0000000000FD5DC1  Unknown               Unknown  Unknown
MOM6               000000000040FE22  Unknown               Unknown  Unknown
libc-2.28.so       0000146B56DC7D85  __libc_start_main     Unknown  Unknown
MOM6               000000000040FD2E  Unknown               Unknown  Unknown
forrtl: error (78): process killed (SIGTERM)
Image              PC                Routine            Line        Source             
MOM6               000000000154DC6B  for__signal_handl     Unknown  Unknown
libpthread-2.28.s  000014BC8804FCF0  Unknown               Unknown  Unknown
libpthread-2.28.s  000014BC8804B45A  pthread_cond_wait     Unknown  Unknown
libopen-pal.so.40  000014BC822F63CD  PMIx_Abort            Unknown  Unknown
libopen-pal.so.40  000014BC82363210  pmix3x_abort          Unknown  Unknown
libopen-rte.so.40  000014BC830B6C27  Unknown               Unknown  Unknown
libopen-rte.so.40  000014BC830CE9B6  orte_errmgr_base_     Unknown  Unknown
libopen-rte.so.40  000014BC830BE75B  Unknown               Unknown  Unknown
libmpi.so.40.30.2  000014BC888220DA  ompi_mpi_abort        Unknown  Unknown
libmpi_mpifh.so    000014BC88B522BE  Unknown               Unknown  Unknown
MOM6               000000000123433E  Unknown               Unknown  Unknown
MOM6               000000000086D90F  Unknown               Unknown  Unknown
MOM6               0000000000662AFE  Unknown               Unknown  Unknown
MOM6               0000000000CFA52F  Unknown               Unknown  Unknown
MOM6               0000000000D4F742  Unknown               Unknown  Unknown
MOM6               0000000000D2BE70  Unknown               Unknown  Unknown
MOM6               00000000004A4C7B  Unknown               Unknown  Unknown
MOM6               0000000000498840  Unknown               Unknown  Unknown
MOM6               0000000000FD5DC1  Unknown               Unknown  Unknown
MOM6               000000000040FE22  Unknown               Unknown  Unknown
libc-2.28.so       000014BC87CB2D85  __libc_start_main     Unknown  Unknown
MOM6               000000000040FD2E  Unknown               Unknown  Unknown
forrtl: error (78): process killed (SIGTERM)
Image              PC                Routine            Line        Source             
MOM6               000000000154DC6B  for__signal_handl     Unknown  Unknown
libpthread-2.28.s  0000147CDF188CF0  Unknown               Unknown  Unknown
libpthread-2.28.s  0000147CDF18445A  pthread_cond_wait     Unknown  Unknown
libopen-pal.so.40  0000147CD942F3CD  PMIx_Abort            Unknown  Unknown
libopen-pal.so.40  0000147CD949C210  pmix3x_abort          Unknown  Unknown
libopen-rte.so.40  0000147CDA1EFC27  Unknown               Unknown  Unknown
libopen-rte.so.40  0000147CDA2079B6  orte_errmgr_base_     Unknown  Unknown
libopen-rte.so.40  0000147CDA1F775B  Unknown               Unknown  Unknown
libmpi.so.40.30.2  0000147CDF95B0DA  ompi_mpi_abort        Unknown  Unknown
libmpi_mpifh.so    0000147CDFC8B2BE  Unknown               Unknown  Unknown
MOM6               000000000123433E  Unknown               Unknown  Unknown
MOM6               000000000086D90F  Unknown               Unknown  Unknown
MOM6               0000000000662AFE  Unknown               Unknown  Unknown
MOM6               0000000000CFA52F  Unknown               Unknown  Unknown
MOM6               0000000000D4F742  Unknown               Unknown  Unknown
MOM6               0000000000D2BE70  Unknown               Unknown  Unknown
MOM6               00000000004A4C7B  Unknown               Unknown  Unknown
MOM6               0000000000498840  Unknown               Unknown  Unknown
MOM6               0000000000FD5DC1  Unknown               Unknown  Unknown
MOM6               000000000040FE22  Unknown               Unknown  Unknown
libc-2.28.so       0000147CDEDEBD85  __libc_start_main     Unknown  Unknown
MOM6               000000000040FD2E  Unknown               Unknown  Unknown
forrtl: error (78): process killed (SIGTERM)
Image              PC                Routine            Line        Source             
MOM6               000000000154DC6B  for__signal_handl     Unknown  Unknown
libpthread-2.28.s  000015100A50ACF0  Unknown               Unknown  Unknown
libpthread-2.28.s  000015100A50645A  pthread_cond_wait     Unknown  Unknown
libopen-pal.so.40  00001510047B13CD  PMIx_Abort            Unknown  Unknown
libopen-pal.so.40  000015100481E210  pmix3x_abort          Unknown  Unknown
libopen-rte.so.40  0000151005571C27  Unknown               Unknown  Unknown
libopen-rte.so.40  00001510055899B6  orte_errmgr_base_     Unknown  Unknown
libopen-rte.so.40  000015100557975B  Unknown               Unknown  Unknown
libmpi.so.40.30.2  000015100ACDD0DA  ompi_mpi_abort        Unknown  Unknown
libmpi_mpifh.so    000015100B00D2BE  Unknown               Unknown  Unknown
MOM6               000000000123433E  Unknown               Unknown  Unknown
MOM6               000000000086D90F  Unknown               Unknown  Unknown
MOM6               0000000000662AFE  Unknown               Unknown  Unknown
MOM6               0000000000CFA52F  Unknown               Unknown  Unknown
MOM6               0000000000D4F742  Unknown               Unknown  Unknown
MOM6               0000000000D2BE70  Unknown               Unknown  Unknown
MOM6               00000000004A4C7B  Unknown               Unknown  Unknown
MOM6               0000000000498840  Unknown               Unknown  Unknown
MOM6               0000000000FD5DC1  Unknown               Unknown  Unknown
MOM6               000000000040FE22  Unknown               Unknown  Unknown
libc-2.28.so       000015100A16DD85  __libc_start_main     Unknown  Unknown
MOM6               000000000040FD2E  Unknown               Unknown  Unknown
forrtl: error (78): process killed (SIGTERM)
Image              PC                Routine            Line        Source             
MOM6               000000000154DC6B  for__signal_handl     Unknown  Unknown
libpthread-2.28.s  0000146D2E907CF0  Unknown               Unknown  Unknown
libpthread-2.28.s  0000146D2E90345A  pthread_cond_wait     Unknown  Unknown
libopen-pal.so.40  0000146D28BAE3CD  PMIx_Abort            Unknown  Unknown
libopen-pal.so.40  0000146D28C1B210  pmix3x_abort          Unknown  Unknown
libopen-rte.so.40  0000146D2996EC27  Unknown               Unknown  Unknown
libopen-rte.so.40  0000146D299869B6  orte_errmgr_base_     Unknown  Unknown
libopen-rte.so.40  0000146D2997675B  Unknown               Unknown  Unknown
libmpi.so.40.30.2  0000146D2F0DA0DA  ompi_mpi_abort        Unknown  Unknown
libmpi_mpifh.so    0000146D2F40A2BE  Unknown               Unknown  Unknown
MOM6               000000000123433E  Unknown               Unknown  Unknown
MOM6               000000000086D90F  Unknown               Unknown  Unknown
MOM6               0000000000662AFE  Unknown               Unknown  Unknown
MOM6               0000000000CFA52F  Unknown               Unknown  Unknown
MOM6               0000000000D4F742  Unknown               Unknown  Unknown
MOM6               0000000000D2BE70  Unknown               Unknown  Unknown
MOM6               00000000004A4C7B  Unknown               Unknown  Unknown
MOM6               0000000000498840  Unknown               Unknown  Unknown
MOM6               0000000000FD5DC1  Unknown               Unknown  Unknown
MOM6               000000000040FE22  Unknown               Unknown  Unknown
libc-2.28.so       0000146D2E56AD85  __libc_start_main     Unknown  Unknown
MOM6               000000000040FD2E  Unknown               Unknown  Unknown
forrtl: error (78): process killed (SIGTERM)
Image              PC                Routine            Line        Source             
MOM6               000000000154DC6B  for__signal_handl     Unknown  Unknown
libpthread-2.28.s  000014B4617D2CF0  Unknown               Unknown  Unknown
libpthread-2.28.s  000014B4617CE45A  pthread_cond_wait     Unknown  Unknown
libopen-pal.so.40  000014B45BA793CD  PMIx_Abort            Unknown  Unknown
libopen-pal.so.40  000014B45BAE6210  pmix3x_abort          Unknown  Unknown
libopen-rte.so.40  000014B45C839C27  Unknown               Unknown  Unknown
libopen-rte.so.40  000014B45C8519B6  orte_errmgr_base_     Unknown  Unknown
libopen-rte.so.40  000014B45C84175B  Unknown               Unknown  Unknown
libmpi.so.40.30.2  000014B461FA50DA  ompi_mpi_abort        Unknown  Unknown
libmpi_mpifh.so    000014B4622D52BE  Unknown               Unknown  Unknown
MOM6               000000000123433E  Unknown               Unknown  Unknown
MOM6               000000000086D90F  Unknown               Unknown  Unknown
MOM6               0000000000662AFE  Unknown               Unknown  Unknown
MOM6               0000000000CFA52F  Unknown               Unknown  Unknown
MOM6               0000000000D4F742  Unknown               Unknown  Unknown
MOM6               0000000000D2BE70  Unknown               Unknown  Unknown
MOM6               00000000004A4C7B  Unknown               Unknown  Unknown
MOM6               0000000000498840  Unknown               Unknown  Unknown
MOM6               0000000000FD5DC1  Unknown               Unknown  Unknown
MOM6               000000000040FE22  Unknown               Unknown  Unknown
libc-2.28.so       000014B461435D85  __libc_start_main     Unknown  Unknown
MOM6               000000000040FD2E  Unknown               Unknown  Unknown
forrtl: error (78): process killed (SIGTERM)
Image              PC                Routine            Line        Source             
MOM6               000000000154DC6B  for__signal_handl     Unknown  Unknown
libpthread-2.28.s  0000154ACE0DCCF0  Unknown               Unknown  Unknown
libpthread-2.28.s  0000154ACE0D845A  pthread_cond_wait     Unknown  Unknown
libopen-pal.so.40  0000154AC83833CD  PMIx_Abort            Unknown  Unknown
libopen-pal.so.40  0000154AC83F0210  pmix3x_abort          Unknown  Unknown
libopen-rte.so.40  0000154AC9143C27  Unknown               Unknown  Unknown
libopen-rte.so.40  0000154AC915B9B6  orte_errmgr_base_     Unknown  Unknown
libopen-rte.so.40  0000154AC914B75B  Unknown               Unknown  Unknown
libmpi.so.40.30.2  0000154ACE8AF0DA  ompi_mpi_abort        Unknown  Unknown
libmpi_mpifh.so    0000154ACEBDF2BE  Unknown               Unknown  Unknown
MOM6               000000000123433E  Unknown               Unknown  Unknown
MOM6               000000000086D90F  Unknown               Unknown  Unknown
MOM6               0000000000662AFE  Unknown               Unknown  Unknown
MOM6               0000000000CFA52F  Unknown               Unknown  Unknown
MOM6               0000000000D4F742  Unknown               Unknown  Unknown
MOM6               0000000000D2BE70  Unknown               Unknown  Unknown
MOM6               00000000004A4C7B  Unknown               Unknown  Unknown
MOM6               0000000000498840  Unknown               Unknown  Unknown
MOM6               0000000000FD5DC1  Unknown               Unknown  Unknown
MOM6               000000000040FE22  Unknown               Unknown  Unknown
libc-2.28.so       0000154ACDD3FD85  __libc_start_main     Unknown  Unknown
MOM6               000000000040FD2E  Unknown               Unknown  Unknown
forrtl: error (78): process killed (SIGTERM)
Image              PC                Routine            Line        Source             
MOM6               000000000154DC6B  for__signal_handl     Unknown  Unknown
libpthread-2.28.s  0000155400F29CF0  Unknown               Unknown  Unknown
libpthread-2.28.s  0000155400F2545A  pthread_cond_wait     Unknown  Unknown
libopen-pal.so.40  00001553FB1D03CD  PMIx_Abort            Unknown  Unknown
libopen-pal.so.40  00001553FB23D210  pmix3x_abort          Unknown  Unknown
libopen-rte.so.40  00001553FBF90C27  Unknown               Unknown  Unknown
libopen-rte.so.40  00001553FBFA89B6  orte_errmgr_base_     Unknown  Unknown
libopen-rte.so.40  00001553FBF9875B  Unknown               Unknown  Unknown
libmpi.so.40.30.2  00001554016FC0DA  ompi_mpi_abort        Unknown  Unknown
libmpi_mpifh.so    0000155401A2C2BE  Unknown               Unknown  Unknown
MOM6               000000000123433E  Unknown               Unknown  Unknown
MOM6               000000000086D90F  Unknown               Unknown  Unknown
MOM6               0000000000662AFE  Unknown               Unknown  Unknown
MOM6               0000000000CFA52F  Unknown               Unknown  Unknown
MOM6               0000000000D4F742  Unknown               Unknown  Unknown
MOM6               0000000000D2BE70  Unknown               Unknown  Unknown
MOM6               00000000004A4C7B  Unknown               Unknown  Unknown
MOM6               0000000000498840  Unknown               Unknown  Unknown
MOM6               0000000000FD5DC1  Unknown               Unknown  Unknown
MOM6               000000000040FE22  Unknown               Unknown  Unknown
libc-2.28.so       0000155400B8CD85  __libc_start_main     Unknown  Unknown
MOM6               000000000040FD2E  Unknown               Unknown  Unknown
forrtl: error (78): process killed (SIGTERM)
Image              PC                Routine            Line        Source             
MOM6               000000000154DC6B  for__signal_handl     Unknown  Unknown
libpthread-2.28.s  000014DDC5C63CF0  Unknown               Unknown  Unknown
libpthread-2.28.s  000014DDC5C5F45A  pthread_cond_wait     Unknown  Unknown
libopen-pal.so.40  000014DDBFF0A3CD  PMIx_Abort            Unknown  Unknown
libopen-pal.so.40  000014DDBFF77210  pmix3x_abort          Unknown  Unknown
libopen-rte.so.40  000014DDC0CCAC27  Unknown               Unknown  Unknown
libopen-rte.so.40  000014DDC0CE29B6  orte_errmgr_base_     Unknown  Unknown
libopen-rte.so.40  000014DDC0CD275B  Unknown               Unknown  Unknown
libmpi.so.40.30.2  000014DDC64360DA  ompi_mpi_abort        Unknown  Unknown
libmpi_mpifh.so    000014DDC67662BE  Unknown               Unknown  Unknown
MOM6               000000000123433E  Unknown               Unknown  Unknown
MOM6               000000000086D90F  Unknown               Unknown  Unknown
MOM6               0000000000662AFE  Unknown               Unknown  Unknown
MOM6               0000000000CFA52F  Unknown               Unknown  Unknown
MOM6               0000000000D4F742  Unknown               Unknown  Unknown
MOM6               0000000000D2BE70  Unknown               Unknown  Unknown
MOM6               00000000004A4C7B  Unknown               Unknown  Unknown
MOM6               0000000000498840  Unknown               Unknown  Unknown
MOM6               0000000000FD5DC1  Unknown               Unknown  Unknown
MOM6               000000000040FE22  Unknown               Unknown  Unknown
libc-2.28.so       000014DDC58C6D85  __libc_start_main     Unknown  Unknown
MOM6               000000000040FD2E  Unknown               Unknown  Unknown
forrtl: error (78): process killed (SIGTERM)
Image              PC                Routine            Line        Source             
MOM6               000000000154DC6B  for__signal_handl     Unknown  Unknown
libpthread-2.28.s  0000153EFD317CF0  Unknown               Unknown  Unknown
libpthread-2.28.s  0000153EFD31345A  pthread_cond_wait     Unknown  Unknown
libopen-pal.so.40  0000153EF75BE3CD  PMIx_Abort            Unknown  Unknown
libopen-pal.so.40  0000153EF762B210  pmix3x_abort          Unknown  Unknown
libopen-rte.so.40  0000153EF837EC27  Unknown               Unknown  Unknown
libopen-rte.so.40  0000153EF83969B6  orte_errmgr_base_     Unknown  Unknown
libopen-rte.so.40  0000153EF838675B  Unknown               Unknown  Unknown
libmpi.so.40.30.2  0000153EFDAEA0DA  ompi_mpi_abort        Unknown  Unknown
libmpi_mpifh.so    0000153EFDE1A2BE  Unknown               Unknown  Unknown
MOM6               000000000123433E  Unknown               Unknown  Unknown
MOM6               000000000086D90F  Unknown               Unknown  Unknown
MOM6               0000000000662AFE  Unknown               Unknown  Unknown
MOM6               0000000000CFA52F  Unknown               Unknown  Unknown
MOM6               0000000000D4F742  Unknown               Unknown  Unknown
MOM6               0000000000D2BE70  Unknown               Unknown  Unknown
MOM6               00000000004A4C7B  Unknown               Unknown  Unknown
MOM6               0000000000498840  Unknown               Unknown  Unknown
MOM6               0000000000FD5DC1  Unknown               Unknown  Unknown
MOM6               000000000040FE22  Unknown               Unknown  Unknown
libc-2.28.so       0000153EFCF7AD85  __libc_start_main     Unknown  Unknown
MOM6               000000000040FD2E  Unknown               Unknown  Unknown
forrtl: error (78): process killed (SIGTERM)
Image              PC                Routine            Line        Source             
MOM6               000000000154DC6B  for__signal_handl     Unknown  Unknown
libpthread-2.28.s  0000151CE6418CF0  Unknown               Unknown  Unknown
libpthread-2.28.s  0000151CE641445A  pthread_cond_wait     Unknown  Unknown
libopen-pal.so.40  0000151CE06BF3CD  PMIx_Abort            Unknown  Unknown
libopen-pal.so.40  0000151CE072C210  pmix3x_abort          Unknown  Unknown
libopen-rte.so.40  0000151CE147FC27  Unknown               Unknown  Unknown
libopen-rte.so.40  0000151CE14979B6  orte_errmgr_base_     Unknown  Unknown
libopen-rte.so.40  0000151CE148775B  Unknown               Unknown  Unknown
libmpi.so.40.30.2  0000151CE6BEB0DA  ompi_mpi_abort        Unknown  Unknown
libmpi_mpifh.so    0000151CE6F1B2BE  Unknown               Unknown  Unknown
MOM6               000000000123433E  Unknown               Unknown  Unknown
MOM6               000000000086D90F  Unknown               Unknown  Unknown
MOM6               0000000000662AFE  Unknown               Unknown  Unknown
MOM6               0000000000CFA52F  Unknown               Unknown  Unknown
MOM6               0000000000D4F742  Unknown               Unknown  Unknown
MOM6               0000000000D2BE70  Unknown               Unknown  Unknown
MOM6               00000000004A4C7B  Unknown               Unknown  Unknown
MOM6               0000000000498840  Unknown               Unknown  Unknown
MOM6               0000000000FD5DC1  Unknown               Unknown  Unknown
MOM6               000000000040FE22  Unknown               Unknown  Unknown
libc-2.28.so       0000151CE607BD85  __libc_start_main     Unknown  Unknown
MOM6               000000000040FD2E  Unknown               Unknown  Unknown
forrtl: error (78): process killed (SIGTERM)
Image              PC                Routine            Line        Source             
MOM6               000000000154DC6B  for__signal_handl     Unknown  Unknown
libpthread-2.28.s  0000145ECC387CF0  Unknown               Unknown  Unknown
libpthread-2.28.s  0000145ECC38345A  pthread_cond_wait     Unknown  Unknown
libopen-pal.so.40  0000145EC662E3CD  PMIx_Abort            Unknown  Unknown
libopen-pal.so.40  0000145EC669B210  pmix3x_abort          Unknown  Unknown
libopen-rte.so.40  0000145EC73EEC27  Unknown               Unknown  Unknown
libopen-rte.so.40  0000145EC74069B6  orte_errmgr_base_     Unknown  Unknown
libopen-rte.so.40  0000145EC73F675B  Unknown               Unknown  Unknown
libmpi.so.40.30.2  0000145ECCB5A0DA  ompi_mpi_abort        Unknown  Unknown
libmpi_mpifh.so    0000145ECCE8A2BE  Unknown               Unknown  Unknown
MOM6               000000000123433E  Unknown               Unknown  Unknown
MOM6               000000000086D90F  Unknown               Unknown  Unknown
MOM6               0000000000662AFE  Unknown               Unknown  Unknown
MOM6               0000000000CFA52F  Unknown               Unknown  Unknown
MOM6               0000000000D4F742  Unknown               Unknown  Unknown
MOM6               0000000000D2BE70  Unknown               Unknown  Unknown
MOM6               00000000004A4C7B  Unknown               Unknown  Unknown
MOM6               0000000000498840  Unknown               Unknown  Unknown
MOM6               0000000000FD5DC1  Unknown               Unknown  Unknown
MOM6               000000000040FE22  Unknown               Unknown  Unknown
libc-2.28.so       0000145ECBFEAD85  __libc_start_main     Unknown  Unknown
MOM6               000000000040FD2E  Unknown               Unknown  Unknown
forrtl: error (78): process killed (SIGTERM)
Image              PC                Routine            Line        Source             
MOM6               000000000154DC6B  for__signal_handl     Unknown  Unknown
libpthread-2.28.s  000014E3DE97DCF0  Unknown               Unknown  Unknown
libpthread-2.28.s  000014E3DE97945A  pthread_cond_wait     Unknown  Unknown
libopen-pal.so.40  000014E3D8C243CD  PMIx_Abort            Unknown  Unknown
libopen-pal.so.40  000014E3D8C91210  pmix3x_abort          Unknown  Unknown
libopen-rte.so.40  000014E3D99E4C27  Unknown               Unknown  Unknown
libopen-rte.so.40  000014E3D99FC9B6  orte_errmgr_base_     Unknown  Unknown
libopen-rte.so.40  000014E3D99EC75B  Unknown               Unknown  Unknown
libmpi.so.40.30.2  000014E3DF1500DA  ompi_mpi_abort        Unknown  Unknown
libmpi_mpifh.so    000014E3DF4802BE  Unknown               Unknown  Unknown
MOM6               000000000123433E  Unknown               Unknown  Unknown
MOM6               000000000086D90F  Unknown               Unknown  Unknown
MOM6               0000000000662AFE  Unknown               Unknown  Unknown
MOM6               0000000000CFA52F  Unknown               Unknown  Unknown
MOM6               0000000000D4F742  Unknown               Unknown  Unknown
MOM6               0000000000D2BE70  Unknown               Unknown  Unknown
MOM6               00000000004A4C7B  Unknown               Unknown  Unknown
MOM6               0000000000498840  Unknown               Unknown  Unknown
MOM6               0000000000FD5DC1  Unknown               Unknown  Unknown
MOM6               000000000040FE22  Unknown               Unknown  Unknown
libc-2.28.so       000014E3DE5E0D85  __libc_start_main     Unknown  Unknown
MOM6               000000000040FD2E  Unknown               Unknown  Unknown
forrtl: error (78): process killed (SIGTERM)
Image              PC                Routine            Line        Source             
MOM6               000000000154DC6B  for__signal_handl     Unknown  Unknown
libpthread-2.28.s  000014D8FB780CF0  Unknown               Unknown  Unknown
libpthread-2.28.s  000014D8FB77C45A  pthread_cond_wait     Unknown  Unknown
libopen-pal.so.40  000014D8F5A273CD  PMIx_Abort            Unknown  Unknown
libopen-pal.so.40  000014D8F5A94210  pmix3x_abort          Unknown  Unknown
libopen-rte.so.40  000014D8F67E7C27  Unknown               Unknown  Unknown
libopen-rte.so.40  000014D8F67FF9B6  orte_errmgr_base_     Unknown  Unknown
libopen-rte.so.40  000014D8F67EF75B  Unknown               Unknown  Unknown
libmpi.so.40.30.2  000014D8FBF530DA  ompi_mpi_abort        Unknown  Unknown
libmpi_mpifh.so    000014D8FC2832BE  Unknown               Unknown  Unknown
MOM6               000000000123433E  Unknown               Unknown  Unknown
MOM6               000000000086D90F  Unknown               Unknown  Unknown
MOM6               0000000000662AFE  Unknown               Unknown  Unknown
MOM6               0000000000CFA52F  Unknown               Unknown  Unknown
MOM6               0000000000D4F742  Unknown               Unknown  Unknown
MOM6               0000000000D2BE70  Unknown               Unknown  Unknown
MOM6               00000000004A4C7B  Unknown               Unknown  Unknown
MOM6               0000000000498840  Unknown               Unknown  Unknown
MOM6               0000000000FD5DC1  Unknown               Unknown  Unknown
MOM6               000000000040FE22  Unknown               Unknown  Unknown
libc-2.28.so       000014D8FB3E3D85  __libc_start_main     Unknown  Unknown
MOM6               000000000040FD2E  Unknown               Unknown  Unknown
[gadi-cpu-clx-2416.gadi.nci.org.au:1794252] 47 more processes have sent help message help-mpi-api.txt / mpi-abort
[gadi-cpu-clx-2416.gadi.nci.org.au:1794252] Set MCA parameter "orte_base_help_aggregate" to 0 to see all help / error messages
