
WARNING from PE     0: MOM_file_parser : DT over-ridden.  Line: 'DT = 720' in file MOM_override.


WARNING from PE     0: MOM_file_parser : DT_THERM over-ridden.  Line: 'DT_THERM = 720' in file MOM_override.


WARNING from PE     0: MOM_file_parser : HMIX_SFC_PROP over-ridden.  Line: 'HMIX_SFC_PROP = 10.' in file MOM_override.


WARNING from PE     0: diag_manager_mod::diag_manager_init: DIAG_MANAGER_NML not found in input.nml.  Using defaults.


WARNING from PE     0: MOM_file_parser : SPONGE over-ridden.  Line: 'SPONGE = True' in file MOM_override.


WARNING from PE     0: MOM_file_parser : USE_JACKSON_PARAM over-ridden.  Line: 'USE_JACKSON_PARAM = True' in file MOM_override.


WARNING from PE     0: MOM_file_parser : SHELF_THERMO over-ridden.  Line: 'SHELF_THERMO = True' in file MOM_override.


WARNING from PE     0: MOM_file_parser : SHELF_THREE_EQN over-ridden.  Line: 'SHELF_THREE_EQN = True' in file MOM_override.


WARNING from PE     0: MOM_file_parser : SHELF_S_ROOT over-ridden.  Line: 'SHELF_S_ROOT = False' in file MOM_override.


WARNING from PE     0: MOM_file_parser : SHELF_3EQ_GAMMA_T over-ridden.  Line: 'SHELF_3EQ_GAMMA_T = 0.012' in file MOM_override.


WARNING from PE     0: Ice shelf thickness initialized without setting the shelf mask from variable h_mask, which does not exist in INPUT/Gustavo_Ocean1_3D.nc


WARNING from PE     0: MOM_file_parser : SPONGE_CONFIG over-ridden.  Line: 'SPONGE_CONFIG = "ISOMIP"' in file MOM_override.


WARNING from PE     0: MOM_file_parser : ISOMIP_TNUDG over-ridden.  Line: 'ISOMIP_TNUDG = 0.1' in file MOM_override.


WARNING from PE     0: MOM_file_parser : NUM_DIAG_COORDS over-ridden.  Line: 'NUM_DIAG_COORDS = 2' in file MOM_override.


WARNING from PE     0: MOM_file_parser : DIAG_COORDS over-ridden.  Line: 'DIAG_COORDS = "z Z ZSTAR", "rho2 RHO2 RHO"' in file MOM_override.


WARNING from PE     0: MOM_file_parser : DIAG_COORD_DEF_Z over-ridden.  Line: 'DIAG_COORD_DEF_Z = "FILE:vert_isomip.nc,interfaces=st_edges_ocean"' in file MOM_override.


WARNING from PE     0: MOM_file_parser : HTBL_SHELF_MIN over-ridden.  Line: 'HTBL_SHELF_MIN = 10.0' in file MOM_override.


WARNING from PE     0: MOM_file_parser : KV over-ridden.  Line: 'KV = 1.0E-3' in file MOM_override.


WARNING from PE     0: MOM_file_parser : KH over-ridden.  Line: 'KH = 6.0' in file MOM_override.


WARNING from PE     0: MOM_file_parser : SMAGORINSKY_KH over-ridden.  Line: 'SMAGORINSKY_KH = False' in file MOM_override.


WARNING from PE     0: MOM_file_parser : BIHARMONIC over-ridden.  Line: 'BIHARMONIC = False' in file MOM_override.


WARNING from PE     0: MOM_file_parser : KD over-ridden.  Line: 'KD = 5.0E-5' in file MOM_override.


WARNING from PE     0: Previous msg:DT_FORCING = 300.0              !   [s] default = 0.0


WARNING from PE     0: New message :DT_FORCING = 300.0              !   [s] default = 720.0


WARNING from PE     0: Encountered inconsistent documentation line for parameter DT_FORCING!


WARNING from PE     0: MOM_file_parser : DAYMAX over-ridden.  Line: 'DAYMAX = 730' in file MOM_override.


WARNING from PE     0: Unused line in MOM_input : FIT_SALINITY = True


WARNING from PE     0: Unused line in MOM_input : SHELF_2EQ_GAMMA_T = 0.0


WARNING from PE     0: Unused line in MOM_input : WRITE_OUTPUT_TO_FILE = True


WARNING from PE     0: Unused line in MOM_override : #override USE_HMIX_SFC_PROP = True


WARNING from PE     0: Unused line in MOM_override : ISOMIP_SPONGE_FILE = "3D_LAYER_WARM_IC.nc"


WARNING from PE     0: diag_util_mod::opening_file: module/field_name (ice_shelf_model/h_mask) NOT registered


WARNING from PE     0: diag_util_mod::opening_file: module/field_name (ice_shelf_model/MR_r22) NOT registered


WARNING from PE     0: diag_util_mod::opening_file: module/field_name (ocean_model_z/depth_ocean) NOT registered


FATAL from PE    37: write_energy : Ocean velocity has been truncated too many times.


FATAL from PE    44: write_energy : Ocean velocity has been truncated too many times.


FATAL from PE    46: write_energy : Ocean velocity has been truncated too many times.


FATAL from PE    26: write_energy : Ocean velocity has been truncated too many times.


FATAL from PE    28: write_energy : Ocean velocity has been truncated too many times.


FATAL from PE    29: write_energy : Ocean velocity has been truncated too many times.


FATAL from PE     1: write_energy : Ocean velocity has been truncated too many times.


FATAL from PE     2: write_energy : Ocean velocity has been truncated too many times.


FATAL from PE     4: write_energy : Ocean velocity has been truncated too many times.


FATAL from PE     6: write_energy : Ocean velocity has been truncated too many times.


FATAL from PE     7: write_energy : Ocean velocity has been truncated too many times.


FATAL from PE     9: write_energy : Ocean velocity has been truncated too many times.


FATAL from PE    12: write_energy : Ocean velocity has been truncated too many times.


FATAL from PE    25: write_energy : Ocean velocity has been truncated too many times.


FATAL from PE    40: write_energy : Ocean velocity has been truncated too many times.


FATAL from PE    41: write_energy : Ocean velocity has been truncated too many times.


FATAL from PE    42: write_energy : Ocean velocity has been truncated too many times.


FATAL from PE    47: write_energy : Ocean velocity has been truncated too many times.


FATAL from PE     5: write_energy : Ocean velocity has been truncated too many times.


FATAL from PE     8: write_energy : Ocean velocity has been truncated too many times.


FATAL from PE    10: write_energy : Ocean velocity has been truncated too many times.


FATAL from PE    11: write_energy : Ocean velocity has been truncated too many times.


FATAL from PE    13: write_energy : Ocean velocity has been truncated too many times.


FATAL from PE    14: write_energy : Ocean velocity has been truncated too many times.


FATAL from PE    16: write_energy : Ocean velocity has been truncated too many times.


FATAL from PE    18: write_energy : Ocean velocity has been truncated too many times.


FATAL from PE    19: write_energy : Ocean velocity has been truncated too many times.


FATAL from PE    21: write_energy : Ocean velocity has been truncated too many times.


FATAL from PE    23: write_energy : Ocean velocity has been truncated too many times.


FATAL from PE    24: write_energy : Ocean velocity has been truncated too many times.


FATAL from PE    30: write_energy : Ocean velocity has been truncated too many times.


FATAL from PE    31: write_energy : Ocean velocity has been truncated too many times.


FATAL from PE    33: write_energy : Ocean velocity has been truncated too many times.


FATAL from PE    36: write_energy : Ocean velocity has been truncated too many times.


FATAL from PE    38: write_energy : Ocean velocity has been truncated too many times.


FATAL from PE    43: write_energy : Ocean velocity has been truncated too many times.


FATAL from PE    45: write_energy : Ocean velocity has been truncated too many times.


FATAL from PE     3: write_energy : Ocean velocity has been truncated too many times.


FATAL from PE    15: write_energy : Ocean velocity has been truncated too many times.


FATAL from PE    17: write_energy : Ocean velocity has been truncated too many times.


FATAL from PE    20: write_energy : Ocean velocity has been truncated too many times.


FATAL from PE    22: write_energy : Ocean velocity has been truncated too many times.


FATAL from PE    27: write_energy : Ocean velocity has been truncated too many times.


FATAL from PE    32: write_energy : Ocean velocity has been truncated too many times.


FATAL from PE    34: write_energy : Ocean velocity has been truncated too many times.


FATAL from PE    39: write_energy : Ocean velocity has been truncated too many times.


FATAL from PE    35: write_energy : Ocean velocity has been truncated too many times.


FATAL from PE     0: write_energy : Ocean velocity has been truncated too many times.

--------------------------------------------------------------------------
MPI_ABORT was invoked on rank 37 in communicator MPI_COMM_WORLD
with errorcode 1.

NOTE: invoking MPI_ABORT causes Open MPI to kill all MPI processes.
You may or may not see output from other processes, depending on
exactly when Open MPI kills them.
--------------------------------------------------------------------------
[gadi-cpu-clx-0500.gadi.nci.org.au:1185007] PMIX ERROR: UNREACHABLE in file /jobfs/35197837.gadi-pbs/0/openmpi/4.1.2/source/openmpi-4.1.2/opal/mca/pmix/pmix3x/pmix/src/server/pmix_server.c at line 2198
[gadi-cpu-clx-0500.gadi.nci.org.au:1185007] PMIX ERROR: UNREACHABLE in file /jobfs/35197837.gadi-pbs/0/openmpi/4.1.2/source/openmpi-4.1.2/opal/mca/pmix/pmix3x/pmix/src/server/pmix_server.c at line 2198
[gadi-cpu-clx-0500.gadi.nci.org.au:1185007] PMIX ERROR: UNREACHABLE in file /jobfs/35197837.gadi-pbs/0/openmpi/4.1.2/source/openmpi-4.1.2/opal/mca/pmix/pmix3x/pmix/src/server/pmix_server.c at line 2198
[gadi-cpu-clx-0500.gadi.nci.org.au:1185007] PMIX ERROR: UNREACHABLE in file /jobfs/35197837.gadi-pbs/0/openmpi/4.1.2/source/openmpi-4.1.2/opal/mca/pmix/pmix3x/pmix/src/server/pmix_server.c at line 2198
[gadi-cpu-clx-0500.gadi.nci.org.au:1185007] PMIX ERROR: UNREACHABLE in file /jobfs/35197837.gadi-pbs/0/openmpi/4.1.2/source/openmpi-4.1.2/opal/mca/pmix/pmix3x/pmix/src/server/pmix_server.c at line 2198
[gadi-cpu-clx-0500.gadi.nci.org.au:1185007] PMIX ERROR: UNREACHABLE in file /jobfs/35197837.gadi-pbs/0/openmpi/4.1.2/source/openmpi-4.1.2/opal/mca/pmix/pmix3x/pmix/src/server/pmix_server.c at line 2198
[gadi-cpu-clx-0500.gadi.nci.org.au:1185007] PMIX ERROR: UNREACHABLE in file /jobfs/35197837.gadi-pbs/0/openmpi/4.1.2/source/openmpi-4.1.2/opal/mca/pmix/pmix3x/pmix/src/server/pmix_server.c at line 2198
[gadi-cpu-clx-0500.gadi.nci.org.au:1185007] PMIX ERROR: UNREACHABLE in file /jobfs/35197837.gadi-pbs/0/openmpi/4.1.2/source/openmpi-4.1.2/opal/mca/pmix/pmix3x/pmix/src/server/pmix_server.c at line 2198
[gadi-cpu-clx-0500.gadi.nci.org.au:1185007] PMIX ERROR: UNREACHABLE in file /jobfs/35197837.gadi-pbs/0/openmpi/4.1.2/source/openmpi-4.1.2/opal/mca/pmix/pmix3x/pmix/src/server/pmix_server.c at line 2198
[gadi-cpu-clx-0500.gadi.nci.org.au:1185007] PMIX ERROR: UNREACHABLE in file /jobfs/35197837.gadi-pbs/0/openmpi/4.1.2/source/openmpi-4.1.2/opal/mca/pmix/pmix3x/pmix/src/server/pmix_server.c at line 2198
[gadi-cpu-clx-0500.gadi.nci.org.au:1185007] PMIX ERROR: UNREACHABLE in file /jobfs/35197837.gadi-pbs/0/openmpi/4.1.2/source/openmpi-4.1.2/opal/mca/pmix/pmix3x/pmix/src/server/pmix_server.c at line 2198
[gadi-cpu-clx-0500.gadi.nci.org.au:1185007] PMIX ERROR: UNREACHABLE in file /jobfs/35197837.gadi-pbs/0/openmpi/4.1.2/source/openmpi-4.1.2/opal/mca/pmix/pmix3x/pmix/src/server/pmix_server.c at line 2198
[gadi-cpu-clx-0500.gadi.nci.org.au:1185007] PMIX ERROR: UNREACHABLE in file /jobfs/35197837.gadi-pbs/0/openmpi/4.1.2/source/openmpi-4.1.2/opal/mca/pmix/pmix3x/pmix/src/server/pmix_server.c at line 2198
[gadi-cpu-clx-0500.gadi.nci.org.au:1185007] PMIX ERROR: UNREACHABLE in file /jobfs/35197837.gadi-pbs/0/openmpi/4.1.2/source/openmpi-4.1.2/opal/mca/pmix/pmix3x/pmix/src/server/pmix_server.c at line 2198
[gadi-cpu-clx-0500.gadi.nci.org.au:1185007] PMIX ERROR: UNREACHABLE in file /jobfs/35197837.gadi-pbs/0/openmpi/4.1.2/source/openmpi-4.1.2/opal/mca/pmix/pmix3x/pmix/src/server/pmix_server.c at line 2198
[gadi-cpu-clx-0500.gadi.nci.org.au:1185007] PMIX ERROR: UNREACHABLE in file /jobfs/35197837.gadi-pbs/0/openmpi/4.1.2/source/openmpi-4.1.2/opal/mca/pmix/pmix3x/pmix/src/server/pmix_server.c at line 2198
[gadi-cpu-clx-0500.gadi.nci.org.au:1185007] PMIX ERROR: UNREACHABLE in file /jobfs/35197837.gadi-pbs/0/openmpi/4.1.2/source/openmpi-4.1.2/opal/mca/pmix/pmix3x/pmix/src/server/pmix_server.c at line 2198
[gadi-cpu-clx-0500.gadi.nci.org.au:1185007] PMIX ERROR: UNREACHABLE in file /jobfs/35197837.gadi-pbs/0/openmpi/4.1.2/source/openmpi-4.1.2/opal/mca/pmix/pmix3x/pmix/src/server/pmix_server.c at line 2198
[gadi-cpu-clx-0500.gadi.nci.org.au:1185007] PMIX ERROR: UNREACHABLE in file /jobfs/35197837.gadi-pbs/0/openmpi/4.1.2/source/openmpi-4.1.2/opal/mca/pmix/pmix3x/pmix/src/server/pmix_server.c at line 2198
[gadi-cpu-clx-0500.gadi.nci.org.au:1185007] PMIX ERROR: UNREACHABLE in file /jobfs/35197837.gadi-pbs/0/openmpi/4.1.2/source/openmpi-4.1.2/opal/mca/pmix/pmix3x/pmix/src/server/pmix_server.c at line 2198
[gadi-cpu-clx-0500.gadi.nci.org.au:1185007] PMIX ERROR: UNREACHABLE in file /jobfs/35197837.gadi-pbs/0/openmpi/4.1.2/source/openmpi-4.1.2/opal/mca/pmix/pmix3x/pmix/src/server/pmix_server.c at line 2198
[gadi-cpu-clx-0500.gadi.nci.org.au:1185007] PMIX ERROR: UNREACHABLE in file /jobfs/35197837.gadi-pbs/0/openmpi/4.1.2/source/openmpi-4.1.2/opal/mca/pmix/pmix3x/pmix/src/server/pmix_server.c at line 2198
[gadi-cpu-clx-0500.gadi.nci.org.au:1185007] PMIX ERROR: UNREACHABLE in file /jobfs/35197837.gadi-pbs/0/openmpi/4.1.2/source/openmpi-4.1.2/opal/mca/pmix/pmix3x/pmix/src/server/pmix_server.c at line 2198
[gadi-cpu-clx-0500.gadi.nci.org.au:1185007] PMIX ERROR: UNREACHABLE in file /jobfs/35197837.gadi-pbs/0/openmpi/4.1.2/source/openmpi-4.1.2/opal/mca/pmix/pmix3x/pmix/src/server/pmix_server.c at line 2198
[gadi-cpu-clx-0500.gadi.nci.org.au:1185007] PMIX ERROR: UNREACHABLE in file /jobfs/35197837.gadi-pbs/0/openmpi/4.1.2/source/openmpi-4.1.2/opal/mca/pmix/pmix3x/pmix/src/server/pmix_server.c at line 2198
[gadi-cpu-clx-0500.gadi.nci.org.au:1185007] PMIX ERROR: UNREACHABLE in file /jobfs/35197837.gadi-pbs/0/openmpi/4.1.2/source/openmpi-4.1.2/opal/mca/pmix/pmix3x/pmix/src/server/pmix_server.c at line 2198
[gadi-cpu-clx-0500.gadi.nci.org.au:1185007] PMIX ERROR: UNREACHABLE in file /jobfs/35197837.gadi-pbs/0/openmpi/4.1.2/source/openmpi-4.1.2/opal/mca/pmix/pmix3x/pmix/src/server/pmix_server.c at line 2198
[gadi-cpu-clx-0500.gadi.nci.org.au:1185007] PMIX ERROR: UNREACHABLE in file /jobfs/35197837.gadi-pbs/0/openmpi/4.1.2/source/openmpi-4.1.2/opal/mca/pmix/pmix3x/pmix/src/server/pmix_server.c at line 2198
[gadi-cpu-clx-0500.gadi.nci.org.au:1185007] PMIX ERROR: UNREACHABLE in file /jobfs/35197837.gadi-pbs/0/openmpi/4.1.2/source/openmpi-4.1.2/opal/mca/pmix/pmix3x/pmix/src/server/pmix_server.c at line 2198
[gadi-cpu-clx-0500.gadi.nci.org.au:1185007] PMIX ERROR: UNREACHABLE in file /jobfs/35197837.gadi-pbs/0/openmpi/4.1.2/source/openmpi-4.1.2/opal/mca/pmix/pmix3x/pmix/src/server/pmix_server.c at line 2198
[gadi-cpu-clx-0500.gadi.nci.org.au:1185007] PMIX ERROR: UNREACHABLE in file /jobfs/35197837.gadi-pbs/0/openmpi/4.1.2/source/openmpi-4.1.2/opal/mca/pmix/pmix3x/pmix/src/server/pmix_server.c at line 2198
[gadi-cpu-clx-0500.gadi.nci.org.au:1185007] PMIX ERROR: UNREACHABLE in file /jobfs/35197837.gadi-pbs/0/openmpi/4.1.2/source/openmpi-4.1.2/opal/mca/pmix/pmix3x/pmix/src/server/pmix_server.c at line 2198
[gadi-cpu-clx-0500.gadi.nci.org.au:1185007] PMIX ERROR: UNREACHABLE in file /jobfs/35197837.gadi-pbs/0/openmpi/4.1.2/source/openmpi-4.1.2/opal/mca/pmix/pmix3x/pmix/src/server/pmix_server.c at line 2198
[gadi-cpu-clx-0500.gadi.nci.org.au:1185007] PMIX ERROR: UNREACHABLE in file /jobfs/35197837.gadi-pbs/0/openmpi/4.1.2/source/openmpi-4.1.2/opal/mca/pmix/pmix3x/pmix/src/server/pmix_server.c at line 2198
[gadi-cpu-clx-0500.gadi.nci.org.au:1185007] PMIX ERROR: UNREACHABLE in file /jobfs/35197837.gadi-pbs/0/openmpi/4.1.2/source/openmpi-4.1.2/opal/mca/pmix/pmix3x/pmix/src/server/pmix_server.c at line 2198
[gadi-cpu-clx-0500.gadi.nci.org.au:1185007] PMIX ERROR: UNREACHABLE in file /jobfs/35197837.gadi-pbs/0/openmpi/4.1.2/source/openmpi-4.1.2/opal/mca/pmix/pmix3x/pmix/src/server/pmix_server.c at line 2198
[gadi-cpu-clx-0500.gadi.nci.org.au:1185007] PMIX ERROR: UNREACHABLE in file /jobfs/35197837.gadi-pbs/0/openmpi/4.1.2/source/openmpi-4.1.2/opal/mca/pmix/pmix3x/pmix/src/server/pmix_server.c at line 2198
[gadi-cpu-clx-0500.gadi.nci.org.au:1185007] PMIX ERROR: UNREACHABLE in file /jobfs/35197837.gadi-pbs/0/openmpi/4.1.2/source/openmpi-4.1.2/opal/mca/pmix/pmix3x/pmix/src/server/pmix_server.c at line 2198
[gadi-cpu-clx-0500.gadi.nci.org.au:1185007] PMIX ERROR: UNREACHABLE in file /jobfs/35197837.gadi-pbs/0/openmpi/4.1.2/source/openmpi-4.1.2/opal/mca/pmix/pmix3x/pmix/src/server/pmix_server.c at line 2198
[gadi-cpu-clx-0500.gadi.nci.org.au:1185007] PMIX ERROR: UNREACHABLE in file /jobfs/35197837.gadi-pbs/0/openmpi/4.1.2/source/openmpi-4.1.2/opal/mca/pmix/pmix3x/pmix/src/server/pmix_server.c at line 2198
[gadi-cpu-clx-0500.gadi.nci.org.au:1185007] PMIX ERROR: UNREACHABLE in file /jobfs/35197837.gadi-pbs/0/openmpi/4.1.2/source/openmpi-4.1.2/opal/mca/pmix/pmix3x/pmix/src/server/pmix_server.c at line 2198
[gadi-cpu-clx-0500.gadi.nci.org.au:1185007] PMIX ERROR: UNREACHABLE in file /jobfs/35197837.gadi-pbs/0/openmpi/4.1.2/source/openmpi-4.1.2/opal/mca/pmix/pmix3x/pmix/src/server/pmix_server.c at line 2198
[gadi-cpu-clx-0500.gadi.nci.org.au:1185007] PMIX ERROR: UNREACHABLE in file /jobfs/35197837.gadi-pbs/0/openmpi/4.1.2/source/openmpi-4.1.2/opal/mca/pmix/pmix3x/pmix/src/server/pmix_server.c at line 2198
[gadi-cpu-clx-0500.gadi.nci.org.au:1185007] PMIX ERROR: UNREACHABLE in file /jobfs/35197837.gadi-pbs/0/openmpi/4.1.2/source/openmpi-4.1.2/opal/mca/pmix/pmix3x/pmix/src/server/pmix_server.c at line 2198
[gadi-cpu-clx-0500.gadi.nci.org.au:1185007] PMIX ERROR: UNREACHABLE in file /jobfs/35197837.gadi-pbs/0/openmpi/4.1.2/source/openmpi-4.1.2/opal/mca/pmix/pmix3x/pmix/src/server/pmix_server.c at line 2198
[gadi-cpu-clx-0500.gadi.nci.org.au:1185007] PMIX ERROR: UNREACHABLE in file /jobfs/35197837.gadi-pbs/0/openmpi/4.1.2/source/openmpi-4.1.2/opal/mca/pmix/pmix3x/pmix/src/server/pmix_server.c at line 2198
[gadi-cpu-clx-0500.gadi.nci.org.au:1185007] PMIX ERROR: UNREACHABLE in file /jobfs/35197837.gadi-pbs/0/openmpi/4.1.2/source/openmpi-4.1.2/opal/mca/pmix/pmix3x/pmix/src/server/pmix_server.c at line 2198
forrtl: error (78): process killed (SIGTERM)
Image              PC                Routine            Line        Source             
MOM6               000000000154DC6B  for__signal_handl     Unknown  Unknown
libpthread-2.28.s  000014B7CA48FCF0  Unknown               Unknown  Unknown
libpthread-2.28.s  000014B7CA48F180  nanosleep             Unknown  Unknown
libopen-rte.so.40  000014B7C553A79A  orte_show_help_no     Unknown  Unknown
libopen-rte.so.40  000014B7C553AAFC  orte_show_help        Unknown  Unknown
libmpi.so.40.30.2  000014B7CAC4AC4A  PMPI_Abort            Unknown  Unknown
libmpi_mpifh.so    000014B7CAF922BE  Unknown               Unknown  Unknown
MOM6               000000000123433E  Unknown               Unknown  Unknown
MOM6               000000000086D90F  Unknown               Unknown  Unknown
MOM6               00000000007D779D  Unknown               Unknown  Unknown
MOM6               0000000000496902  Unknown               Unknown  Unknown
MOM6               0000000000FD5DC1  Unknown               Unknown  Unknown
MOM6               000000000040FE22  Unknown               Unknown  Unknown
libc-2.28.so       000014B7CA0F2D85  __libc_start_main     Unknown  Unknown
MOM6               000000000040FD2E  Unknown               Unknown  Unknown
forrtl: error (78): process killed (SIGTERM)
Image              PC                Routine            Line        Source             
MOM6               000000000154DC6B  for__signal_handl     Unknown  Unknown
libpthread-2.28.s  000014BF1FA70CF0  Unknown               Unknown  Unknown
libpthread-2.28.s  000014BF1FA70180  nanosleep             Unknown  Unknown
libopen-rte.so.40  000014BF1AB1B79A  orte_show_help_no     Unknown  Unknown
libopen-rte.so.40  000014BF1AB1BAFC  orte_show_help        Unknown  Unknown
libmpi.so.40.30.2  000014BF2022BC4A  PMPI_Abort            Unknown  Unknown
libmpi_mpifh.so    000014BF205732BE  Unknown               Unknown  Unknown
MOM6               000000000123433E  Unknown               Unknown  Unknown
MOM6               000000000086D90F  Unknown               Unknown  Unknown
MOM6               00000000007D779D  Unknown               Unknown  Unknown
MOM6               0000000000496902  Unknown               Unknown  Unknown
MOM6               0000000000FD5DC1  Unknown               Unknown  Unknown
MOM6               000000000040FE22  Unknown               Unknown  Unknown
libc-2.28.so       000014BF1F6D3D85  __libc_start_main     Unknown  Unknown
MOM6               000000000040FD2E  Unknown               Unknown  Unknown
forrtl: error (78): process killed (SIGTERM)
Image              PC                Routine            Line        Source             
MOM6               000000000154DC6B  for__signal_handl     Unknown  Unknown
libpthread-2.28.s  000015527B1ADCF0  Unknown               Unknown  Unknown
libpthread-2.28.s  000015527B1AD180  nanosleep             Unknown  Unknown
libopen-rte.so.40  000015527625879A  orte_show_help_no     Unknown  Unknown
libopen-rte.so.40  0000155276258AFC  orte_show_help        Unknown  Unknown
libmpi.so.40.30.2  000015527B968C4A  PMPI_Abort            Unknown  Unknown
libmpi_mpifh.so    000015527BCB02BE  Unknown               Unknown  Unknown
MOM6               000000000123433E  Unknown               Unknown  Unknown
MOM6               000000000086D90F  Unknown               Unknown  Unknown
MOM6               00000000007D779D  Unknown               Unknown  Unknown
MOM6               0000000000496902  Unknown               Unknown  Unknown
MOM6               0000000000FD5DC1  Unknown               Unknown  Unknown
MOM6               000000000040FE22  Unknown               Unknown  Unknown
libc-2.28.so       000015527AE10D85  __libc_start_main     Unknown  Unknown
MOM6               000000000040FD2E  Unknown               Unknown  Unknown
forrtl: error (78): process killed (SIGTERM)
Image              PC                Routine            Line        Source             
MOM6               000000000154DC6B  for__signal_handl     Unknown  Unknown
libpthread-2.28.s  0000154135E67CF0  Unknown               Unknown  Unknown
libpthread-2.28.s  0000154135E6345A  pthread_cond_wait     Unknown  Unknown
libopen-pal.so.40  000015413010D3CD  PMIx_Abort            Unknown  Unknown
libopen-pal.so.40  000015413017A210  pmix3x_abort          Unknown  Unknown
libopen-rte.so.40  0000154130ECEC27  Unknown               Unknown  Unknown
libopen-rte.so.40  0000154130EE69B6  orte_errmgr_base_     Unknown  Unknown
libopen-rte.so.40  0000154130ED675B  Unknown               Unknown  Unknown
libmpi.so.40.30.2  000015413663A0DA  ompi_mpi_abort        Unknown  Unknown
libmpi_mpifh.so    000015413696A2BE  Unknown               Unknown  Unknown
MOM6               000000000123433E  Unknown               Unknown  Unknown
MOM6               000000000086D90F  Unknown               Unknown  Unknown
MOM6               00000000007D779D  Unknown               Unknown  Unknown
MOM6               0000000000496902  Unknown               Unknown  Unknown
MOM6               0000000000FD5DC1  Unknown               Unknown  Unknown
MOM6               000000000040FE22  Unknown               Unknown  Unknown
libc-2.28.so       0000154135ACAD85  __libc_start_main     Unknown  Unknown
MOM6               000000000040FD2E  Unknown               Unknown  Unknown
forrtl: error (78): process killed (SIGTERM)
Image              PC                Routine            Line        Source             
MOM6               000000000154DC6B  for__signal_handl     Unknown  Unknown
libpthread-2.28.s  000014BDF09A5CF0  Unknown               Unknown  Unknown
libpthread-2.28.s  000014BDF09A5180  nanosleep             Unknown  Unknown
libopen-rte.so.40  000014BDEBA5079A  orte_show_help_no     Unknown  Unknown
libopen-rte.so.40  000014BDEBA50AFC  orte_show_help        Unknown  Unknown
libmpi.so.40.30.2  000014BDF1160C4A  PMPI_Abort            Unknown  Unknown
libmpi_mpifh.so    000014BDF14A82BE  Unknown               Unknown  Unknown
MOM6               000000000123433E  Unknown               Unknown  Unknown
MOM6               000000000086D90F  Unknown               Unknown  Unknown
MOM6               00000000007D779D  Unknown               Unknown  Unknown
MOM6               0000000000496902  Unknown               Unknown  Unknown
MOM6               0000000000FD5DC1  Unknown               Unknown  Unknown
MOM6               000000000040FE22  Unknown               Unknown  Unknown
libc-2.28.so       000014BDF0608D85  __libc_start_main     Unknown  Unknown
MOM6               000000000040FD2E  Unknown               Unknown  Unknown
forrtl: error (78): process killed (SIGTERM)
Image              PC                Routine            Line        Source             
MOM6               000000000154DC6B  for__signal_handl     Unknown  Unknown
libpthread-2.28.s  0000152F5DDD7CF0  Unknown               Unknown  Unknown
libpthread-2.28.s  0000152F5DDD345A  pthread_cond_wait     Unknown  Unknown
libopen-pal.so.40  0000152F5807D3CD  PMIx_Abort            Unknown  Unknown
libopen-pal.so.40  0000152F580EA210  pmix3x_abort          Unknown  Unknown
libopen-rte.so.40  0000152F58E3EC27  Unknown               Unknown  Unknown
libopen-rte.so.40  0000152F58E569B6  orte_errmgr_base_     Unknown  Unknown
libopen-rte.so.40  0000152F58E4675B  Unknown               Unknown  Unknown
libmpi.so.40.30.2  0000152F5E5AA0DA  ompi_mpi_abort        Unknown  Unknown
libmpi_mpifh.so    0000152F5E8DA2BE  Unknown               Unknown  Unknown
MOM6               000000000123433E  Unknown               Unknown  Unknown
MOM6               000000000086D90F  Unknown               Unknown  Unknown
MOM6               00000000007D779D  Unknown               Unknown  Unknown
MOM6               0000000000496902  Unknown               Unknown  Unknown
MOM6               0000000000FD5DC1  Unknown               Unknown  Unknown
MOM6               000000000040FE22  Unknown               Unknown  Unknown
libc-2.28.so       0000152F5DA3AD85  __libc_start_main     Unknown  Unknown
MOM6               000000000040FD2E  Unknown               Unknown  Unknown
forrtl: error (78): process killed (SIGTERM)
Image              PC                Routine            Line        Source             
MOM6               000000000154DC6B  for__signal_handl     Unknown  Unknown
libpthread-2.28.s  000014B702883CF0  Unknown               Unknown  Unknown
libpthread-2.28.s  000014B702883180  nanosleep             Unknown  Unknown
libopen-rte.so.40  000014B6FD92E79A  orte_show_help_no     Unknown  Unknown
libopen-rte.so.40  000014B6FD92EAFC  orte_show_help        Unknown  Unknown
libmpi.so.40.30.2  000014B70303EC4A  PMPI_Abort            Unknown  Unknown
libmpi_mpifh.so    000014B7033862BE  Unknown               Unknown  Unknown
MOM6               000000000123433E  Unknown               Unknown  Unknown
MOM6               000000000086D90F  Unknown               Unknown  Unknown
MOM6               00000000007D779D  Unknown               Unknown  Unknown
MOM6               0000000000496902  Unknown               Unknown  Unknown
MOM6               0000000000FD5DC1  Unknown               Unknown  Unknown
MOM6               000000000040FE22  Unknown               Unknown  Unknown
libc-2.28.so       000014B7024E6D85  __libc_start_main     Unknown  Unknown
MOM6               000000000040FD2E  Unknown               Unknown  Unknown
forrtl: error (78): process killed (SIGTERM)
Image              PC                Routine            Line        Source             
MOM6               000000000154DC6B  for__signal_handl     Unknown  Unknown
libpthread-2.28.s  0000154273427CF0  Unknown               Unknown  Unknown
libpthread-2.28.s  0000154273427180  nanosleep             Unknown  Unknown
libopen-rte.so.40  000015426E4D279A  orte_show_help_no     Unknown  Unknown
libopen-rte.so.40  000015426E4D2AFC  orte_show_help        Unknown  Unknown
libmpi.so.40.30.2  0000154273BE2C4A  PMPI_Abort            Unknown  Unknown
libmpi_mpifh.so    0000154273F2A2BE  Unknown               Unknown  Unknown
MOM6               000000000123433E  Unknown               Unknown  Unknown
MOM6               000000000086D90F  Unknown               Unknown  Unknown
MOM6               00000000007D779D  Unknown               Unknown  Unknown
MOM6               0000000000496902  Unknown               Unknown  Unknown
MOM6               0000000000FD5DC1  Unknown               Unknown  Unknown
MOM6               000000000040FE22  Unknown               Unknown  Unknown
libc-2.28.so       000015427308AD85  __libc_start_main     Unknown  Unknown
MOM6               000000000040FD2E  Unknown               Unknown  Unknown
forrtl: error (78): process killed (SIGTERM)
Image              PC                Routine            Line        Source             
MOM6               000000000154DC6B  for__signal_handl     Unknown  Unknown
libpthread-2.28.s  000015470ACC0CF0  Unknown               Unknown  Unknown
libpthread-2.28.s  000015470ACBC45A  pthread_cond_wait     Unknown  Unknown
libopen-pal.so.40  0000154704F663CD  PMIx_Abort            Unknown  Unknown
libopen-pal.so.40  0000154704FD3210  pmix3x_abort          Unknown  Unknown
libopen-rte.so.40  0000154705D27C27  Unknown               Unknown  Unknown
libopen-rte.so.40  0000154705D3F9B6  orte_errmgr_base_     Unknown  Unknown
libopen-rte.so.40  0000154705D2F75B  Unknown               Unknown  Unknown
libmpi.so.40.30.2  000015470B4930DA  ompi_mpi_abort        Unknown  Unknown
libmpi_mpifh.so    000015470B7C32BE  Unknown               Unknown  Unknown
MOM6               000000000123433E  Unknown               Unknown  Unknown
MOM6               000000000086D90F  Unknown               Unknown  Unknown
MOM6               00000000007D779D  Unknown               Unknown  Unknown
MOM6               0000000000496902  Unknown               Unknown  Unknown
MOM6               0000000000FD5DC1  Unknown               Unknown  Unknown
MOM6               000000000040FE22  Unknown               Unknown  Unknown
libc-2.28.so       000015470A923D85  __libc_start_main     Unknown  Unknown
MOM6               000000000040FD2E  Unknown               Unknown  Unknown
forrtl: error (78): process killed (SIGTERM)
Image              PC                Routine            Line        Source             
MOM6               000000000154DC6B  for__signal_handl     Unknown  Unknown
libpthread-2.28.s  000014A4FBF5BCF0  Unknown               Unknown  Unknown
libpthread-2.28.s  000014A4FBF5B180  nanosleep             Unknown  Unknown
libopen-rte.so.40  000014A4F700679A  orte_show_help_no     Unknown  Unknown
libopen-rte.so.40  000014A4F7006AFC  orte_show_help        Unknown  Unknown
libmpi.so.40.30.2  000014A4FC716C4A  PMPI_Abort            Unknown  Unknown
libmpi_mpifh.so    000014A4FCA5E2BE  Unknown               Unknown  Unknown
MOM6               000000000123433E  Unknown               Unknown  Unknown
MOM6               000000000086D90F  Unknown               Unknown  Unknown
MOM6               00000000007D779D  Unknown               Unknown  Unknown
MOM6               0000000000496902  Unknown               Unknown  Unknown
MOM6               0000000000FD5DC1  Unknown               Unknown  Unknown
MOM6               000000000040FE22  Unknown               Unknown  Unknown
libc-2.28.so       000014A4FBBBED85  __libc_start_main     Unknown  Unknown
MOM6               000000000040FD2E  Unknown               Unknown  Unknown
forrtl: error (78): process killed (SIGTERM)
Image              PC                Routine            Line        Source             
MOM6               000000000154DC6B  for__signal_handl     Unknown  Unknown
libpthread-2.28.s  0000153EF3694CF0  Unknown               Unknown  Unknown
libpthread-2.28.s  0000153EF3694180  nanosleep             Unknown  Unknown
libopen-rte.so.40  0000153EEE73F79A  orte_show_help_no     Unknown  Unknown
libopen-rte.so.40  0000153EEE73FAFC  orte_show_help        Unknown  Unknown
libmpi.so.40.30.2  0000153EF3E4FC4A  PMPI_Abort            Unknown  Unknown
libmpi_mpifh.so    0000153EF41972BE  Unknown               Unknown  Unknown
MOM6               000000000123433E  Unknown               Unknown  Unknown
MOM6               000000000086D90F  Unknown               Unknown  Unknown
MOM6               00000000007D779D  Unknown               Unknown  Unknown
MOM6               0000000000496902  Unknown               Unknown  Unknown
MOM6               0000000000FD5DC1  Unknown               Unknown  Unknown
MOM6               000000000040FE22  Unknown               Unknown  Unknown
libc-2.28.so       0000153EF32F7D85  __libc_start_main     Unknown  Unknown
MOM6               000000000040FD2E  Unknown               Unknown  Unknown
forrtl: error (78): process killed (SIGTERM)
Image              PC                Routine            Line        Source             
MOM6               000000000154DC6B  for__signal_handl     Unknown  Unknown
libpthread-2.28.s  0000146E48B69CF0  Unknown               Unknown  Unknown
libpthread-2.28.s  0000146E48B69180  nanosleep             Unknown  Unknown
libopen-rte.so.40  0000146E43C1479A  orte_show_help_no     Unknown  Unknown
libopen-rte.so.40  0000146E43C14AFC  orte_show_help        Unknown  Unknown
libmpi.so.40.30.2  0000146E49324C4A  PMPI_Abort            Unknown  Unknown
libmpi_mpifh.so    0000146E4966C2BE  Unknown               Unknown  Unknown
MOM6               000000000123433E  Unknown               Unknown  Unknown
MOM6               000000000086D90F  Unknown               Unknown  Unknown
MOM6               00000000007D779D  Unknown               Unknown  Unknown
MOM6               0000000000496902  Unknown               Unknown  Unknown
MOM6               0000000000FD5DC1  Unknown               Unknown  Unknown
MOM6               000000000040FE22  Unknown               Unknown  Unknown
libc-2.28.so       0000146E487CCD85  __libc_start_main     Unknown  Unknown
MOM6               000000000040FD2E  Unknown               Unknown  Unknown
forrtl: error (78): process killed (SIGTERM)
Image              PC                Routine            Line        Source             
MOM6               000000000154DC6B  for__signal_handl     Unknown  Unknown
libpthread-2.28.s  0000154AE4EA1CF0  Unknown               Unknown  Unknown
libpthread-2.28.s  0000154AE4EA1180  nanosleep             Unknown  Unknown
libopen-rte.so.40  0000154ADFF4C79A  orte_show_help_no     Unknown  Unknown
libopen-rte.so.40  0000154ADFF4CAFC  orte_show_help        Unknown  Unknown
libmpi.so.40.30.2  0000154AE565CC4A  PMPI_Abort            Unknown  Unknown
libmpi_mpifh.so    0000154AE59A42BE  Unknown               Unknown  Unknown
MOM6               000000000123433E  Unknown               Unknown  Unknown
MOM6               000000000086D90F  Unknown               Unknown  Unknown
MOM6               00000000007D779D  Unknown               Unknown  Unknown
MOM6               0000000000496902  Unknown               Unknown  Unknown
MOM6               0000000000FD5DC1  Unknown               Unknown  Unknown
MOM6               000000000040FE22  Unknown               Unknown  Unknown
libc-2.28.so       0000154AE4B04D85  __libc_start_main     Unknown  Unknown
MOM6               000000000040FD2E  Unknown               Unknown  Unknown
forrtl: error (78): process killed (SIGTERM)
Image              PC                Routine            Line        Source             
MOM6               000000000154DC6B  for__signal_handl     Unknown  Unknown
libpthread-2.28.s  000014632D552CF0  Unknown               Unknown  Unknown
libpthread-2.28.s  000014632D54E45A  pthread_cond_wait     Unknown  Unknown
libopen-pal.so.40  00001463277F83CD  PMIx_Abort            Unknown  Unknown
libopen-pal.so.40  0000146327865210  pmix3x_abort          Unknown  Unknown
libopen-rte.so.40  00001463285B9C27  Unknown               Unknown  Unknown
libopen-rte.so.40  00001463285D19B6  orte_errmgr_base_     Unknown  Unknown
libopen-rte.so.40  00001463285C175B  Unknown               Unknown  Unknown
libmpi.so.40.30.2  000014632DD250DA  ompi_mpi_abort        Unknown  Unknown
libmpi_mpifh.so    000014632E0552BE  Unknown               Unknown  Unknown
MOM6               000000000123433E  Unknown               Unknown  Unknown
MOM6               000000000086D90F  Unknown               Unknown  Unknown
MOM6               00000000007D779D  Unknown               Unknown  Unknown
MOM6               0000000000496902  Unknown               Unknown  Unknown
MOM6               0000000000FD5DC1  Unknown               Unknown  Unknown
MOM6               000000000040FE22  Unknown               Unknown  Unknown
libc-2.28.so       000014632D1B5D85  __libc_start_main     Unknown  Unknown
MOM6               000000000040FD2E  Unknown               Unknown  Unknown
forrtl: error (78): process killed (SIGTERM)
Image              PC                Routine            Line        Source             
MOM6               000000000154DC6B  for__signal_handl     Unknown  Unknown
libpthread-2.28.s  0000146853401CF0  Unknown               Unknown  Unknown
libpthread-2.28.s  0000146853401180  nanosleep             Unknown  Unknown
libopen-rte.so.40  000014684E4AC79A  orte_show_help_no     Unknown  Unknown
libopen-rte.so.40  000014684E4ACAFC  orte_show_help        Unknown  Unknown
libmpi.so.40.30.2  0000146853BBCC4A  PMPI_Abort            Unknown  Unknown
libmpi_mpifh.so    0000146853F042BE  Unknown               Unknown  Unknown
MOM6               000000000123433E  Unknown               Unknown  Unknown
MOM6               000000000086D90F  Unknown               Unknown  Unknown
MOM6               00000000007D779D  Unknown               Unknown  Unknown
MOM6               0000000000496902  Unknown               Unknown  Unknown
MOM6               0000000000FD5DC1  Unknown               Unknown  Unknown
MOM6               000000000040FE22  Unknown               Unknown  Unknown
libc-2.28.so       0000146853064D85  __libc_start_main     Unknown  Unknown
MOM6               000000000040FD2E  Unknown               Unknown  Unknown
forrtl: error (78): process killed (SIGTERM)
Image              PC                Routine            Line        Source             
MOM6               000000000154DC6B  for__signal_handl     Unknown  Unknown
libpthread-2.28.s  000014F0C4154CF0  Unknown               Unknown  Unknown
libpthread-2.28.s  000014F0C415045A  pthread_cond_wait     Unknown  Unknown
libopen-pal.so.40  000014F0BE3FA3CD  PMIx_Abort            Unknown  Unknown
libopen-pal.so.40  000014F0BE467210  pmix3x_abort          Unknown  Unknown
libopen-rte.so.40  000014F0BF1BBC27  Unknown               Unknown  Unknown
libopen-rte.so.40  000014F0BF1D39B6  orte_errmgr_base_     Unknown  Unknown
libopen-rte.so.40  000014F0BF1C375B  Unknown               Unknown  Unknown
libmpi.so.40.30.2  000014F0C49270DA  ompi_mpi_abort        Unknown  Unknown
libmpi_mpifh.so    000014F0C4C572BE  Unknown               Unknown  Unknown
MOM6               000000000123433E  Unknown               Unknown  Unknown
MOM6               000000000086D90F  Unknown               Unknown  Unknown
MOM6               00000000007D779D  Unknown               Unknown  Unknown
MOM6               0000000000496902  Unknown               Unknown  Unknown
MOM6               0000000000FD5DC1  Unknown               Unknown  Unknown
MOM6               000000000040FE22  Unknown               Unknown  Unknown
libc-2.28.so       000014F0C3DB7D85  __libc_start_main     Unknown  Unknown
MOM6               000000000040FD2E  Unknown               Unknown  Unknown
forrtl: error (78): process killed (SIGTERM)
Image              PC                Routine            Line        Source             
MOM6               000000000154DC6B  for__signal_handl     Unknown  Unknown
libpthread-2.28.s  000014E9708F9CF0  Unknown               Unknown  Unknown
libpthread-2.28.s  000014E9708F9180  nanosleep             Unknown  Unknown
libopen-rte.so.40  000014E96B9A479A  orte_show_help_no     Unknown  Unknown
libopen-rte.so.40  000014E96B9A4AFC  orte_show_help        Unknown  Unknown
libmpi.so.40.30.2  000014E9710B4C4A  PMPI_Abort            Unknown  Unknown
libmpi_mpifh.so    000014E9713FC2BE  Unknown               Unknown  Unknown
MOM6               000000000123433E  Unknown               Unknown  Unknown
MOM6               000000000086D90F  Unknown               Unknown  Unknown
MOM6               00000000007D779D  Unknown               Unknown  Unknown
MOM6               0000000000496902  Unknown               Unknown  Unknown
MOM6               0000000000FD5DC1  Unknown               Unknown  Unknown
MOM6               000000000040FE22  Unknown               Unknown  Unknown
libc-2.28.so       000014E97055CD85  __libc_start_main     Unknown  Unknown
MOM6               000000000040FD2E  Unknown               Unknown  Unknown
forrtl: error (78): process killed (SIGTERM)
Image              PC                Routine            Line        Source             
MOM6               000000000154DC6B  for__signal_handl     Unknown  Unknown
libpthread-2.28.s  000014A6AABB5CF0  Unknown               Unknown  Unknown
libpthread-2.28.s  000014A6AABB5180  nanosleep             Unknown  Unknown
libopen-rte.so.40  000014A6A5C6079A  orte_show_help_no     Unknown  Unknown
libopen-rte.so.40  000014A6A5C60AFC  orte_show_help        Unknown  Unknown
libmpi.so.40.30.2  000014A6AB370C4A  PMPI_Abort            Unknown  Unknown
libmpi_mpifh.so    000014A6AB6B82BE  Unknown               Unknown  Unknown
MOM6               000000000123433E  Unknown               Unknown  Unknown
MOM6               000000000086D90F  Unknown               Unknown  Unknown
MOM6               00000000007D779D  Unknown               Unknown  Unknown
MOM6               0000000000496902  Unknown               Unknown  Unknown
MOM6               0000000000FD5DC1  Unknown               Unknown  Unknown
MOM6               000000000040FE22  Unknown               Unknown  Unknown
libc-2.28.so       000014A6AA818D85  __libc_start_main     Unknown  Unknown
MOM6               000000000040FD2E  Unknown               Unknown  Unknown
forrtl: error (78): process killed (SIGTERM)
Image              PC                Routine            Line        Source             
MOM6               000000000154DC6B  for__signal_handl     Unknown  Unknown
libpthread-2.28.s  0000145CAA2D4CF0  Unknown               Unknown  Unknown
libpthread-2.28.s  0000145CAA2D4180  nanosleep             Unknown  Unknown
libopen-rte.so.40  0000145CA537F79A  orte_show_help_no     Unknown  Unknown
libopen-rte.so.40  0000145CA537FAFC  orte_show_help        Unknown  Unknown
libmpi.so.40.30.2  0000145CAAA8FC4A  PMPI_Abort            Unknown  Unknown
libmpi_mpifh.so    0000145CAADD72BE  Unknown               Unknown  Unknown
MOM6               000000000123433E  Unknown               Unknown  Unknown
MOM6               000000000086D90F  Unknown               Unknown  Unknown
MOM6               00000000007D779D  Unknown               Unknown  Unknown
MOM6               0000000000496902  Unknown               Unknown  Unknown
MOM6               0000000000FD5DC1  Unknown               Unknown  Unknown
MOM6               000000000040FE22  Unknown               Unknown  Unknown
libc-2.28.so       0000145CA9F37D85  __libc_start_main     Unknown  Unknown
MOM6               000000000040FD2E  Unknown               Unknown  Unknown
forrtl: error (78): process killed (SIGTERM)
Image              PC                Routine            Line        Source             
MOM6               000000000154DC6B  for__signal_handl     Unknown  Unknown
libpthread-2.28.s  00001539DFB3DCF0  Unknown               Unknown  Unknown
libpthread-2.28.s  00001539DFB3D180  nanosleep             Unknown  Unknown
libopen-rte.so.40  00001539DABE879A  orte_show_help_no     Unknown  Unknown
libopen-rte.so.40  00001539DABE8AFC  orte_show_help        Unknown  Unknown
libmpi.so.40.30.2  00001539E02F8C4A  PMPI_Abort            Unknown  Unknown
libmpi_mpifh.so    00001539E06402BE  Unknown               Unknown  Unknown
MOM6               000000000123433E  Unknown               Unknown  Unknown
MOM6               000000000086D90F  Unknown               Unknown  Unknown
MOM6               00000000007D779D  Unknown               Unknown  Unknown
MOM6               0000000000496902  Unknown               Unknown  Unknown
MOM6               0000000000FD5DC1  Unknown               Unknown  Unknown
MOM6               000000000040FE22  Unknown               Unknown  Unknown
libc-2.28.so       00001539DF7A0D85  __libc_start_main     Unknown  Unknown
MOM6               000000000040FD2E  Unknown               Unknown  Unknown
forrtl: error (78): process killed (SIGTERM)
Image              PC                Routine            Line        Source             
MOM6               000000000154DC6B  for__signal_handl     Unknown  Unknown
libpthread-2.28.s  000014AF7A3C2CF0  Unknown               Unknown  Unknown
libpthread-2.28.s  000014AF7A3BE45A  pthread_cond_wait     Unknown  Unknown
libopen-pal.so.40  000014AF746683CD  PMIx_Abort            Unknown  Unknown
libopen-pal.so.40  000014AF746D5210  pmix3x_abort          Unknown  Unknown
libopen-rte.so.40  000014AF75429C27  Unknown               Unknown  Unknown
libopen-rte.so.40  000014AF754419B6  orte_errmgr_base_     Unknown  Unknown
libopen-rte.so.40  000014AF7543175B  Unknown               Unknown  Unknown
libmpi.so.40.30.2  000014AF7AB950DA  ompi_mpi_abort        Unknown  Unknown
libmpi_mpifh.so    000014AF7AEC52BE  Unknown               Unknown  Unknown
MOM6               000000000123433E  Unknown               Unknown  Unknown
MOM6               000000000086D90F  Unknown               Unknown  Unknown
MOM6               00000000007D779D  Unknown               Unknown  Unknown
MOM6               0000000000496902  Unknown               Unknown  Unknown
MOM6               0000000000FD5DC1  Unknown               Unknown  Unknown
MOM6               000000000040FE22  Unknown               Unknown  Unknown
libc-2.28.so       000014AF7A025D85  __libc_start_main     Unknown  Unknown
MOM6               000000000040FD2E  Unknown               Unknown  Unknown
forrtl: error (78): process killed (SIGTERM)
Image              PC                Routine            Line        Source             
MOM6               000000000154DC6B  for__signal_handl     Unknown  Unknown
libpthread-2.28.s  00001544795B3CF0  Unknown               Unknown  Unknown
libpthread-2.28.s  00001544795B3180  nanosleep             Unknown  Unknown
libopen-rte.so.40  000015447465E79A  orte_show_help_no     Unknown  Unknown
libopen-rte.so.40  000015447465EAFC  orte_show_help        Unknown  Unknown
libmpi.so.40.30.2  0000154479D6EC4A  PMPI_Abort            Unknown  Unknown
libmpi_mpifh.so    000015447A0B62BE  Unknown               Unknown  Unknown
MOM6               000000000123433E  Unknown               Unknown  Unknown
MOM6               000000000086D90F  Unknown               Unknown  Unknown
MOM6               00000000007D779D  Unknown               Unknown  Unknown
MOM6               0000000000496902  Unknown               Unknown  Unknown
MOM6               0000000000FD5DC1  Unknown               Unknown  Unknown
MOM6               000000000040FE22  Unknown               Unknown  Unknown
libc-2.28.so       0000154479216D85  __libc_start_main     Unknown  Unknown
MOM6               000000000040FD2E  Unknown               Unknown  Unknown
forrtl: error (78): process killed (SIGTERM)
Image              PC                Routine            Line        Source             
MOM6               000000000154DC6B  for__signal_handl     Unknown  Unknown
libpthread-2.28.s  0000149D03D31CF0  Unknown               Unknown  Unknown
libpthread-2.28.s  0000149D03D31180  nanosleep             Unknown  Unknown
libopen-rte.so.40  0000149CFEDDC79A  orte_show_help_no     Unknown  Unknown
libopen-rte.so.40  0000149CFEDDCAFC  orte_show_help        Unknown  Unknown
libmpi.so.40.30.2  0000149D044ECC4A  PMPI_Abort            Unknown  Unknown
libmpi_mpifh.so    0000149D048342BE  Unknown               Unknown  Unknown
MOM6               000000000123433E  Unknown               Unknown  Unknown
MOM6               000000000086D90F  Unknown               Unknown  Unknown
MOM6               00000000007D779D  Unknown               Unknown  Unknown
MOM6               0000000000496902  Unknown               Unknown  Unknown
MOM6               0000000000FD5DC1  Unknown               Unknown  Unknown
MOM6               000000000040FE22  Unknown               Unknown  Unknown
libc-2.28.so       0000149D03994D85  __libc_start_main     Unknown  Unknown
MOM6               000000000040FD2E  Unknown               Unknown  Unknown
forrtl: error (78): process killed (SIGTERM)
Image              PC                Routine            Line        Source             
MOM6               000000000154DC6B  for__signal_handl     Unknown  Unknown
libpthread-2.28.s  0000149698CF2CF0  Unknown               Unknown  Unknown
libpthread-2.28.s  0000149698CF2180  nanosleep             Unknown  Unknown
libopen-rte.so.40  0000149693D9D79A  orte_show_help_no     Unknown  Unknown
libopen-rte.so.40  0000149693D9DAFC  orte_show_help        Unknown  Unknown
libmpi.so.40.30.2  00001496994ADC4A  PMPI_Abort            Unknown  Unknown
libmpi_mpifh.so    00001496997F52BE  Unknown               Unknown  Unknown
MOM6               000000000123433E  Unknown               Unknown  Unknown
MOM6               000000000086D90F  Unknown               Unknown  Unknown
MOM6               00000000007D779D  Unknown               Unknown  Unknown
MOM6               0000000000496902  Unknown               Unknown  Unknown
MOM6               0000000000FD5DC1  Unknown               Unknown  Unknown
MOM6               000000000040FE22  Unknown               Unknown  Unknown
libc-2.28.so       0000149698955D85  __libc_start_main     Unknown  Unknown
MOM6               000000000040FD2E  Unknown               Unknown  Unknown
forrtl: error (78): process killed (SIGTERM)
Image              PC                Routine            Line        Source             
MOM6               000000000154DC6B  for__signal_handl     Unknown  Unknown
libpthread-2.28.s  000014D64070ECF0  Unknown               Unknown  Unknown
libpthread-2.28.s  000014D64070E180  nanosleep             Unknown  Unknown
libopen-rte.so.40  000014D63B7B979A  orte_show_help_no     Unknown  Unknown
libopen-rte.so.40  000014D63B7B9AFC  orte_show_help        Unknown  Unknown
libmpi.so.40.30.2  000014D640EC9C4A  PMPI_Abort            Unknown  Unknown
libmpi_mpifh.so    000014D6412112BE  Unknown               Unknown  Unknown
MOM6               000000000123433E  Unknown               Unknown  Unknown
MOM6               000000000086D90F  Unknown               Unknown  Unknown
MOM6               00000000007D779D  Unknown               Unknown  Unknown
MOM6               0000000000496902  Unknown               Unknown  Unknown
MOM6               0000000000FD5DC1  Unknown               Unknown  Unknown
MOM6               000000000040FE22  Unknown               Unknown  Unknown
libc-2.28.so       000014D640371D85  __libc_start_main     Unknown  Unknown
MOM6               000000000040FD2E  Unknown               Unknown  Unknown
forrtl: error (78): process killed (SIGTERM)
Image              PC                Routine            Line        Source             
MOM6               000000000154DC6B  for__signal_handl     Unknown  Unknown
libpthread-2.28.s  000014E4CF5D9CF0  Unknown               Unknown  Unknown
libpthread-2.28.s  000014E4CF5D9180  nanosleep             Unknown  Unknown
libopen-rte.so.40  000014E4CA68479A  orte_show_help_no     Unknown  Unknown
libopen-rte.so.40  000014E4CA684AFC  orte_show_help        Unknown  Unknown
libmpi.so.40.30.2  000014E4CFD94C4A  PMPI_Abort            Unknown  Unknown
libmpi_mpifh.so    000014E4D00DC2BE  Unknown               Unknown  Unknown
MOM6               000000000123433E  Unknown               Unknown  Unknown
MOM6               000000000086D90F  Unknown               Unknown  Unknown
MOM6               00000000007D779D  Unknown               Unknown  Unknown
MOM6               0000000000496902  Unknown               Unknown  Unknown
MOM6               0000000000FD5DC1  Unknown               Unknown  Unknown
MOM6               000000000040FE22  Unknown               Unknown  Unknown
libc-2.28.so       000014E4CF23CD85  __libc_start_main     Unknown  Unknown
MOM6               000000000040FD2E  Unknown               Unknown  Unknown
forrtl: error (78): process killed (SIGTERM)
Image              PC                Routine            Line        Source             
MOM6               000000000154DC6B  for__signal_handl     Unknown  Unknown
libpthread-2.28.s  0000153C83542CF0  Unknown               Unknown  Unknown
libpthread-2.28.s  0000153C83542180  nanosleep             Unknown  Unknown
libopen-rte.so.40  0000153C7E5ED79A  orte_show_help_no     Unknown  Unknown
libopen-rte.so.40  0000153C7E5EDAFC  orte_show_help        Unknown  Unknown
libmpi.so.40.30.2  0000153C83CFDC4A  PMPI_Abort            Unknown  Unknown
libmpi_mpifh.so    0000153C840452BE  Unknown               Unknown  Unknown
MOM6               000000000123433E  Unknown               Unknown  Unknown
MOM6               000000000086D90F  Unknown               Unknown  Unknown
MOM6               00000000007D779D  Unknown               Unknown  Unknown
MOM6               0000000000496902  Unknown               Unknown  Unknown
MOM6               0000000000FD5DC1  Unknown               Unknown  Unknown
MOM6               000000000040FE22  Unknown               Unknown  Unknown
libc-2.28.so       0000153C831A5D85  __libc_start_main     Unknown  Unknown
MOM6               000000000040FD2E  Unknown               Unknown  Unknown
forrtl: error (78): process killed (SIGTERM)
Image              PC                Routine            Line        Source             
MOM6               000000000154DC6B  for__signal_handl     Unknown  Unknown
libpthread-2.28.s  00001466B182ACF0  Unknown               Unknown  Unknown
libpthread-2.28.s  00001466B182645A  pthread_cond_wait     Unknown  Unknown
libopen-pal.so.40  00001466ABAD03CD  PMIx_Abort            Unknown  Unknown
libopen-pal.so.40  00001466ABB3D210  pmix3x_abort          Unknown  Unknown
libopen-rte.so.40  00001466AC891C27  Unknown               Unknown  Unknown
libopen-rte.so.40  00001466AC8A99B6  orte_errmgr_base_     Unknown  Unknown
libopen-rte.so.40  00001466AC89975B  Unknown               Unknown  Unknown
libmpi.so.40.30.2  00001466B1FFD0DA  ompi_mpi_abort        Unknown  Unknown
libmpi_mpifh.so    00001466B232D2BE  Unknown               Unknown  Unknown
MOM6               000000000123433E  Unknown               Unknown  Unknown
MOM6               000000000086D90F  Unknown               Unknown  Unknown
MOM6               00000000007D779D  Unknown               Unknown  Unknown
MOM6               0000000000496902  Unknown               Unknown  Unknown
MOM6               0000000000FD5DC1  Unknown               Unknown  Unknown
MOM6               000000000040FE22  Unknown               Unknown  Unknown
libc-2.28.so       00001466B148DD85  __libc_start_main     Unknown  Unknown
MOM6               000000000040FD2E  Unknown               Unknown  Unknown
forrtl: error (78): process killed (SIGTERM)
Image              PC                Routine            Line        Source             
MOM6               000000000154DC6B  for__signal_handl     Unknown  Unknown
libpthread-2.28.s  000014BC64601CF0  Unknown               Unknown  Unknown
libpthread-2.28.s  000014BC64601180  nanosleep             Unknown  Unknown
libopen-rte.so.40  000014BC5F6AC79A  orte_show_help_no     Unknown  Unknown
libopen-rte.so.40  000014BC5F6ACAFC  orte_show_help        Unknown  Unknown
libmpi.so.40.30.2  000014BC64DBCC4A  PMPI_Abort            Unknown  Unknown
libmpi_mpifh.so    000014BC651042BE  Unknown               Unknown  Unknown
MOM6               000000000123433E  Unknown               Unknown  Unknown
MOM6               000000000086D90F  Unknown               Unknown  Unknown
MOM6               00000000007D779D  Unknown               Unknown  Unknown
MOM6               0000000000496902  Unknown               Unknown  Unknown
MOM6               0000000000FD5DC1  Unknown               Unknown  Unknown
MOM6               000000000040FE22  Unknown               Unknown  Unknown
libc-2.28.so       000014BC64264D85  __libc_start_main     Unknown  Unknown
MOM6               000000000040FD2E  Unknown               Unknown  Unknown
forrtl: error (78): process killed (SIGTERM)
Image              PC                Routine            Line        Source             
MOM6               000000000154DC6B  for__signal_handl     Unknown  Unknown
libpthread-2.28.s  000014763F959CF0  Unknown               Unknown  Unknown
libpthread-2.28.s  000014763F959180  nanosleep             Unknown  Unknown
libopen-rte.so.40  000014763AA0479A  orte_show_help_no     Unknown  Unknown
libopen-rte.so.40  000014763AA04AFC  orte_show_help        Unknown  Unknown
libmpi.so.40.30.2  0000147640114C4A  PMPI_Abort            Unknown  Unknown
libmpi_mpifh.so    000014764045C2BE  Unknown               Unknown  Unknown
MOM6               000000000123433E  Unknown               Unknown  Unknown
MOM6               000000000086D90F  Unknown               Unknown  Unknown
MOM6               00000000007D779D  Unknown               Unknown  Unknown
MOM6               0000000000496902  Unknown               Unknown  Unknown
MOM6               0000000000FD5DC1  Unknown               Unknown  Unknown
MOM6               000000000040FE22  Unknown               Unknown  Unknown
libc-2.28.so       000014763F5BCD85  __libc_start_main     Unknown  Unknown
MOM6               000000000040FD2E  Unknown               Unknown  Unknown
forrtl: error (78): process killed (SIGTERM)
Image              PC                Routine            Line        Source             
MOM6               000000000154DC6B  for__signal_handl     Unknown  Unknown
libpthread-2.28.s  000014981F442CF0  Unknown               Unknown  Unknown
libpthread-2.28.s  000014981F442180  nanosleep             Unknown  Unknown
libopen-rte.so.40  000014981A4ED79A  orte_show_help_no     Unknown  Unknown
libopen-rte.so.40  000014981A4EDAFC  orte_show_help        Unknown  Unknown
libmpi.so.40.30.2  000014981FBFDC4A  PMPI_Abort            Unknown  Unknown
libmpi_mpifh.so    000014981FF452BE  Unknown               Unknown  Unknown
MOM6               000000000123433E  Unknown               Unknown  Unknown
MOM6               000000000086D90F  Unknown               Unknown  Unknown
MOM6               00000000007D779D  Unknown               Unknown  Unknown
MOM6               0000000000496902  Unknown               Unknown  Unknown
MOM6               0000000000FD5DC1  Unknown               Unknown  Unknown
MOM6               000000000040FE22  Unknown               Unknown  Unknown
libc-2.28.so       000014981F0A5D85  __libc_start_main     Unknown  Unknown
MOM6               000000000040FD2E  Unknown               Unknown  Unknown
forrtl: error (78): process killed (SIGTERM)
Image              PC                Routine            Line        Source             
MOM6               000000000154DC6B  for__signal_handl     Unknown  Unknown
libpthread-2.28.s  0000150679F03CF0  Unknown               Unknown  Unknown
libpthread-2.28.s  0000150679F03180  nanosleep             Unknown  Unknown
libopen-rte.so.40  0000150674FAE79A  orte_show_help_no     Unknown  Unknown
libopen-rte.so.40  0000150674FAEAFC  orte_show_help        Unknown  Unknown
libmpi.so.40.30.2  000015067A6BEC4A  PMPI_Abort            Unknown  Unknown
libmpi_mpifh.so    000015067AA062BE  Unknown               Unknown  Unknown
MOM6               000000000123433E  Unknown               Unknown  Unknown
MOM6               000000000086D90F  Unknown               Unknown  Unknown
MOM6               00000000007D779D  Unknown               Unknown  Unknown
MOM6               0000000000496902  Unknown               Unknown  Unknown
MOM6               0000000000FD5DC1  Unknown               Unknown  Unknown
MOM6               000000000040FE22  Unknown               Unknown  Unknown
libc-2.28.so       0000150679B66D85  __libc_start_main     Unknown  Unknown
MOM6               000000000040FD2E  Unknown               Unknown  Unknown
forrtl: error (78): process killed (SIGTERM)
Image              PC                Routine            Line        Source             
MOM6               000000000154DC6B  for__signal_handl     Unknown  Unknown
libpthread-2.28.s  0000152A07664CF0  Unknown               Unknown  Unknown
libpthread-2.28.s  0000152A07664180  nanosleep             Unknown  Unknown
libopen-rte.so.40  0000152A0270F79A  orte_show_help_no     Unknown  Unknown
libopen-rte.so.40  0000152A0270FAFC  orte_show_help        Unknown  Unknown
libmpi.so.40.30.2  0000152A07E1FC4A  PMPI_Abort            Unknown  Unknown
libmpi_mpifh.so    0000152A081672BE  Unknown               Unknown  Unknown
MOM6               000000000123433E  Unknown               Unknown  Unknown
MOM6               000000000086D90F  Unknown               Unknown  Unknown
MOM6               00000000007D779D  Unknown               Unknown  Unknown
MOM6               0000000000496902  Unknown               Unknown  Unknown
MOM6               0000000000FD5DC1  Unknown               Unknown  Unknown
MOM6               000000000040FE22  Unknown               Unknown  Unknown
libc-2.28.so       0000152A072C7D85  __libc_start_main     Unknown  Unknown
MOM6               000000000040FD2E  Unknown               Unknown  Unknown
forrtl: error (78): process killed (SIGTERM)
Image              PC                Routine            Line        Source             
MOM6               000000000154DC6B  for__signal_handl     Unknown  Unknown
libpthread-2.28.s  0000150D0CD13CF0  Unknown               Unknown  Unknown
libpthread-2.28.s  0000150D0CD13180  nanosleep             Unknown  Unknown
libopen-rte.so.40  0000150D07DBE79A  orte_show_help_no     Unknown  Unknown
libopen-rte.so.40  0000150D07DBEAFC  orte_show_help        Unknown  Unknown
libmpi.so.40.30.2  0000150D0D4CEC4A  PMPI_Abort            Unknown  Unknown
libmpi_mpifh.so    0000150D0D8162BE  Unknown               Unknown  Unknown
MOM6               000000000123433E  Unknown               Unknown  Unknown
MOM6               000000000086D90F  Unknown               Unknown  Unknown
MOM6               00000000007D779D  Unknown               Unknown  Unknown
MOM6               0000000000496902  Unknown               Unknown  Unknown
MOM6               0000000000FD5DC1  Unknown               Unknown  Unknown
MOM6               000000000040FE22  Unknown               Unknown  Unknown
libc-2.28.so       0000150D0C976D85  __libc_start_main     Unknown  Unknown
MOM6               000000000040FD2E  Unknown               Unknown  Unknown
forrtl: error (78): process killed (SIGTERM)
Image              PC                Routine            Line        Source             
MOM6               000000000154DC6B  for__signal_handl     Unknown  Unknown
libpthread-2.28.s  00001525E8DBECF0  Unknown               Unknown  Unknown
libpthread-2.28.s  00001525E8DBA45A  pthread_cond_wait     Unknown  Unknown
libopen-pal.so.40  00001525E30643CD  PMIx_Abort            Unknown  Unknown
libopen-pal.so.40  00001525E30D1210  pmix3x_abort          Unknown  Unknown
libopen-rte.so.40  00001525E3E25C27  Unknown               Unknown  Unknown
libopen-rte.so.40  00001525E3E3D9B6  orte_errmgr_base_     Unknown  Unknown
libopen-rte.so.40  00001525E3E2D75B  Unknown               Unknown  Unknown
libmpi.so.40.30.2  00001525E95910DA  ompi_mpi_abort        Unknown  Unknown
libmpi_mpifh.so    00001525E98C12BE  Unknown               Unknown  Unknown
MOM6               000000000123433E  Unknown               Unknown  Unknown
MOM6               000000000086D90F  Unknown               Unknown  Unknown
MOM6               00000000007D779D  Unknown               Unknown  Unknown
MOM6               0000000000496902  Unknown               Unknown  Unknown
MOM6               0000000000FD5DC1  Unknown               Unknown  Unknown
MOM6               000000000040FE22  Unknown               Unknown  Unknown
libc-2.28.so       00001525E8A21D85  __libc_start_main     Unknown  Unknown
MOM6               000000000040FD2E  Unknown               Unknown  Unknown
forrtl: error (78): process killed (SIGTERM)
Image              PC                Routine            Line        Source             
MOM6               000000000154DC6B  for__signal_handl     Unknown  Unknown
libpthread-2.28.s  0000152B6B99ECF0  Unknown               Unknown  Unknown
libpthread-2.28.s  0000152B6B99A45A  pthread_cond_wait     Unknown  Unknown
libopen-pal.so.40  0000152B65C443CD  PMIx_Abort            Unknown  Unknown
libopen-pal.so.40  0000152B65CB1210  pmix3x_abort          Unknown  Unknown
libopen-rte.so.40  0000152B66A05C27  Unknown               Unknown  Unknown
libopen-rte.so.40  0000152B66A1D9B6  orte_errmgr_base_     Unknown  Unknown
libopen-rte.so.40  0000152B66A0D75B  Unknown               Unknown  Unknown
libmpi.so.40.30.2  0000152B6C1710DA  ompi_mpi_abort        Unknown  Unknown
libmpi_mpifh.so    0000152B6C4A12BE  Unknown               Unknown  Unknown
MOM6               000000000123433E  Unknown               Unknown  Unknown
MOM6               000000000086D90F  Unknown               Unknown  Unknown
MOM6               00000000007D779D  Unknown               Unknown  Unknown
MOM6               0000000000496902  Unknown               Unknown  Unknown
MOM6               0000000000FD5DC1  Unknown               Unknown  Unknown
MOM6               000000000040FE22  Unknown               Unknown  Unknown
libc-2.28.so       0000152B6B601D85  __libc_start_main     Unknown  Unknown
MOM6               000000000040FD2E  Unknown               Unknown  Unknown
forrtl: error (78): process killed (SIGTERM)
Image              PC                Routine            Line        Source             
MOM6               000000000154DC6B  for__signal_handl     Unknown  Unknown
libpthread-2.28.s  00001516E2C54CF0  Unknown               Unknown  Unknown
libpthread-2.28.s  00001516E2C54180  nanosleep             Unknown  Unknown
libopen-rte.so.40  00001516DDCFF79A  orte_show_help_no     Unknown  Unknown
libopen-rte.so.40  00001516DDCFFAFC  orte_show_help        Unknown  Unknown
libmpi.so.40.30.2  00001516E340FC4A  PMPI_Abort            Unknown  Unknown
libmpi_mpifh.so    00001516E37572BE  Unknown               Unknown  Unknown
MOM6               000000000123433E  Unknown               Unknown  Unknown
MOM6               000000000086D90F  Unknown               Unknown  Unknown
MOM6               00000000007D779D  Unknown               Unknown  Unknown
MOM6               0000000000496902  Unknown               Unknown  Unknown
MOM6               0000000000FD5DC1  Unknown               Unknown  Unknown
MOM6               000000000040FE22  Unknown               Unknown  Unknown
libc-2.28.so       00001516E28B7D85  __libc_start_main     Unknown  Unknown
MOM6               000000000040FD2E  Unknown               Unknown  Unknown
forrtl: error (78): process killed (SIGTERM)
Image              PC                Routine            Line        Source             
MOM6               000000000154DC6B  for__signal_handl     Unknown  Unknown
libpthread-2.28.s  0000147A055D0CF0  Unknown               Unknown  Unknown
libpthread-2.28.s  0000147A055CC45A  pthread_cond_wait     Unknown  Unknown
libopen-pal.so.40  00001479FF8763CD  PMIx_Abort            Unknown  Unknown
libopen-pal.so.40  00001479FF8E3210  pmix3x_abort          Unknown  Unknown
libopen-rte.so.40  0000147A00637C27  Unknown               Unknown  Unknown
libopen-rte.so.40  0000147A0064F9B6  orte_errmgr_base_     Unknown  Unknown
libopen-rte.so.40  0000147A0063F75B  Unknown               Unknown  Unknown
libmpi.so.40.30.2  0000147A05DA30DA  ompi_mpi_abort        Unknown  Unknown
libmpi_mpifh.so    0000147A060D32BE  Unknown               Unknown  Unknown
MOM6               000000000123433E  Unknown               Unknown  Unknown
MOM6               000000000086D90F  Unknown               Unknown  Unknown
MOM6               00000000007D779D  Unknown               Unknown  Unknown
MOM6               0000000000496902  Unknown               Unknown  Unknown
MOM6               0000000000FD5DC1  Unknown               Unknown  Unknown
MOM6               000000000040FE22  Unknown               Unknown  Unknown
libc-2.28.so       0000147A05233D85  __libc_start_main     Unknown  Unknown
MOM6               000000000040FD2E  Unknown               Unknown  Unknown
forrtl: error (78): process killed (SIGTERM)
Image              PC                Routine            Line        Source             
MOM6               000000000154DC6B  for__signal_handl     Unknown  Unknown
libpthread-2.28.s  000014E796BB0CF0  Unknown               Unknown  Unknown
libpthread-2.28.s  000014E796BAC45A  pthread_cond_wait     Unknown  Unknown
libopen-pal.so.40  000014E790E563CD  PMIx_Abort            Unknown  Unknown
libopen-pal.so.40  000014E790EC3210  pmix3x_abort          Unknown  Unknown
libopen-rte.so.40  000014E791C17C27  Unknown               Unknown  Unknown
libopen-rte.so.40  000014E791C2F9B6  orte_errmgr_base_     Unknown  Unknown
libopen-rte.so.40  000014E791C1F75B  Unknown               Unknown  Unknown
libmpi.so.40.30.2  000014E7973830DA  ompi_mpi_abort        Unknown  Unknown
libmpi_mpifh.so    000014E7976B32BE  Unknown               Unknown  Unknown
MOM6               000000000123433E  Unknown               Unknown  Unknown
MOM6               000000000086D90F  Unknown               Unknown  Unknown
MOM6               00000000007D779D  Unknown               Unknown  Unknown
MOM6               0000000000496902  Unknown               Unknown  Unknown
MOM6               0000000000FD5DC1  Unknown               Unknown  Unknown
MOM6               000000000040FE22  Unknown               Unknown  Unknown
libc-2.28.so       000014E796813D85  __libc_start_main     Unknown  Unknown
MOM6               000000000040FD2E  Unknown               Unknown  Unknown
forrtl: error (78): process killed (SIGTERM)
Image              PC                Routine            Line        Source             
MOM6               000000000154DC6B  for__signal_handl     Unknown  Unknown
libpthread-2.28.s  000014CD93D5ACF0  Unknown               Unknown  Unknown
libpthread-2.28.s  000014CD93D5A180  nanosleep             Unknown  Unknown
libopen-rte.so.40  000014CD8EE0579A  orte_show_help_no     Unknown  Unknown
libopen-rte.so.40  000014CD8EE05AFC  orte_show_help        Unknown  Unknown
libmpi.so.40.30.2  000014CD94515C4A  PMPI_Abort            Unknown  Unknown
libmpi_mpifh.so    000014CD9485D2BE  Unknown               Unknown  Unknown
MOM6               000000000123433E  Unknown               Unknown  Unknown
MOM6               000000000086D90F  Unknown               Unknown  Unknown
MOM6               00000000007D779D  Unknown               Unknown  Unknown
MOM6               0000000000496902  Unknown               Unknown  Unknown
MOM6               0000000000FD5DC1  Unknown               Unknown  Unknown
MOM6               000000000040FE22  Unknown               Unknown  Unknown
libc-2.28.so       000014CD939BDD85  __libc_start_main     Unknown  Unknown
MOM6               000000000040FD2E  Unknown               Unknown  Unknown
forrtl: error (78): process killed (SIGTERM)
Image              PC                Routine            Line        Source             
MOM6               000000000154DC6B  for__signal_handl     Unknown  Unknown
libpthread-2.28.s  000015373F3ECCF0  Unknown               Unknown  Unknown
libpthread-2.28.s  000015373F3EC180  nanosleep             Unknown  Unknown
libopen-rte.so.40  000015373A49779A  orte_show_help_no     Unknown  Unknown
libopen-rte.so.40  000015373A497AFC  orte_show_help        Unknown  Unknown
libmpi.so.40.30.2  000015373FBA7C4A  PMPI_Abort            Unknown  Unknown
libmpi_mpifh.so    000015373FEEF2BE  Unknown               Unknown  Unknown
MOM6               000000000123433E  Unknown               Unknown  Unknown
MOM6               000000000086D90F  Unknown               Unknown  Unknown
MOM6               00000000007D779D  Unknown               Unknown  Unknown
MOM6               0000000000496902  Unknown               Unknown  Unknown
MOM6               0000000000FD5DC1  Unknown               Unknown  Unknown
MOM6               000000000040FE22  Unknown               Unknown  Unknown
libc-2.28.so       000015373F04FD85  __libc_start_main     Unknown  Unknown
MOM6               000000000040FD2E  Unknown               Unknown  Unknown
forrtl: error (78): process killed (SIGTERM)
Image              PC                Routine            Line        Source             
MOM6               000000000154DC6B  for__signal_handl     Unknown  Unknown
libpthread-2.28.s  00001498C1286CF0  Unknown               Unknown  Unknown
libpthread-2.28.s  00001498C1286180  nanosleep             Unknown  Unknown
libopen-rte.so.40  00001498BC33179A  orte_show_help_no     Unknown  Unknown
libopen-rte.so.40  00001498BC331AFC  orte_show_help        Unknown  Unknown
libmpi.so.40.30.2  00001498C1A41C4A  PMPI_Abort            Unknown  Unknown
libmpi_mpifh.so    00001498C1D892BE  Unknown               Unknown  Unknown
MOM6               000000000123433E  Unknown               Unknown  Unknown
MOM6               000000000086D90F  Unknown               Unknown  Unknown
MOM6               00000000007D779D  Unknown               Unknown  Unknown
MOM6               0000000000496902  Unknown               Unknown  Unknown
MOM6               0000000000FD5DC1  Unknown               Unknown  Unknown
MOM6               000000000040FE22  Unknown               Unknown  Unknown
libc-2.28.so       00001498C0EE9D85  __libc_start_main     Unknown  Unknown
MOM6               000000000040FD2E  Unknown               Unknown  Unknown
forrtl: error (78): process killed (SIGTERM)
Image              PC                Routine            Line        Source             
MOM6               000000000154DC6B  for__signal_handl     Unknown  Unknown
libpthread-2.28.s  000014BBAF74BCF0  Unknown               Unknown  Unknown
libpthread-2.28.s  000014BBAF74745A  pthread_cond_wait     Unknown  Unknown
libopen-pal.so.40  000014BBA99F13CD  PMIx_Abort            Unknown  Unknown
libopen-pal.so.40  000014BBA9A5E210  pmix3x_abort          Unknown  Unknown
libopen-rte.so.40  000014BBAA7B2C27  Unknown               Unknown  Unknown
libopen-rte.so.40  000014BBAA7CA9B6  orte_errmgr_base_     Unknown  Unknown
libopen-rte.so.40  000014BBAA7BA75B  Unknown               Unknown  Unknown
libmpi.so.40.30.2  000014BBAFF1E0DA  ompi_mpi_abort        Unknown  Unknown
libmpi_mpifh.so    000014BBB024E2BE  Unknown               Unknown  Unknown
MOM6               000000000123433E  Unknown               Unknown  Unknown
MOM6               000000000086D90F  Unknown               Unknown  Unknown
MOM6               00000000007D779D  Unknown               Unknown  Unknown
MOM6               0000000000496902  Unknown               Unknown  Unknown
MOM6               0000000000FD5DC1  Unknown               Unknown  Unknown
MOM6               000000000040FE22  Unknown               Unknown  Unknown
libc-2.28.so       000014BBAF3AED85  __libc_start_main     Unknown  Unknown
MOM6               000000000040FD2E  Unknown               Unknown  Unknown
forrtl: error (78): process killed (SIGTERM)
Image              PC                Routine            Line        Source             
MOM6               000000000154DC6B  for__signal_handl     Unknown  Unknown
libpthread-2.28.s  0000150CCF062CF0  Unknown               Unknown  Unknown
libpthread-2.28.s  0000150CCF062180  nanosleep             Unknown  Unknown
libopen-rte.so.40  0000150CCA10D79A  orte_show_help_no     Unknown  Unknown
libopen-rte.so.40  0000150CCA10DAFC  orte_show_help        Unknown  Unknown
libmpi.so.40.30.2  0000150CCF81DC4A  PMPI_Abort            Unknown  Unknown
libmpi_mpifh.so    0000150CCFB652BE  Unknown               Unknown  Unknown
MOM6               000000000123433E  Unknown               Unknown  Unknown
MOM6               000000000086D90F  Unknown               Unknown  Unknown
MOM6               00000000007D779D  Unknown               Unknown  Unknown
MOM6               0000000000496902  Unknown               Unknown  Unknown
MOM6               0000000000FD5DC1  Unknown               Unknown  Unknown
MOM6               000000000040FE22  Unknown               Unknown  Unknown
libc-2.28.so       0000150CCECC5D85  __libc_start_main     Unknown  Unknown
MOM6               000000000040FD2E  Unknown               Unknown  Unknown
forrtl: error (78): process killed (SIGTERM)
Image              PC                Routine            Line        Source             
MOM6               000000000154DC6B  for__signal_handl     Unknown  Unknown
libpthread-2.28.s  00001459A7B71CF0  Unknown               Unknown  Unknown
libpthread-2.28.s  00001459A7B71180  nanosleep             Unknown  Unknown
libopen-rte.so.40  00001459A2C1C79A  orte_show_help_no     Unknown  Unknown
libopen-rte.so.40  00001459A2C1CAFC  orte_show_help        Unknown  Unknown
libmpi.so.40.30.2  00001459A832CC4A  PMPI_Abort            Unknown  Unknown
libmpi_mpifh.so    00001459A86742BE  Unknown               Unknown  Unknown
MOM6               000000000123433E  Unknown               Unknown  Unknown
MOM6               000000000086D90F  Unknown               Unknown  Unknown
MOM6               00000000007D779D  Unknown               Unknown  Unknown
MOM6               0000000000496902  Unknown               Unknown  Unknown
MOM6               0000000000FD5DC1  Unknown               Unknown  Unknown
MOM6               000000000040FE22  Unknown               Unknown  Unknown
libc-2.28.so       00001459A77D4D85  __libc_start_main     Unknown  Unknown
MOM6               000000000040FD2E  Unknown               Unknown  Unknown
forrtl: error (78): process killed (SIGTERM)
Image              PC                Routine            Line        Source             
MOM6               000000000154DC6B  for__signal_handl     Unknown  Unknown
libpthread-2.28.s  000014AFD8332CF0  Unknown               Unknown  Unknown
libpthread-2.28.s  000014AFD8332180  nanosleep             Unknown  Unknown
libopen-rte.so.40  000014AFD33DD79A  orte_show_help_no     Unknown  Unknown
libopen-rte.so.40  000014AFD33DDAFC  orte_show_help        Unknown  Unknown
libmpi.so.40.30.2  000014AFD8AEDC4A  PMPI_Abort            Unknown  Unknown
libmpi_mpifh.so    000014AFD8E352BE  Unknown               Unknown  Unknown
MOM6               000000000123433E  Unknown               Unknown  Unknown
MOM6               000000000086D90F  Unknown               Unknown  Unknown
MOM6               00000000007D779D  Unknown               Unknown  Unknown
MOM6               0000000000496902  Unknown               Unknown  Unknown
MOM6               0000000000FD5DC1  Unknown               Unknown  Unknown
MOM6               000000000040FE22  Unknown               Unknown  Unknown
libc-2.28.so       000014AFD7F95D85  __libc_start_main     Unknown  Unknown
MOM6               000000000040FD2E  Unknown               Unknown  Unknown
forrtl: error (78): process killed (SIGTERM)
Image              PC                Routine            Line        Source             
MOM6               000000000154DC6B  for__signal_handl     Unknown  Unknown
libpthread-2.28.s  00001516425E1CF0  Unknown               Unknown  Unknown
libpthread-2.28.s  00001516425DD45A  pthread_cond_wait     Unknown  Unknown
libopen-pal.so.40  000015163C8873CD  PMIx_Abort            Unknown  Unknown
libopen-pal.so.40  000015163C8F4210  pmix3x_abort          Unknown  Unknown
libopen-rte.so.40  000015163D648C27  Unknown               Unknown  Unknown
libopen-rte.so.40  000015163D6609B6  orte_errmgr_base_     Unknown  Unknown
libopen-rte.so.40  000015163D65075B  Unknown               Unknown  Unknown
libmpi.so.40.30.2  0000151642DB40DA  ompi_mpi_abort        Unknown  Unknown
libmpi_mpifh.so    00001516430E42BE  Unknown               Unknown  Unknown
MOM6               000000000123433E  Unknown               Unknown  Unknown
MOM6               000000000086D90F  Unknown               Unknown  Unknown
MOM6               00000000007D779D  Unknown               Unknown  Unknown
MOM6               0000000000496902  Unknown               Unknown  Unknown
MOM6               0000000000FD5DC1  Unknown               Unknown  Unknown
MOM6               000000000040FE22  Unknown               Unknown  Unknown
libc-2.28.so       0000151642244D85  __libc_start_main     Unknown  Unknown
MOM6               000000000040FD2E  Unknown               Unknown  Unknown
[gadi-cpu-clx-0500.gadi.nci.org.au:1185007] 47 more processes have sent help message help-mpi-api.txt / mpi-abort
[gadi-cpu-clx-0500.gadi.nci.org.au:1185007] Set MCA parameter "orte_base_help_aggregate" to 0 to see all help / error messages
