
WARNING from PE     0: MOM_file_parser : BULKMIXEDLAYER over-ridden.  Line: 'BULKMIXEDLAYER = True' in file MOM_override.


WARNING from PE     0: MOM_file_parser : DT over-ridden.  Line: 'DT = 720' in file MOM_override.


WARNING from PE     0: MOM_file_parser : DT_THERM over-ridden.  Line: 'DT_THERM = 720' in file MOM_override.


WARNING from PE     0: MOM_file_parser : ICE_SHELF over-ridden.  Line: 'ICE_SHELF = False' in file MOM_override.


WARNING from PE     0: diag_manager_mod::diag_manager_init: DIAG_MANAGER_NML not found in input.nml.  Using defaults.


WARNING from PE     0: MOM_file_parser : USE_JACKSON_PARAM over-ridden.  Line: 'USE_JACKSON_PARAM = True' in file MOM_override.


WARNING from PE     0: Previous msg:DRHO_DS = 0.805876              !   [kg m-3 PSU-1] default = 0.8


WARNING from PE     0: New message :DRHO_DS = 0.805876              !   [kg m-3 PSU-1]


WARNING from PE     0: Encountered inconsistent documentation line for parameter DRHO_DS!


WARNING from PE     0: Previous msg:DRHO_DT = -0.038357             !   [kg m-3 K-1] default = -0.2


WARNING from PE     0: New message :DRHO_DT = -0.038357             !   [kg m-3 K-1]


WARNING from PE     0: Encountered inconsistent documentation line for parameter DRHO_DT!


WARNING from PE     0: MOM_file_parser : TRIM_IC_FOR_P_SURF over-ridden.  Line: 'TRIM_IC_FOR_P_SURF = False' in file MOM_override.


WARNING from PE     0: MOM_file_parser : NUM_DIAG_COORDS over-ridden.  Line: 'NUM_DIAG_COORDS = 2' in file MOM_override.


WARNING from PE     0: MOM_file_parser : DIAG_COORDS over-ridden.  Line: 'DIAG_COORDS = "z Z ZSTAR", "rho2 RHO2 RHO"' in file MOM_override.


WARNING from PE     0: MOM_file_parser : DIAG_COORD_DEF_Z over-ridden.  Line: 'DIAG_COORD_DEF_Z = "FILE:vert_isomip.nc,interfaces=st_edges_ocean"' in file MOM_override.


WARNING from PE     0: MOM_file_parser : HTBL_SHELF_MIN over-ridden.  Line: 'HTBL_SHELF_MIN = 10.0' in file MOM_override.


WARNING from PE     0: MOM_file_parser : KV over-ridden.  Line: 'KV = 1.0E-3' in file MOM_override.


WARNING from PE     0: MOM_file_parser : KH over-ridden.  Line: 'KH = 6.0' in file MOM_override.


WARNING from PE     0: MOM_file_parser : SMAGORINSKY_KH over-ridden.  Line: 'SMAGORINSKY_KH = False' in file MOM_override.


WARNING from PE     0: MOM_file_parser : BIHARMONIC over-ridden.  Line: 'BIHARMONIC = False' in file MOM_override.


WARNING from PE     0: MOM_file_parser : KD over-ridden.  Line: 'KD = 5.0E-5' in file MOM_override.


WARNING from PE     0: MOM_file_parser : DAYMAX over-ridden.  Line: 'DAYMAX = 730' in file MOM_override.


WARNING from PE     0: Unused line in MOM_input : REGRID_USE_OLD_DIRECTION = False


WARNING from PE     0: Unused line in MOM_input : HMIX_SFC_PROP = 1.0


WARNING from PE     0: Unused line in MOM_input : REMAP_UV_USING_OLD_ALG = False


WARNING from PE     0: Unused line in MOM_input : BOUNDARY_EXTRAPOLATION = True


WARNING from PE     0: Unused line in MOM_input : REMAP_AFTER_INITIALIZATION = False


WARNING from PE     0: Unused line in MOM_input : SPONGE_CONFIG = "ISOMIP"


WARNING from PE     0: Unused line in MOM_input : ISOMIP_TNUDG = 0.1


WARNING from PE     0: Unused line in MOM_input : SURFACE_PRESSURE_FILE = "Gustavo_Ocean1_3D.nc"


WARNING from PE     0: Unused line in MOM_input : SURFACE_PRESSURE_VAR = "thick"


WARNING from PE     0: Unused line in MOM_input : SURFACE_PRESSURE_SCALE = 8996.40


WARNING from PE     0: Unused line in MOM_input : HMIX_FIXED = 20.0


WARNING from PE     0: Unused line in MOM_input : DYNAMIC_SHELF_MASS = False


WARNING from PE     0: Unused line in MOM_input : SHELF_THERMO = False


WARNING from PE     0: Unused line in MOM_input : SHELF_THREE_EQN = False


WARNING from PE     0: Unused line in MOM_input : SHELF_INSULATOR = True


WARNING from PE     0: Unused line in MOM_input : SHELF_3EQ_GAMMA = True


WARNING from PE     0: Unused line in MOM_input : SHELF_3EQ_GAMMA_T = 0.22


WARNING from PE     0: Unused line in MOM_input : SHELF_2EQ_GAMMA_T = 0.0


WARNING from PE     0: Unused line in MOM_input : ICE_SHELF_FLUX_FACTOR = 1.0


WARNING from PE     0: Unused line in MOM_input : ICE_SHELF_TEMPERATURE = -20.0


WARNING from PE     0: Unused line in MOM_input : COL_THICK_MELT_THRESHOLD = 10.0


WARNING from PE     0: Unused line in MOM_input : WRITE_OUTPUT_TO_FILE = True


WARNING from PE     0: Unused line in MOM_input : USTAR_SHELF_BG = 0.0


WARNING from PE     0: Unused line in MOM_input : CDRAG_SHELF = 0.0025


WARNING from PE     0: Unused line in MOM_input : UTIDE = 0.01


WARNING from PE     0: Unused line in MOM_input : MELTING_CUTOFF_DEPTH = 90


WARNING from PE     0: Unused line in MOM_input : ICE_PROFILE_CONFIG = "FILE"


WARNING from PE     0: Unused line in MOM_input : ICE_THICKNESS_FILE = "Gustavo_Ocean1_3D.nc"


WARNING from PE     0: Unused line in MOM_input : ICE_THICKNESS_VARNAME = "thick"


WARNING from PE     0: Unused line in MOM_input : ICE_AREA_VARNAME = "area"


WARNING from PE     0: Unused line in MOM_input : SHELF_IC_OUTPUT_FILE = "MOM_Shelf_IC"


WARNING from PE     0: Unused line in MOM_input : DENSITY_ICE = 918.0


WARNING from PE     0: Unused line in MOM_override : #override SHELF_THERMO = True


WARNING from PE     0: Unused line in MOM_override : #override SHELF_THREE_EQN = True


WARNING from PE     0: Unused line in MOM_override : SHELF_S_ROOT = True


WARNING from PE     0: Unused line in MOM_override : #override USE_HMIX_SFC_PROP = True


WARNING from PE     0: Unused line in MOM_override : #override HMIX_SFC_PROP = 10.


WARNING from PE     0: Unused line in MOM_override : #override SHELF_S_ROOT = False


WARNING from PE     0: Unused line in MOM_override : #override SHELF_3EQ_GAMMA_T = 0.012


WARNING from PE     0: Unused line in MOM_override : #override SHELF_3EQ_GAMMA_S = 3.9e-4


FATAL from PE    16: MOM_forcing_type extractFluxes1d: fluxes%sw is not associated.


FATAL from PE    29: MOM_forcing_type extractFluxes1d: fluxes%sw is not associated.


FATAL from PE    31: MOM_forcing_type extractFluxes1d: fluxes%sw is not associated.


FATAL from PE    19: MOM_forcing_type extractFluxes1d: fluxes%sw is not associated.


FATAL from PE    17: MOM_forcing_type extractFluxes1d: fluxes%sw is not associated.


FATAL from PE    30: MOM_forcing_type extractFluxes1d: fluxes%sw is not associated.


FATAL from PE    22: MOM_forcing_type extractFluxes1d: fluxes%sw is not associated.


FATAL from PE    18: MOM_forcing_type extractFluxes1d: fluxes%sw is not associated.


FATAL from PE    20: MOM_forcing_type extractFluxes1d: fluxes%sw is not associated.


FATAL from PE    25: MOM_forcing_type extractFluxes1d: fluxes%sw is not associated.


FATAL from PE    23: MOM_forcing_type extractFluxes1d: fluxes%sw is not associated.


FATAL from PE    26: MOM_forcing_type extractFluxes1d: fluxes%sw is not associated.


FATAL from PE    27: MOM_forcing_type extractFluxes1d: fluxes%sw is not associated.


FATAL from PE    28: MOM_forcing_type extractFluxes1d: fluxes%sw is not associated.


FATAL from PE    21: MOM_forcing_type extractFluxes1d: fluxes%sw is not associated.


FATAL from PE    24: MOM_forcing_type extractFluxes1d: fluxes%sw is not associated.



FATAL from PE    15: MOM_forcing_type extractFluxes1d: fluxes%sw is not associated.


FATAL from PE    32: MOM_forcing_type extractFluxes1d: fluxes%sw is not associated.

FATAL from PE    47: MOM_forcing_type extractFluxes1d: fluxes%sw is not associated.


FATAL from PE     0: MOM_forcing_type extractFluxes1d: fluxes%sw is not associated.


FATAL from PE    13: MOM_forcing_type extractFluxes1d: fluxes%sw is not associated.


FATAL from PE    33: MOM_forcing_type extractFluxes1d: fluxes%sw is not associated.


FATAL from PE    37: MOM_forcing_type extractFluxes1d: fluxes%sw is not associated.



FATAL from PE    12: MOM_forcing_type extractFluxes1d: fluxes%sw is not associated.

FATAL from PE    38: MOM_forcing_type extractFluxes1d: fluxes%sw is not associated.


FATAL from PE    36: MOM_forcing_type extractFluxes1d: fluxes%sw is not associated.


FATAL from PE     5: MOM_forcing_type extractFluxes1d: fluxes%sw is not associated.


FATAL from PE    40: MOM_forcing_type extractFluxes1d: fluxes%sw is not associated.


FATAL from PE    45: MOM_forcing_type extractFluxes1d: fluxes%sw is not associated.


FATAL from PE    46: MOM_forcing_type extractFluxes1d: fluxes%sw is not associated.


FATAL from PE     1: MOM_forcing_type extractFluxes1d: fluxes%sw is not associated.


FATAL from PE    14: MOM_forcing_type extractFluxes1d: fluxes%sw is not associated.


FATAL from PE    43: MOM_forcing_type extractFluxes1d: fluxes%sw is not associated.


FATAL from PE    39: MOM_forcing_type extractFluxes1d: fluxes%sw is not associated.


FATAL from PE    34: MOM_forcing_type extractFluxes1d: fluxes%sw is not associated.


FATAL from PE     6: MOM_forcing_type extractFluxes1d: fluxes%sw is not associated.


FATAL from PE    44: MOM_forcing_type extractFluxes1d: fluxes%sw is not associated.

FATAL from PE    35: MOM_forcing_type extractFluxes1d: fluxes%sw is not associated.



FATAL from PE    41: MOM_forcing_type extractFluxes1d: fluxes%sw is not associated.


FATAL from PE    42: MOM_forcing_type extractFluxes1d: fluxes%sw is not associated.


FATAL from PE     4: MOM_forcing_type extractFluxes1d: fluxes%sw is not associated.


FATAL from PE     2: MOM_forcing_type extractFluxes1d: fluxes%sw is not associated.


FATAL from PE     3: MOM_forcing_type extractFluxes1d: fluxes%sw is not associated.


FATAL from PE     9: MOM_forcing_type extractFluxes1d: fluxes%sw is not associated.


FATAL from PE    11: MOM_forcing_type extractFluxes1d: fluxes%sw is not associated.

--------------------------------------------------------------------------
MPI_ABORT was invoked on rank 31 in communicator MPI_COMM_WORLD
with errorcode 1.

NOTE: invoking MPI_ABORT causes Open MPI to kill all MPI processes.
You may or may not see output from other processes, depending on
exactly when Open MPI kills them.
--------------------------------------------------------------------------

FATAL from PE     7: MOM_forcing_type extractFluxes1d: fluxes%sw is not associated.


FATAL from PE     8: MOM_forcing_type extractFluxes1d: fluxes%sw is not associated.


FATAL from PE    10: MOM_forcing_type extractFluxes1d: fluxes%sw is not associated.

[gadi-cpu-clx-2543.gadi.nci.org.au:1559648] PMIX ERROR: UNREACHABLE in file /jobfs/35197837.gadi-pbs/0/openmpi/4.1.2/source/openmpi-4.1.2/opal/mca/pmix/pmix3x/pmix/src/server/pmix_server.c at line 2198
[gadi-cpu-clx-2543.gadi.nci.org.au:1559648] PMIX ERROR: UNREACHABLE in file /jobfs/35197837.gadi-pbs/0/openmpi/4.1.2/source/openmpi-4.1.2/opal/mca/pmix/pmix3x/pmix/src/server/pmix_server.c at line 2198
[gadi-cpu-clx-2543.gadi.nci.org.au:1559648] PMIX ERROR: UNREACHABLE in file /jobfs/35197837.gadi-pbs/0/openmpi/4.1.2/source/openmpi-4.1.2/opal/mca/pmix/pmix3x/pmix/src/server/pmix_server.c at line 2198
[gadi-cpu-clx-2543.gadi.nci.org.au:1559648] PMIX ERROR: UNREACHABLE in file /jobfs/35197837.gadi-pbs/0/openmpi/4.1.2/source/openmpi-4.1.2/opal/mca/pmix/pmix3x/pmix/src/server/pmix_server.c at line 2198
[gadi-cpu-clx-2543.gadi.nci.org.au:1559648] PMIX ERROR: UNREACHABLE in file /jobfs/35197837.gadi-pbs/0/openmpi/4.1.2/source/openmpi-4.1.2/opal/mca/pmix/pmix3x/pmix/src/server/pmix_server.c at line 2198
[gadi-cpu-clx-2543.gadi.nci.org.au:1559648] PMIX ERROR: UNREACHABLE in file /jobfs/35197837.gadi-pbs/0/openmpi/4.1.2/source/openmpi-4.1.2/opal/mca/pmix/pmix3x/pmix/src/server/pmix_server.c at line 2198
[gadi-cpu-clx-2543.gadi.nci.org.au:1559648] PMIX ERROR: UNREACHABLE in file /jobfs/35197837.gadi-pbs/0/openmpi/4.1.2/source/openmpi-4.1.2/opal/mca/pmix/pmix3x/pmix/src/server/pmix_server.c at line 2198
[gadi-cpu-clx-2543.gadi.nci.org.au:1559648] PMIX ERROR: UNREACHABLE in file /jobfs/35197837.gadi-pbs/0/openmpi/4.1.2/source/openmpi-4.1.2/opal/mca/pmix/pmix3x/pmix/src/server/pmix_server.c at line 2198
[gadi-cpu-clx-2543.gadi.nci.org.au:1559648] PMIX ERROR: UNREACHABLE in file /jobfs/35197837.gadi-pbs/0/openmpi/4.1.2/source/openmpi-4.1.2/opal/mca/pmix/pmix3x/pmix/src/server/pmix_server.c at line 2198
[gadi-cpu-clx-2543.gadi.nci.org.au:1559648] PMIX ERROR: UNREACHABLE in file /jobfs/35197837.gadi-pbs/0/openmpi/4.1.2/source/openmpi-4.1.2/opal/mca/pmix/pmix3x/pmix/src/server/pmix_server.c at line 2198
[gadi-cpu-clx-2543.gadi.nci.org.au:1559648] PMIX ERROR: UNREACHABLE in file /jobfs/35197837.gadi-pbs/0/openmpi/4.1.2/source/openmpi-4.1.2/opal/mca/pmix/pmix3x/pmix/src/server/pmix_server.c at line 2198
[gadi-cpu-clx-2543.gadi.nci.org.au:1559648] PMIX ERROR: UNREACHABLE in file /jobfs/35197837.gadi-pbs/0/openmpi/4.1.2/source/openmpi-4.1.2/opal/mca/pmix/pmix3x/pmix/src/server/pmix_server.c at line 2198
[gadi-cpu-clx-2543.gadi.nci.org.au:1559648] PMIX ERROR: UNREACHABLE in file /jobfs/35197837.gadi-pbs/0/openmpi/4.1.2/source/openmpi-4.1.2/opal/mca/pmix/pmix3x/pmix/src/server/pmix_server.c at line 2198
[gadi-cpu-clx-2543.gadi.nci.org.au:1559648] PMIX ERROR: UNREACHABLE in file /jobfs/35197837.gadi-pbs/0/openmpi/4.1.2/source/openmpi-4.1.2/opal/mca/pmix/pmix3x/pmix/src/server/pmix_server.c at line 2198
[gadi-cpu-clx-2543.gadi.nci.org.au:1559648] PMIX ERROR: UNREACHABLE in file /jobfs/35197837.gadi-pbs/0/openmpi/4.1.2/source/openmpi-4.1.2/opal/mca/pmix/pmix3x/pmix/src/server/pmix_server.c at line 2198
[gadi-cpu-clx-2543.gadi.nci.org.au:1559648] PMIX ERROR: UNREACHABLE in file /jobfs/35197837.gadi-pbs/0/openmpi/4.1.2/source/openmpi-4.1.2/opal/mca/pmix/pmix3x/pmix/src/server/pmix_server.c at line 2198
[gadi-cpu-clx-2543.gadi.nci.org.au:1559648] PMIX ERROR: UNREACHABLE in file /jobfs/35197837.gadi-pbs/0/openmpi/4.1.2/source/openmpi-4.1.2/opal/mca/pmix/pmix3x/pmix/src/server/pmix_server.c at line 2198
[gadi-cpu-clx-2543.gadi.nci.org.au:1559648] PMIX ERROR: UNREACHABLE in file /jobfs/35197837.gadi-pbs/0/openmpi/4.1.2/source/openmpi-4.1.2/opal/mca/pmix/pmix3x/pmix/src/server/pmix_server.c at line 2198
[gadi-cpu-clx-2543.gadi.nci.org.au:1559648] PMIX ERROR: UNREACHABLE in file /jobfs/35197837.gadi-pbs/0/openmpi/4.1.2/source/openmpi-4.1.2/opal/mca/pmix/pmix3x/pmix/src/server/pmix_server.c at line 2198
[gadi-cpu-clx-2543.gadi.nci.org.au:1559648] PMIX ERROR: UNREACHABLE in file /jobfs/35197837.gadi-pbs/0/openmpi/4.1.2/source/openmpi-4.1.2/opal/mca/pmix/pmix3x/pmix/src/server/pmix_server.c at line 2198
[gadi-cpu-clx-2543.gadi.nci.org.au:1559648] PMIX ERROR: UNREACHABLE in file /jobfs/35197837.gadi-pbs/0/openmpi/4.1.2/source/openmpi-4.1.2/opal/mca/pmix/pmix3x/pmix/src/server/pmix_server.c at line 2198
[gadi-cpu-clx-2543.gadi.nci.org.au:1559648] PMIX ERROR: UNREACHABLE in file /jobfs/35197837.gadi-pbs/0/openmpi/4.1.2/source/openmpi-4.1.2/opal/mca/pmix/pmix3x/pmix/src/server/pmix_server.c at line 2198
[gadi-cpu-clx-2543.gadi.nci.org.au:1559648] PMIX ERROR: UNREACHABLE in file /jobfs/35197837.gadi-pbs/0/openmpi/4.1.2/source/openmpi-4.1.2/opal/mca/pmix/pmix3x/pmix/src/server/pmix_server.c at line 2198
[gadi-cpu-clx-2543.gadi.nci.org.au:1559648] PMIX ERROR: UNREACHABLE in file /jobfs/35197837.gadi-pbs/0/openmpi/4.1.2/source/openmpi-4.1.2/opal/mca/pmix/pmix3x/pmix/src/server/pmix_server.c at line 2198
[gadi-cpu-clx-2543.gadi.nci.org.au:1559648] PMIX ERROR: UNREACHABLE in file /jobfs/35197837.gadi-pbs/0/openmpi/4.1.2/source/openmpi-4.1.2/opal/mca/pmix/pmix3x/pmix/src/server/pmix_server.c at line 2198
[gadi-cpu-clx-2543.gadi.nci.org.au:1559648] PMIX ERROR: UNREACHABLE in file /jobfs/35197837.gadi-pbs/0/openmpi/4.1.2/source/openmpi-4.1.2/opal/mca/pmix/pmix3x/pmix/src/server/pmix_server.c at line 2198
[gadi-cpu-clx-2543.gadi.nci.org.au:1559648] PMIX ERROR: UNREACHABLE in file /jobfs/35197837.gadi-pbs/0/openmpi/4.1.2/source/openmpi-4.1.2/opal/mca/pmix/pmix3x/pmix/src/server/pmix_server.c at line 2198
[gadi-cpu-clx-2543.gadi.nci.org.au:1559648] PMIX ERROR: UNREACHABLE in file /jobfs/35197837.gadi-pbs/0/openmpi/4.1.2/source/openmpi-4.1.2/opal/mca/pmix/pmix3x/pmix/src/server/pmix_server.c at line 2198
[gadi-cpu-clx-2543.gadi.nci.org.au:1559648] PMIX ERROR: UNREACHABLE in file /jobfs/35197837.gadi-pbs/0/openmpi/4.1.2/source/openmpi-4.1.2/opal/mca/pmix/pmix3x/pmix/src/server/pmix_server.c at line 2198
[gadi-cpu-clx-2543.gadi.nci.org.au:1559648] PMIX ERROR: UNREACHABLE in file /jobfs/35197837.gadi-pbs/0/openmpi/4.1.2/source/openmpi-4.1.2/opal/mca/pmix/pmix3x/pmix/src/server/pmix_server.c at line 2198
[gadi-cpu-clx-2543.gadi.nci.org.au:1559648] PMIX ERROR: UNREACHABLE in file /jobfs/35197837.gadi-pbs/0/openmpi/4.1.2/source/openmpi-4.1.2/opal/mca/pmix/pmix3x/pmix/src/server/pmix_server.c at line 2198
[gadi-cpu-clx-2543.gadi.nci.org.au:1559648] PMIX ERROR: UNREACHABLE in file /jobfs/35197837.gadi-pbs/0/openmpi/4.1.2/source/openmpi-4.1.2/opal/mca/pmix/pmix3x/pmix/src/server/pmix_server.c at line 2198
[gadi-cpu-clx-2543.gadi.nci.org.au:1559648] PMIX ERROR: UNREACHABLE in file /jobfs/35197837.gadi-pbs/0/openmpi/4.1.2/source/openmpi-4.1.2/opal/mca/pmix/pmix3x/pmix/src/server/pmix_server.c at line 2198
[gadi-cpu-clx-2543.gadi.nci.org.au:1559648] PMIX ERROR: UNREACHABLE in file /jobfs/35197837.gadi-pbs/0/openmpi/4.1.2/source/openmpi-4.1.2/opal/mca/pmix/pmix3x/pmix/src/server/pmix_server.c at line 2198
[gadi-cpu-clx-2543.gadi.nci.org.au:1559648] PMIX ERROR: UNREACHABLE in file /jobfs/35197837.gadi-pbs/0/openmpi/4.1.2/source/openmpi-4.1.2/opal/mca/pmix/pmix3x/pmix/src/server/pmix_server.c at line 2198
[gadi-cpu-clx-2543.gadi.nci.org.au:1559648] PMIX ERROR: UNREACHABLE in file /jobfs/35197837.gadi-pbs/0/openmpi/4.1.2/source/openmpi-4.1.2/opal/mca/pmix/pmix3x/pmix/src/server/pmix_server.c at line 2198
[gadi-cpu-clx-2543.gadi.nci.org.au:1559648] PMIX ERROR: UNREACHABLE in file /jobfs/35197837.gadi-pbs/0/openmpi/4.1.2/source/openmpi-4.1.2/opal/mca/pmix/pmix3x/pmix/src/server/pmix_server.c at line 2198
[gadi-cpu-clx-2543.gadi.nci.org.au:1559648] PMIX ERROR: UNREACHABLE in file /jobfs/35197837.gadi-pbs/0/openmpi/4.1.2/source/openmpi-4.1.2/opal/mca/pmix/pmix3x/pmix/src/server/pmix_server.c at line 2198
[gadi-cpu-clx-2543.gadi.nci.org.au:1559648] PMIX ERROR: UNREACHABLE in file /jobfs/35197837.gadi-pbs/0/openmpi/4.1.2/source/openmpi-4.1.2/opal/mca/pmix/pmix3x/pmix/src/server/pmix_server.c at line 2198
[gadi-cpu-clx-2543.gadi.nci.org.au:1559648] PMIX ERROR: UNREACHABLE in file /jobfs/35197837.gadi-pbs/0/openmpi/4.1.2/source/openmpi-4.1.2/opal/mca/pmix/pmix3x/pmix/src/server/pmix_server.c at line 2198
[gadi-cpu-clx-2543.gadi.nci.org.au:1559648] PMIX ERROR: UNREACHABLE in file /jobfs/35197837.gadi-pbs/0/openmpi/4.1.2/source/openmpi-4.1.2/opal/mca/pmix/pmix3x/pmix/src/server/pmix_server.c at line 2198
[gadi-cpu-clx-2543.gadi.nci.org.au:1559648] PMIX ERROR: UNREACHABLE in file /jobfs/35197837.gadi-pbs/0/openmpi/4.1.2/source/openmpi-4.1.2/opal/mca/pmix/pmix3x/pmix/src/server/pmix_server.c at line 2198
[gadi-cpu-clx-2543.gadi.nci.org.au:1559648] PMIX ERROR: UNREACHABLE in file /jobfs/35197837.gadi-pbs/0/openmpi/4.1.2/source/openmpi-4.1.2/opal/mca/pmix/pmix3x/pmix/src/server/pmix_server.c at line 2198
[gadi-cpu-clx-2543.gadi.nci.org.au:1559648] PMIX ERROR: UNREACHABLE in file /jobfs/35197837.gadi-pbs/0/openmpi/4.1.2/source/openmpi-4.1.2/opal/mca/pmix/pmix3x/pmix/src/server/pmix_server.c at line 2198
forrtl: error (78): process killed (SIGTERM)
Image              PC                Routine            Line        Source             
MOM6               000000000154DC6B  for__signal_handl     Unknown  Unknown
libpthread-2.28.s  000014D4CD1C1CF0  Unknown               Unknown  Unknown
libpthread-2.28.s  000014D4CD1BD45A  pthread_cond_wait     Unknown  Unknown
libopen-pal.so.40  000014D4C74683CD  PMIx_Abort            Unknown  Unknown
libopen-pal.so.40  000014D4C74D5210  pmix3x_abort          Unknown  Unknown
libopen-rte.so.40  000014D4C8228C27  Unknown               Unknown  Unknown
libopen-rte.so.40  000014D4C82409B6  orte_errmgr_base_     Unknown  Unknown
libopen-rte.so.40  000014D4C823075B  Unknown               Unknown  Unknown
libmpi.so.40.30.2  000014D4CD9940DA  ompi_mpi_abort        Unknown  Unknown
libmpi_mpifh.so    000014D4CDCC42BE  Unknown               Unknown  Unknown
MOM6               000000000123433E  Unknown               Unknown  Unknown
MOM6               000000000086D90F  Unknown               Unknown  Unknown
MOM6               0000000000662AFE  Unknown               Unknown  Unknown
MOM6               0000000000CFA52F  Unknown               Unknown  Unknown
MOM6               0000000000D4F742  Unknown               Unknown  Unknown
MOM6               0000000000D2BE70  Unknown               Unknown  Unknown
MOM6               00000000004A4C7B  Unknown               Unknown  Unknown
MOM6               0000000000498840  Unknown               Unknown  Unknown
MOM6               0000000000FD5DC1  Unknown               Unknown  Unknown
MOM6               000000000040FE22  Unknown               Unknown  Unknown
libc-2.28.so       000014D4CCE24D85  __libc_start_main     Unknown  Unknown
MOM6               000000000040FD2E  Unknown               Unknown  Unknown
forrtl: error (78): process killed (SIGTERM)
Image              PC                Routine            Line        Source             
MOM6               000000000154DC6B  for__signal_handl     Unknown  Unknown
libpthread-2.28.s  0000146C54CAECF0  Unknown               Unknown  Unknown
libpthread-2.28.s  0000146C54CAA45A  pthread_cond_wait     Unknown  Unknown
libopen-pal.so.40  0000146C4EF553CD  PMIx_Abort            Unknown  Unknown
libopen-pal.so.40  0000146C4EFC2210  pmix3x_abort          Unknown  Unknown
libopen-rte.so.40  0000146C4FD15C27  Unknown               Unknown  Unknown
libopen-rte.so.40  0000146C4FD2D9B6  orte_errmgr_base_     Unknown  Unknown
libopen-rte.so.40  0000146C4FD1D75B  Unknown               Unknown  Unknown
libmpi.so.40.30.2  0000146C554810DA  ompi_mpi_abort        Unknown  Unknown
libmpi_mpifh.so    0000146C557B12BE  Unknown               Unknown  Unknown
MOM6               000000000123433E  Unknown               Unknown  Unknown
MOM6               000000000086D90F  Unknown               Unknown  Unknown
MOM6               0000000000662AFE  Unknown               Unknown  Unknown
MOM6               0000000000CFA52F  Unknown               Unknown  Unknown
MOM6               0000000000D4F742  Unknown               Unknown  Unknown
MOM6               0000000000D2BE70  Unknown               Unknown  Unknown
MOM6               00000000004A4C7B  Unknown               Unknown  Unknown
MOM6               0000000000498840  Unknown               Unknown  Unknown
MOM6               0000000000FD5DC1  Unknown               Unknown  Unknown
MOM6               000000000040FE22  Unknown               Unknown  Unknown
libc-2.28.so       0000146C54911D85  __libc_start_main     Unknown  Unknown
MOM6               000000000040FD2E  Unknown               Unknown  Unknown
forrtl: error (78): process killed (SIGTERM)
Image              PC                Routine            Line        Source             
MOM6               000000000154DC6B  for__signal_handl     Unknown  Unknown
libpthread-2.28.s  000014FD8D23BCF0  Unknown               Unknown  Unknown
libpthread-2.28.s  000014FD8D23B180  nanosleep             Unknown  Unknown
libopen-rte.so.40  000014FD882E679A  orte_show_help_no     Unknown  Unknown
libopen-rte.so.40  000014FD882E6AFC  orte_show_help        Unknown  Unknown
libmpi.so.40.30.2  000014FD8D9F6C4A  PMPI_Abort            Unknown  Unknown
libmpi_mpifh.so    000014FD8DD3E2BE  Unknown               Unknown  Unknown
MOM6               000000000123433E  Unknown               Unknown  Unknown
MOM6               000000000086D90F  Unknown               Unknown  Unknown
MOM6               0000000000662AFE  Unknown               Unknown  Unknown
MOM6               0000000000CFA52F  Unknown               Unknown  Unknown
MOM6               0000000000D4F742  Unknown               Unknown  Unknown
MOM6               0000000000D2BE70  Unknown               Unknown  Unknown
MOM6               00000000004A4C7B  Unknown               Unknown  Unknown
MOM6               0000000000498840  Unknown               Unknown  Unknown
MOM6               0000000000FD5DC1  Unknown               Unknown  Unknown
MOM6               000000000040FE22  Unknown               Unknown  Unknown
libc-2.28.so       000014FD8CE9ED85  __libc_start_main     Unknown  Unknown
MOM6               000000000040FD2E  Unknown               Unknown  Unknown
forrtl: error (78): process killed (SIGTERM)
Image              PC                Routine            Line        Source             
MOM6               000000000154DC6B  for__signal_handl     Unknown  Unknown
libpthread-2.28.s  000015144E6B9CF0  Unknown               Unknown  Unknown
libpthread-2.28.s  000015144E6B9180  nanosleep             Unknown  Unknown
libopen-rte.so.40  000015144976479A  orte_show_help_no     Unknown  Unknown
libopen-rte.so.40  0000151449764AFC  orte_show_help        Unknown  Unknown
libmpi.so.40.30.2  000015144EE74C4A  PMPI_Abort            Unknown  Unknown
libmpi_mpifh.so    000015144F1BC2BE  Unknown               Unknown  Unknown
MOM6               000000000123433E  Unknown               Unknown  Unknown
MOM6               000000000086D90F  Unknown               Unknown  Unknown
MOM6               0000000000662AFE  Unknown               Unknown  Unknown
MOM6               0000000000CFA52F  Unknown               Unknown  Unknown
MOM6               0000000000D4F742  Unknown               Unknown  Unknown
MOM6               0000000000D2BE70  Unknown               Unknown  Unknown
MOM6               00000000004A4C7B  Unknown               Unknown  Unknown
MOM6               0000000000498840  Unknown               Unknown  Unknown
MOM6               0000000000FD5DC1  Unknown               Unknown  Unknown
MOM6               000000000040FE22  Unknown               Unknown  Unknown
libc-2.28.so       000015144E31CD85  __libc_start_main     Unknown  Unknown
MOM6               000000000040FD2E  Unknown               Unknown  Unknown
forrtl: error (78): process killed (SIGTERM)
Image              PC                Routine            Line        Source             
MOM6               000000000154DC6B  for__signal_handl     Unknown  Unknown
libpthread-2.28.s  000014B3DDD4DCF0  Unknown               Unknown  Unknown
libpthread-2.28.s  000014B3DDD4D180  nanosleep             Unknown  Unknown
libopen-rte.so.40  000014B3D8DF879A  orte_show_help_no     Unknown  Unknown
libopen-rte.so.40  000014B3D8DF8AFC  orte_show_help        Unknown  Unknown
libmpi.so.40.30.2  000014B3DE508C4A  PMPI_Abort            Unknown  Unknown
libmpi_mpifh.so    000014B3DE8502BE  Unknown               Unknown  Unknown
MOM6               000000000123433E  Unknown               Unknown  Unknown
MOM6               000000000086D90F  Unknown               Unknown  Unknown
MOM6               0000000000662AFE  Unknown               Unknown  Unknown
MOM6               0000000000CFA52F  Unknown               Unknown  Unknown
MOM6               0000000000D4F742  Unknown               Unknown  Unknown
MOM6               0000000000D2BE70  Unknown               Unknown  Unknown
MOM6               00000000004A4C7B  Unknown               Unknown  Unknown
MOM6               0000000000498840  Unknown               Unknown  Unknown
MOM6               0000000000FD5DC1  Unknown               Unknown  Unknown
MOM6               000000000040FE22  Unknown               Unknown  Unknown
libc-2.28.so       000014B3DD9B0D85  __libc_start_main     Unknown  Unknown
MOM6               000000000040FD2E  Unknown               Unknown  Unknown
forrtl: error (78): process killed (SIGTERM)
Image              PC                Routine            Line        Source             
MOM6               000000000154DC6B  for__signal_handl     Unknown  Unknown
libpthread-2.28.s  00001509D13A9CF0  Unknown               Unknown  Unknown
libpthread-2.28.s  00001509D13A545A  pthread_cond_wait     Unknown  Unknown
libopen-pal.so.40  00001509CB6503CD  PMIx_Abort            Unknown  Unknown
libopen-pal.so.40  00001509CB6BD210  pmix3x_abort          Unknown  Unknown
libopen-rte.so.40  00001509CC410C27  Unknown               Unknown  Unknown
libopen-rte.so.40  00001509CC4289B6  orte_errmgr_base_     Unknown  Unknown
libopen-rte.so.40  00001509CC41875B  Unknown               Unknown  Unknown
libmpi.so.40.30.2  00001509D1B7C0DA  ompi_mpi_abort        Unknown  Unknown
libmpi_mpifh.so    00001509D1EAC2BE  Unknown               Unknown  Unknown
MOM6               000000000123433E  Unknown               Unknown  Unknown
MOM6               000000000086D90F  Unknown               Unknown  Unknown
MOM6               0000000000662AFE  Unknown               Unknown  Unknown
MOM6               0000000000CFA52F  Unknown               Unknown  Unknown
MOM6               0000000000D4F742  Unknown               Unknown  Unknown
MOM6               0000000000D2BE70  Unknown               Unknown  Unknown
MOM6               00000000004A4C7B  Unknown               Unknown  Unknown
MOM6               0000000000498840  Unknown               Unknown  Unknown
MOM6               0000000000FD5DC1  Unknown               Unknown  Unknown
MOM6               000000000040FE22  Unknown               Unknown  Unknown
libc-2.28.so       00001509D100CD85  __libc_start_main     Unknown  Unknown
MOM6               000000000040FD2E  Unknown               Unknown  Unknown
forrtl: error (78): process killed (SIGTERM)
Image              PC                Routine            Line        Source             
MOM6               000000000154DC6B  for__signal_handl     Unknown  Unknown
libpthread-2.28.s  00001541FE01BCF0  Unknown               Unknown  Unknown
libpthread-2.28.s  00001541FE01B180  nanosleep             Unknown  Unknown
libopen-rte.so.40  00001541F90C679A  orte_show_help_no     Unknown  Unknown
libopen-rte.so.40  00001541F90C6AFC  orte_show_help        Unknown  Unknown
libmpi.so.40.30.2  00001541FE7D6C4A  PMPI_Abort            Unknown  Unknown
libmpi_mpifh.so    00001541FEB1E2BE  Unknown               Unknown  Unknown
MOM6               000000000123433E  Unknown               Unknown  Unknown
MOM6               000000000086D90F  Unknown               Unknown  Unknown
MOM6               0000000000662AFE  Unknown               Unknown  Unknown
MOM6               0000000000CFA52F  Unknown               Unknown  Unknown
MOM6               0000000000D4F742  Unknown               Unknown  Unknown
MOM6               0000000000D2BE70  Unknown               Unknown  Unknown
MOM6               00000000004A4C7B  Unknown               Unknown  Unknown
MOM6               0000000000498840  Unknown               Unknown  Unknown
MOM6               0000000000FD5DC1  Unknown               Unknown  Unknown
MOM6               000000000040FE22  Unknown               Unknown  Unknown
libc-2.28.so       00001541FDC7ED85  __libc_start_main     Unknown  Unknown
MOM6               000000000040FD2E  Unknown               Unknown  Unknown
forrtl: error (78): process killed (SIGTERM)
Image              PC                Routine            Line        Source             
MOM6               000000000154DC6B  for__signal_handl     Unknown  Unknown
libpthread-2.28.s  0000149505DECCF0  Unknown               Unknown  Unknown
libpthread-2.28.s  0000149505DEC180  nanosleep             Unknown  Unknown
libopen-rte.so.40  0000149500E9779A  orte_show_help_no     Unknown  Unknown
libopen-rte.so.40  0000149500E97AFC  orte_show_help        Unknown  Unknown
libmpi.so.40.30.2  00001495065A7C4A  PMPI_Abort            Unknown  Unknown
libmpi_mpifh.so    00001495068EF2BE  Unknown               Unknown  Unknown
MOM6               000000000123433E  Unknown               Unknown  Unknown
MOM6               000000000086D90F  Unknown               Unknown  Unknown
MOM6               0000000000662AFE  Unknown               Unknown  Unknown
MOM6               0000000000CFA52F  Unknown               Unknown  Unknown
MOM6               0000000000D4F742  Unknown               Unknown  Unknown
MOM6               0000000000D2BE70  Unknown               Unknown  Unknown
MOM6               00000000004A4C7B  Unknown               Unknown  Unknown
MOM6               0000000000498840  Unknown               Unknown  Unknown
MOM6               0000000000FD5DC1  Unknown               Unknown  Unknown
MOM6               000000000040FE22  Unknown               Unknown  Unknown
libc-2.28.so       0000149505A4FD85  __libc_start_main     Unknown  Unknown
MOM6               000000000040FD2E  Unknown               Unknown  Unknown
forrtl: error (78): process killed (SIGTERM)
Image              PC                Routine            Line        Source             
MOM6               000000000154DC6B  for__signal_handl     Unknown  Unknown
libpthread-2.28.s  000015542C70DCF0  Unknown               Unknown  Unknown
libpthread-2.28.s  000015542C70D180  nanosleep             Unknown  Unknown
libopen-rte.so.40  00001554277B879A  orte_show_help_no     Unknown  Unknown
libopen-rte.so.40  00001554277B8AFC  orte_show_help        Unknown  Unknown
libmpi.so.40.30.2  000015542CEC8C4A  PMPI_Abort            Unknown  Unknown
libmpi_mpifh.so    000015542D2102BE  Unknown               Unknown  Unknown
MOM6               000000000123433E  Unknown               Unknown  Unknown
MOM6               000000000086D90F  Unknown               Unknown  Unknown
MOM6               0000000000662AFE  Unknown               Unknown  Unknown
MOM6               0000000000CFA52F  Unknown               Unknown  Unknown
MOM6               0000000000D4F742  Unknown               Unknown  Unknown
MOM6               0000000000D2BE70  Unknown               Unknown  Unknown
MOM6               00000000004A4C7B  Unknown               Unknown  Unknown
MOM6               0000000000498840  Unknown               Unknown  Unknown
MOM6               0000000000FD5DC1  Unknown               Unknown  Unknown
MOM6               000000000040FE22  Unknown               Unknown  Unknown
libc-2.28.so       000015542C370D85  __libc_start_main     Unknown  Unknown
MOM6               000000000040FD2E  Unknown               Unknown  Unknown
forrtl: error (78): process killed (SIGTERM)
Image              PC                Routine            Line        Source             
MOM6               000000000154DC6B  for__signal_handl     Unknown  Unknown
libpthread-2.28.s  000014DA44457CF0  Unknown               Unknown  Unknown
libpthread-2.28.s  000014DA4445345A  pthread_cond_wait     Unknown  Unknown
libopen-pal.so.40  000014DA3E6FE3CD  PMIx_Abort            Unknown  Unknown
libopen-pal.so.40  000014DA3E76B210  pmix3x_abort          Unknown  Unknown
libopen-rte.so.40  000014DA3F4BEC27  Unknown               Unknown  Unknown
libopen-rte.so.40  000014DA3F4D69B6  orte_errmgr_base_     Unknown  Unknown
libopen-rte.so.40  000014DA3F4C675B  Unknown               Unknown  Unknown
libmpi.so.40.30.2  000014DA44C2A0DA  ompi_mpi_abort        Unknown  Unknown
libmpi_mpifh.so    000014DA44F5A2BE  Unknown               Unknown  Unknown
MOM6               000000000123433E  Unknown               Unknown  Unknown
MOM6               000000000086D90F  Unknown               Unknown  Unknown
MOM6               0000000000662AFE  Unknown               Unknown  Unknown
MOM6               0000000000CFA52F  Unknown               Unknown  Unknown
MOM6               0000000000D4F742  Unknown               Unknown  Unknown
MOM6               0000000000D2BE70  Unknown               Unknown  Unknown
MOM6               00000000004A4C7B  Unknown               Unknown  Unknown
MOM6               0000000000498840  Unknown               Unknown  Unknown
MOM6               0000000000FD5DC1  Unknown               Unknown  Unknown
MOM6               000000000040FE22  Unknown               Unknown  Unknown
libc-2.28.so       000014DA440BAD85  __libc_start_main     Unknown  Unknown
MOM6               000000000040FD2E  Unknown               Unknown  Unknown
forrtl: error (78): process killed (SIGTERM)
Image              PC                Routine            Line        Source             
MOM6               000000000154DC6B  for__signal_handl     Unknown  Unknown
libpthread-2.28.s  000014AE74208CF0  Unknown               Unknown  Unknown
libpthread-2.28.s  000014AE74208180  nanosleep             Unknown  Unknown
libopen-rte.so.40  000014AE6F2B379A  orte_show_help_no     Unknown  Unknown
libopen-rte.so.40  000014AE6F2B3AFC  orte_show_help        Unknown  Unknown
libmpi.so.40.30.2  000014AE749C3C4A  PMPI_Abort            Unknown  Unknown
libmpi_mpifh.so    000014AE74D0B2BE  Unknown               Unknown  Unknown
MOM6               000000000123433E  Unknown               Unknown  Unknown
MOM6               000000000086D90F  Unknown               Unknown  Unknown
MOM6               0000000000662AFE  Unknown               Unknown  Unknown
MOM6               0000000000CFA52F  Unknown               Unknown  Unknown
MOM6               0000000000D4F742  Unknown               Unknown  Unknown
MOM6               0000000000D2BE70  Unknown               Unknown  Unknown
MOM6               00000000004A4C7B  Unknown               Unknown  Unknown
MOM6               0000000000498840  Unknown               Unknown  Unknown
MOM6               0000000000FD5DC1  Unknown               Unknown  Unknown
MOM6               000000000040FE22  Unknown               Unknown  Unknown
libc-2.28.so       000014AE73E6BD85  __libc_start_main     Unknown  Unknown
MOM6               000000000040FD2E  Unknown               Unknown  Unknown
forrtl: error (78): process killed (SIGTERM)
Image              PC                Routine            Line        Source             
MOM6               000000000154DC6B  for__signal_handl     Unknown  Unknown
libpthread-2.28.s  000014AD789C0CF0  Unknown               Unknown  Unknown
libpthread-2.28.s  000014AD789C0180  nanosleep             Unknown  Unknown
libopen-rte.so.40  000014AD73A6B79A  orte_show_help_no     Unknown  Unknown
libopen-rte.so.40  000014AD73A6BAFC  orte_show_help        Unknown  Unknown
libmpi.so.40.30.2  000014AD7917BC4A  PMPI_Abort            Unknown  Unknown
libmpi_mpifh.so    000014AD794C32BE  Unknown               Unknown  Unknown
MOM6               000000000123433E  Unknown               Unknown  Unknown
MOM6               000000000086D90F  Unknown               Unknown  Unknown
MOM6               0000000000662AFE  Unknown               Unknown  Unknown
MOM6               0000000000CFA52F  Unknown               Unknown  Unknown
MOM6               0000000000D4F742  Unknown               Unknown  Unknown
MOM6               0000000000D2BE70  Unknown               Unknown  Unknown
MOM6               00000000004A4C7B  Unknown               Unknown  Unknown
MOM6               0000000000498840  Unknown               Unknown  Unknown
MOM6               0000000000FD5DC1  Unknown               Unknown  Unknown
MOM6               000000000040FE22  Unknown               Unknown  Unknown
libc-2.28.so       000014AD78623D85  __libc_start_main     Unknown  Unknown
MOM6               000000000040FD2E  Unknown               Unknown  Unknown
forrtl: error (78): process killed (SIGTERM)
Image              PC                Routine            Line        Source             
MOM6               000000000154DC6B  for__signal_handl     Unknown  Unknown
libpthread-2.28.s  000015296559BCF0  Unknown               Unknown  Unknown
libpthread-2.28.s  000015296559745A  pthread_cond_wait     Unknown  Unknown
libopen-pal.so.40  000015295F8423CD  PMIx_Abort            Unknown  Unknown
libopen-pal.so.40  000015295F8AF210  pmix3x_abort          Unknown  Unknown
libopen-rte.so.40  0000152960602C27  Unknown               Unknown  Unknown
libopen-rte.so.40  000015296061A9B6  orte_errmgr_base_     Unknown  Unknown
libopen-rte.so.40  000015296060A75B  Unknown               Unknown  Unknown
libmpi.so.40.30.2  0000152965D6E0DA  ompi_mpi_abort        Unknown  Unknown
libmpi_mpifh.so    000015296609E2BE  Unknown               Unknown  Unknown
MOM6               000000000123433E  Unknown               Unknown  Unknown
MOM6               000000000086D90F  Unknown               Unknown  Unknown
MOM6               0000000000662AFE  Unknown               Unknown  Unknown
MOM6               0000000000CFA52F  Unknown               Unknown  Unknown
MOM6               0000000000D4F742  Unknown               Unknown  Unknown
MOM6               0000000000D2BE70  Unknown               Unknown  Unknown
MOM6               00000000004A4C7B  Unknown               Unknown  Unknown
MOM6               0000000000498840  Unknown               Unknown  Unknown
MOM6               0000000000FD5DC1  Unknown               Unknown  Unknown
MOM6               000000000040FE22  Unknown               Unknown  Unknown
libc-2.28.so       00001529651FED85  __libc_start_main     Unknown  Unknown
MOM6               000000000040FD2E  Unknown               Unknown  Unknown
forrtl: error (78): process killed (SIGTERM)
Image              PC                Routine            Line        Source             
MOM6               000000000154DC6B  for__signal_handl     Unknown  Unknown
libpthread-2.28.s  000014E06D87BCF0  Unknown               Unknown  Unknown
libpthread-2.28.s  000014E06D87B180  nanosleep             Unknown  Unknown
libopen-rte.so.40  000014E06892679A  orte_show_help_no     Unknown  Unknown
libopen-rte.so.40  000014E068926AFC  orte_show_help        Unknown  Unknown
libmpi.so.40.30.2  000014E06E036C4A  PMPI_Abort            Unknown  Unknown
libmpi_mpifh.so    000014E06E37E2BE  Unknown               Unknown  Unknown
MOM6               000000000123433E  Unknown               Unknown  Unknown
MOM6               000000000086D90F  Unknown               Unknown  Unknown
MOM6               0000000000662AFE  Unknown               Unknown  Unknown
MOM6               0000000000CFA52F  Unknown               Unknown  Unknown
MOM6               0000000000D4F742  Unknown               Unknown  Unknown
MOM6               0000000000D2BE70  Unknown               Unknown  Unknown
MOM6               00000000004A4C7B  Unknown               Unknown  Unknown
MOM6               0000000000498840  Unknown               Unknown  Unknown
MOM6               0000000000FD5DC1  Unknown               Unknown  Unknown
MOM6               000000000040FE22  Unknown               Unknown  Unknown
libc-2.28.so       000014E06D4DED85  __libc_start_main     Unknown  Unknown
MOM6               000000000040FD2E  Unknown               Unknown  Unknown
forrtl: error (78): process killed (SIGTERM)
Image              PC                Routine            Line        Source             
MOM6               000000000154DC6B  for__signal_handl     Unknown  Unknown
libpthread-2.28.s  00001460EA23ACF0  Unknown               Unknown  Unknown
libpthread-2.28.s  00001460EA23645A  pthread_cond_wait     Unknown  Unknown
libopen-pal.so.40  00001460E44E13CD  PMIx_Abort            Unknown  Unknown
libopen-pal.so.40  00001460E454E210  pmix3x_abort          Unknown  Unknown
libopen-rte.so.40  00001460E52A1C27  Unknown               Unknown  Unknown
libopen-rte.so.40  00001460E52B99B6  orte_errmgr_base_     Unknown  Unknown
libopen-rte.so.40  00001460E52A975B  Unknown               Unknown  Unknown
libmpi.so.40.30.2  00001460EAA0D0DA  ompi_mpi_abort        Unknown  Unknown
libmpi_mpifh.so    00001460EAD3D2BE  Unknown               Unknown  Unknown
MOM6               000000000123433E  Unknown               Unknown  Unknown
MOM6               000000000086D90F  Unknown               Unknown  Unknown
MOM6               0000000000662AFE  Unknown               Unknown  Unknown
MOM6               0000000000CFA52F  Unknown               Unknown  Unknown
MOM6               0000000000D4F742  Unknown               Unknown  Unknown
MOM6               0000000000D2BE70  Unknown               Unknown  Unknown
MOM6               00000000004A4C7B  Unknown               Unknown  Unknown
MOM6               0000000000498840  Unknown               Unknown  Unknown
MOM6               0000000000FD5DC1  Unknown               Unknown  Unknown
MOM6               000000000040FE22  Unknown               Unknown  Unknown
libc-2.28.so       00001460E9E9DD85  __libc_start_main     Unknown  Unknown
MOM6               000000000040FD2E  Unknown               Unknown  Unknown
forrtl: error (78): process killed (SIGTERM)
Image              PC                Routine            Line        Source             
MOM6               000000000154DC6B  for__signal_handl     Unknown  Unknown
libpthread-2.28.s  000014D1E0D3CCF0  Unknown               Unknown  Unknown
libpthread-2.28.s  000014D1E0D3845A  pthread_cond_wait     Unknown  Unknown
libopen-pal.so.40  000014D1DAFE33CD  PMIx_Abort            Unknown  Unknown
libopen-pal.so.40  000014D1DB050210  pmix3x_abort          Unknown  Unknown
libopen-rte.so.40  000014D1DBDA3C27  Unknown               Unknown  Unknown
libopen-rte.so.40  000014D1DBDBB9B6  orte_errmgr_base_     Unknown  Unknown
libopen-rte.so.40  000014D1DBDAB75B  Unknown               Unknown  Unknown
libmpi.so.40.30.2  000014D1E150F0DA  ompi_mpi_abort        Unknown  Unknown
libmpi_mpifh.so    000014D1E183F2BE  Unknown               Unknown  Unknown
MOM6               000000000123433E  Unknown               Unknown  Unknown
MOM6               000000000086D90F  Unknown               Unknown  Unknown
MOM6               0000000000662AFE  Unknown               Unknown  Unknown
MOM6               0000000000CFA52F  Unknown               Unknown  Unknown
MOM6               0000000000D4F742  Unknown               Unknown  Unknown
MOM6               0000000000D2BE70  Unknown               Unknown  Unknown
MOM6               00000000004A4C7B  Unknown               Unknown  Unknown
MOM6               0000000000498840  Unknown               Unknown  Unknown
MOM6               0000000000FD5DC1  Unknown               Unknown  Unknown
MOM6               000000000040FE22  Unknown               Unknown  Unknown
libc-2.28.so       000014D1E099FD85  __libc_start_main     Unknown  Unknown
MOM6               000000000040FD2E  Unknown               Unknown  Unknown
forrtl: error (78): process killed (SIGTERM)
Image              PC                Routine            Line        Source             
MOM6               000000000154DC6B  for__signal_handl     Unknown  Unknown
libpthread-2.28.s  00001527DA30ECF0  Unknown               Unknown  Unknown
libpthread-2.28.s  00001527DA30A45A  pthread_cond_wait     Unknown  Unknown
libopen-pal.so.40  00001527D45B53CD  PMIx_Abort            Unknown  Unknown
libopen-pal.so.40  00001527D4622210  pmix3x_abort          Unknown  Unknown
libopen-rte.so.40  00001527D5375C27  Unknown               Unknown  Unknown
libopen-rte.so.40  00001527D538D9B6  orte_errmgr_base_     Unknown  Unknown
libopen-rte.so.40  00001527D537D75B  Unknown               Unknown  Unknown
libmpi.so.40.30.2  00001527DAAE10DA  ompi_mpi_abort        Unknown  Unknown
libmpi_mpifh.so    00001527DAE112BE  Unknown               Unknown  Unknown
MOM6               000000000123433E  Unknown               Unknown  Unknown
MOM6               000000000086D90F  Unknown               Unknown  Unknown
MOM6               0000000000662AFE  Unknown               Unknown  Unknown
MOM6               0000000000CFA52F  Unknown               Unknown  Unknown
MOM6               0000000000D4F742  Unknown               Unknown  Unknown
MOM6               0000000000D2BE70  Unknown               Unknown  Unknown
MOM6               00000000004A4C7B  Unknown               Unknown  Unknown
MOM6               0000000000498840  Unknown               Unknown  Unknown
MOM6               0000000000FD5DC1  Unknown               Unknown  Unknown
MOM6               000000000040FE22  Unknown               Unknown  Unknown
libc-2.28.so       00001527D9F71D85  __libc_start_main     Unknown  Unknown
MOM6               000000000040FD2E  Unknown               Unknown  Unknown
forrtl: error (78): process killed (SIGTERM)
Image              PC                Routine            Line        Source             
MOM6               000000000154DC6B  for__signal_handl     Unknown  Unknown
libpthread-2.28.s  000014F26D44CCF0  Unknown               Unknown  Unknown
libpthread-2.28.s  000014F26D44845A  pthread_cond_wait     Unknown  Unknown
libopen-pal.so.40  000014F2676F33CD  PMIx_Abort            Unknown  Unknown
libopen-pal.so.40  000014F267760210  pmix3x_abort          Unknown  Unknown
libopen-rte.so.40  000014F2684B3C27  Unknown               Unknown  Unknown
libopen-rte.so.40  000014F2684CB9B6  orte_errmgr_base_     Unknown  Unknown
libopen-rte.so.40  000014F2684BB75B  Unknown               Unknown  Unknown
libmpi.so.40.30.2  000014F26DC1F0DA  ompi_mpi_abort        Unknown  Unknown
libmpi_mpifh.so    000014F26DF4F2BE  Unknown               Unknown  Unknown
MOM6               000000000123433E  Unknown               Unknown  Unknown
MOM6               000000000086D90F  Unknown               Unknown  Unknown
MOM6               0000000000662AFE  Unknown               Unknown  Unknown
MOM6               0000000000CFA52F  Unknown               Unknown  Unknown
MOM6               0000000000D4F742  Unknown               Unknown  Unknown
MOM6               0000000000D2BE70  Unknown               Unknown  Unknown
MOM6               00000000004A4C7B  Unknown               Unknown  Unknown
MOM6               0000000000498840  Unknown               Unknown  Unknown
MOM6               0000000000FD5DC1  Unknown               Unknown  Unknown
MOM6               000000000040FE22  Unknown               Unknown  Unknown
libc-2.28.so       000014F26D0AFD85  __libc_start_main     Unknown  Unknown
MOM6               000000000040FD2E  Unknown               Unknown  Unknown
forrtl: error (78): process killed (SIGTERM)
Image              PC                Routine            Line        Source             
MOM6               000000000154DC6B  for__signal_handl     Unknown  Unknown
libpthread-2.28.s  0000148B70F26CF0  Unknown               Unknown  Unknown
libpthread-2.28.s  0000148B70F2245A  pthread_cond_wait     Unknown  Unknown
libopen-pal.so.40  0000148B6B1CD3CD  PMIx_Abort            Unknown  Unknown
libopen-pal.so.40  0000148B6B23A210  pmix3x_abort          Unknown  Unknown
libopen-rte.so.40  0000148B6BF8DC27  Unknown               Unknown  Unknown
libopen-rte.so.40  0000148B6BFA59B6  orte_errmgr_base_     Unknown  Unknown
libopen-rte.so.40  0000148B6BF9575B  Unknown               Unknown  Unknown
libmpi.so.40.30.2  0000148B716F90DA  ompi_mpi_abort        Unknown  Unknown
libmpi_mpifh.so    0000148B71A292BE  Unknown               Unknown  Unknown
MOM6               000000000123433E  Unknown               Unknown  Unknown
MOM6               000000000086D90F  Unknown               Unknown  Unknown
MOM6               0000000000662AFE  Unknown               Unknown  Unknown
MOM6               0000000000CFA52F  Unknown               Unknown  Unknown
MOM6               0000000000D4F742  Unknown               Unknown  Unknown
MOM6               0000000000D2BE70  Unknown               Unknown  Unknown
MOM6               00000000004A4C7B  Unknown               Unknown  Unknown
MOM6               0000000000498840  Unknown               Unknown  Unknown
MOM6               0000000000FD5DC1  Unknown               Unknown  Unknown
MOM6               000000000040FE22  Unknown               Unknown  Unknown
libc-2.28.so       0000148B70B89D85  __libc_start_main     Unknown  Unknown
MOM6               000000000040FD2E  Unknown               Unknown  Unknown
forrtl: error (78): process killed (SIGTERM)
Image              PC                Routine            Line        Source             
MOM6               000000000154DC6B  for__signal_handl     Unknown  Unknown
libpthread-2.28.s  000014CFE42D6CF0  Unknown               Unknown  Unknown
libpthread-2.28.s  000014CFE42D245A  pthread_cond_wait     Unknown  Unknown
libopen-pal.so.40  000014CFDE57D3CD  PMIx_Abort            Unknown  Unknown
libopen-pal.so.40  000014CFDE5EA210  pmix3x_abort          Unknown  Unknown
libopen-rte.so.40  000014CFDF33DC27  Unknown               Unknown  Unknown
libopen-rte.so.40  000014CFDF3559B6  orte_errmgr_base_     Unknown  Unknown
libopen-rte.so.40  000014CFDF34575B  Unknown               Unknown  Unknown
libmpi.so.40.30.2  000014CFE4AA90DA  ompi_mpi_abort        Unknown  Unknown
libmpi_mpifh.so    000014CFE4DD92BE  Unknown               Unknown  Unknown
MOM6               000000000123433E  Unknown               Unknown  Unknown
MOM6               000000000086D90F  Unknown               Unknown  Unknown
MOM6               0000000000662AFE  Unknown               Unknown  Unknown
MOM6               0000000000CFA52F  Unknown               Unknown  Unknown
MOM6               0000000000D4F742  Unknown               Unknown  Unknown
MOM6               0000000000D2BE70  Unknown               Unknown  Unknown
MOM6               00000000004A4C7B  Unknown               Unknown  Unknown
MOM6               0000000000498840  Unknown               Unknown  Unknown
MOM6               0000000000FD5DC1  Unknown               Unknown  Unknown
MOM6               000000000040FE22  Unknown               Unknown  Unknown
libc-2.28.so       000014CFE3F39D85  __libc_start_main     Unknown  Unknown
MOM6               000000000040FD2E  Unknown               Unknown  Unknown
forrtl: error (78): process killed (SIGTERM)
Image              PC                Routine            Line        Source             
MOM6               000000000154DC6B  for__signal_handl     Unknown  Unknown
libpthread-2.28.s  0000153A15F6ACF0  Unknown               Unknown  Unknown
libpthread-2.28.s  0000153A15F6645A  pthread_cond_wait     Unknown  Unknown
libopen-pal.so.40  0000153A102113CD  PMIx_Abort            Unknown  Unknown
libopen-pal.so.40  0000153A1027E210  pmix3x_abort          Unknown  Unknown
libopen-rte.so.40  0000153A10FD1C27  Unknown               Unknown  Unknown
libopen-rte.so.40  0000153A10FE99B6  orte_errmgr_base_     Unknown  Unknown
libopen-rte.so.40  0000153A10FD975B  Unknown               Unknown  Unknown
libmpi.so.40.30.2  0000153A1673D0DA  ompi_mpi_abort        Unknown  Unknown
libmpi_mpifh.so    0000153A16A6D2BE  Unknown               Unknown  Unknown
MOM6               000000000123433E  Unknown               Unknown  Unknown
MOM6               000000000086D90F  Unknown               Unknown  Unknown
MOM6               0000000000662AFE  Unknown               Unknown  Unknown
MOM6               0000000000CFA52F  Unknown               Unknown  Unknown
MOM6               0000000000D4F742  Unknown               Unknown  Unknown
MOM6               0000000000D2BE70  Unknown               Unknown  Unknown
MOM6               00000000004A4C7B  Unknown               Unknown  Unknown
MOM6               0000000000498840  Unknown               Unknown  Unknown
MOM6               0000000000FD5DC1  Unknown               Unknown  Unknown
MOM6               000000000040FE22  Unknown               Unknown  Unknown
libc-2.28.so       0000153A15BCDD85  __libc_start_main     Unknown  Unknown
MOM6               000000000040FD2E  Unknown               Unknown  Unknown
forrtl: error (78): process killed (SIGTERM)
Image              PC                Routine            Line        Source             
MOM6               000000000154DC6B  for__signal_handl     Unknown  Unknown
libpthread-2.28.s  0000149632510CF0  Unknown               Unknown  Unknown
libpthread-2.28.s  000014963250C45A  pthread_cond_wait     Unknown  Unknown
libopen-pal.so.40  000014962C7B73CD  PMIx_Abort            Unknown  Unknown
libopen-pal.so.40  000014962C824210  pmix3x_abort          Unknown  Unknown
libopen-rte.so.40  000014962D577C27  Unknown               Unknown  Unknown
libopen-rte.so.40  000014962D58F9B6  orte_errmgr_base_     Unknown  Unknown
libopen-rte.so.40  000014962D57F75B  Unknown               Unknown  Unknown
libmpi.so.40.30.2  0000149632CE30DA  ompi_mpi_abort        Unknown  Unknown
libmpi_mpifh.so    00001496330132BE  Unknown               Unknown  Unknown
MOM6               000000000123433E  Unknown               Unknown  Unknown
MOM6               000000000086D90F  Unknown               Unknown  Unknown
MOM6               0000000000662AFE  Unknown               Unknown  Unknown
MOM6               0000000000CFA52F  Unknown               Unknown  Unknown
MOM6               0000000000D4F742  Unknown               Unknown  Unknown
MOM6               0000000000D2BE70  Unknown               Unknown  Unknown
MOM6               00000000004A4C7B  Unknown               Unknown  Unknown
MOM6               0000000000498840  Unknown               Unknown  Unknown
MOM6               0000000000FD5DC1  Unknown               Unknown  Unknown
MOM6               000000000040FE22  Unknown               Unknown  Unknown
libc-2.28.so       0000149632173D85  __libc_start_main     Unknown  Unknown
MOM6               000000000040FD2E  Unknown               Unknown  Unknown
forrtl: error (78): process killed (SIGTERM)
Image              PC                Routine            Line        Source             
MOM6               000000000154DC6B  for__signal_handl     Unknown  Unknown
libpthread-2.28.s  0000151392CD5CF0  Unknown               Unknown  Unknown
libpthread-2.28.s  0000151392CD145A  pthread_cond_wait     Unknown  Unknown
libopen-pal.so.40  000015138CF7C3CD  PMIx_Abort            Unknown  Unknown
libopen-pal.so.40  000015138CFE9210  pmix3x_abort          Unknown  Unknown
libopen-rte.so.40  000015138DD3CC27  Unknown               Unknown  Unknown
libopen-rte.so.40  000015138DD549B6  orte_errmgr_base_     Unknown  Unknown
libopen-rte.so.40  000015138DD4475B  Unknown               Unknown  Unknown
libmpi.so.40.30.2  00001513934A80DA  ompi_mpi_abort        Unknown  Unknown
libmpi_mpifh.so    00001513937D82BE  Unknown               Unknown  Unknown
MOM6               000000000123433E  Unknown               Unknown  Unknown
MOM6               000000000086D90F  Unknown               Unknown  Unknown
MOM6               0000000000662AFE  Unknown               Unknown  Unknown
MOM6               0000000000CFA52F  Unknown               Unknown  Unknown
MOM6               0000000000D4F742  Unknown               Unknown  Unknown
MOM6               0000000000D2BE70  Unknown               Unknown  Unknown
MOM6               00000000004A4C7B  Unknown               Unknown  Unknown
MOM6               0000000000498840  Unknown               Unknown  Unknown
MOM6               0000000000FD5DC1  Unknown               Unknown  Unknown
MOM6               000000000040FE22  Unknown               Unknown  Unknown
libc-2.28.so       0000151392938D85  __libc_start_main     Unknown  Unknown
MOM6               000000000040FD2E  Unknown               Unknown  Unknown
forrtl: error (78): process killed (SIGTERM)
Image              PC                Routine            Line        Source             
MOM6               000000000154DC6B  for__signal_handl     Unknown  Unknown
libpthread-2.28.s  000015113E781CF0  Unknown               Unknown  Unknown
libpthread-2.28.s  000015113E77D45A  pthread_cond_wait     Unknown  Unknown
libopen-pal.so.40  0000151138A283CD  PMIx_Abort            Unknown  Unknown
libopen-pal.so.40  0000151138A95210  pmix3x_abort          Unknown  Unknown
libopen-rte.so.40  00001511397E8C27  Unknown               Unknown  Unknown
libopen-rte.so.40  00001511398009B6  orte_errmgr_base_     Unknown  Unknown
libopen-rte.so.40  00001511397F075B  Unknown               Unknown  Unknown
libmpi.so.40.30.2  000015113EF540DA  ompi_mpi_abort        Unknown  Unknown
libmpi_mpifh.so    000015113F2842BE  Unknown               Unknown  Unknown
MOM6               000000000123433E  Unknown               Unknown  Unknown
MOM6               000000000086D90F  Unknown               Unknown  Unknown
MOM6               0000000000662AFE  Unknown               Unknown  Unknown
MOM6               0000000000CFA52F  Unknown               Unknown  Unknown
MOM6               0000000000D4F742  Unknown               Unknown  Unknown
MOM6               0000000000D2BE70  Unknown               Unknown  Unknown
MOM6               00000000004A4C7B  Unknown               Unknown  Unknown
MOM6               0000000000498840  Unknown               Unknown  Unknown
MOM6               0000000000FD5DC1  Unknown               Unknown  Unknown
MOM6               000000000040FE22  Unknown               Unknown  Unknown
libc-2.28.so       000015113E3E4D85  __libc_start_main     Unknown  Unknown
MOM6               000000000040FD2E  Unknown               Unknown  Unknown
forrtl: error (78): process killed (SIGTERM)
Image              PC                Routine            Line        Source             
MOM6               000000000154DC6B  for__signal_handl     Unknown  Unknown
libpthread-2.28.s  000015239353BCF0  Unknown               Unknown  Unknown
libpthread-2.28.s  000015239353745A  pthread_cond_wait     Unknown  Unknown
libopen-pal.so.40  000015238D7E23CD  PMIx_Abort            Unknown  Unknown
libopen-pal.so.40  000015238D84F210  pmix3x_abort          Unknown  Unknown
libopen-rte.so.40  000015238E5A2C27  Unknown               Unknown  Unknown
libopen-rte.so.40  000015238E5BA9B6  orte_errmgr_base_     Unknown  Unknown
libopen-rte.so.40  000015238E5AA75B  Unknown               Unknown  Unknown
libmpi.so.40.30.2  0000152393D0E0DA  ompi_mpi_abort        Unknown  Unknown
libmpi_mpifh.so    000015239403E2BE  Unknown               Unknown  Unknown
MOM6               000000000123433E  Unknown               Unknown  Unknown
MOM6               000000000086D90F  Unknown               Unknown  Unknown
MOM6               0000000000662AFE  Unknown               Unknown  Unknown
MOM6               0000000000CFA52F  Unknown               Unknown  Unknown
MOM6               0000000000D4F742  Unknown               Unknown  Unknown
MOM6               0000000000D2BE70  Unknown               Unknown  Unknown
MOM6               00000000004A4C7B  Unknown               Unknown  Unknown
MOM6               0000000000498840  Unknown               Unknown  Unknown
MOM6               0000000000FD5DC1  Unknown               Unknown  Unknown
MOM6               000000000040FE22  Unknown               Unknown  Unknown
libc-2.28.so       000015239319ED85  __libc_start_main     Unknown  Unknown
MOM6               000000000040FD2E  Unknown               Unknown  Unknown
forrtl: error (78): process killed (SIGTERM)
Image              PC                Routine            Line        Source             
MOM6               000000000154DC6B  for__signal_handl     Unknown  Unknown
libpthread-2.28.s  00001515C2897CF0  Unknown               Unknown  Unknown
libpthread-2.28.s  00001515C289345A  pthread_cond_wait     Unknown  Unknown
libopen-pal.so.40  00001515BCB3E3CD  PMIx_Abort            Unknown  Unknown
libopen-pal.so.40  00001515BCBAB210  pmix3x_abort          Unknown  Unknown
libopen-rte.so.40  00001515BD8FEC27  Unknown               Unknown  Unknown
libopen-rte.so.40  00001515BD9169B6  orte_errmgr_base_     Unknown  Unknown
libopen-rte.so.40  00001515BD90675B  Unknown               Unknown  Unknown
libmpi.so.40.30.2  00001515C306A0DA  ompi_mpi_abort        Unknown  Unknown
libmpi_mpifh.so    00001515C339A2BE  Unknown               Unknown  Unknown
MOM6               000000000123433E  Unknown               Unknown  Unknown
MOM6               000000000086D90F  Unknown               Unknown  Unknown
MOM6               0000000000662AFE  Unknown               Unknown  Unknown
MOM6               0000000000CFA52F  Unknown               Unknown  Unknown
MOM6               0000000000D4F742  Unknown               Unknown  Unknown
MOM6               0000000000D2BE70  Unknown               Unknown  Unknown
MOM6               00000000004A4C7B  Unknown               Unknown  Unknown
MOM6               0000000000498840  Unknown               Unknown  Unknown
MOM6               0000000000FD5DC1  Unknown               Unknown  Unknown
MOM6               000000000040FE22  Unknown               Unknown  Unknown
libc-2.28.so       00001515C24FAD85  __libc_start_main     Unknown  Unknown
MOM6               000000000040FD2E  Unknown               Unknown  Unknown
forrtl: error (78): process killed (SIGTERM)
Image              PC                Routine            Line        Source             
MOM6               000000000154DC6B  for__signal_handl     Unknown  Unknown
libpthread-2.28.s  000014C466980CF0  Unknown               Unknown  Unknown
libpthread-2.28.s  000014C46697C45A  pthread_cond_wait     Unknown  Unknown
libopen-pal.so.40  000014C460C273CD  PMIx_Abort            Unknown  Unknown
libopen-pal.so.40  000014C460C94210  pmix3x_abort          Unknown  Unknown
libopen-rte.so.40  000014C4619E7C27  Unknown               Unknown  Unknown
libopen-rte.so.40  000014C4619FF9B6  orte_errmgr_base_     Unknown  Unknown
libopen-rte.so.40  000014C4619EF75B  Unknown               Unknown  Unknown
libmpi.so.40.30.2  000014C4671530DA  ompi_mpi_abort        Unknown  Unknown
libmpi_mpifh.so    000014C4674832BE  Unknown               Unknown  Unknown
MOM6               000000000123433E  Unknown               Unknown  Unknown
MOM6               000000000086D90F  Unknown               Unknown  Unknown
MOM6               0000000000662AFE  Unknown               Unknown  Unknown
MOM6               0000000000CFA52F  Unknown               Unknown  Unknown
MOM6               0000000000D4F742  Unknown               Unknown  Unknown
MOM6               0000000000D2BE70  Unknown               Unknown  Unknown
MOM6               00000000004A4C7B  Unknown               Unknown  Unknown
MOM6               0000000000498840  Unknown               Unknown  Unknown
MOM6               0000000000FD5DC1  Unknown               Unknown  Unknown
MOM6               000000000040FE22  Unknown               Unknown  Unknown
libc-2.28.so       000014C4665E3D85  __libc_start_main     Unknown  Unknown
MOM6               000000000040FD2E  Unknown               Unknown  Unknown
forrtl: error (78): process killed (SIGTERM)
Image              PC                Routine            Line        Source             
MOM6               000000000154DC6B  for__signal_handl     Unknown  Unknown
libpthread-2.28.s  000014F627A22CF0  Unknown               Unknown  Unknown
libpthread-2.28.s  000014F627A1E45A  pthread_cond_wait     Unknown  Unknown
libopen-pal.so.40  000014F621CC93CD  PMIx_Abort            Unknown  Unknown
libopen-pal.so.40  000014F621D36210  pmix3x_abort          Unknown  Unknown
libopen-rte.so.40  000014F622A89C27  Unknown               Unknown  Unknown
libopen-rte.so.40  000014F622AA19B6  orte_errmgr_base_     Unknown  Unknown
libopen-rte.so.40  000014F622A9175B  Unknown               Unknown  Unknown
libmpi.so.40.30.2  000014F6281F50DA  ompi_mpi_abort        Unknown  Unknown
libmpi_mpifh.so    000014F6285252BE  Unknown               Unknown  Unknown
MOM6               000000000123433E  Unknown               Unknown  Unknown
MOM6               000000000086D90F  Unknown               Unknown  Unknown
MOM6               0000000000662AFE  Unknown               Unknown  Unknown
MOM6               0000000000CFA52F  Unknown               Unknown  Unknown
MOM6               0000000000D4F742  Unknown               Unknown  Unknown
MOM6               0000000000D2BE70  Unknown               Unknown  Unknown
MOM6               00000000004A4C7B  Unknown               Unknown  Unknown
MOM6               0000000000498840  Unknown               Unknown  Unknown
MOM6               0000000000FD5DC1  Unknown               Unknown  Unknown
MOM6               000000000040FE22  Unknown               Unknown  Unknown
libc-2.28.so       000014F627685D85  __libc_start_main     Unknown  Unknown
MOM6               000000000040FD2E  Unknown               Unknown  Unknown
forrtl: error (78): process killed (SIGTERM)
Image              PC                Routine            Line        Source             
MOM6               000000000154DC6B  for__signal_handl     Unknown  Unknown
libpthread-2.28.s  000014A208814CF0  Unknown               Unknown  Unknown
libpthread-2.28.s  000014A20881045A  pthread_cond_wait     Unknown  Unknown
libopen-pal.so.40  000014A202ABB3CD  PMIx_Abort            Unknown  Unknown
libopen-pal.so.40  000014A202B28210  pmix3x_abort          Unknown  Unknown
libopen-rte.so.40  000014A20387BC27  Unknown               Unknown  Unknown
libopen-rte.so.40  000014A2038939B6  orte_errmgr_base_     Unknown  Unknown
libopen-rte.so.40  000014A20388375B  Unknown               Unknown  Unknown
libmpi.so.40.30.2  000014A208FE70DA  ompi_mpi_abort        Unknown  Unknown
libmpi_mpifh.so    000014A2093172BE  Unknown               Unknown  Unknown
MOM6               000000000123433E  Unknown               Unknown  Unknown
MOM6               000000000086D90F  Unknown               Unknown  Unknown
MOM6               0000000000662AFE  Unknown               Unknown  Unknown
MOM6               0000000000CFA52F  Unknown               Unknown  Unknown
MOM6               0000000000D4F742  Unknown               Unknown  Unknown
MOM6               0000000000D2BE70  Unknown               Unknown  Unknown
MOM6               00000000004A4C7B  Unknown               Unknown  Unknown
MOM6               0000000000498840  Unknown               Unknown  Unknown
MOM6               0000000000FD5DC1  Unknown               Unknown  Unknown
MOM6               000000000040FE22  Unknown               Unknown  Unknown
libc-2.28.so       000014A208477D85  __libc_start_main     Unknown  Unknown
MOM6               000000000040FD2E  Unknown               Unknown  Unknown
forrtl: error (78): process killed (SIGTERM)
Image              PC                Routine            Line        Source             
MOM6               000000000154DC6B  for__signal_handl     Unknown  Unknown
libpthread-2.28.s  0000154A9A53BCF0  Unknown               Unknown  Unknown
libpthread-2.28.s  0000154A9A53745A  pthread_cond_wait     Unknown  Unknown
libopen-pal.so.40  0000154A947E23CD  PMIx_Abort            Unknown  Unknown
libopen-pal.so.40  0000154A9484F210  pmix3x_abort          Unknown  Unknown
libopen-rte.so.40  0000154A955A2C27  Unknown               Unknown  Unknown
libopen-rte.so.40  0000154A955BA9B6  orte_errmgr_base_     Unknown  Unknown
libopen-rte.so.40  0000154A955AA75B  Unknown               Unknown  Unknown
libmpi.so.40.30.2  0000154A9AD0E0DA  ompi_mpi_abort        Unknown  Unknown
libmpi_mpifh.so    0000154A9B03E2BE  Unknown               Unknown  Unknown
MOM6               000000000123433E  Unknown               Unknown  Unknown
MOM6               000000000086D90F  Unknown               Unknown  Unknown
MOM6               0000000000662AFE  Unknown               Unknown  Unknown
MOM6               0000000000CFA52F  Unknown               Unknown  Unknown
MOM6               0000000000D4F742  Unknown               Unknown  Unknown
MOM6               0000000000D2BE70  Unknown               Unknown  Unknown
MOM6               00000000004A4C7B  Unknown               Unknown  Unknown
MOM6               0000000000498840  Unknown               Unknown  Unknown
MOM6               0000000000FD5DC1  Unknown               Unknown  Unknown
MOM6               000000000040FE22  Unknown               Unknown  Unknown
libc-2.28.so       0000154A9A19ED85  __libc_start_main     Unknown  Unknown
MOM6               000000000040FD2E  Unknown               Unknown  Unknown
forrtl: error (78): process killed (SIGTERM)
Image              PC                Routine            Line        Source             
MOM6               000000000154DC6B  for__signal_handl     Unknown  Unknown
libpthread-2.28.s  000014A3BBE73CF0  Unknown               Unknown  Unknown
libpthread-2.28.s  000014A3BBE6F45A  pthread_cond_wait     Unknown  Unknown
libopen-pal.so.40  000014A3B611A3CD  PMIx_Abort            Unknown  Unknown
libopen-pal.so.40  000014A3B6187210  pmix3x_abort          Unknown  Unknown
libopen-rte.so.40  000014A3B6EDAC27  Unknown               Unknown  Unknown
libopen-rte.so.40  000014A3B6EF29B6  orte_errmgr_base_     Unknown  Unknown
libopen-rte.so.40  000014A3B6EE275B  Unknown               Unknown  Unknown
libmpi.so.40.30.2  000014A3BC6460DA  ompi_mpi_abort        Unknown  Unknown
libmpi_mpifh.so    000014A3BC9762BE  Unknown               Unknown  Unknown
MOM6               000000000123433E  Unknown               Unknown  Unknown
MOM6               000000000086D90F  Unknown               Unknown  Unknown
MOM6               0000000000662AFE  Unknown               Unknown  Unknown
MOM6               0000000000CFA52F  Unknown               Unknown  Unknown
MOM6               0000000000D4F742  Unknown               Unknown  Unknown
MOM6               0000000000D2BE70  Unknown               Unknown  Unknown
MOM6               00000000004A4C7B  Unknown               Unknown  Unknown
MOM6               0000000000498840  Unknown               Unknown  Unknown
MOM6               0000000000FD5DC1  Unknown               Unknown  Unknown
MOM6               000000000040FE22  Unknown               Unknown  Unknown
libc-2.28.so       000014A3BBAD6D85  __libc_start_main     Unknown  Unknown
MOM6               000000000040FD2E  Unknown               Unknown  Unknown
forrtl: error (78): process killed (SIGTERM)
Image              PC                Routine            Line        Source             
MOM6               000000000154DC6B  for__signal_handl     Unknown  Unknown
libpthread-2.28.s  0000146EBB190CF0  Unknown               Unknown  Unknown
libpthread-2.28.s  0000146EBB18C45A  pthread_cond_wait     Unknown  Unknown
libopen-pal.so.40  0000146EB54373CD  PMIx_Abort            Unknown  Unknown
libopen-pal.so.40  0000146EB54A4210  pmix3x_abort          Unknown  Unknown
libopen-rte.so.40  0000146EB61F7C27  Unknown               Unknown  Unknown
libopen-rte.so.40  0000146EB620F9B6  orte_errmgr_base_     Unknown  Unknown
libopen-rte.so.40  0000146EB61FF75B  Unknown               Unknown  Unknown
libmpi.so.40.30.2  0000146EBB9630DA  ompi_mpi_abort        Unknown  Unknown
libmpi_mpifh.so    0000146EBBC932BE  Unknown               Unknown  Unknown
MOM6               000000000123433E  Unknown               Unknown  Unknown
MOM6               000000000086D90F  Unknown               Unknown  Unknown
MOM6               0000000000662AFE  Unknown               Unknown  Unknown
MOM6               0000000000CFA52F  Unknown               Unknown  Unknown
MOM6               0000000000D4F742  Unknown               Unknown  Unknown
MOM6               0000000000D2BE70  Unknown               Unknown  Unknown
MOM6               00000000004A4C7B  Unknown               Unknown  Unknown
MOM6               0000000000498840  Unknown               Unknown  Unknown
MOM6               0000000000FD5DC1  Unknown               Unknown  Unknown
MOM6               000000000040FE22  Unknown               Unknown  Unknown
libc-2.28.so       0000146EBADF3D85  __libc_start_main     Unknown  Unknown
MOM6               000000000040FD2E  Unknown               Unknown  Unknown
forrtl: error (78): process killed (SIGTERM)
Image              PC                Routine            Line        Source             
MOM6               000000000154DC6B  for__signal_handl     Unknown  Unknown
libpthread-2.28.s  0000154B8F349CF0  Unknown               Unknown  Unknown
libpthread-2.28.s  0000154B8F349180  nanosleep             Unknown  Unknown
libopen-rte.so.40  0000154B8A3F479A  orte_show_help_no     Unknown  Unknown
libopen-rte.so.40  0000154B8A3F4AFC  orte_show_help        Unknown  Unknown
libmpi.so.40.30.2  0000154B8FB04C4A  PMPI_Abort            Unknown  Unknown
libmpi_mpifh.so    0000154B8FE4C2BE  Unknown               Unknown  Unknown
MOM6               000000000123433E  Unknown               Unknown  Unknown
MOM6               000000000086D90F  Unknown               Unknown  Unknown
MOM6               0000000000662AFE  Unknown               Unknown  Unknown
MOM6               0000000000CFA52F  Unknown               Unknown  Unknown
MOM6               0000000000D4F742  Unknown               Unknown  Unknown
MOM6               0000000000D2BE70  Unknown               Unknown  Unknown
MOM6               00000000004A4C7B  Unknown               Unknown  Unknown
MOM6               0000000000498840  Unknown               Unknown  Unknown
MOM6               0000000000FD5DC1  Unknown               Unknown  Unknown
MOM6               000000000040FE22  Unknown               Unknown  Unknown
libc-2.28.so       0000154B8EFACD85  __libc_start_main     Unknown  Unknown
MOM6               000000000040FD2E  Unknown               Unknown  Unknown
forrtl: error (78): process killed (SIGTERM)
Image              PC                Routine            Line        Source             
MOM6               000000000154DC6B  for__signal_handl     Unknown  Unknown
libpthread-2.28.s  000014D749A05CF0  Unknown               Unknown  Unknown
libpthread-2.28.s  000014D749A0145A  pthread_cond_wait     Unknown  Unknown
libopen-pal.so.40  000014D743CAC3CD  PMIx_Abort            Unknown  Unknown
libopen-pal.so.40  000014D743D19210  pmix3x_abort          Unknown  Unknown
libopen-rte.so.40  000014D744A6CC27  Unknown               Unknown  Unknown
libopen-rte.so.40  000014D744A849B6  orte_errmgr_base_     Unknown  Unknown
libopen-rte.so.40  000014D744A7475B  Unknown               Unknown  Unknown
libmpi.so.40.30.2  000014D74A1D80DA  ompi_mpi_abort        Unknown  Unknown
libmpi_mpifh.so    000014D74A5082BE  Unknown               Unknown  Unknown
MOM6               000000000123433E  Unknown               Unknown  Unknown
MOM6               000000000086D90F  Unknown               Unknown  Unknown
MOM6               0000000000662AFE  Unknown               Unknown  Unknown
MOM6               0000000000CFA52F  Unknown               Unknown  Unknown
MOM6               0000000000D4F742  Unknown               Unknown  Unknown
MOM6               0000000000D2BE70  Unknown               Unknown  Unknown
MOM6               00000000004A4C7B  Unknown               Unknown  Unknown
MOM6               0000000000498840  Unknown               Unknown  Unknown
MOM6               0000000000FD5DC1  Unknown               Unknown  Unknown
MOM6               000000000040FE22  Unknown               Unknown  Unknown
libc-2.28.so       000014D749668D85  __libc_start_main     Unknown  Unknown
MOM6               000000000040FD2E  Unknown               Unknown  Unknown
forrtl: error (78): process killed (SIGTERM)
Image              PC                Routine            Line        Source             
MOM6               000000000154DC6B  for__signal_handl     Unknown  Unknown
libpthread-2.28.s  000014C243618CF0  Unknown               Unknown  Unknown
libpthread-2.28.s  000014C24361445A  pthread_cond_wait     Unknown  Unknown
libopen-pal.so.40  000014C23D8BF3CD  PMIx_Abort            Unknown  Unknown
libopen-pal.so.40  000014C23D92C210  pmix3x_abort          Unknown  Unknown
libopen-rte.so.40  000014C23E67FC27  Unknown               Unknown  Unknown
libopen-rte.so.40  000014C23E6979B6  orte_errmgr_base_     Unknown  Unknown
libopen-rte.so.40  000014C23E68775B  Unknown               Unknown  Unknown
libmpi.so.40.30.2  000014C243DEB0DA  ompi_mpi_abort        Unknown  Unknown
libmpi_mpifh.so    000014C24411B2BE  Unknown               Unknown  Unknown
MOM6               000000000123433E  Unknown               Unknown  Unknown
MOM6               000000000086D90F  Unknown               Unknown  Unknown
MOM6               0000000000662AFE  Unknown               Unknown  Unknown
MOM6               0000000000CFA52F  Unknown               Unknown  Unknown
MOM6               0000000000D4F742  Unknown               Unknown  Unknown
MOM6               0000000000D2BE70  Unknown               Unknown  Unknown
MOM6               00000000004A4C7B  Unknown               Unknown  Unknown
MOM6               0000000000498840  Unknown               Unknown  Unknown
MOM6               0000000000FD5DC1  Unknown               Unknown  Unknown
MOM6               000000000040FE22  Unknown               Unknown  Unknown
libc-2.28.so       000014C24327BD85  __libc_start_main     Unknown  Unknown
MOM6               000000000040FD2E  Unknown               Unknown  Unknown
forrtl: error (78): process killed (SIGTERM)
Image              PC                Routine            Line        Source             
MOM6               000000000154DC6B  for__signal_handl     Unknown  Unknown
libpthread-2.28.s  00001499C8A79CF0  Unknown               Unknown  Unknown
libpthread-2.28.s  00001499C8A7545A  pthread_cond_wait     Unknown  Unknown
libopen-pal.so.40  00001499C2D203CD  PMIx_Abort            Unknown  Unknown
libopen-pal.so.40  00001499C2D8D210  pmix3x_abort          Unknown  Unknown
libopen-rte.so.40  00001499C3AE0C27  Unknown               Unknown  Unknown
libopen-rte.so.40  00001499C3AF89B6  orte_errmgr_base_     Unknown  Unknown
libopen-rte.so.40  00001499C3AE875B  Unknown               Unknown  Unknown
libmpi.so.40.30.2  00001499C924C0DA  ompi_mpi_abort        Unknown  Unknown
libmpi_mpifh.so    00001499C957C2BE  Unknown               Unknown  Unknown
MOM6               000000000123433E  Unknown               Unknown  Unknown
MOM6               000000000086D90F  Unknown               Unknown  Unknown
MOM6               0000000000662AFE  Unknown               Unknown  Unknown
MOM6               0000000000CFA52F  Unknown               Unknown  Unknown
MOM6               0000000000D4F742  Unknown               Unknown  Unknown
MOM6               0000000000D2BE70  Unknown               Unknown  Unknown
MOM6               00000000004A4C7B  Unknown               Unknown  Unknown
MOM6               0000000000498840  Unknown               Unknown  Unknown
MOM6               0000000000FD5DC1  Unknown               Unknown  Unknown
MOM6               000000000040FE22  Unknown               Unknown  Unknown
libc-2.28.so       00001499C86DCD85  __libc_start_main     Unknown  Unknown
MOM6               000000000040FD2E  Unknown               Unknown  Unknown
forrtl: error (78): process killed (SIGTERM)
Image              PC                Routine            Line        Source             
MOM6               000000000154DC6B  for__signal_handl     Unknown  Unknown
libpthread-2.28.s  000014D02BEC2CF0  Unknown               Unknown  Unknown
libpthread-2.28.s  000014D02BEC2180  nanosleep             Unknown  Unknown
libopen-rte.so.40  000014D026F6D79A  orte_show_help_no     Unknown  Unknown
libopen-rte.so.40  000014D026F6DAFC  orte_show_help        Unknown  Unknown
libmpi.so.40.30.2  000014D02C67DC4A  PMPI_Abort            Unknown  Unknown
libmpi_mpifh.so    000014D02C9C52BE  Unknown               Unknown  Unknown
MOM6               000000000123433E  Unknown               Unknown  Unknown
MOM6               000000000086D90F  Unknown               Unknown  Unknown
MOM6               0000000000662AFE  Unknown               Unknown  Unknown
MOM6               0000000000CFA52F  Unknown               Unknown  Unknown
MOM6               0000000000D4F742  Unknown               Unknown  Unknown
MOM6               0000000000D2BE70  Unknown               Unknown  Unknown
MOM6               00000000004A4C7B  Unknown               Unknown  Unknown
MOM6               0000000000498840  Unknown               Unknown  Unknown
MOM6               0000000000FD5DC1  Unknown               Unknown  Unknown
MOM6               000000000040FE22  Unknown               Unknown  Unknown
libc-2.28.so       000014D02BB25D85  __libc_start_main     Unknown  Unknown
MOM6               000000000040FD2E  Unknown               Unknown  Unknown
forrtl: error (78): process killed (SIGTERM)
Image              PC                Routine            Line        Source             
MOM6               000000000154DC6B  for__signal_handl     Unknown  Unknown
libpthread-2.28.s  000014A5B176ACF0  Unknown               Unknown  Unknown
libpthread-2.28.s  000014A5B176645A  pthread_cond_wait     Unknown  Unknown
libopen-pal.so.40  000014A5ABA113CD  PMIx_Abort            Unknown  Unknown
libopen-pal.so.40  000014A5ABA7E210  pmix3x_abort          Unknown  Unknown
libopen-rte.so.40  000014A5AC7D1C27  Unknown               Unknown  Unknown
libopen-rte.so.40  000014A5AC7E99B6  orte_errmgr_base_     Unknown  Unknown
libopen-rte.so.40  000014A5AC7D975B  Unknown               Unknown  Unknown
libmpi.so.40.30.2  000014A5B1F3D0DA  ompi_mpi_abort        Unknown  Unknown
libmpi_mpifh.so    000014A5B226D2BE  Unknown               Unknown  Unknown
MOM6               000000000123433E  Unknown               Unknown  Unknown
MOM6               000000000086D90F  Unknown               Unknown  Unknown
MOM6               0000000000662AFE  Unknown               Unknown  Unknown
MOM6               0000000000CFA52F  Unknown               Unknown  Unknown
MOM6               0000000000D4F742  Unknown               Unknown  Unknown
MOM6               0000000000D2BE70  Unknown               Unknown  Unknown
MOM6               00000000004A4C7B  Unknown               Unknown  Unknown
MOM6               0000000000498840  Unknown               Unknown  Unknown
MOM6               0000000000FD5DC1  Unknown               Unknown  Unknown
MOM6               000000000040FE22  Unknown               Unknown  Unknown
libc-2.28.so       000014A5B13CDD85  __libc_start_main     Unknown  Unknown
MOM6               000000000040FD2E  Unknown               Unknown  Unknown
forrtl: error (78): process killed (SIGTERM)
Image              PC                Routine            Line        Source             
MOM6               000000000154DC6B  for__signal_handl     Unknown  Unknown
libpthread-2.28.s  000014B5940B3CF0  Unknown               Unknown  Unknown
libpthread-2.28.s  000014B5940B3180  nanosleep             Unknown  Unknown
libopen-rte.so.40  000014B58F15E79A  orte_show_help_no     Unknown  Unknown
libopen-rte.so.40  000014B58F15EAFC  orte_show_help        Unknown  Unknown
libmpi.so.40.30.2  000014B59486EC4A  PMPI_Abort            Unknown  Unknown
libmpi_mpifh.so    000014B594BB62BE  Unknown               Unknown  Unknown
MOM6               000000000123433E  Unknown               Unknown  Unknown
MOM6               000000000086D90F  Unknown               Unknown  Unknown
MOM6               0000000000662AFE  Unknown               Unknown  Unknown
MOM6               0000000000CFA52F  Unknown               Unknown  Unknown
MOM6               0000000000D4F742  Unknown               Unknown  Unknown
MOM6               0000000000D2BE70  Unknown               Unknown  Unknown
MOM6               00000000004A4C7B  Unknown               Unknown  Unknown
MOM6               0000000000498840  Unknown               Unknown  Unknown
MOM6               0000000000FD5DC1  Unknown               Unknown  Unknown
MOM6               000000000040FE22  Unknown               Unknown  Unknown
libc-2.28.so       000014B593D16D85  __libc_start_main     Unknown  Unknown
MOM6               000000000040FD2E  Unknown               Unknown  Unknown
forrtl: error (78): process killed (SIGTERM)
Image              PC                Routine            Line        Source             
MOM6               000000000154DC6B  for__signal_handl     Unknown  Unknown
libpthread-2.28.s  000014E186C1ECF0  Unknown               Unknown  Unknown
libpthread-2.28.s  000014E186C1E180  nanosleep             Unknown  Unknown
libopen-rte.so.40  000014E181CC979A  orte_show_help_no     Unknown  Unknown
libopen-rte.so.40  000014E181CC9AFC  orte_show_help        Unknown  Unknown
libmpi.so.40.30.2  000014E1873D9C4A  PMPI_Abort            Unknown  Unknown
libmpi_mpifh.so    000014E1877212BE  Unknown               Unknown  Unknown
MOM6               000000000123433E  Unknown               Unknown  Unknown
MOM6               000000000086D90F  Unknown               Unknown  Unknown
MOM6               0000000000662AFE  Unknown               Unknown  Unknown
MOM6               0000000000CFA52F  Unknown               Unknown  Unknown
MOM6               0000000000D4F742  Unknown               Unknown  Unknown
MOM6               0000000000D2BE70  Unknown               Unknown  Unknown
MOM6               00000000004A4C7B  Unknown               Unknown  Unknown
MOM6               0000000000498840  Unknown               Unknown  Unknown
MOM6               0000000000FD5DC1  Unknown               Unknown  Unknown
MOM6               000000000040FE22  Unknown               Unknown  Unknown
libc-2.28.so       000014E186881D85  __libc_start_main     Unknown  Unknown
MOM6               000000000040FD2E  Unknown               Unknown  Unknown
forrtl: error (78): process killed (SIGTERM)
Image              PC                Routine            Line        Source             
MOM6               000000000154DC6B  for__signal_handl     Unknown  Unknown
libpthread-2.28.s  0000146924EDDCF0  Unknown               Unknown  Unknown
libpthread-2.28.s  0000146924EDD180  nanosleep             Unknown  Unknown
libopen-rte.so.40  000014691FF8879A  orte_show_help_no     Unknown  Unknown
libopen-rte.so.40  000014691FF88AFC  orte_show_help        Unknown  Unknown
libmpi.so.40.30.2  0000146925698C4A  PMPI_Abort            Unknown  Unknown
libmpi_mpifh.so    00001469259E02BE  Unknown               Unknown  Unknown
MOM6               000000000123433E  Unknown               Unknown  Unknown
MOM6               000000000086D90F  Unknown               Unknown  Unknown
MOM6               0000000000662AFE  Unknown               Unknown  Unknown
MOM6               0000000000CFA52F  Unknown               Unknown  Unknown
MOM6               0000000000D4F742  Unknown               Unknown  Unknown
MOM6               0000000000D2BE70  Unknown               Unknown  Unknown
MOM6               00000000004A4C7B  Unknown               Unknown  Unknown
MOM6               0000000000498840  Unknown               Unknown  Unknown
MOM6               0000000000FD5DC1  Unknown               Unknown  Unknown
MOM6               000000000040FE22  Unknown               Unknown  Unknown
libc-2.28.so       0000146924B40D85  __libc_start_main     Unknown  Unknown
MOM6               000000000040FD2E  Unknown               Unknown  Unknown
forrtl: error (78): process killed (SIGTERM)
Image              PC                Routine            Line        Source             
MOM6               000000000154DC6B  for__signal_handl     Unknown  Unknown
libpthread-2.28.s  00001522755FDCF0  Unknown               Unknown  Unknown
libpthread-2.28.s  00001522755FD180  nanosleep             Unknown  Unknown
libopen-rte.so.40  00001522706A879A  orte_show_help_no     Unknown  Unknown
libopen-rte.so.40  00001522706A8AFC  orte_show_help        Unknown  Unknown
libmpi.so.40.30.2  0000152275DB8C4A  PMPI_Abort            Unknown  Unknown
libmpi_mpifh.so    00001522761002BE  Unknown               Unknown  Unknown
MOM6               000000000123433E  Unknown               Unknown  Unknown
MOM6               000000000086D90F  Unknown               Unknown  Unknown
MOM6               0000000000662AFE  Unknown               Unknown  Unknown
MOM6               0000000000CFA52F  Unknown               Unknown  Unknown
MOM6               0000000000D4F742  Unknown               Unknown  Unknown
MOM6               0000000000D2BE70  Unknown               Unknown  Unknown
MOM6               00000000004A4C7B  Unknown               Unknown  Unknown
MOM6               0000000000498840  Unknown               Unknown  Unknown
MOM6               0000000000FD5DC1  Unknown               Unknown  Unknown
MOM6               000000000040FE22  Unknown               Unknown  Unknown
libc-2.28.so       0000152275260D85  __libc_start_main     Unknown  Unknown
MOM6               000000000040FD2E  Unknown               Unknown  Unknown
forrtl: error (78): process killed (SIGTERM)
Image              PC                Routine            Line        Source             
MOM6               000000000154DC6B  for__signal_handl     Unknown  Unknown
libpthread-2.28.s  000014C576005CF0  Unknown               Unknown  Unknown
libpthread-2.28.s  000014C576005180  nanosleep             Unknown  Unknown
libopen-rte.so.40  000014C5710B079A  orte_show_help_no     Unknown  Unknown
libopen-rte.so.40  000014C5710B0AFC  orte_show_help        Unknown  Unknown
libmpi.so.40.30.2  000014C5767C0C4A  PMPI_Abort            Unknown  Unknown
libmpi_mpifh.so    000014C576B082BE  Unknown               Unknown  Unknown
MOM6               000000000123433E  Unknown               Unknown  Unknown
MOM6               000000000086D90F  Unknown               Unknown  Unknown
MOM6               0000000000662AFE  Unknown               Unknown  Unknown
MOM6               0000000000CFA52F  Unknown               Unknown  Unknown
MOM6               0000000000D4F742  Unknown               Unknown  Unknown
MOM6               0000000000D2BE70  Unknown               Unknown  Unknown
MOM6               00000000004A4C7B  Unknown               Unknown  Unknown
MOM6               0000000000498840  Unknown               Unknown  Unknown
MOM6               0000000000FD5DC1  Unknown               Unknown  Unknown
MOM6               000000000040FE22  Unknown               Unknown  Unknown
libc-2.28.so       000014C575C68D85  __libc_start_main     Unknown  Unknown
MOM6               000000000040FD2E  Unknown               Unknown  Unknown
forrtl: error (78): process killed (SIGTERM)
Image              PC                Routine            Line        Source             
MOM6               000000000154DC6B  for__signal_handl     Unknown  Unknown
libpthread-2.28.s  000014CE8577FCF0  Unknown               Unknown  Unknown
libpthread-2.28.s  000014CE8577B45A  pthread_cond_wait     Unknown  Unknown
libopen-pal.so.40  000014CE7FA263CD  PMIx_Abort            Unknown  Unknown
libopen-pal.so.40  000014CE7FA93210  pmix3x_abort          Unknown  Unknown
libopen-rte.so.40  000014CE807E6C27  Unknown               Unknown  Unknown
libopen-rte.so.40  000014CE807FE9B6  orte_errmgr_base_     Unknown  Unknown
libopen-rte.so.40  000014CE807EE75B  Unknown               Unknown  Unknown
libmpi.so.40.30.2  000014CE85F520DA  ompi_mpi_abort        Unknown  Unknown
libmpi_mpifh.so    000014CE862822BE  Unknown               Unknown  Unknown
MOM6               000000000123433E  Unknown               Unknown  Unknown
MOM6               000000000086D90F  Unknown               Unknown  Unknown
MOM6               0000000000662AFE  Unknown               Unknown  Unknown
MOM6               0000000000CFA52F  Unknown               Unknown  Unknown
MOM6               0000000000D4F742  Unknown               Unknown  Unknown
MOM6               0000000000D2BE70  Unknown               Unknown  Unknown
MOM6               00000000004A4C7B  Unknown               Unknown  Unknown
MOM6               0000000000498840  Unknown               Unknown  Unknown
MOM6               0000000000FD5DC1  Unknown               Unknown  Unknown
MOM6               000000000040FE22  Unknown               Unknown  Unknown
libc-2.28.so       000014CE853E2D85  __libc_start_main     Unknown  Unknown
MOM6               000000000040FD2E  Unknown               Unknown  Unknown
[gadi-cpu-clx-2543.gadi.nci.org.au:1559648] 47 more processes have sent help message help-mpi-api.txt / mpi-abort
[gadi-cpu-clx-2543.gadi.nci.org.au:1559648] Set MCA parameter "orte_base_help_aggregate" to 0 to see all help / error messages
