NOTE from PE     0: MPP_DOMAINS_SET_STACK_SIZE: stack size set to    32768.
 &MPP_IO_NML
 HEADER_BUFFER_VAL       =       16384,
 GLOBAL_FIELD_ON_ROOT_PE = T,
 IO_CLOCKS_ON    = F,
 SHUFFLE =           0,
 DEFLATE_LEVEL   =          -1,
 CF_COMPLIANCE   = F
 /
NOTE from PE     0: MPP_IO_SET_STACK_SIZE: stack size set to     131072.
NOTE from PE     0: MPP_DOMAINS_SET_STACK_SIZE: stack size set to   960000.
NOTE from PE     0: ======== Model being driven by MOM_driver ========
NOTE from PE     0: callTree: o Program MOM_main, MOM_driver.F90
 &OCEAN_SOLO_NML
 DATE_INIT       = 3*1, 3*0,
 CALENDAR        = julian          ,
 MONTHS  =           0,
 DAYS    =         365,
 HOURS   =           0,
 MINUTES =           0,
 SECONDS =           0,
 OCEAN_NTHREADS  =           1,
 USE_HYPER_THREAD        = F
 /
NOTE from PE     0: open_param_file: MOM_input has been opened successfully.
NOTE from PE     0: open_param_file: MOM_override has been opened successfully.
 MOM_in domain decomposition
whalo =    4, ehalo =    4, shalo =    4, nhalo =    4
  X-AXIS =   15  15  15  15  15  15  15  15  15  15  15  15  15  15  15  15
  Y-AXIS =   14  12  14
 MOM_inc domain decomposition
whalo =    2, ehalo =    2, shalo =    2, nhalo =    2
  X-AXIS =    8   8   8   8   7   7   7   7   7   7   7   7   8   8   8   8
  Y-AXIS =    7   6   7

WARNING from PE     0: diag_manager_mod::diag_manager_init: DIAG_MANAGER_NML not found in input.nml.  Using defaults.

NOTE from PE     0: diag_manager_mod::diag_manager_init: prepend_date only supported when diag_manager_init is called with time_init present.
 MOM_in domain decomposition
whalo =    4, ehalo =    4, shalo =    4, nhalo =    4
  X-AXIS =   15  15  15  15  15  15  15  15  15  15  15  15  15  15  15  15
  Y-AXIS =   14  12  14
 MOM_in domain decomposition
whalo =    2, ehalo =    2, shalo =    2, nhalo =    2
  X-AXIS =    8   8   8   8   7   7   7   7   7   7   7   7   8   8   8   8
  Y-AXIS =    7   6   7

WARNING from PE     0: MOM_file_parser : MIN_THICKNESS over-ridden.  Line: 'MIN_THICKNESS = 0.001' in file MOM_override.

 MOM_in domain decomposition
whalo =    4, ehalo =    4, shalo =    4, nhalo =    4
  X-AXIS =   15  15  15  15  15  15  15  15  15  15  15  15  15  15  15  15
  Y-AXIS =   14  12  14
 MOM_in domain decomposition
whalo =    2, ehalo =    2, shalo =    2, nhalo =    2
  X-AXIS =    8   8   8   8   7   7   7   7   7   7   7   7   8   8   8   8
  Y-AXIS =    7   6   7
 MOM_Ice_Shelf_in domain decomposition
whalo =    4, ehalo =    4, shalo =    4, nhalo =    4
  X-AXIS =   15  15  15  15  15  15  15  15  15  15  15  15  15  15  15  15
  Y-AXIS =   14  12  14
 MOM_Ice_Shelf_inc domain decomposition
whalo =    2, ehalo =    2, shalo =    2, nhalo =    2
  X-AXIS =    8   8   8   8   7   7   7   7   7   7   7   7   8   8   8   8
  Y-AXIS =    7   6   7
 MOM_Ice_Shelf_in domain decomposition
whalo =    4, ehalo =    4, shalo =    4, nhalo =    4
  X-AXIS =   15  15  15  15  15  15  15  15  15  15  15  15  15  15  15  15
  Y-AXIS =   14  12  14
 MOM_Ice_Shelf_in domain decomposition
whalo =    2, ehalo =    2, shalo =    2, nhalo =    2
  X-AXIS =    8   8   8   8   7   7   7   7   7   7   7   7   8   8   8   8
  Y-AXIS =    7   6   7
NOTE from PE     0: Initialize_ice_thickness_from_file: reading thickness

WARNING from PE     0: Ice shelf thickness initialized without setting the shelf mask from variable h_mask, which does not exist in INPUT/Ocean1_3D.nc

NOTE from PE     0: MOM_initialization.F90, initialize_thickness_uniform: setting thickness

WARNING from PE     0: MOM_file_parser : TS_CONFIG over-ridden.  Line: 'TS_CONFIG = "ISOMIP"' in file MOM_override.


WARNING from PE     0: MOM_file_parser : MASS_WEIGHT_IN_PRESSURE_GRADIENT over-ridden.  Line: 'MASS_WEIGHT_IN_PRESSURE_GRADIENT = False' in file MOM_override.


WARNING from PE     0: KVML is a deprecated parameter. Use KV_ML_INVZ2 instead.

 MOM_in domain decomposition
whalo =    4, ehalo =    4, shalo =    4, nhalo =    4
  X-AXIS =   15  15  15  15  15  15  15  15  15  15  15  15  15  15  15  15
  Y-AXIS =   14  12  14
 MOM_in domain decomposition
whalo =    2, ehalo =    2, shalo =    2, nhalo =    2
  X-AXIS =    8   8   8   8   7   7   7   7   7   7   7   7   8   8   8   8
  Y-AXIS =    7   6   7
NOTE from PE     0: MOM_ice_shelf.F90, initialize_ice_shelf: allocating fluxes.
NOTE from PE     0: MOM_ice_shelf.F90, initialize_ice_shelf: allocating forces.

WARNING from PE     0: Previous msg:DT_FORCING = 300.0              !   [s] default = 0.0


WARNING from PE     0: New message :DT_FORCING = 300.0              !   [s] default = 300.0


WARNING from PE     0: Encountered inconsistent documentation line for parameter DT_FORCING!

NOTE from PE     0: Segment run length determined from ocean_solo_nml.

WARNING from PE     0: Unused line in MOM_input : T_REF = -1.9


WARNING from PE     0: Unused line in MOM_input : FIT_SALINITY = True

NOTE from PE     0: MOM_surface_forcing: buoyancy forcing has been set to omitted.
NOTE from PE     0: MPP_IO_SET_STACK_SIZE: stack size set to     240000.
NOTE from PE     0: MPP_IO_SET_STACK_SIZE: stack size set to     241000.
NOTE from PE     0: MPP_IO_SET_STACK_SIZE: stack size set to     246000.
NOTE from PE     0: MPP_IO_SET_STACK_SIZE: stack size set to     249600.
MOM Day       0.000      0: En 0.000000E+00, MaxCFL  0.00000, Mass 1.335235388547E+16, Salt  34.19116093073, Temp  -1.90000000000
    Total Energy: 0000000000000000  0.0000000000000000E+00
    Total Mass:   1.3352353885470244E+16, Change:   0.0000000000000000E+00 Error:  0.00000E+00 ( 0.0E+00)
    Total Salt:   4.5653248050211625E+14, Change:   0.0000000000000000E+00 Error:  0.00000E+00 ( 0.0E+00)
    Total Heat:  -9.9575179100894314E+19, Change:   0.0000000000000000E+00 Error:  0.00000E+00 ( 0.0E+00)
NOTE from PE     0: MPP_IO_SET_STACK_SIZE: stack size set to     250640.
NOTE from PE     0: MPP_IO_SET_STACK_SIZE: stack size set to     255840.

WARNING from PE     0: diag_util_mod::opening_file: module/field_name (ocean_model/tr_D1) NOT registered

MOM Day       0.125     36: En 2.152008E-08, MaxCFL  0.00112, Mass 1.335235389804E+16, Salt  34.19116093067, Temp  -1.90000000000
    Total Energy: 41B120845FB44650  2.8734371170419788E+08
    Total Mass:   1.3352353898043816E+16, Change:   1.2573575075961165E+07 Error:  1.25736E+07 ( 9.4E-10)
    Total Salt:   4.5653248093126056E+14, Change:   4.2914431498033809E+05 Error:  4.29144E+05 ( 9.4E-10)
    Total Heat:  -9.9575179194661749E+19, Change:  -9.3767435278234253E+10 Error: -9.37674E+10 ( 9.4E-10)
